Copyright 1986-2022 Xilinx, Inc. All Rights Reserved.
------------------------------------------------------------------------------------
| Tool Version : Vivado v.2022.2 (lin64) Build 3671981 Fri Oct 14 04:59:54 MDT 2022
| Date         : Wed Sep 13 15:37:37 2023
| Host         : guido-Neptune-series-i9 running 64-bit Ubuntu 22.04.3 LTS
| Command      : upgrade_ip
| Device       : xc7z010clg400-1
------------------------------------------------------------------------------------

Upgrade Log for IP 'ad9851gfsk_ip_v1_0_bfm_1_ad9851gfsk_ip_0_0'

1. Summary
----------

SUCCESS in the upgrade of ad9851gfsk_ip_v1_0_bfm_1_ad9851gfsk_ip_0_0 (user.org:user:ad9851gfsk_ip:1.0) from (Rev. 6) to (Rev. 7)






Copyright 1986-2022 Xilinx, Inc. All Rights Reserved.
------------------------------------------------------------------------------------
| Tool Version : Vivado v.2022.2 (lin64) Build 3671981 Fri Oct 14 04:59:54 MDT 2022
| Date         : Wed Sep 13 15:34:59 2023
| Host         : guido-Neptune-series-i9 running 64-bit Ubuntu 22.04.3 LTS
| Command      : upgrade_ip
| Device       : xc7z010clg400-1
------------------------------------------------------------------------------------

Upgrade Log for IP 'ad9851gfsk_ip_v1_0_bfm_1_ad9851gfsk_ip_0_0'

1. Summary
----------

SUCCESS in the upgrade of ad9851gfsk_ip_v1_0_bfm_1_ad9851gfsk_ip_0_0 (user.org:user:ad9851gfsk_ip:1.0) from (Rev. 5) to (Rev. 6)






Copyright 1986-2022 Xilinx, Inc. All Rights Reserved.
------------------------------------------------------------------------------------
| Tool Version : Vivado v.2022.2 (lin64) Build 3671981 Fri Oct 14 04:59:54 MDT 2022
| Date         : Tue Sep 12 21:59:52 2023
| Host         : guido-Neptune-series-i9 running 64-bit Ubuntu 22.04.3 LTS
| Command      : upgrade_ip
| Device       : xc7z010clg400-1
------------------------------------------------------------------------------------

Upgrade Log for IP 'ad9851gfsk_ip_v1_0_bfm_1_ad9851gfsk_ip_0_0'

1. Summary
----------

CAUTION (success, with warnings) in the upgrade of ad9851gfsk_ip_v1_0_bfm_1_ad9851gfsk_ip_0_0 (user.org:user:ad9851gfsk_ip:1.0) from (Rev. 3) to (Rev. 5)

After upgrade, an IP may have parameter and port differences compared to the original customization. Please review the parameters within the IP customization GUI to ensure proper functionality. Also, please review the updated IP instantiation template to ensure proper connectivity, and update your design if required.

2. Connection Warnings
----------------------

Detected external port differences while upgrading 'ad9851gfsk_ip_v1_0_bfm_1_ad9851gfsk_ip_0_0'. These changes may impact your design.


-Upgraded port 'data_out' out differs from original direction in

-Upgrade has removed port 'clock_out'

-Upgrade has added port 'read_data_out'







Copyright 1986-2022 Xilinx, Inc. All Rights Reserved.
------------------------------------------------------------------------------------
| Tool Version : Vivado v.2022.2 (lin64) Build 3671981 Fri Oct 14 04:59:54 MDT 2022
| Date         : Tue Sep 12 21:40:44 2023
| Host         : guido-Neptune-series-i9 running 64-bit Ubuntu 22.04.3 LTS
| Command      : upgrade_ip
| Device       : xc7z010clg400-1
------------------------------------------------------------------------------------

Upgrade Log for IP 'ad9851gfsk_ip_v1_0_bfm_1_ad9851gfsk_ip_0_0'

1. Summary
----------

CAUTION (success, with warnings) in the upgrade of ad9851gfsk_ip_v1_0_bfm_1_ad9851gfsk_ip_0_0 (user.org:user:ad9851gfsk_ip:1.0) from (Rev. 1) to (Rev. 3)

After upgrade, an IP may have parameter and port differences compared to the original customization. Please review the parameters within the IP customization GUI to ensure proper functionality. Also, please review the updated IP instantiation template to ensure proper connectivity, and update your design if required.

2. Connection Warnings
----------------------

Detected external port differences while upgrading 'ad9851gfsk_ip_v1_0_bfm_1_ad9851gfsk_ip_0_0'. These changes may impact your design.


-Upgrade has added port 'clock_out'

-Upgrade has added port 'data_out'


