
*** Running vivado
    with args -log ad9851gfsk_ip_v1_0_bfm_1_master_0_0.vds -m64 -product Vivado -mode batch -messageDb vivado.pb -notrace -source ad9851gfsk_ip_v1_0_bfm_1_master_0_0.tcl


****** Vivado v2022.2 (64-bit)
  **** SW Build 3671981 on Fri Oct 14 04:59:54 MDT 2022
  **** IP Build 3669848 on Fri Oct 14 08:30:02 MDT 2022
    ** Copyright 1986-2022 Xilinx, Inc. All Rights Reserved.

source ad9851gfsk_ip_v1_0_bfm_1_master_0_0.tcl -notrace
INFO: [IP_Flow 19-234] Refreshing IP repositories
INFO: [IP_Flow 19-1700] Loaded user IP repository '/home/guido/Github/EBAZ4205_SDR_spectrum/ip_repo/ad9851gfsk_ip_1_0'.
INFO: [IP_Flow 19-2313] Loaded Vivado IP repository '/tools/Xilinx/Vivado/2022.2/data/ip'.
INFO: [IP_Flow 19-6924] IPCACHE: Running cache check for IP inst: ad9851gfsk_ip_v1_0_bfm_1_master_0_0
Command: synth_design -top ad9851gfsk_ip_v1_0_bfm_1_master_0_0 -part xc7z010clg400-1 -incremental_mode off -mode out_of_context
Starting synth_design
Attempting to get a license for feature 'Synthesis' and/or device 'xc7z010'
INFO: [Common 17-349] Got license for feature 'Synthesis' and/or device 'xc7z010'
INFO: [Device 21-403] Loading part xc7z010clg400-1
INFO: [Synth 8-7079] Multithreading enabled for synth_design using a maximum of 4 processes.
INFO: [Synth 8-7078] Launching helper process for spawning children vivado processes
INFO: [Synth 8-7075] Helper process launched with PID 161647
INFO: [Synth 8-11241] undeclared symbol 'REGCCE', assumed default net type 'wire' [/tools/Xilinx/Vivado/2022.2/data/verilog/src/unimacro/BRAM_SINGLE_MACRO.v:2170]
---------------------------------------------------------------------------------
Starting RTL Elaboration : Time (s): cpu = 00:00:02 ; elapsed = 00:00:02 . Memory (MB): peak = 1942.637 ; gain = 369.801 ; free physical = 17700 ; free virtual = 26189
Synthesis current peak Physical Memory [PSS] (MB): peak = 1225.424; parent = 1066.876; children = 158.548
Synthesis current peak Virtual Memory [VSS] (MB): peak = 2944.008; parent = 1945.609; children = 998.398
---------------------------------------------------------------------------------
INFO: [Synth 8-6157] synthesizing module 'ad9851gfsk_ip_v1_0_bfm_1_master_0_0' [/home/guido/Github/EBAZ4205_SDR_spectrum/ad9851gfsk/ad9851gfsk.gen/sources_1/bd/ad9851gfsk_ip_v1_0_bfm_1/ip/ad9851gfsk_ip_v1_0_bfm_1_master_0_0/synth/ad9851gfsk_ip_v1_0_bfm_1_master_0_0.sv:53]
INFO: [Synth 8-6157] synthesizing module 'axi_vip_v1_1_13_top' [/home/guido/Github/EBAZ4205_SDR_spectrum/ad9851gfsk/ad9851gfsk.gen/sources_1/bd/ad9851gfsk_ip_v1_0_bfm_1/ipshared/ffc2/hdl/axi_vip_v1_1_vlsyn_rfs.sv:60]
INFO: [Synth 8-6155] done synthesizing module 'axi_vip_v1_1_13_top' (0#1) [/home/guido/Github/EBAZ4205_SDR_spectrum/ad9851gfsk/ad9851gfsk.gen/sources_1/bd/ad9851gfsk_ip_v1_0_bfm_1/ipshared/ffc2/hdl/axi_vip_v1_1_vlsyn_rfs.sv:60]
INFO: [Synth 8-6155] done synthesizing module 'ad9851gfsk_ip_v1_0_bfm_1_master_0_0' (0#1) [/home/guido/Github/EBAZ4205_SDR_spectrum/ad9851gfsk/ad9851gfsk.gen/sources_1/bd/ad9851gfsk_ip_v1_0_bfm_1/ip/ad9851gfsk_ip_v1_0_bfm_1_master_0_0/synth/ad9851gfsk_ip_v1_0_bfm_1_master_0_0.sv:53]
WARNING: [Synth 8-7129] Port aclk in module axi_vip_v1_1_13_top is either unconnected or has no load
WARNING: [Synth 8-7129] Port aclken in module axi_vip_v1_1_13_top is either unconnected or has no load
WARNING: [Synth 8-7129] Port aresetn in module axi_vip_v1_1_13_top is either unconnected or has no load
WARNING: [Synth 8-7129] Port s_axi_awid[0] in module axi_vip_v1_1_13_top is either unconnected or has no load
WARNING: [Synth 8-7129] Port s_axi_awaddr[31] in module axi_vip_v1_1_13_top is either unconnected or has no load
WARNING: [Synth 8-7129] Port s_axi_awaddr[30] in module axi_vip_v1_1_13_top is either unconnected or has no load
WARNING: [Synth 8-7129] Port s_axi_awaddr[29] in module axi_vip_v1_1_13_top is either unconnected or has no load
WARNING: [Synth 8-7129] Port s_axi_awaddr[28] in module axi_vip_v1_1_13_top is either unconnected or has no load
WARNING: [Synth 8-7129] Port s_axi_awaddr[27] in module axi_vip_v1_1_13_top is either unconnected or has no load
WARNING: [Synth 8-7129] Port s_axi_awaddr[26] in module axi_vip_v1_1_13_top is either unconnected or has no load
WARNING: [Synth 8-7129] Port s_axi_awaddr[25] in module axi_vip_v1_1_13_top is either unconnected or has no load
WARNING: [Synth 8-7129] Port s_axi_awaddr[24] in module axi_vip_v1_1_13_top is either unconnected or has no load
WARNING: [Synth 8-7129] Port s_axi_awaddr[23] in module axi_vip_v1_1_13_top is either unconnected or has no load
WARNING: [Synth 8-7129] Port s_axi_awaddr[22] in module axi_vip_v1_1_13_top is either unconnected or has no load
WARNING: [Synth 8-7129] Port s_axi_awaddr[21] in module axi_vip_v1_1_13_top is either unconnected or has no load
WARNING: [Synth 8-7129] Port s_axi_awaddr[20] in module axi_vip_v1_1_13_top is either unconnected or has no load
WARNING: [Synth 8-7129] Port s_axi_awaddr[19] in module axi_vip_v1_1_13_top is either unconnected or has no load
WARNING: [Synth 8-7129] Port s_axi_awaddr[18] in module axi_vip_v1_1_13_top is either unconnected or has no load
WARNING: [Synth 8-7129] Port s_axi_awaddr[17] in module axi_vip_v1_1_13_top is either unconnected or has no load
WARNING: [Synth 8-7129] Port s_axi_awaddr[16] in module axi_vip_v1_1_13_top is either unconnected or has no load
WARNING: [Synth 8-7129] Port s_axi_awaddr[15] in module axi_vip_v1_1_13_top is either unconnected or has no load
WARNING: [Synth 8-7129] Port s_axi_awaddr[14] in module axi_vip_v1_1_13_top is either unconnected or has no load
WARNING: [Synth 8-7129] Port s_axi_awaddr[13] in module axi_vip_v1_1_13_top is either unconnected or has no load
WARNING: [Synth 8-7129] Port s_axi_awaddr[12] in module axi_vip_v1_1_13_top is either unconnected or has no load
WARNING: [Synth 8-7129] Port s_axi_awaddr[11] in module axi_vip_v1_1_13_top is either unconnected or has no load
WARNING: [Synth 8-7129] Port s_axi_awaddr[10] in module axi_vip_v1_1_13_top is either unconnected or has no load
WARNING: [Synth 8-7129] Port s_axi_awaddr[9] in module axi_vip_v1_1_13_top is either unconnected or has no load
WARNING: [Synth 8-7129] Port s_axi_awaddr[8] in module axi_vip_v1_1_13_top is either unconnected or has no load
WARNING: [Synth 8-7129] Port s_axi_awaddr[7] in module axi_vip_v1_1_13_top is either unconnected or has no load
WARNING: [Synth 8-7129] Port s_axi_awaddr[6] in module axi_vip_v1_1_13_top is either unconnected or has no load
WARNING: [Synth 8-7129] Port s_axi_awaddr[5] in module axi_vip_v1_1_13_top is either unconnected or has no load
WARNING: [Synth 8-7129] Port s_axi_awaddr[4] in module axi_vip_v1_1_13_top is either unconnected or has no load
WARNING: [Synth 8-7129] Port s_axi_awaddr[3] in module axi_vip_v1_1_13_top is either unconnected or has no load
WARNING: [Synth 8-7129] Port s_axi_awaddr[2] in module axi_vip_v1_1_13_top is either unconnected or has no load
WARNING: [Synth 8-7129] Port s_axi_awaddr[1] in module axi_vip_v1_1_13_top is either unconnected or has no load
WARNING: [Synth 8-7129] Port s_axi_awaddr[0] in module axi_vip_v1_1_13_top is either unconnected or has no load
WARNING: [Synth 8-7129] Port s_axi_awlen[7] in module axi_vip_v1_1_13_top is either unconnected or has no load
WARNING: [Synth 8-7129] Port s_axi_awlen[6] in module axi_vip_v1_1_13_top is either unconnected or has no load
WARNING: [Synth 8-7129] Port s_axi_awlen[5] in module axi_vip_v1_1_13_top is either unconnected or has no load
WARNING: [Synth 8-7129] Port s_axi_awlen[4] in module axi_vip_v1_1_13_top is either unconnected or has no load
WARNING: [Synth 8-7129] Port s_axi_awlen[3] in module axi_vip_v1_1_13_top is either unconnected or has no load
WARNING: [Synth 8-7129] Port s_axi_awlen[2] in module axi_vip_v1_1_13_top is either unconnected or has no load
WARNING: [Synth 8-7129] Port s_axi_awlen[1] in module axi_vip_v1_1_13_top is either unconnected or has no load
WARNING: [Synth 8-7129] Port s_axi_awlen[0] in module axi_vip_v1_1_13_top is either unconnected or has no load
WARNING: [Synth 8-7129] Port s_axi_awsize[2] in module axi_vip_v1_1_13_top is either unconnected or has no load
WARNING: [Synth 8-7129] Port s_axi_awsize[1] in module axi_vip_v1_1_13_top is either unconnected or has no load
WARNING: [Synth 8-7129] Port s_axi_awsize[0] in module axi_vip_v1_1_13_top is either unconnected or has no load
WARNING: [Synth 8-7129] Port s_axi_awburst[1] in module axi_vip_v1_1_13_top is either unconnected or has no load
WARNING: [Synth 8-7129] Port s_axi_awburst[0] in module axi_vip_v1_1_13_top is either unconnected or has no load
WARNING: [Synth 8-7129] Port s_axi_awlock[0] in module axi_vip_v1_1_13_top is either unconnected or has no load
WARNING: [Synth 8-7129] Port s_axi_awcache[3] in module axi_vip_v1_1_13_top is either unconnected or has no load
WARNING: [Synth 8-7129] Port s_axi_awcache[2] in module axi_vip_v1_1_13_top is either unconnected or has no load
WARNING: [Synth 8-7129] Port s_axi_awcache[1] in module axi_vip_v1_1_13_top is either unconnected or has no load
WARNING: [Synth 8-7129] Port s_axi_awcache[0] in module axi_vip_v1_1_13_top is either unconnected or has no load
WARNING: [Synth 8-7129] Port s_axi_awprot[2] in module axi_vip_v1_1_13_top is either unconnected or has no load
WARNING: [Synth 8-7129] Port s_axi_awprot[1] in module axi_vip_v1_1_13_top is either unconnected or has no load
WARNING: [Synth 8-7129] Port s_axi_awprot[0] in module axi_vip_v1_1_13_top is either unconnected or has no load
WARNING: [Synth 8-7129] Port s_axi_awregion[3] in module axi_vip_v1_1_13_top is either unconnected or has no load
WARNING: [Synth 8-7129] Port s_axi_awregion[2] in module axi_vip_v1_1_13_top is either unconnected or has no load
WARNING: [Synth 8-7129] Port s_axi_awregion[1] in module axi_vip_v1_1_13_top is either unconnected or has no load
WARNING: [Synth 8-7129] Port s_axi_awregion[0] in module axi_vip_v1_1_13_top is either unconnected or has no load
WARNING: [Synth 8-7129] Port s_axi_awqos[3] in module axi_vip_v1_1_13_top is either unconnected or has no load
WARNING: [Synth 8-7129] Port s_axi_awqos[2] in module axi_vip_v1_1_13_top is either unconnected or has no load
WARNING: [Synth 8-7129] Port s_axi_awqos[1] in module axi_vip_v1_1_13_top is either unconnected or has no load
WARNING: [Synth 8-7129] Port s_axi_awqos[0] in module axi_vip_v1_1_13_top is either unconnected or has no load
WARNING: [Synth 8-7129] Port s_axi_awuser[0] in module axi_vip_v1_1_13_top is either unconnected or has no load
WARNING: [Synth 8-7129] Port s_axi_awvalid in module axi_vip_v1_1_13_top is either unconnected or has no load
WARNING: [Synth 8-7129] Port s_axi_wid[0] in module axi_vip_v1_1_13_top is either unconnected or has no load
WARNING: [Synth 8-7129] Port s_axi_wdata[31] in module axi_vip_v1_1_13_top is either unconnected or has no load
WARNING: [Synth 8-7129] Port s_axi_wdata[30] in module axi_vip_v1_1_13_top is either unconnected or has no load
WARNING: [Synth 8-7129] Port s_axi_wdata[29] in module axi_vip_v1_1_13_top is either unconnected or has no load
WARNING: [Synth 8-7129] Port s_axi_wdata[28] in module axi_vip_v1_1_13_top is either unconnected or has no load
WARNING: [Synth 8-7129] Port s_axi_wdata[27] in module axi_vip_v1_1_13_top is either unconnected or has no load
WARNING: [Synth 8-7129] Port s_axi_wdata[26] in module axi_vip_v1_1_13_top is either unconnected or has no load
WARNING: [Synth 8-7129] Port s_axi_wdata[25] in module axi_vip_v1_1_13_top is either unconnected or has no load
WARNING: [Synth 8-7129] Port s_axi_wdata[24] in module axi_vip_v1_1_13_top is either unconnected or has no load
WARNING: [Synth 8-7129] Port s_axi_wdata[23] in module axi_vip_v1_1_13_top is either unconnected or has no load
WARNING: [Synth 8-7129] Port s_axi_wdata[22] in module axi_vip_v1_1_13_top is either unconnected or has no load
WARNING: [Synth 8-7129] Port s_axi_wdata[21] in module axi_vip_v1_1_13_top is either unconnected or has no load
WARNING: [Synth 8-7129] Port s_axi_wdata[20] in module axi_vip_v1_1_13_top is either unconnected or has no load
WARNING: [Synth 8-7129] Port s_axi_wdata[19] in module axi_vip_v1_1_13_top is either unconnected or has no load
WARNING: [Synth 8-7129] Port s_axi_wdata[18] in module axi_vip_v1_1_13_top is either unconnected or has no load
WARNING: [Synth 8-7129] Port s_axi_wdata[17] in module axi_vip_v1_1_13_top is either unconnected or has no load
WARNING: [Synth 8-7129] Port s_axi_wdata[16] in module axi_vip_v1_1_13_top is either unconnected or has no load
WARNING: [Synth 8-7129] Port s_axi_wdata[15] in module axi_vip_v1_1_13_top is either unconnected or has no load
WARNING: [Synth 8-7129] Port s_axi_wdata[14] in module axi_vip_v1_1_13_top is either unconnected or has no load
WARNING: [Synth 8-7129] Port s_axi_wdata[13] in module axi_vip_v1_1_13_top is either unconnected or has no load
WARNING: [Synth 8-7129] Port s_axi_wdata[12] in module axi_vip_v1_1_13_top is either unconnected or has no load
WARNING: [Synth 8-7129] Port s_axi_wdata[11] in module axi_vip_v1_1_13_top is either unconnected or has no load
WARNING: [Synth 8-7129] Port s_axi_wdata[10] in module axi_vip_v1_1_13_top is either unconnected or has no load
WARNING: [Synth 8-7129] Port s_axi_wdata[9] in module axi_vip_v1_1_13_top is either unconnected or has no load
WARNING: [Synth 8-7129] Port s_axi_wdata[8] in module axi_vip_v1_1_13_top is either unconnected or has no load
WARNING: [Synth 8-7129] Port s_axi_wdata[7] in module axi_vip_v1_1_13_top is either unconnected or has no load
WARNING: [Synth 8-7129] Port s_axi_wdata[6] in module axi_vip_v1_1_13_top is either unconnected or has no load
WARNING: [Synth 8-7129] Port s_axi_wdata[5] in module axi_vip_v1_1_13_top is either unconnected or has no load
WARNING: [Synth 8-7129] Port s_axi_wdata[4] in module axi_vip_v1_1_13_top is either unconnected or has no load
WARNING: [Synth 8-7129] Port s_axi_wdata[3] in module axi_vip_v1_1_13_top is either unconnected or has no load
WARNING: [Synth 8-7129] Port s_axi_wdata[2] in module axi_vip_v1_1_13_top is either unconnected or has no load
WARNING: [Synth 8-7129] Port s_axi_wdata[1] in module axi_vip_v1_1_13_top is either unconnected or has no load
WARNING: [Synth 8-7129] Port s_axi_wdata[0] in module axi_vip_v1_1_13_top is either unconnected or has no load
INFO: [Common 17-14] Message 'Synth 8-7129' appears 100 times and further instances of the messages will be disabled. Use the Tcl command set_msg_config to change the current settings.
---------------------------------------------------------------------------------
Finished RTL Elaboration : Time (s): cpu = 00:00:03 ; elapsed = 00:00:03 . Memory (MB): peak = 2010.574 ; gain = 437.738 ; free physical = 17724 ; free virtual = 26214
Synthesis current peak Physical Memory [PSS] (MB): peak = 1225.424; parent = 1066.876; children = 158.548
Synthesis current peak Virtual Memory [VSS] (MB): peak = 3008.977; parent = 2010.578; children = 998.398
---------------------------------------------------------------------------------
---------------------------------------------------------------------------------
Start Handling Custom Attributes
---------------------------------------------------------------------------------
---------------------------------------------------------------------------------
Finished Handling Custom Attributes : Time (s): cpu = 00:00:03 ; elapsed = 00:00:03 . Memory (MB): peak = 2028.387 ; gain = 455.551 ; free physical = 17867 ; free virtual = 26358
Synthesis current peak Physical Memory [PSS] (MB): peak = 1225.424; parent = 1066.876; children = 158.548
Synthesis current peak Virtual Memory [VSS] (MB): peak = 3026.789; parent = 2028.391; children = 998.398
---------------------------------------------------------------------------------
---------------------------------------------------------------------------------
Finished RTL Optimization Phase 1 : Time (s): cpu = 00:00:03 ; elapsed = 00:00:03 . Memory (MB): peak = 2028.387 ; gain = 455.551 ; free physical = 17865 ; free virtual = 26357
Synthesis current peak Physical Memory [PSS] (MB): peak = 1225.424; parent = 1066.876; children = 158.548
Synthesis current peak Virtual Memory [VSS] (MB): peak = 3026.789; parent = 2028.391; children = 998.398
---------------------------------------------------------------------------------
Netlist sorting complete. Time (s): cpu = 00:00:00 ; elapsed = 00:00:00 . Memory (MB): peak = 2028.387 ; gain = 0.000 ; free physical = 17860 ; free virtual = 26351
INFO: [Project 1-570] Preparing netlist for logic optimization

Processing XDC Constraints
Initializing timing engine
WARNING: [Designutils 20-1758] instance inst wraps a black box. Constraint reading is skipped for elaborated designs in this case. Skipping constraint file '/home/guido/Github/EBAZ4205_SDR_spectrum/ad9851gfsk/ad9851gfsk.gen/sources_1/bd/ad9851gfsk_ip_v1_0_bfm_1/ip/ad9851gfsk_ip_v1_0_bfm_1_master_0_0/ad9851gfsk_ip_v1_0_bfm_1_master_0_0_ooc.xdc'.
Parsing XDC File [/home/guido/Github/EBAZ4205_SDR_spectrum/ad9851gfsk/ad9851gfsk.runs/ad9851gfsk_ip_v1_0_bfm_1_master_0_0_synth_1/dont_touch.xdc]
Finished Parsing XDC File [/home/guido/Github/EBAZ4205_SDR_spectrum/ad9851gfsk/ad9851gfsk.runs/ad9851gfsk_ip_v1_0_bfm_1_master_0_0_synth_1/dont_touch.xdc]
Completed Processing XDC Constraints

Netlist sorting complete. Time (s): cpu = 00:00:00 ; elapsed = 00:00:00 . Memory (MB): peak = 2101.324 ; gain = 0.000 ; free physical = 17714 ; free virtual = 26205
INFO: [Project 1-111] Unisim Transformation Summary:
No Unisim elements were transformed.

Constraint Validation Runtime : Time (s): cpu = 00:00:00 ; elapsed = 00:00:00.01 . Memory (MB): peak = 2101.324 ; gain = 0.000 ; free physical = 17711 ; free virtual = 26202
INFO: [Designutils 20-5008] Incremental synthesis strategy off
INFO: [Synth 8-11241] undeclared symbol 'REGCCE', assumed default net type 'wire' [/tools/Xilinx/Vivado/2022.2/data/verilog/src/unimacro/BRAM_SINGLE_MACRO.v:2170]
---------------------------------------------------------------------------------
Finished Constraint Validation : Time (s): cpu = 00:00:06 ; elapsed = 00:00:06 . Memory (MB): peak = 2101.324 ; gain = 528.488 ; free physical = 17826 ; free virtual = 26310
Synthesis current peak Physical Memory [PSS] (MB): peak = 1225.424; parent = 1066.876; children = 158.548
Synthesis current peak Virtual Memory [VSS] (MB): peak = 3067.711; parent = 2069.312; children = 998.398
---------------------------------------------------------------------------------
---------------------------------------------------------------------------------
Start Loading Part and Timing Information
---------------------------------------------------------------------------------
Loading part: xc7z010clg400-1
---------------------------------------------------------------------------------
Finished Loading Part and Timing Information : Time (s): cpu = 00:00:06 ; elapsed = 00:00:07 . Memory (MB): peak = 2101.324 ; gain = 528.488 ; free physical = 17826 ; free virtual = 26310
Synthesis current peak Physical Memory [PSS] (MB): peak = 1225.424; parent = 1066.876; children = 158.548
Synthesis current peak Virtual Memory [VSS] (MB): peak = 3067.711; parent = 2069.312; children = 998.398
---------------------------------------------------------------------------------
---------------------------------------------------------------------------------
Start Applying 'set_property' XDC Constraints
---------------------------------------------------------------------------------
Applied set_property KEEP_HIERARCHY = SOFT for inst. (constraint file  /home/guido/Github/EBAZ4205_SDR_spectrum/ad9851gfsk/ad9851gfsk.runs/ad9851gfsk_ip_v1_0_bfm_1_master_0_0_synth_1/dont_touch.xdc, line 9).
---------------------------------------------------------------------------------
Finished applying 'set_property' XDC Constraints : Time (s): cpu = 00:00:06 ; elapsed = 00:00:07 . Memory (MB): peak = 2101.324 ; gain = 528.488 ; free physical = 17826 ; free virtual = 26310
Synthesis current peak Physical Memory [PSS] (MB): peak = 1225.424; parent = 1066.876; children = 158.548
Synthesis current peak Virtual Memory [VSS] (MB): peak = 3067.711; parent = 2069.312; children = 998.398
---------------------------------------------------------------------------------
---------------------------------------------------------------------------------
Finished RTL Optimization Phase 2 : Time (s): cpu = 00:00:06 ; elapsed = 00:00:07 . Memory (MB): peak = 2101.324 ; gain = 528.488 ; free physical = 17823 ; free virtual = 26308
Synthesis current peak Physical Memory [PSS] (MB): peak = 1225.424; parent = 1066.876; children = 158.548
Synthesis current peak Virtual Memory [VSS] (MB): peak = 3067.711; parent = 2069.312; children = 998.398
---------------------------------------------------------------------------------
---------------------------------------------------------------------------------
Start RTL Component Statistics 
---------------------------------------------------------------------------------
Detailed RTL Component Info : 
---------------------------------------------------------------------------------
Finished RTL Component Statistics 
---------------------------------------------------------------------------------
---------------------------------------------------------------------------------
Start Part Resource Summary
---------------------------------------------------------------------------------
Part Resources:
DSPs: 80 (col length:40)
BRAMs: 120 (col length: RAMB18 40 RAMB36 20)
---------------------------------------------------------------------------------
Finished Part Resource Summary
---------------------------------------------------------------------------------
---------------------------------------------------------------------------------
Start Cross Boundary and Area Optimization
---------------------------------------------------------------------------------
WARNING: [Synth 8-7080] Parallel synthesis criteria is not met
---------------------------------------------------------------------------------
Finished Cross Boundary and Area Optimization : Time (s): cpu = 00:00:07 ; elapsed = 00:00:07 . Memory (MB): peak = 2101.324 ; gain = 528.488 ; free physical = 17798 ; free virtual = 26292
Synthesis current peak Physical Memory [PSS] (MB): peak = 1225.424; parent = 1066.876; children = 158.548
Synthesis current peak Virtual Memory [VSS] (MB): peak = 3067.711; parent = 2069.312; children = 998.398
---------------------------------------------------------------------------------
---------------------------------------------------------------------------------
Start Applying XDC Timing Constraints
---------------------------------------------------------------------------------
---------------------------------------------------------------------------------
Finished Applying XDC Timing Constraints : Time (s): cpu = 00:00:09 ; elapsed = 00:00:10 . Memory (MB): peak = 2101.324 ; gain = 528.488 ; free physical = 17612 ; free virtual = 26114
Synthesis current peak Physical Memory [PSS] (MB): peak = 1291.186; parent = 1132.695; children = 158.548
Synthesis current peak Virtual Memory [VSS] (MB): peak = 3067.711; parent = 2069.312; children = 998.398
---------------------------------------------------------------------------------
---------------------------------------------------------------------------------
Start Timing Optimization
---------------------------------------------------------------------------------
---------------------------------------------------------------------------------
Finished Timing Optimization : Time (s): cpu = 00:00:09 ; elapsed = 00:00:10 . Memory (MB): peak = 2101.324 ; gain = 528.488 ; free physical = 17611 ; free virtual = 26114
Synthesis current peak Physical Memory [PSS] (MB): peak = 1291.311; parent = 1132.820; children = 158.548
Synthesis current peak Virtual Memory [VSS] (MB): peak = 3067.711; parent = 2069.312; children = 998.398
---------------------------------------------------------------------------------
---------------------------------------------------------------------------------
Start Technology Mapping
---------------------------------------------------------------------------------
---------------------------------------------------------------------------------
Finished Technology Mapping : Time (s): cpu = 00:00:09 ; elapsed = 00:00:10 . Memory (MB): peak = 2101.324 ; gain = 528.488 ; free physical = 17609 ; free virtual = 26112
Synthesis current peak Physical Memory [PSS] (MB): peak = 1291.846; parent = 1133.355; children = 158.548
Synthesis current peak Virtual Memory [VSS] (MB): peak = 3067.711; parent = 2069.312; children = 998.398
---------------------------------------------------------------------------------
---------------------------------------------------------------------------------
Start IO Insertion
---------------------------------------------------------------------------------
---------------------------------------------------------------------------------
Start Flattening Before IO Insertion
---------------------------------------------------------------------------------
---------------------------------------------------------------------------------
Finished Flattening Before IO Insertion
---------------------------------------------------------------------------------
---------------------------------------------------------------------------------
Start Final Netlist Cleanup
---------------------------------------------------------------------------------
---------------------------------------------------------------------------------
Finished Final Netlist Cleanup
---------------------------------------------------------------------------------
---------------------------------------------------------------------------------
Finished IO Insertion : Time (s): cpu = 00:00:11 ; elapsed = 00:00:12 . Memory (MB): peak = 2101.324 ; gain = 528.488 ; free physical = 17517 ; free virtual = 26034
Synthesis current peak Physical Memory [PSS] (MB): peak = 1291.846; parent = 1133.355; children = 158.548
Synthesis current peak Virtual Memory [VSS] (MB): peak = 3067.711; parent = 2069.312; children = 998.398
---------------------------------------------------------------------------------
---------------------------------------------------------------------------------
Start Renaming Generated Instances
---------------------------------------------------------------------------------
---------------------------------------------------------------------------------
Finished Renaming Generated Instances : Time (s): cpu = 00:00:11 ; elapsed = 00:00:12 . Memory (MB): peak = 2101.324 ; gain = 528.488 ; free physical = 17517 ; free virtual = 26034
Synthesis current peak Physical Memory [PSS] (MB): peak = 1291.846; parent = 1133.355; children = 158.548
Synthesis current peak Virtual Memory [VSS] (MB): peak = 3067.711; parent = 2069.312; children = 998.398
---------------------------------------------------------------------------------
---------------------------------------------------------------------------------
Start Rebuilding User Hierarchy
---------------------------------------------------------------------------------
---------------------------------------------------------------------------------
Finished Rebuilding User Hierarchy : Time (s): cpu = 00:00:11 ; elapsed = 00:00:12 . Memory (MB): peak = 2101.324 ; gain = 528.488 ; free physical = 17517 ; free virtual = 26034
Synthesis current peak Physical Memory [PSS] (MB): peak = 1291.846; parent = 1133.355; children = 158.548
Synthesis current peak Virtual Memory [VSS] (MB): peak = 3067.711; parent = 2069.312; children = 998.398
---------------------------------------------------------------------------------
---------------------------------------------------------------------------------
Start Renaming Generated Ports
---------------------------------------------------------------------------------
---------------------------------------------------------------------------------
Finished Renaming Generated Ports : Time (s): cpu = 00:00:11 ; elapsed = 00:00:12 . Memory (MB): peak = 2101.324 ; gain = 528.488 ; free physical = 17517 ; free virtual = 26034
Synthesis current peak Physical Memory [PSS] (MB): peak = 1291.873; parent = 1133.384; children = 158.548
Synthesis current peak Virtual Memory [VSS] (MB): peak = 3067.711; parent = 2069.312; children = 998.398
---------------------------------------------------------------------------------
---------------------------------------------------------------------------------
Start Handling Custom Attributes
---------------------------------------------------------------------------------
---------------------------------------------------------------------------------
Finished Handling Custom Attributes : Time (s): cpu = 00:00:11 ; elapsed = 00:00:12 . Memory (MB): peak = 2101.324 ; gain = 528.488 ; free physical = 17517 ; free virtual = 26034
Synthesis current peak Physical Memory [PSS] (MB): peak = 1291.873; parent = 1133.384; children = 158.548
Synthesis current peak Virtual Memory [VSS] (MB): peak = 3067.711; parent = 2069.312; children = 998.398
---------------------------------------------------------------------------------
---------------------------------------------------------------------------------
Start Renaming Generated Nets
---------------------------------------------------------------------------------
---------------------------------------------------------------------------------
Finished Renaming Generated Nets : Time (s): cpu = 00:00:11 ; elapsed = 00:00:12 . Memory (MB): peak = 2101.324 ; gain = 528.488 ; free physical = 17517 ; free virtual = 26034
Synthesis current peak Physical Memory [PSS] (MB): peak = 1291.904; parent = 1133.415; children = 158.548
Synthesis current peak Virtual Memory [VSS] (MB): peak = 3067.711; parent = 2069.312; children = 998.398
---------------------------------------------------------------------------------
---------------------------------------------------------------------------------
Start Writing Synthesis Report
---------------------------------------------------------------------------------

Report BlackBoxes: 
+-+--------------+----------+
| |BlackBox name |Instances |
+-+--------------+----------+
+-+--------------+----------+

Report Cell Usage: 
+-+-----+------+
| |Cell |Count |
+-+-----+------+
+-+-----+------+
---------------------------------------------------------------------------------
Finished Writing Synthesis Report : Time (s): cpu = 00:00:11 ; elapsed = 00:00:12 . Memory (MB): peak = 2101.324 ; gain = 528.488 ; free physical = 17517 ; free virtual = 26034
Synthesis current peak Physical Memory [PSS] (MB): peak = 1291.920; parent = 1133.431; children = 158.548
Synthesis current peak Virtual Memory [VSS] (MB): peak = 3067.711; parent = 2069.312; children = 998.398
---------------------------------------------------------------------------------
Synthesis finished with 0 errors, 0 critical warnings and 220 warnings.
Synthesis Optimization Runtime : Time (s): cpu = 00:00:10 ; elapsed = 00:00:11 . Memory (MB): peak = 2101.324 ; gain = 455.551 ; free physical = 17580 ; free virtual = 26089
Synthesis Optimization Complete : Time (s): cpu = 00:00:11 ; elapsed = 00:00:12 . Memory (MB): peak = 2101.324 ; gain = 528.488 ; free physical = 17580 ; free virtual = 26089
INFO: [Project 1-571] Translating synthesized netlist
Netlist sorting complete. Time (s): cpu = 00:00:00 ; elapsed = 00:00:00 . Memory (MB): peak = 2101.324 ; gain = 0.000 ; free physical = 17574 ; free virtual = 26083
INFO: [Project 1-570] Preparing netlist for logic optimization
INFO: [Opt 31-138] Pushed 0 inverter(s) to 0 load pin(s).
Netlist sorting complete. Time (s): cpu = 00:00:00 ; elapsed = 00:00:00 . Memory (MB): peak = 2101.324 ; gain = 0.000 ; free physical = 17624 ; free virtual = 26132
INFO: [Project 1-111] Unisim Transformation Summary:
No Unisim elements were transformed.

Synth Design complete, checksum: 8d895f87
INFO: [Common 17-83] Releasing license: Synthesis
24 Infos, 102 Warnings, 0 Critical Warnings and 0 Errors encountered.
synth_design completed successfully
synth_design: Time (s): cpu = 00:00:15 ; elapsed = 00:00:15 . Memory (MB): peak = 2101.324 ; gain = 827.918 ; free physical = 17827 ; free virtual = 26335
INFO: [Common 17-1381] The checkpoint '/home/guido/Github/EBAZ4205_SDR_spectrum/ad9851gfsk/ad9851gfsk.runs/ad9851gfsk_ip_v1_0_bfm_1_master_0_0_synth_1/ad9851gfsk_ip_v1_0_bfm_1_master_0_0.dcp' has been generated.
INFO: [Coretcl 2-1648] Added synthesis output to IP cache for IP ad9851gfsk_ip_v1_0_bfm_1_master_0_0, cache-ID = fd31af5e787cc4f7
INFO: [Common 17-1381] The checkpoint '/home/guido/Github/EBAZ4205_SDR_spectrum/ad9851gfsk/ad9851gfsk.runs/ad9851gfsk_ip_v1_0_bfm_1_master_0_0_synth_1/ad9851gfsk_ip_v1_0_bfm_1_master_0_0.dcp' has been generated.
INFO: [runtcl-4] Executing : report_utilization -file ad9851gfsk_ip_v1_0_bfm_1_master_0_0_utilization_synth.rpt -pb ad9851gfsk_ip_v1_0_bfm_1_master_0_0_utilization_synth.pb
INFO: [Common 17-206] Exiting Vivado at Tue Sep 12 21:41:09 2023...
