
*** Running vivado
    with args -log ebaz4205_mult_gen_1_0.vds -m64 -product Vivado -mode batch -messageDb vivado.pb -notrace -source ebaz4205_mult_gen_1_0.tcl


****** Vivado v2022.2 (64-bit)
  **** SW Build 3671981 on Fri Oct 14 04:59:54 MDT 2022
  **** IP Build 3669848 on Fri Oct 14 08:30:02 MDT 2022
    ** Copyright 1986-2022 Xilinx, Inc. All Rights Reserved.

source ebaz4205_mult_gen_1_0.tcl -notrace
INFO: [IP_Flow 19-234] Refreshing IP repositories
INFO: [IP_Flow 19-1700] Loaded user IP repository '/home/guido/GitHub/EBAZ4205_SDR_spectrum/IP_rgb2dvi'.
INFO: [IP_Flow 19-1700] Loaded user IP repository '/home/guido/GitHub/EBAZ4205_SDR_spectrum/IP_axi_dynclk'.
INFO: [IP_Flow 19-1700] Loaded user IP repository '/home/guido/GitHub/EBAZ4205_SDR_spectrum/IP_axis_capture'.
INFO: [IP_Flow 19-1700] Loaded user IP repository '/home/guido/GitHub/EBAZ4205_SDR_spectrum/IP_ps2_mouse'.
INFO: [IP_Flow 19-2313] Loaded Vivado IP repository '/home/guido/Xilinx-tools/Vivado/2022.2/data/ip'.
INFO: [IP_Flow 19-6924] IPCACHE: Running cache check for IP inst: ebaz4205_mult_gen_1_0
INFO: [IP_Flow 19-6922] IPCACHE: Exporting cached entry f98a48a410a7b369 to dir: /home/guido/GitHub/EBAZ4205_SDR_spectrum/Vivado/Vivado.runs/ebaz4205_mult_gen_1_0_synth_1
INFO: [IP_Flow 19-6928] IPCACHE: copied cached file /home/guido/GitHub/EBAZ4205_SDR_spectrum/Vivado/Vivado.cache/ip/2022.2/f/9/f98a48a410a7b369/ebaz4205_mult_gen_0_1_sim_netlist.vhdl to /home/guido/GitHub/EBAZ4205_SDR_spectrum/Vivado/Vivado.runs/ebaz4205_mult_gen_1_0_synth_1/ebaz4205_mult_gen_1_0_sim_netlist.vhdl.
INFO: [IP_Flow 19-6928] IPCACHE: copied cached file /home/guido/GitHub/EBAZ4205_SDR_spectrum/Vivado/Vivado.cache/ip/2022.2/f/9/f98a48a410a7b369/ebaz4205_mult_gen_0_1_stub.v to /home/guido/GitHub/EBAZ4205_SDR_spectrum/Vivado/Vivado.runs/ebaz4205_mult_gen_1_0_synth_1/ebaz4205_mult_gen_1_0_stub.v.
INFO: [IP_Flow 19-6928] IPCACHE: copied cached file /home/guido/GitHub/EBAZ4205_SDR_spectrum/Vivado/Vivado.cache/ip/2022.2/f/9/f98a48a410a7b369/ebaz4205_mult_gen_0_1_sim_netlist.v to /home/guido/GitHub/EBAZ4205_SDR_spectrum/Vivado/Vivado.runs/ebaz4205_mult_gen_1_0_synth_1/ebaz4205_mult_gen_1_0_sim_netlist.v.
INFO: [IP_Flow 19-6928] IPCACHE: copied cached file /home/guido/GitHub/EBAZ4205_SDR_spectrum/Vivado/Vivado.cache/ip/2022.2/f/9/f98a48a410a7b369/ebaz4205_mult_gen_0_1.dcp to /home/guido/GitHub/EBAZ4205_SDR_spectrum/Vivado/Vivado.runs/ebaz4205_mult_gen_1_0_synth_1/ebaz4205_mult_gen_1_0.dcp.
INFO: [IP_Flow 19-6928] IPCACHE: copied cached file /home/guido/GitHub/EBAZ4205_SDR_spectrum/Vivado/Vivado.cache/ip/2022.2/f/9/f98a48a410a7b369/ebaz4205_mult_gen_0_1_stub.vhdl to /home/guido/GitHub/EBAZ4205_SDR_spectrum/Vivado/Vivado.runs/ebaz4205_mult_gen_1_0_synth_1/ebaz4205_mult_gen_1_0_stub.vhdl.
INFO: [IP_Flow 19-4838] Using cached IP synthesis design for IP ebaz4205_mult_gen_1_0, cache-ID = f98a48a410a7b369.
INFO: [Common 17-206] Exiting Vivado at Wed Apr 19 12:01:49 2023...
