Copyright 1986-2022 Xilinx, Inc. All Rights Reserved.
----------------------------------------------------------------------------------------------------------------------------------------------------------------------
| Tool Version     : Vivado v.2022.2 (lin64) Build 3671981 Fri Oct 14 04:59:54 MDT 2022
| Date             : Wed May 31 20:51:01 2023
| Host             : guido-UM690 running 64-bit Ubuntu 20.04.6 LTS
| Command          : report_power -file ebaz4205_wrapper_power_routed.rpt -pb ebaz4205_wrapper_power_summary_routed.pb -rpx ebaz4205_wrapper_power_routed.rpx
| Design           : ebaz4205_wrapper
| Device           : xc7z010clg400-1
| Design State     : routed
| Grade            : commercial
| Process          : typical
| Characterization : Production
----------------------------------------------------------------------------------------------------------------------------------------------------------------------

Power Report

Table of Contents
-----------------
1. Summary
1.1 On-Chip Components
1.2 Power Supply Summary
1.3 Confidence Level
2. Settings
2.1 Environment
2.2 Clock Constraints
3. Detailed Reports
3.1 By Hierarchy

1. Summary
----------

+--------------------------+--------------+
| Total On-Chip Power (W)  | 2.376        |
| Design Power Budget (W)  | Unspecified* |
| Power Budget Margin (W)  | NA           |
| Dynamic (W)              | 2.231        |
| Device Static (W)        | 0.145        |
| Effective TJA (C/W)      | 11.5         |
| Max Ambient (C)          | 57.6         |
| Junction Temperature (C) | 52.4         |
| Confidence Level         | Low          |
| Setting File             | ---          |
| Simulation Activity File | ---          |
| Design Nets Matched      | NA           |
+--------------------------+--------------+
* Specify Design Power Budget using, set_operating_conditions -design_power_budget <value in Watts>


1.1 On-Chip Components
----------------------

+--------------------------+-----------+----------+-----------+-----------------+
| On-Chip                  | Power (W) | Used     | Available | Utilization (%) |
+--------------------------+-----------+----------+-----------+-----------------+
| Clocks                   |     0.069 |       19 |       --- |             --- |
| Slice Logic              |     0.043 |    39229 |       --- |             --- |
|   LUT as Logic           |     0.034 |    10238 |     17600 |           58.17 |
|   Register               |     0.004 |    19585 |     35200 |           55.64 |
|   CARRY4                 |     0.003 |      926 |      4400 |           21.05 |
|   LUT as Distributed RAM |     0.001 |      162 |      6000 |            2.70 |
|   LUT as Shift Register  |    <0.001 |     1752 |      6000 |           29.20 |
|   BUFG                   |    <0.001 |        2 |        32 |            6.25 |
|   F7/F8 Muxes            |    <0.001 |      239 |     17600 |            1.36 |
|   Others                 |     0.000 |     2194 |       --- |             --- |
| Signals                  |     0.067 |    30440 |       --- |             --- |
| Block RAM                |     0.071 |     41.5 |        60 |           69.17 |
| MMCM                     |     0.231 |        2 |         2 |          100.00 |
| PLL                      |     0.205 |        2 |         2 |          100.00 |
| DSPs                     |     0.086 |       73 |        80 |           91.25 |
| I/O                      |     0.171 |       45 |       100 |           45.00 |
| PS7                      |     1.288 |        1 |       --- |             --- |
| Static Power             |     0.145 |          |           |                 |
| Total                    |     2.376 |          |           |                 |
+--------------------------+-----------+----------+-----------+-----------------+


1.2 Power Supply Summary
------------------------

+-----------+-------------+-----------+-------------+------------+-------------+-------------+------------+
| Source    | Voltage (V) | Total (A) | Dynamic (A) | Static (A) | Powerup (A) | Budget (A)  | Margin (A) |
+-----------+-------------+-----------+-------------+------------+-------------+-------------+------------+
| Vccint    |       1.000 |     0.363 |       0.351 |      0.011 |       NA    | Unspecified | NA         |
| Vccaux    |       1.800 |     0.242 |       0.232 |      0.010 |       NA    | Unspecified | NA         |
| Vcco33    |       3.300 |     0.052 |       0.051 |      0.001 |       NA    | Unspecified | NA         |
| Vcco25    |       2.500 |     0.000 |       0.000 |      0.000 |       NA    | Unspecified | NA         |
| Vcco18    |       1.800 |     0.000 |       0.000 |      0.000 |       NA    | Unspecified | NA         |
| Vcco15    |       1.500 |     0.000 |       0.000 |      0.000 |       NA    | Unspecified | NA         |
| Vcco135   |       1.350 |     0.000 |       0.000 |      0.000 |       NA    | Unspecified | NA         |
| Vcco12    |       1.200 |     0.000 |       0.000 |      0.000 |       NA    | Unspecified | NA         |
| Vccaux_io |       1.800 |     0.000 |       0.000 |      0.000 |       NA    | Unspecified | NA         |
| Vccbram   |       1.000 |     0.010 |       0.006 |      0.004 |       NA    | Unspecified | NA         |
| MGTAVcc   |       1.000 |     0.000 |       0.000 |      0.000 |       NA    | Unspecified | NA         |
| MGTAVtt   |       1.200 |     0.000 |       0.000 |      0.000 |       NA    | Unspecified | NA         |
| MGTVccaux |       1.800 |     0.000 |       0.000 |      0.000 |       NA    | Unspecified | NA         |
| Vccpint   |       1.000 |     0.715 |       0.676 |      0.039 |       NA    | Unspecified | NA         |
| Vccpaux   |       1.800 |     0.036 |       0.026 |      0.010 |       NA    | Unspecified | NA         |
| Vccpll    |       1.800 |     0.018 |       0.015 |      0.003 |       NA    | Unspecified | NA         |
| Vcco_ddr  |       1.500 |     0.356 |       0.354 |      0.002 |       NA    | Unspecified | NA         |
| Vcco_mio0 |       3.300 |     0.003 |       0.002 |      0.001 |       NA    | Unspecified | NA         |
| Vcco_mio1 |       3.300 |     0.001 |       0.000 |      0.001 |       NA    | Unspecified | NA         |
| Vccadc    |       1.800 |     0.020 |       0.000 |      0.020 |       NA    | Unspecified | NA         |
+-----------+-------------+-----------+-------------+------------+-------------+-------------+------------+


1.3 Confidence Level
--------------------

+-----------------------------+------------+--------------------------------------------------------+------------------------------------------------------------------------------------------------------------+
| User Input Data             | Confidence | Details                                                | Action                                                                                                     |
+-----------------------------+------------+--------------------------------------------------------+------------------------------------------------------------------------------------------------------------+
| Design implementation state | High       | Design is routed                                       |                                                                                                            |
| Clock nodes activity        | High       | User specified more than 95% of clocks                 |                                                                                                            |
| I/O nodes activity          | Low        | More than 75% of inputs are missing user specification | Provide missing input activity with simulation results or by editing the "By Resource Type -> I/Os" view   |
| Internal nodes activity     | Medium     | User specified less than 25% of internal nodes         | Provide missing internal nodes activity with simulation results or by editing the "By Resource Type" views |
| Device models               | High       | Device models are Production                           |                                                                                                            |
|                             |            |                                                        |                                                                                                            |
| Overall confidence level    | Low        |                                                        |                                                                                                            |
+-----------------------------+------------+--------------------------------------------------------+------------------------------------------------------------------------------------------------------------+


2. Settings
-----------

2.1 Environment
---------------

+-----------------------+------------------------+
| Ambient Temp (C)      | 25.0                   |
| ThetaJA (C/W)         | 11.5                   |
| Airflow (LFM)         | 250                    |
| Heat Sink             | none                   |
| ThetaSA (C/W)         | 0.0                    |
| Board Selection       | medium (10"x10")       |
| # of Board Layers     | 8to11 (8 to 11 Layers) |
| Board Temperature (C) | 25.0                   |
+-----------------------+------------------------+


2.2 Clock Constraints
---------------------

+-------------------------------+------------------------------------------------------------------------+-----------------+
| Clock                         | Domain                                                                 | Constraint (ns) |
+-------------------------------+------------------------------------------------------------------------+-----------------+
| I                             | ebaz4205_i/HDMI/axi_dynclk_0/U0/Inst_mmcme2_drp/I                      |             2.0 |
| axi_dynclk_0_PXL_CLK_O        | ebaz4205_i/HDMI/axi_dynclk_0/U0/PXL_CLK_O                              |            10.0 |
| clk_fpga_0                    | ebaz4205_i/PS/processing_system7_0/inst/FCLK_CLK0                      |            10.0 |
| clk_fpga_0                    | ebaz4205_i/PS/processing_system7_0/inst/FCLK_CLK_unbuffered[0]         |            10.0 |
| clk_fpga_1                    | ebaz4205_i/PS/processing_system7_0/inst/FCLK_CLK1                      |            15.6 |
| clk_fpga_1                    | ebaz4205_i/PS/processing_system7_0/inst/FCLK_CLK_unbuffered[1]         |            15.6 |
| clk_fpga_2                    | ebaz4205_i/PS/processing_system7_0/inst/FCLK_CLK_unbuffered[2]         |             6.9 |
| clk_out1_ebaz4205_clk_wiz_0_0 | ebaz4205_i/PS/clk_wiz_128M/inst/clk_out1_ebaz4205_clk_wiz_0_0          |             7.8 |
| clk_out1_ebaz4205_clk_wiz_0_1 | ebaz4205_i/Audio_DMA/clk_wiz_48_24M/inst/clk_out1_ebaz4205_clk_wiz_0_1 |            20.8 |
| clk_out1_ebaz4205_clk_wiz_0_2 | ebaz4205_i/I2S/clk_wiz_384M/inst/clk_out1_ebaz4205_clk_wiz_0_2         |             2.6 |
| clk_out2_ebaz4205_clk_wiz_0_1 | ebaz4205_i/Audio_DMA/clk_wiz_48_24M/inst/clk_out2_ebaz4205_clk_wiz_0_1 |            41.7 |
| clkfbout_ebaz4205_clk_wiz_0_0 | ebaz4205_i/PS/clk_wiz_128M/inst/clkfbout_ebaz4205_clk_wiz_0_0          |            15.6 |
| clkfbout_ebaz4205_clk_wiz_0_1 | ebaz4205_i/Audio_DMA/clk_wiz_48_24M/inst/clkfbout_ebaz4205_clk_wiz_0_1 |            50.0 |
| clkfbout_ebaz4205_clk_wiz_0_2 | ebaz4205_i/I2S/clk_wiz_384M/inst/clkfbout_ebaz4205_clk_wiz_0_2         |            15.6 |
| mmcm_fbclk_out                | ebaz4205_i/HDMI/axi_dynclk_0/U0/Inst_mmcme2_drp/mmcm_fbclk_out         |            10.0 |
+-------------------------------+------------------------------------------------------------------------+-----------------+


3. Detailed Reports
-------------------

3.1 By Hierarchy
----------------

+--------------------------------+-----------+
| Name                           | Power (W) |
+--------------------------------+-----------+
| ebaz4205_wrapper               |     2.231 |
|   MDIO_ETHERNET_0_0_mdio_iobuf |     0.004 |
|   ebaz4205_i                   |     2.191 |
|     ADC_TestGen                |     0.004 |
|       TestGen                  |     0.003 |
|       axis_mux_0               |     0.001 |
|     Audio_DMA                  |     0.112 |
|       audio_formatter_0        |     0.005 |
|       clk_wiz_48_24M           |     0.103 |
|       i2s_receiver_0           |     0.004 |
|     DDC                        |     0.015 |
|       ComplexMult              |     0.006 |
|       LO                       |     0.010 |
|     DDC_FT                     |     0.016 |
|       DDS_LO_FT                |     0.009 |
|       mult_cos                 |     0.003 |
|       mult_sin                 |     0.003 |
|     FILTER                     |     0.087 |
|       CIC_IQ_1024              |     0.038 |
|       FIR_IQ_2                 |     0.046 |
|       mult_by_GAIN_I           |     0.001 |
|     FILTER_FT                  |     0.111 |
|       CIC_FT_IQ_4              |     0.035 |
|       FIR_FT_IQ_2              |     0.045 |
|       axis_capture_FT          |     0.030 |
|     HDMI                       |     0.281 |
|       axi_dynclk_0             |     0.109 |
|       axi_interconnect_1       |     0.005 |
|       axi_vdma_0               |     0.014 |
|       rgb2dvi_0                |     0.134 |
|       v_axi4s_vid_out_0        |     0.006 |
|       v_tc_0                   |     0.013 |
|     I2S                        |     0.129 |
|       DivideBy250_1_536M       |     0.001 |
|       clk_wiz_384M             |     0.124 |
|       i2s_transmitter_16_0     |     0.003 |
|     PS                         |     1.396 |
|       clk_wiz_128M             |     0.103 |
|       processing_system7_0     |     1.292 |
|     PS2                        |     0.004 |
|       axi_gpio_ps2_mouse       |     0.001 |
|       ps2_mouse_0              |     0.002 |
|     SSB_demodulator            |     0.011 |
|       dds_compiler_BFO         |     0.009 |
|       mult_gen_Q               |     0.002 |
|     axis_capture_RF            |     0.017 |
|       U0                       |     0.017 |
|     ps7_axi_periph             |     0.007 |
|       s00_couplers             |     0.004 |
|       tier2_xbar_1             |     0.001 |
|   ps2_dat_0_tri_iobuf          |     0.002 |
+--------------------------------+-----------+


