Copyright 1986-2022 Xilinx, Inc. All Rights Reserved.
----------------------------------------------------------------------------------------------
| Tool Version : Vivado v.2022.2 (lin64) Build 3671981 Fri Oct 14 04:59:54 MDT 2022
| Date         : Wed May 31 20:51:03 2023
| Host         : guido-UM690 running 64-bit Ubuntu 20.04.6 LTS
| Command      : report_clock_utilization -file ebaz4205_wrapper_clock_utilization_routed.rpt
| Design       : ebaz4205_wrapper
| Device       : 7z010-clg400
| Speed File   : -1  PRODUCTION 1.12 2019-11-22
| Design State : Routed
----------------------------------------------------------------------------------------------

Clock Utilization Report

Table of Contents
-----------------
1. Clock Primitive Utilization
2. Global Clock Resources
3. Global Clock Source Details
4. Local Clock Details
5. Clock Regions: Key Resource Utilization
6. Clock Regions : Global Clock Summary
7. Device Cell Placement Summary for Global Clock g0
8. Device Cell Placement Summary for Global Clock g1
9. Device Cell Placement Summary for Global Clock g2
10. Device Cell Placement Summary for Global Clock g3
11. Device Cell Placement Summary for Global Clock g4
12. Device Cell Placement Summary for Global Clock g5
13. Device Cell Placement Summary for Global Clock g6
14. Device Cell Placement Summary for Global Clock g7
15. Device Cell Placement Summary for Global Clock g8
16. Device Cell Placement Summary for Global Clock g9
17. Device Cell Placement Summary for Global Clock g10
18. Device Cell Placement Summary for Global Clock g11
19. Device Cell Placement Summary for Global Clock g12
20. Clock Region Cell Placement per Global Clock: Region X0Y0
21. Clock Region Cell Placement per Global Clock: Region X1Y0
22. Clock Region Cell Placement per Global Clock: Region X0Y1
23. Clock Region Cell Placement per Global Clock: Region X1Y1

1. Clock Primitive Utilization
------------------------------

+----------+------+-----------+-----+--------------+--------+
| Type     | Used | Available | LOC | Clock Region | Pblock |
+----------+------+-----------+-----+--------------+--------+
| BUFGCTRL |   12 |        32 |   0 |            0 |      0 |
| BUFH     |    0 |        48 |   0 |            0 |      0 |
| BUFIO    |    1 |         8 |   0 |            0 |      0 |
| BUFMR    |    0 |         4 |   0 |            0 |      0 |
| BUFR     |    1 |         8 |   0 |            0 |      0 |
| MMCM     |    2 |         2 |   0 |            0 |      0 |
| PLL      |    2 |         2 |   0 |            0 |      0 |
+----------+------+-----------+-----+--------------+--------+


2. Global Clock Resources
-------------------------

+-----------+-----------+-----------------+------------+----------------+--------------+-------------------+-------------+-----------------+--------------+-------------------------------+-----------------------------------------------------------------------------+----------------------------------------------------------------------------+
| Global Id | Source Id | Driver Type/Pin | Constraint | Site           | Clock Region | Load Clock Region | Clock Loads | Non-Clock Loads | Clock Period | Clock                         | Driver Pin                                                                  | Net                                                                        |
+-----------+-----------+-----------------+------------+----------------+--------------+-------------------+-------------+-----------------+--------------+-------------------------------+-----------------------------------------------------------------------------+----------------------------------------------------------------------------+
| g0        | src0      | BUFG/O          | None       | BUFGCTRL_X0Y5  | n/a          |                 4 |        8679 |               0 |        7.812 | clk_out1_ebaz4205_clk_wiz_0_0 | ebaz4205_i/PS/clk_wiz_128M/inst/clkout1_buf/O                               | ebaz4205_i/PS/clk_wiz_128M/inst/clk_out1                                   |
| g1        | src1      | BUFG/O          | None       | BUFGCTRL_X0Y0  | n/a          |                 4 |        4594 |               0 |       10.000 | clk_fpga_0                    | ebaz4205_i/PS/processing_system7_0/inst/buffer_fclk_clk_0.FCLK_CLK_0_BUFG/O | ebaz4205_i/PS/processing_system7_0/inst/FCLK_CLK0                          |
| g2        | src2      | BUFG/O          | None       | BUFGCTRL_X0Y16 | n/a          |                 3 |        2912 |               0 |       20.833 | clk_out1_ebaz4205_clk_wiz_0_1 | ebaz4205_i/Audio_DMA/clk_wiz_48_24M/inst/clkout1_buf/O                      | ebaz4205_i/Audio_DMA/clk_wiz_48_24M/inst/clk_out1                          |
| g3        | src3      | BUFR/O          | None       | BUFR_X0Y5      | X1Y1         |                 1 |        2843 |               0 |       10.000 | axi_dynclk_0_PXL_CLK_O        | ebaz4205_i/HDMI/axi_dynclk_0/U0/BUFR_inst/O                                 | ebaz4205_i/HDMI/axi_dynclk_0/U0/PXL_CLK_O                                  |
| g4        | src4      | BUFG/O          | None       | BUFGCTRL_X0Y1  | n/a          |                 4 |        2050 |               0 |        6.875 | clk_fpga_2                    | ebaz4205_i/PS/processing_system7_0/inst/buffer_fclk_clk_2.FCLK_CLK_2_BUFG/O | ebaz4205_i/PS/processing_system7_0/inst/FCLK_CLK2                          |
| g5        | src5      | BUFG/O          | None       | BUFGCTRL_X0Y2  | n/a          |                 4 |        1189 |               1 |       15.625 | clk_fpga_1                    | ebaz4205_i/PS/processing_system7_0/inst/buffer_fclk_clk_1.FCLK_CLK_1_BUFG/O | ebaz4205_i/PS/processing_system7_0/inst/FCLK_CLK1                          |
| g6        | src6      | BUFG/O          | None       | BUFGCTRL_X0Y17 | n/a          |                 2 |         259 |               0 |       41.667 | clk_out2_ebaz4205_clk_wiz_0_1 | ebaz4205_i/Audio_DMA/clk_wiz_48_24M/inst/clkout2_buf/O                      | ebaz4205_i/Audio_DMA/clk_wiz_48_24M/inst/clk_out2                          |
| g7        | src7      | BUFG/O          | None       | BUFGCTRL_X0Y6  | n/a          |                 1 |          60 |               0 |        2.604 | clk_out1_ebaz4205_clk_wiz_0_2 | ebaz4205_i/I2S/clk_wiz_384M/inst/clkout1_buf/O                              | ebaz4205_i/I2S/clk_wiz_384M/inst/clk_out1                                  |
| g8        | src8      | BUFG/O          | None       | BUFGCTRL_X0Y3  | n/a          |                 2 |           6 |               0 |              |                               | ENET0_GMII_RX_CLK_0_IBUF_BUFG_inst/O                                        | ENET0_GMII_RX_CLK_0_IBUF_BUFG                                              |
| g9        | src9      | BUFG/O          | None       | BUFGCTRL_X0Y4  | n/a          |                 2 |           6 |               0 |              |                               | ENET0_GMII_TX_CLK_0_IBUF_BUFG_inst/O                                        | ENET0_GMII_TX_CLK_0_IBUF_BUFG                                              |
| g10       | src10     | BUFG/O          | None       | BUFGCTRL_X0Y18 | n/a          |                 1 |           1 |               0 |       50.000 | clkfbout_ebaz4205_clk_wiz_0_1 | ebaz4205_i/Audio_DMA/clk_wiz_48_24M/inst/clkf_buf/O                         | ebaz4205_i/Audio_DMA/clk_wiz_48_24M/inst/clkfbout_buf_ebaz4205_clk_wiz_0_1 |
| g11       | src11     | BUFG/O          | None       | BUFGCTRL_X0Y7  | n/a          |                 1 |           1 |               0 |       15.625 | clkfbout_ebaz4205_clk_wiz_0_2 | ebaz4205_i/I2S/clk_wiz_384M/inst/clkf_buf/O                                 | ebaz4205_i/I2S/clk_wiz_384M/inst/clkfbout_buf_ebaz4205_clk_wiz_0_2         |
| g12       | src12     | BUFG/O          | None       | BUFGCTRL_X0Y8  | n/a          |                 1 |           1 |               0 |       15.625 | clkfbout_ebaz4205_clk_wiz_0_0 | ebaz4205_i/PS/clk_wiz_128M/inst/clkf_buf/O                                  | ebaz4205_i/PS/clk_wiz_128M/inst/clkfbout_buf_ebaz4205_clk_wiz_0_0          |
+-----------+-----------+-----------------+------------+----------------+--------------+-------------------+-------------+-----------------+--------------+-------------------------------+-----------------------------------------------------------------------------+----------------------------------------------------------------------------+
* Clock Loads column represents cell count of net connects that connect to a clock pin. Internal cell leaf pins are not considered
** Non-Clock Loads column represents cell count of non-clock pin loads


3. Global Clock Source Details
------------------------------

+-----------+-----------+---------------------+------------+-----------------+--------------+-------------+-----------------+---------------------+-------------------------------+-----------------------------------------------------------------------+------------------------------------------------------------------------+
| Source Id | Global Id | Driver Type/Pin     | Constraint | Site            | Clock Region | Clock Loads | Non-Clock Loads | Source Clock Period | Source Clock                  | Driver Pin                                                            | Net                                                                    |
+-----------+-----------+---------------------+------------+-----------------+--------------+-------------+-----------------+---------------------+-------------------------------+-----------------------------------------------------------------------+------------------------------------------------------------------------+
| src0      | g0        | PLLE2_ADV/CLKOUT0   | None       | PLLE2_ADV_X0Y0  | X1Y0         |           1 |               0 |               7.812 | clk_out1_ebaz4205_clk_wiz_0_0 | ebaz4205_i/PS/clk_wiz_128M/inst/plle2_adv_inst/CLKOUT0                | ebaz4205_i/PS/clk_wiz_128M/inst/clk_out1_ebaz4205_clk_wiz_0_0          |
| src1      | g1        | PS7/FCLKCLK[0]      | PS7_X0Y0   | PS7_X0Y0        | X0Y1         |           1 |               0 |              10.000 | clk_fpga_0                    | ebaz4205_i/PS/processing_system7_0/inst/PS7_i/FCLKCLK[0]              | ebaz4205_i/PS/processing_system7_0/inst/FCLK_CLK_unbuffered[0]         |
| src2      | g2        | PLLE2_ADV/CLKOUT0   | None       | PLLE2_ADV_X0Y1  | X1Y1         |           1 |               0 |              20.833 | clk_out1_ebaz4205_clk_wiz_0_1 | ebaz4205_i/Audio_DMA/clk_wiz_48_24M/inst/plle2_adv_inst/CLKOUT0       | ebaz4205_i/Audio_DMA/clk_wiz_48_24M/inst/clk_out1_ebaz4205_clk_wiz_0_1 |
| src3      | g3        | MMCME2_ADV/CLKOUT0  | None       | MMCME2_ADV_X0Y1 | X1Y1         |           2 |               0 |               2.000 | I                             | ebaz4205_i/HDMI/axi_dynclk_0/U0/Inst_mmcme2_drp/mmcm_adv_inst/CLKOUT0 | ebaz4205_i/HDMI/axi_dynclk_0/U0/Inst_mmcme2_drp/I                      |
| src4      | g4        | PS7/FCLKCLK[2]      | PS7_X0Y0   | PS7_X0Y0        | X0Y1         |           1 |               0 |               6.875 | clk_fpga_2                    | ebaz4205_i/PS/processing_system7_0/inst/PS7_i/FCLKCLK[2]              | ebaz4205_i/PS/processing_system7_0/inst/FCLK_CLK_unbuffered[2]         |
| src5      | g5        | PS7/FCLKCLK[1]      | PS7_X0Y0   | PS7_X0Y0        | X0Y1         |           1 |               0 |              15.625 | clk_fpga_1                    | ebaz4205_i/PS/processing_system7_0/inst/PS7_i/FCLKCLK[1]              | ebaz4205_i/PS/processing_system7_0/inst/FCLK_CLK_unbuffered[1]         |
| src6      | g6        | PLLE2_ADV/CLKOUT1   | None       | PLLE2_ADV_X0Y1  | X1Y1         |           1 |               0 |              41.667 | clk_out2_ebaz4205_clk_wiz_0_1 | ebaz4205_i/Audio_DMA/clk_wiz_48_24M/inst/plle2_adv_inst/CLKOUT1       | ebaz4205_i/Audio_DMA/clk_wiz_48_24M/inst/clk_out2_ebaz4205_clk_wiz_0_1 |
| src7      | g7        | MMCME2_ADV/CLKOUT0  | None       | MMCME2_ADV_X0Y0 | X1Y0         |           1 |               0 |               2.604 | clk_out1_ebaz4205_clk_wiz_0_2 | ebaz4205_i/I2S/clk_wiz_384M/inst/mmcm_adv_inst/CLKOUT0                | ebaz4205_i/I2S/clk_wiz_384M/inst/clk_out1_ebaz4205_clk_wiz_0_2         |
| src8      | g8        | IBUF/O              | IOB_X0Y28  | IOB_X0Y28       | X1Y0         |           1 |               0 |                     |                               | ENET0_GMII_RX_CLK_0_IBUF_inst/O                                       | ENET0_GMII_RX_CLK_0_IBUF                                               |
| src9      | g9        | IBUF/O              | IOB_X0Y27  | IOB_X0Y27       | X1Y0         |           1 |               0 |                     |                               | ENET0_GMII_TX_CLK_0_IBUF_inst/O                                       | ENET0_GMII_TX_CLK_0_IBUF                                               |
| src10     | g10       | PLLE2_ADV/CLKFBOUT  | None       | PLLE2_ADV_X0Y1  | X1Y1         |           1 |               0 |              50.000 | clkfbout_ebaz4205_clk_wiz_0_1 | ebaz4205_i/Audio_DMA/clk_wiz_48_24M/inst/plle2_adv_inst/CLKFBOUT      | ebaz4205_i/Audio_DMA/clk_wiz_48_24M/inst/clkfbout_ebaz4205_clk_wiz_0_1 |
| src11     | g11       | MMCME2_ADV/CLKFBOUT | None       | MMCME2_ADV_X0Y0 | X1Y0         |           1 |               0 |              15.625 | clkfbout_ebaz4205_clk_wiz_0_2 | ebaz4205_i/I2S/clk_wiz_384M/inst/mmcm_adv_inst/CLKFBOUT               | ebaz4205_i/I2S/clk_wiz_384M/inst/clkfbout_ebaz4205_clk_wiz_0_2         |
| src12     | g12       | PLLE2_ADV/CLKFBOUT  | None       | PLLE2_ADV_X0Y0  | X1Y0         |           1 |               0 |              15.625 | clkfbout_ebaz4205_clk_wiz_0_0 | ebaz4205_i/PS/clk_wiz_128M/inst/plle2_adv_inst/CLKFBOUT               | ebaz4205_i/PS/clk_wiz_128M/inst/clkfbout_ebaz4205_clk_wiz_0_0          |
+-----------+-----------+---------------------+------------+-----------------+--------------+-------------+-----------------+---------------------+-------------------------------+-----------------------------------------------------------------------+------------------------------------------------------------------------+
* Clock Loads column represents cell count of net connects that connect to a clock pin. Internal cell leaf pins are not considered
** Non-Clock Loads column represents cell count of non-clock pin loads


4. Local Clock Details
----------------------

+----------+-----------------+------------+-------------------+--------------+-------------+-----------------+--------------+-------+------------------------------------------------------------------------------------------------------------------------------------------------+-------------------------------------------------------------------------------------------------------+
| Local Id | Driver Type/Pin | Constraint | Site/BEL          | Clock Region | Clock Loads | Non-Clock Loads | Clock Period | Clock | Driver Pin                                                                                                                                     | Net                                                                                                   |
+----------+-----------------+------------+-------------------+--------------+-------------+-----------------+--------------+-------+------------------------------------------------------------------------------------------------------------------------------------------------+-------------------------------------------------------------------------------------------------------+
| 0        | FDCE/Q          | None       | SLICE_X1Y95/AFF   | X0Y1         |         177 |               1 |              |       | ebaz4205_i/PS/DivideBy2_50MHz/inst/clk_track_reg/Q                                                                                             | ebaz4205_i/PS/DivideBy2_50MHz/inst/clk_out                                                            |
| 1        | FDRE/Q          | None       | SLICE_X13Y89/CFF  | X0Y1         |          96 |               2 |              |       | ebaz4205_i/FILTER/FIR_IQ_2/U0/i_synth/g_polyphase_decimation.i_polyphase_decimation/g_m_data_chan_fifo.g_no_tready.m_axis_data_tlast_int_reg/Q | ebaz4205_i/FILTER/FIR_IQ_2/U0/i_synth/g_polyphase_decimation.i_polyphase_decimation/m_axis_data_tlast |
| 2        | FDCE/Q          | None       | SLICE_X11Y61/A5FF | X0Y1         |           9 |              47 |              |       | ebaz4205_i/I2S/DivideBy250_1_536M/inst/clk_track_reg/Q                                                                                         | ebaz4205_i/I2S/DivideBy250_1_536M/inst/clk_out                                                        |
+----------+-----------------+------------+-------------------+--------------+-------------+-----------------+--------------+-------+------------------------------------------------------------------------------------------------------------------------------------------------+-------------------------------------------------------------------------------------------------------+
* Local Clocks in this context represents only clocks driven by non-global buffers
** Clock Loads column represents cell count of net connects that connect to a clock pin. Internal cell leaf pins are not considered
*** Non-Clock Loads column represents cell count of non-clock pin loads


5. Clock Regions: Key Resource Utilization
------------------------------------------

+-------------------+--------------+--------------+--------------+--------------+--------------+--------------+--------------+--------------+--------------+--------------+--------------+--------------+--------------+--------------+--------------+
|                   | Global Clock |     BUFRs    |    BUFMRs    |    BUFIOs    |     MMCM     |      PLL     |      GT      |      PCI     |    ILOGIC    |    OLOGIC    |      FF      |     LUTM     |    RAMB18    |    RAMB36    |    DSP48E2   |
+-------------------+------+-------+------+-------+------+-------+------+-------+------+-------+------+-------+------+-------+------+-------+------+-------+------+-------+------+-------+------+-------+------+-------+------+-------+------+-------+
| Clock Region Name | Used | Avail | Used | Avail | Used | Avail | Used | Avail | Used | Avail | Used | Avail | Used | Avail | Used | Avail | Used | Avail | Used | Avail | Used | Avail | Used | Avail | Used | Avail | Used | Avail | Used | Avail |
+-------------------+------+-------+------+-------+------+-------+------+-------+------+-------+------+-------+------+-------+------+-------+------+-------+------+-------+------+-------+------+-------+------+-------+------+-------+------+-------+
| X0Y0              |    6 |    12 |    0 |     0 |    0 |     0 |    0 |     0 |    0 |     0 |    0 |     0 |    0 |     0 |    0 |     0 |    0 |     0 |    0 |     0 | 5136 |  1100 | 3411 |   400 |    0 |    20 |    4 |    10 |   19 |    20 |
| X1Y0              |    9 |    12 |    0 |     4 |    0 |     2 |    0 |     4 |    1 |     1 |    1 |     1 |    0 |     0 |    0 |     0 |    0 |    50 |    0 |    50 | 5226 |  1100 | 2546 |   350 |    0 |    40 |   12 |    20 |   18 |    20 |
| X0Y1              |    9 |    12 |    0 |     0 |    0 |     0 |    0 |     0 |    0 |     0 |    0 |     0 |    0 |     0 |    0 |     0 |    0 |     0 |    0 |     0 | 4130 |  1100 | 2432 |   400 |    0 |    20 |    9 |    10 |   16 |    20 |
| X1Y1              |    7 |    12 |    1 |     4 |    0 |     2 |    1 |     4 |    1 |     1 |    1 |     1 |    0 |     0 |    0 |     0 |    0 |    50 |    8 |    50 | 5093 |  1100 | 2058 |   350 |    0 |    40 |   15 |    20 |   16 |    20 |
+-------------------+------+-------+------+-------+------+-------+------+-------+------+-------+------+-------+------+-------+------+-------+------+-------+------+-------+------+-------+------+-------+------+-------+------+-------+------+-------+
* Global Clock column represents track count; while other columns represents cell counts


6. Clock Regions : Global Clock Summary
---------------------------------------

All Modules
+----+----+----+
|    | X0 | X1 |
+----+----+----+
| Y1 |  9 |  7 |
| Y0 |  6 |  9 |
+----+----+----+


7. Device Cell Placement Summary for Global Clock g0
----------------------------------------------------

+-----------+-----------------+-------------------+-------------------------------+-------------+---------------+-------------+----------+----------------+----------+------------------------------------------+
| Global Id | Driver Type/Pin | Driver Region (D) | Clock                         | Period (ns) | Waveform (ns) | Slice Loads | IO Loads | Clocking Loads | GT Loads | Net                                      |
+-----------+-----------------+-------------------+-------------------------------+-------------+---------------+-------------+----------+----------------+----------+------------------------------------------+
| g0        | BUFG/O          | n/a               | clk_out1_ebaz4205_clk_wiz_0_0 |       7.812 | {0.000 3.906} |        8601 |        0 |              0 |        0 | ebaz4205_i/PS/clk_wiz_128M/inst/clk_out1 |
+-----------+-----------------+-------------------+-------------------------------+-------------+---------------+-------------+----------+----------------+----------+------------------------------------------+
* Slice Loads column represents load cell count of all cell types other than IO, GT and clock resources
** IO Loads column represents load cell count of IO types
*** Clocking Loads column represents load cell count that are clock resources (global clock buffer, MMCM, PLL, etc)
**** GT Loads column represents load cell count of GT types


+----+-------+-------+-----------------------+
|    | X0    | X1    | HORIZONTAL PROG DELAY |
+----+-------+-------+-----------------------+
| Y1 |  2299 |  2284 |                     0 |
| Y0 |  2649 |  1369 |                     0 |
+----+-------+-------+-----------------------+


8. Device Cell Placement Summary for Global Clock g1
----------------------------------------------------

+-----------+-----------------+-------------------+------------+-------------+---------------+-------------+----------+----------------+----------+---------------------------------------------------+
| Global Id | Driver Type/Pin | Driver Region (D) | Clock      | Period (ns) | Waveform (ns) | Slice Loads | IO Loads | Clocking Loads | GT Loads | Net                                               |
+-----------+-----------------+-------------------+------------+-------------+---------------+-------------+----------+----------------+----------+---------------------------------------------------+
| g1        | BUFG/O          | n/a               | clk_fpga_0 |      10.000 | {0.000 5.000} |        4592 |        0 |              2 |        0 | ebaz4205_i/PS/processing_system7_0/inst/FCLK_CLK0 |
+-----------+-----------------+-------------------+------------+-------------+---------------+-------------+----------+----------------+----------+---------------------------------------------------+
* Slice Loads column represents load cell count of all cell types other than IO, GT and clock resources
** IO Loads column represents load cell count of IO types
*** Clocking Loads column represents load cell count that are clock resources (global clock buffer, MMCM, PLL, etc)
**** GT Loads column represents load cell count of GT types


+----+-------+-------+-----------------------+
|    | X0    | X1    | HORIZONTAL PROG DELAY |
+----+-------+-------+-----------------------+
| Y1 |  1314 |   252 |                     0 |
| Y0 |  1104 |  1924 |                     0 |
+----+-------+-------+-----------------------+


9. Device Cell Placement Summary for Global Clock g2
----------------------------------------------------

+-----------+-----------------+-------------------+-------------------------------+-------------+----------------+-------------+----------+----------------+----------+---------------------------------------------------+
| Global Id | Driver Type/Pin | Driver Region (D) | Clock                         | Period (ns) | Waveform (ns)  | Slice Loads | IO Loads | Clocking Loads | GT Loads | Net                                               |
+-----------+-----------------+-------------------+-------------------------------+-------------+----------------+-------------+----------+----------------+----------+---------------------------------------------------+
| g2        | BUFG/O          | n/a               | clk_out1_ebaz4205_clk_wiz_0_1 |      20.833 | {0.000 10.417} |        2896 |        0 |              0 |        0 | ebaz4205_i/Audio_DMA/clk_wiz_48_24M/inst/clk_out1 |
+-----------+-----------------+-------------------+-------------------------------+-------------+----------------+-------------+----------+----------------+----------+---------------------------------------------------+
* Slice Loads column represents load cell count of all cell types other than IO, GT and clock resources
** IO Loads column represents load cell count of IO types
*** Clocking Loads column represents load cell count that are clock resources (global clock buffer, MMCM, PLL, etc)
**** GT Loads column represents load cell count of GT types


+----+-------+------+-----------------------+
|    | X0    | X1   | HORIZONTAL PROG DELAY |
+----+-------+------+-----------------------+
| Y1 |    55 |    0 |                     0 |
| Y0 |  1965 |  876 |                     0 |
+----+-------+------+-----------------------+


10. Device Cell Placement Summary for Global Clock g3
-----------------------------------------------------

+-----------+-----------------+-------------------+------------------------+-------------+---------------+-------------+----------+----------------+----------+-------------------------------------------+
| Global Id | Driver Type/Pin | Driver Region (D) | Clock                  | Period (ns) | Waveform (ns) | Slice Loads | IO Loads | Clocking Loads | GT Loads | Net                                       |
+-----------+-----------------+-------------------+------------------------+-------------+---------------+-------------+----------+----------------+----------+-------------------------------------------+
| g3        | BUFR/O          | X1Y1              | axi_dynclk_0_PXL_CLK_O |      10.000 | {0.000 4.000} |        2835 |        8 |              0 |        0 | ebaz4205_i/HDMI/axi_dynclk_0/U0/PXL_CLK_O |
+-----------+-----------------+-------------------+------------------------+-------------+---------------+-------------+----------+----------------+----------+-------------------------------------------+
* Slice Loads column represents load cell count of all cell types other than IO, GT and clock resources
** IO Loads column represents load cell count of IO types
*** Clocking Loads column represents load cell count that are clock resources (global clock buffer, MMCM, PLL, etc)
**** GT Loads column represents load cell count of GT types


+----+----+-----------+-----------------------+
|    | X0 | X1        | HORIZONTAL PROG DELAY |
+----+----+-----------+-----------------------+
| Y1 |  0 |  (D) 2843 |                     0 |
| Y0 |  0 |         0 |                     - |
+----+----+-----------+-----------------------+


11. Device Cell Placement Summary for Global Clock g4
-----------------------------------------------------

+-----------+-----------------+-------------------+------------+-------------+---------------+-------------+----------+----------------+----------+---------------------------------------------------+
| Global Id | Driver Type/Pin | Driver Region (D) | Clock      | Period (ns) | Waveform (ns) | Slice Loads | IO Loads | Clocking Loads | GT Loads | Net                                               |
+-----------+-----------------+-------------------+------------+-------------+---------------+-------------+----------+----------------+----------+---------------------------------------------------+
| g4        | BUFG/O          | n/a               | clk_fpga_2 |       6.875 | {0.000 3.438} |        2041 |        0 |              0 |        0 | ebaz4205_i/PS/processing_system7_0/inst/FCLK_CLK2 |
+-----------+-----------------+-------------------+------------+-------------+---------------+-------------+----------+----------------+----------+---------------------------------------------------+
* Slice Loads column represents load cell count of all cell types other than IO, GT and clock resources
** IO Loads column represents load cell count of IO types
*** Clocking Loads column represents load cell count that are clock resources (global clock buffer, MMCM, PLL, etc)
**** GT Loads column represents load cell count of GT types


+----+------+-------+-----------------------+
|    | X0   | X1    | HORIZONTAL PROG DELAY |
+----+------+-------+-----------------------+
| Y1 |   18 |    72 |                     0 |
| Y0 |  484 |  1467 |                     0 |
+----+------+-------+-----------------------+


12. Device Cell Placement Summary for Global Clock g5
-----------------------------------------------------

+-----------+-----------------+-------------------+------------+-------------+---------------+-------------+----------+----------------+----------+---------------------------------------------------+
| Global Id | Driver Type/Pin | Driver Region (D) | Clock      | Period (ns) | Waveform (ns) | Slice Loads | IO Loads | Clocking Loads | GT Loads | Net                                               |
+-----------+-----------------+-------------------+------------+-------------+---------------+-------------+----------+----------------+----------+---------------------------------------------------+
| g5        | BUFG/O          | n/a               | clk_fpga_1 |      15.625 | {0.000 7.812} |        1187 |        1 |              2 |        0 | ebaz4205_i/PS/processing_system7_0/inst/FCLK_CLK1 |
+-----------+-----------------+-------------------+------------+-------------+---------------+-------------+----------+----------------+----------+---------------------------------------------------+
* Slice Loads column represents load cell count of all cell types other than IO, GT and clock resources
** IO Loads column represents load cell count of IO types
*** Clocking Loads column represents load cell count that are clock resources (global clock buffer, MMCM, PLL, etc)
**** GT Loads column represents load cell count of GT types


+----+------+------+-----------------------+
|    | X0   | X1   | HORIZONTAL PROG DELAY |
+----+------+------+-----------------------+
| Y1 |  640 |   34 |                     0 |
| Y0 |  230 |  286 |                     0 |
+----+------+------+-----------------------+


13. Device Cell Placement Summary for Global Clock g6
-----------------------------------------------------

+-----------+-----------------+-------------------+-------------------------------+-------------+----------------+-------------+----------+----------------+----------+---------------------------------------------------+
| Global Id | Driver Type/Pin | Driver Region (D) | Clock                         | Period (ns) | Waveform (ns)  | Slice Loads | IO Loads | Clocking Loads | GT Loads | Net                                               |
+-----------+-----------------+-------------------+-------------------------------+-------------+----------------+-------------+----------+----------------+----------+---------------------------------------------------+
| g6        | BUFG/O          | n/a               | clk_out2_ebaz4205_clk_wiz_0_1 |      41.667 | {0.000 20.833} |         259 |        0 |              0 |        0 | ebaz4205_i/Audio_DMA/clk_wiz_48_24M/inst/clk_out2 |
+-----------+-----------------+-------------------+-------------------------------+-------------+----------------+-------------+----------+----------------+----------+---------------------------------------------------+
* Slice Loads column represents load cell count of all cell types other than IO, GT and clock resources
** IO Loads column represents load cell count of IO types
*** Clocking Loads column represents load cell count that are clock resources (global clock buffer, MMCM, PLL, etc)
**** GT Loads column represents load cell count of GT types


+----+------+----+-----------------------+
|    | X0   | X1 | HORIZONTAL PROG DELAY |
+----+------+----+-----------------------+
| Y1 |  241 |  0 |                     0 |
| Y0 |   18 |  0 |                     0 |
+----+------+----+-----------------------+


14. Device Cell Placement Summary for Global Clock g7
-----------------------------------------------------

+-----------+-----------------+-------------------+-------------------------------+-------------+---------------+-------------+----------+----------------+----------+-------------------------------------------+
| Global Id | Driver Type/Pin | Driver Region (D) | Clock                         | Period (ns) | Waveform (ns) | Slice Loads | IO Loads | Clocking Loads | GT Loads | Net                                       |
+-----------+-----------------+-------------------+-------------------------------+-------------+---------------+-------------+----------+----------------+----------+-------------------------------------------+
| g7        | BUFG/O          | n/a               | clk_out1_ebaz4205_clk_wiz_0_2 |       2.604 | {0.000 1.302} |          60 |        0 |              0 |        0 | ebaz4205_i/I2S/clk_wiz_384M/inst/clk_out1 |
+-----------+-----------------+-------------------+-------------------------------+-------------+---------------+-------------+----------+----------------+----------+-------------------------------------------+
* Slice Loads column represents load cell count of all cell types other than IO, GT and clock resources
** IO Loads column represents load cell count of IO types
*** Clocking Loads column represents load cell count that are clock resources (global clock buffer, MMCM, PLL, etc)
**** GT Loads column represents load cell count of GT types


+----+-----+----+-----------------------+
|    | X0  | X1 | HORIZONTAL PROG DELAY |
+----+-----+----+-----------------------+
| Y1 |  60 |  0 |                     0 |
| Y0 |   0 |  0 |                     - |
+----+-----+----+-----------------------+


15. Device Cell Placement Summary for Global Clock g8
-----------------------------------------------------

+-----------+-----------------+-------------------+-------+-------------+---------------+-------------+----------+----------------+----------+-------------------------------+
| Global Id | Driver Type/Pin | Driver Region (D) | Clock | Period (ns) | Waveform (ns) | Slice Loads | IO Loads | Clocking Loads | GT Loads | Net                           |
+-----------+-----------------+-------------------+-------+-------------+---------------+-------------+----------+----------------+----------+-------------------------------+
| g8        | BUFG/O          | n/a               |       |             |               |           6 |        0 |              0 |        0 | ENET0_GMII_RX_CLK_0_IBUF_BUFG |
+-----------+-----------------+-------------------+-------+-------------+---------------+-------------+----------+----------------+----------+-------------------------------+
* Slice Loads column represents load cell count of all cell types other than IO, GT and clock resources
** IO Loads column represents load cell count of IO types
*** Clocking Loads column represents load cell count that are clock resources (global clock buffer, MMCM, PLL, etc)
**** GT Loads column represents load cell count of GT types


+----+----+----+-----------------------+
|    | X0 | X1 | HORIZONTAL PROG DELAY |
+----+----+----+-----------------------+
| Y1 |  1 |  0 |                     0 |
| Y0 |  0 |  5 |                     0 |
+----+----+----+-----------------------+


16. Device Cell Placement Summary for Global Clock g9
-----------------------------------------------------

+-----------+-----------------+-------------------+-------+-------------+---------------+-------------+----------+----------------+----------+-------------------------------+
| Global Id | Driver Type/Pin | Driver Region (D) | Clock | Period (ns) | Waveform (ns) | Slice Loads | IO Loads | Clocking Loads | GT Loads | Net                           |
+-----------+-----------------+-------------------+-------+-------------+---------------+-------------+----------+----------------+----------+-------------------------------+
| g9        | BUFG/O          | n/a               |       |             |               |           6 |        0 |              0 |        0 | ENET0_GMII_TX_CLK_0_IBUF_BUFG |
+-----------+-----------------+-------------------+-------+-------------+---------------+-------------+----------+----------------+----------+-------------------------------+
* Slice Loads column represents load cell count of all cell types other than IO, GT and clock resources
** IO Loads column represents load cell count of IO types
*** Clocking Loads column represents load cell count that are clock resources (global clock buffer, MMCM, PLL, etc)
**** GT Loads column represents load cell count of GT types


+----+----+----+-----------------------+
|    | X0 | X1 | HORIZONTAL PROG DELAY |
+----+----+----+-----------------------+
| Y1 |  1 |  0 |                     0 |
| Y0 |  0 |  5 |                     0 |
+----+----+----+-----------------------+


17. Device Cell Placement Summary for Global Clock g10
------------------------------------------------------

+-----------+-----------------+-------------------+-------------------------------+-------------+----------------+-------------+----------+----------------+----------+----------------------------------------------------------------------------+
| Global Id | Driver Type/Pin | Driver Region (D) | Clock                         | Period (ns) | Waveform (ns)  | Slice Loads | IO Loads | Clocking Loads | GT Loads | Net                                                                        |
+-----------+-----------------+-------------------+-------------------------------+-------------+----------------+-------------+----------+----------------+----------+----------------------------------------------------------------------------+
| g10       | BUFG/O          | n/a               | clkfbout_ebaz4205_clk_wiz_0_1 |      50.000 | {0.000 25.000} |           0 |        0 |              1 |        0 | ebaz4205_i/Audio_DMA/clk_wiz_48_24M/inst/clkfbout_buf_ebaz4205_clk_wiz_0_1 |
+-----------+-----------------+-------------------+-------------------------------+-------------+----------------+-------------+----------+----------------+----------+----------------------------------------------------------------------------+
* Slice Loads column represents load cell count of all cell types other than IO, GT and clock resources
** IO Loads column represents load cell count of IO types
*** Clocking Loads column represents load cell count that are clock resources (global clock buffer, MMCM, PLL, etc)
**** GT Loads column represents load cell count of GT types


+----+----+----+-----------------------+
|    | X0 | X1 | HORIZONTAL PROG DELAY |
+----+----+----+-----------------------+
| Y1 |  0 |  1 |                     0 |
| Y0 |  0 |  0 |                     - |
+----+----+----+-----------------------+


18. Device Cell Placement Summary for Global Clock g11
------------------------------------------------------

+-----------+-----------------+-------------------+-------------------------------+-------------+---------------+-------------+----------+----------------+----------+--------------------------------------------------------------------+
| Global Id | Driver Type/Pin | Driver Region (D) | Clock                         | Period (ns) | Waveform (ns) | Slice Loads | IO Loads | Clocking Loads | GT Loads | Net                                                                |
+-----------+-----------------+-------------------+-------------------------------+-------------+---------------+-------------+----------+----------------+----------+--------------------------------------------------------------------+
| g11       | BUFG/O          | n/a               | clkfbout_ebaz4205_clk_wiz_0_2 |      15.625 | {0.000 7.812} |           0 |        0 |              1 |        0 | ebaz4205_i/I2S/clk_wiz_384M/inst/clkfbout_buf_ebaz4205_clk_wiz_0_2 |
+-----------+-----------------+-------------------+-------------------------------+-------------+---------------+-------------+----------+----------------+----------+--------------------------------------------------------------------+
* Slice Loads column represents load cell count of all cell types other than IO, GT and clock resources
** IO Loads column represents load cell count of IO types
*** Clocking Loads column represents load cell count that are clock resources (global clock buffer, MMCM, PLL, etc)
**** GT Loads column represents load cell count of GT types


+----+----+----+-----------------------+
|    | X0 | X1 | HORIZONTAL PROG DELAY |
+----+----+----+-----------------------+
| Y1 |  0 |  0 |                     - |
| Y0 |  0 |  1 |                     0 |
+----+----+----+-----------------------+


19. Device Cell Placement Summary for Global Clock g12
------------------------------------------------------

+-----------+-----------------+-------------------+-------------------------------+-------------+---------------+-------------+----------+----------------+----------+-------------------------------------------------------------------+
| Global Id | Driver Type/Pin | Driver Region (D) | Clock                         | Period (ns) | Waveform (ns) | Slice Loads | IO Loads | Clocking Loads | GT Loads | Net                                                               |
+-----------+-----------------+-------------------+-------------------------------+-------------+---------------+-------------+----------+----------------+----------+-------------------------------------------------------------------+
| g12       | BUFG/O          | n/a               | clkfbout_ebaz4205_clk_wiz_0_0 |      15.625 | {0.000 7.812} |           0 |        0 |              1 |        0 | ebaz4205_i/PS/clk_wiz_128M/inst/clkfbout_buf_ebaz4205_clk_wiz_0_0 |
+-----------+-----------------+-------------------+-------------------------------+-------------+---------------+-------------+----------+----------------+----------+-------------------------------------------------------------------+
* Slice Loads column represents load cell count of all cell types other than IO, GT and clock resources
** IO Loads column represents load cell count of IO types
*** Clocking Loads column represents load cell count that are clock resources (global clock buffer, MMCM, PLL, etc)
**** GT Loads column represents load cell count of GT types


+----+----+----+-----------------------+
|    | X0 | X1 | HORIZONTAL PROG DELAY |
+----+----+----+-----------------------+
| Y1 |  0 |  0 |                     - |
| Y0 |  0 |  1 |                     0 |
+----+----+----+-----------------------+


20. Clock Region Cell Placement per Global Clock: Region X0Y0
-------------------------------------------------------------

+-----------+-------+-----------------+------------+-------------+-----------------+------+-------------+------+-----+----+------+-----+---------+---------------------------------------------------+
| Global Id | Track | Driver Type/Pin | Constraint | Clock Loads | Non-Clock Loads | FF   | Memory LUTs | RAMB | DSP | GT | MMCM | PLL | Hard IP | Net                                               |
+-----------+-------+-----------------+------------+-------------+-----------------+------+-------------+------+-----+----+------+-----+---------+---------------------------------------------------+
| g0        | n/a   | BUFG/O          | None       |        2649 |               0 | 1474 |        1156 |    0 |  19 |  0 |    0 |   0 |       0 | ebaz4205_i/PS/clk_wiz_128M/inst/clk_out1          |
| g1        | n/a   | BUFG/O          | None       |        1104 |               0 | 1057 |          47 |    0 |   0 |  0 |    0 |   0 |       0 | ebaz4205_i/PS/processing_system7_0/inst/FCLK_CLK0 |
| g2        | n/a   | BUFG/O          | None       |        1965 |               0 | 1880 |          84 |    0 |   0 |  0 |    0 |   0 |       0 | ebaz4205_i/Audio_DMA/clk_wiz_48_24M/inst/clk_out1 |
| g4        | n/a   | BUFG/O          | None       |         484 |               0 |  480 |           1 |    3 |   0 |  0 |    0 |   0 |       0 | ebaz4205_i/PS/processing_system7_0/inst/FCLK_CLK2 |
| g5        | n/a   | BUFG/O          | None       |         230 |               0 |  227 |           2 |    1 |   0 |  0 |    0 |   0 |       0 | ebaz4205_i/PS/processing_system7_0/inst/FCLK_CLK1 |
| g6        | n/a   | BUFG/O          | None       |          18 |               0 |   18 |           0 |    0 |   0 |  0 |    0 |   0 |       0 | ebaz4205_i/Audio_DMA/clk_wiz_48_24M/inst/clk_out2 |
+-----------+-------+-----------------+------------+-------------+-----------------+------+-------------+------+-----+----+------+-----+---------+---------------------------------------------------+
* Clock Loads column represents cell count of net connects that connect to a clock pin. Internal cell leaf pins are not considered
** Non-Clock Loads column represents cell count of non-clock pin loads
*** Columns FF, LUTRAM, RAMB through 'Hard IP' represents load cell counts


21. Clock Region Cell Placement per Global Clock: Region X1Y0
-------------------------------------------------------------

+-----------+-------+-----------------+------------+-------------+-----------------+------+-------------+------+-----+----+------+-----+---------+--------------------------------------------------------------------+
| Global Id | Track | Driver Type/Pin | Constraint | Clock Loads | Non-Clock Loads | FF   | Memory LUTs | RAMB | DSP | GT | MMCM | PLL | Hard IP | Net                                                                |
+-----------+-------+-----------------+------------+-------------+-----------------+------+-------------+------+-----+----+------+-----+---------+--------------------------------------------------------------------+
| g0        | n/a   | BUFG/O          | None       |        1369 |               0 |  799 |         552 |    0 |  18 |  0 |    0 |   0 |       0 | ebaz4205_i/PS/clk_wiz_128M/inst/clk_out1                           |
| g1        | n/a   | BUFG/O          | None       |        1924 |               0 | 1911 |           4 |    9 |   0 |  0 |    0 |   0 |       0 | ebaz4205_i/PS/processing_system7_0/inst/FCLK_CLK0                  |
| g2        | n/a   | BUFG/O          | None       |         876 |               0 |  875 |           1 |    0 |   0 |  0 |    0 |   0 |       0 | ebaz4205_i/Audio_DMA/clk_wiz_48_24M/inst/clk_out1                  |
| g4        | n/a   | BUFG/O          | None       |        1467 |               0 | 1361 |         103 |    3 |   0 |  0 |    0 |   0 |       0 | ebaz4205_i/PS/processing_system7_0/inst/FCLK_CLK2                  |
| g5        | n/a   | BUFG/O          | None       |         285 |               1 |  270 |           3 |    9 |   0 |  0 |    1 |   1 |       0 | ebaz4205_i/PS/processing_system7_0/inst/FCLK_CLK1                  |
| g8        | n/a   | BUFG/O          | None       |           5 |               0 |    5 |           0 |    0 |   0 |  0 |    0 |   0 |       0 | ENET0_GMII_RX_CLK_0_IBUF_BUFG                                      |
| g9        | n/a   | BUFG/O          | None       |           5 |               0 |    5 |           0 |    0 |   0 |  0 |    0 |   0 |       0 | ENET0_GMII_TX_CLK_0_IBUF_BUFG                                      |
| g11       | n/a   | BUFG/O          | None       |           1 |               0 |    0 |           0 |    0 |   0 |  0 |    1 |   0 |       0 | ebaz4205_i/I2S/clk_wiz_384M/inst/clkfbout_buf_ebaz4205_clk_wiz_0_2 |
| g12       | n/a   | BUFG/O          | None       |           1 |               0 |    0 |           0 |    0 |   0 |  0 |    0 |   1 |       0 | ebaz4205_i/PS/clk_wiz_128M/inst/clkfbout_buf_ebaz4205_clk_wiz_0_0  |
+-----------+-------+-----------------+------------+-------------+-----------------+------+-------------+------+-----+----+------+-----+---------+--------------------------------------------------------------------+
* Clock Loads column represents cell count of net connects that connect to a clock pin. Internal cell leaf pins are not considered
** Non-Clock Loads column represents cell count of non-clock pin loads
*** Columns FF, LUTRAM, RAMB through 'Hard IP' represents load cell counts


22. Clock Region Cell Placement per Global Clock: Region X0Y1
-------------------------------------------------------------

+-----------+-------+-----------------+------------+-------------+-----------------+------+-------------+------+-----+----+------+-----+---------+---------------------------------------------------+
| Global Id | Track | Driver Type/Pin | Constraint | Clock Loads | Non-Clock Loads | FF   | Memory LUTs | RAMB | DSP | GT | MMCM | PLL | Hard IP | Net                                               |
+-----------+-------+-----------------+------------+-------------+-----------------+------+-------------+------+-----+----+------+-----+---------+---------------------------------------------------+
| g0        | n/a   | BUFG/O          | None       |        2299 |               0 | 1561 |         716 |    6 |  16 |  0 |    0 |   0 |       0 | ebaz4205_i/PS/clk_wiz_128M/inst/clk_out1          |
| g1        | n/a   | BUFG/O          | None       |        1314 |               0 | 1289 |          18 |    6 |   0 |  0 |    0 |   0 |       0 | ebaz4205_i/PS/processing_system7_0/inst/FCLK_CLK0 |
| g2        | n/a   | BUFG/O          | None       |          55 |               0 |   53 |           0 |    0 |   0 |  0 |    0 |   0 |       0 | ebaz4205_i/Audio_DMA/clk_wiz_48_24M/inst/clk_out1 |
| g4        | n/a   | BUFG/O          | None       |          18 |               0 |   17 |           0 |    0 |   0 |  0 |    0 |   0 |       0 | ebaz4205_i/PS/processing_system7_0/inst/FCLK_CLK2 |
| g5        | n/a   | BUFG/O          | None       |         640 |               0 |  633 |           4 |    3 |   0 |  0 |    0 |   0 |       0 | ebaz4205_i/PS/processing_system7_0/inst/FCLK_CLK1 |
| g6        | n/a   | BUFG/O          | None       |         241 |               0 |  239 |           1 |    0 |   0 |  0 |    0 |   0 |       0 | ebaz4205_i/Audio_DMA/clk_wiz_48_24M/inst/clk_out2 |
| g7        | n/a   | BUFG/O          | None       |          60 |               0 |   60 |           0 |    0 |   0 |  0 |    0 |   0 |       0 | ebaz4205_i/I2S/clk_wiz_384M/inst/clk_out1         |
| g8        | n/a   | BUFG/O          | None       |           1 |               0 |    0 |           0 |    0 |   0 |  0 |    0 |   0 |       0 | ENET0_GMII_RX_CLK_0_IBUF_BUFG                     |
| g9        | n/a   | BUFG/O          | None       |           1 |               0 |    0 |           0 |    0 |   0 |  0 |    0 |   0 |       0 | ENET0_GMII_TX_CLK_0_IBUF_BUFG                     |
+-----------+-------+-----------------+------------+-------------+-----------------+------+-------------+------+-----+----+------+-----+---------+---------------------------------------------------+
* Clock Loads column represents cell count of net connects that connect to a clock pin. Internal cell leaf pins are not considered
** Non-Clock Loads column represents cell count of non-clock pin loads
*** Columns FF, LUTRAM, RAMB through 'Hard IP' represents load cell counts


23. Clock Region Cell Placement per Global Clock: Region X1Y1
-------------------------------------------------------------

+-----------+-------+-----------------+------------+-------------+-----------------+------+-------------+------+-----+----+------+-----+---------+----------------------------------------------------------------------------+
| Global Id | Track | Driver Type/Pin | Constraint | Clock Loads | Non-Clock Loads | FF   | Memory LUTs | RAMB | DSP | GT | MMCM | PLL | Hard IP | Net                                                                        |
+-----------+-------+-----------------+------------+-------------+-----------------+------+-------------+------+-----+----+------+-----+---------+----------------------------------------------------------------------------+
| g0        | n/a   | BUFG/O          | None       |        2284 |               0 | 1921 |         337 |   10 |  16 |  0 |    0 |   0 |       0 | ebaz4205_i/PS/clk_wiz_128M/inst/clk_out1                                   |
| g1        | n/a   | BUFG/O          | None       |         252 |               0 |  240 |           0 |   10 |   0 |  0 |    1 |   1 |       0 | ebaz4205_i/PS/processing_system7_0/inst/FCLK_CLK0                          |
| g3        | n/a   | BUFR/O          | None       |        2843 |               0 | 2827 |           5 |    3 |   0 |  0 |    0 |   0 |       0 | ebaz4205_i/HDMI/axi_dynclk_0/U0/PXL_CLK_O                                  |
| g4        | n/a   | BUFG/O          | None       |          72 |               0 |   69 |           0 |    3 |   0 |  0 |    0 |   0 |       0 | ebaz4205_i/PS/processing_system7_0/inst/FCLK_CLK2                          |
| g5        | n/a   | BUFG/O          | None       |          34 |               0 |   32 |           0 |    2 |   0 |  0 |    0 |   0 |       0 | ebaz4205_i/PS/processing_system7_0/inst/FCLK_CLK1                          |
| g10       | n/a   | BUFG/O          | None       |           1 |               0 |    0 |           0 |    0 |   0 |  0 |    0 |   1 |       0 | ebaz4205_i/Audio_DMA/clk_wiz_48_24M/inst/clkfbout_buf_ebaz4205_clk_wiz_0_1 |
+-----------+-------+-----------------+------------+-------------+-----------------+------+-------------+------+-----+----+------+-----+---------+----------------------------------------------------------------------------+
* Clock Loads column represents cell count of net connects that connect to a clock pin. Internal cell leaf pins are not considered
** Non-Clock Loads column represents cell count of non-clock pin loads
*** Columns FF, LUTRAM, RAMB through 'Hard IP' represents load cell counts



# Location of BUFG Primitives 
set_property LOC BUFGCTRL_X0Y1 [get_cells ebaz4205_i/PS/processing_system7_0/inst/buffer_fclk_clk_2.FCLK_CLK_2_BUFG]
set_property LOC BUFGCTRL_X0Y2 [get_cells ebaz4205_i/PS/processing_system7_0/inst/buffer_fclk_clk_1.FCLK_CLK_1_BUFG]
set_property LOC BUFGCTRL_X0Y0 [get_cells ebaz4205_i/PS/processing_system7_0/inst/buffer_fclk_clk_0.FCLK_CLK_0_BUFG]
set_property LOC BUFGCTRL_X0Y8 [get_cells ebaz4205_i/PS/clk_wiz_128M/inst/clkf_buf]
set_property LOC BUFGCTRL_X0Y5 [get_cells ebaz4205_i/PS/clk_wiz_128M/inst/clkout1_buf]
set_property LOC BUFGCTRL_X0Y7 [get_cells ebaz4205_i/I2S/clk_wiz_384M/inst/clkf_buf]
set_property LOC BUFGCTRL_X0Y6 [get_cells ebaz4205_i/I2S/clk_wiz_384M/inst/clkout1_buf]
set_property LOC BUFGCTRL_X0Y18 [get_cells ebaz4205_i/Audio_DMA/clk_wiz_48_24M/inst/clkf_buf]
set_property LOC BUFGCTRL_X0Y17 [get_cells ebaz4205_i/Audio_DMA/clk_wiz_48_24M/inst/clkout2_buf]
set_property LOC BUFGCTRL_X0Y16 [get_cells ebaz4205_i/Audio_DMA/clk_wiz_48_24M/inst/clkout1_buf]
set_property LOC BUFGCTRL_X0Y4 [get_cells ENET0_GMII_TX_CLK_0_IBUF_BUFG_inst]
set_property LOC BUFGCTRL_X0Y3 [get_cells ENET0_GMII_RX_CLK_0_IBUF_BUFG_inst]

# Location of BUFIO Primitives 
set_property LOC BUFIO_X0Y5 [get_cells ebaz4205_i/HDMI/axi_dynclk_0/U0/BUFIO_inst]

# Location of BUFR Primitives 
set_property LOC BUFR_X0Y5 [get_cells ebaz4205_i/HDMI/axi_dynclk_0/U0/BUFR_inst]

# Location of IO Primitives which is load of clock spine
set_property LOC IOB_X0Y22 [get_cells ADC_clk_64M_OBUF_inst]

# Location of clock ports
set_property LOC IOB_X0Y28 [get_ports ENET0_GMII_RX_CLK_0]
set_property LOC IOB_X0Y27 [get_ports ENET0_GMII_TX_CLK_0]

# Clock net "ebaz4205_i/PS/processing_system7_0/inst/FCLK_CLK2" driven by instance "ebaz4205_i/PS/processing_system7_0/inst/buffer_fclk_clk_2.FCLK_CLK_2_BUFG" located at site "BUFGCTRL_X0Y1"
#startgroup
create_pblock {CLKAG_ebaz4205_i/PS/processing_system7_0/inst/FCLK_CLK2}
add_cells_to_pblock [get_pblocks  {CLKAG_ebaz4205_i/PS/processing_system7_0/inst/FCLK_CLK2}] [get_cells -filter { PRIMITIVE_GROUP != I/O && IS_PRIMITIVE==1 && PRIMITIVE_LEVEL !=INTERNAL } -of_object [get_pins -filter {DIRECTION==IN} -of_objects [get_nets -hierarchical -filter {PARENT=="ebaz4205_i/PS/processing_system7_0/inst/FCLK_CLK2"}]]]
resize_pblock [get_pblocks {CLKAG_ebaz4205_i/PS/processing_system7_0/inst/FCLK_CLK2}] -add {CLOCKREGION_X0Y0:CLOCKREGION_X0Y0 CLOCKREGION_X0Y1:CLOCKREGION_X0Y1 CLOCKREGION_X1Y0:CLOCKREGION_X1Y0 CLOCKREGION_X1Y1:CLOCKREGION_X1Y1}
#endgroup

# Clock net "ebaz4205_i/PS/processing_system7_0/inst/FCLK_CLK1" driven by instance "ebaz4205_i/PS/processing_system7_0/inst/buffer_fclk_clk_1.FCLK_CLK_1_BUFG" located at site "BUFGCTRL_X0Y2"
#startgroup
create_pblock {CLKAG_ebaz4205_i/PS/processing_system7_0/inst/FCLK_CLK1}
add_cells_to_pblock [get_pblocks  {CLKAG_ebaz4205_i/PS/processing_system7_0/inst/FCLK_CLK1}] [get_cells -filter { PRIMITIVE_GROUP != I/O && IS_PRIMITIVE==1 && PRIMITIVE_LEVEL !=INTERNAL && NAME!=ebaz4205_i/PS/clk_wiz_128M/inst/plle2_adv_inst && NAME!=ebaz4205_i/I2S/clk_wiz_384M/inst/mmcm_adv_inst && NAME!=ADC_clk_64M_OBUF_inst} -of_object [get_pins -filter {DIRECTION==IN} -of_objects [get_nets -hierarchical -filter {PARENT=="ebaz4205_i/PS/processing_system7_0/inst/FCLK_CLK1"}]]]
resize_pblock [get_pblocks {CLKAG_ebaz4205_i/PS/processing_system7_0/inst/FCLK_CLK1}] -add {CLOCKREGION_X0Y0:CLOCKREGION_X0Y0 CLOCKREGION_X0Y1:CLOCKREGION_X0Y1 CLOCKREGION_X1Y0:CLOCKREGION_X1Y0 CLOCKREGION_X1Y1:CLOCKREGION_X1Y1}
#endgroup

# Clock net "ebaz4205_i/PS/processing_system7_0/inst/FCLK_CLK0" driven by instance "ebaz4205_i/PS/processing_system7_0/inst/buffer_fclk_clk_0.FCLK_CLK_0_BUFG" located at site "BUFGCTRL_X0Y0"
#startgroup
create_pblock {CLKAG_ebaz4205_i/PS/processing_system7_0/inst/FCLK_CLK0}
add_cells_to_pblock [get_pblocks  {CLKAG_ebaz4205_i/PS/processing_system7_0/inst/FCLK_CLK0}] [get_cells -filter { PRIMITIVE_GROUP != I/O && IS_PRIMITIVE==1 && PRIMITIVE_LEVEL !=INTERNAL && NAME!=ebaz4205_i/HDMI/axi_dynclk_0/U0/Inst_mmcme2_drp/mmcm_adv_inst && NAME!=ebaz4205_i/Audio_DMA/clk_wiz_48_24M/inst/plle2_adv_inst} -of_object [get_pins -filter {DIRECTION==IN} -of_objects [get_nets -hierarchical -filter {PARENT=="ebaz4205_i/PS/processing_system7_0/inst/FCLK_CLK0"}]]]
resize_pblock [get_pblocks {CLKAG_ebaz4205_i/PS/processing_system7_0/inst/FCLK_CLK0}] -add {CLOCKREGION_X0Y0:CLOCKREGION_X0Y0 CLOCKREGION_X0Y1:CLOCKREGION_X0Y1 CLOCKREGION_X1Y0:CLOCKREGION_X1Y0 CLOCKREGION_X1Y1:CLOCKREGION_X1Y1}
#endgroup

# Clock net "ebaz4205_i/PS/clk_wiz_128M/inst/clk_out1" driven by instance "ebaz4205_i/PS/clk_wiz_128M/inst/clkout1_buf" located at site "BUFGCTRL_X0Y5"
#startgroup
create_pblock {CLKAG_ebaz4205_i/PS/clk_wiz_128M/inst/clk_out1}
add_cells_to_pblock [get_pblocks  {CLKAG_ebaz4205_i/PS/clk_wiz_128M/inst/clk_out1}] [get_cells -filter { PRIMITIVE_GROUP != I/O && IS_PRIMITIVE==1 && PRIMITIVE_LEVEL !=INTERNAL } -of_object [get_pins -filter {DIRECTION==IN} -of_objects [get_nets -hierarchical -filter {PARENT=="ebaz4205_i/PS/clk_wiz_128M/inst/clk_out1"}]]]
resize_pblock [get_pblocks {CLKAG_ebaz4205_i/PS/clk_wiz_128M/inst/clk_out1}] -add {CLOCKREGION_X0Y0:CLOCKREGION_X0Y0 CLOCKREGION_X0Y1:CLOCKREGION_X0Y1 CLOCKREGION_X1Y0:CLOCKREGION_X1Y0 CLOCKREGION_X1Y1:CLOCKREGION_X1Y1}
#endgroup

# Clock net "ebaz4205_i/I2S/clk_wiz_384M/inst/clk_out1" driven by instance "ebaz4205_i/I2S/clk_wiz_384M/inst/clkout1_buf" located at site "BUFGCTRL_X0Y6"
#startgroup
create_pblock {CLKAG_ebaz4205_i/I2S/clk_wiz_384M/inst/clk_out1}
add_cells_to_pblock [get_pblocks  {CLKAG_ebaz4205_i/I2S/clk_wiz_384M/inst/clk_out1}] [get_cells -filter { PRIMITIVE_GROUP != I/O && IS_PRIMITIVE==1 && PRIMITIVE_LEVEL !=INTERNAL } -of_object [get_pins -filter {DIRECTION==IN} -of_objects [get_nets -hierarchical -filter {PARENT=="ebaz4205_i/I2S/clk_wiz_384M/inst/clk_out1"}]]]
resize_pblock [get_pblocks {CLKAG_ebaz4205_i/I2S/clk_wiz_384M/inst/clk_out1}] -add {CLOCKREGION_X0Y1:CLOCKREGION_X0Y1}
#endgroup

# Clock net "ebaz4205_i/HDMI/axi_dynclk_0/U0/PXL_CLK_O" driven by instance "ebaz4205_i/HDMI/axi_dynclk_0/U0/BUFR_inst" located at site "BUFR_X0Y5"
#startgroup
create_pblock {CLKAG_ebaz4205_i/HDMI/axi_dynclk_0/U0/PXL_CLK_O}
add_cells_to_pblock [get_pblocks  {CLKAG_ebaz4205_i/HDMI/axi_dynclk_0/U0/PXL_CLK_O}] [get_cells -filter { PRIMITIVE_GROUP != I/O && IS_PRIMITIVE==1 && PRIMITIVE_LEVEL !=INTERNAL } -of_object [get_pins -filter {DIRECTION==IN} -of_objects [get_nets -hierarchical -filter {PARENT=="ebaz4205_i/HDMI/axi_dynclk_0/U0/PXL_CLK_O"}]]]
resize_pblock [get_pblocks {CLKAG_ebaz4205_i/HDMI/axi_dynclk_0/U0/PXL_CLK_O}] -add {CLOCKREGION_X1Y1:CLOCKREGION_X1Y1}
#endgroup

# Clock net "ebaz4205_i/Audio_DMA/clk_wiz_48_24M/inst/clk_out2" driven by instance "ebaz4205_i/Audio_DMA/clk_wiz_48_24M/inst/clkout2_buf" located at site "BUFGCTRL_X0Y17"
#startgroup
create_pblock {CLKAG_ebaz4205_i/Audio_DMA/clk_wiz_48_24M/inst/clk_out2}
add_cells_to_pblock [get_pblocks  {CLKAG_ebaz4205_i/Audio_DMA/clk_wiz_48_24M/inst/clk_out2}] [get_cells -filter { PRIMITIVE_GROUP != I/O && IS_PRIMITIVE==1 && PRIMITIVE_LEVEL !=INTERNAL } -of_object [get_pins -filter {DIRECTION==IN} -of_objects [get_nets -hierarchical -filter {PARENT=="ebaz4205_i/Audio_DMA/clk_wiz_48_24M/inst/clk_out2"}]]]
resize_pblock [get_pblocks {CLKAG_ebaz4205_i/Audio_DMA/clk_wiz_48_24M/inst/clk_out2}] -add {CLOCKREGION_X0Y0:CLOCKREGION_X0Y0 CLOCKREGION_X0Y1:CLOCKREGION_X0Y1}
#endgroup

# Clock net "ebaz4205_i/Audio_DMA/clk_wiz_48_24M/inst/clk_out1" driven by instance "ebaz4205_i/Audio_DMA/clk_wiz_48_24M/inst/clkout1_buf" located at site "BUFGCTRL_X0Y16"
#startgroup
create_pblock {CLKAG_ebaz4205_i/Audio_DMA/clk_wiz_48_24M/inst/clk_out1}
add_cells_to_pblock [get_pblocks  {CLKAG_ebaz4205_i/Audio_DMA/clk_wiz_48_24M/inst/clk_out1}] [get_cells -filter { PRIMITIVE_GROUP != I/O && IS_PRIMITIVE==1 && PRIMITIVE_LEVEL !=INTERNAL } -of_object [get_pins -filter {DIRECTION==IN} -of_objects [get_nets -hierarchical -filter {PARENT=="ebaz4205_i/Audio_DMA/clk_wiz_48_24M/inst/clk_out1"}]]]
resize_pblock [get_pblocks {CLKAG_ebaz4205_i/Audio_DMA/clk_wiz_48_24M/inst/clk_out1}] -add {CLOCKREGION_X0Y0:CLOCKREGION_X0Y0 CLOCKREGION_X0Y1:CLOCKREGION_X0Y1 CLOCKREGION_X1Y0:CLOCKREGION_X1Y0}
#endgroup

# Clock net "ENET0_GMII_TX_CLK_0_IBUF_BUFG" driven by instance "ENET0_GMII_TX_CLK_0_IBUF_BUFG_inst" located at site "BUFGCTRL_X0Y4"
#startgroup
create_pblock {CLKAG_ENET0_GMII_TX_CLK_0_IBUF_BUFG}
add_cells_to_pblock [get_pblocks  {CLKAG_ENET0_GMII_TX_CLK_0_IBUF_BUFG}] [get_cells -filter { PRIMITIVE_GROUP != I/O && IS_PRIMITIVE==1 && PRIMITIVE_LEVEL !=INTERNAL } -of_object [get_pins -filter {DIRECTION==IN} -of_objects [get_nets -hierarchical -filter {PARENT=="ENET0_GMII_TX_CLK_0_IBUF_BUFG"}]]]
resize_pblock [get_pblocks {CLKAG_ENET0_GMII_TX_CLK_0_IBUF_BUFG}] -add {CLOCKREGION_X0Y1:CLOCKREGION_X0Y1 CLOCKREGION_X1Y0:CLOCKREGION_X1Y0}
#endgroup

# Clock net "ENET0_GMII_RX_CLK_0_IBUF_BUFG" driven by instance "ENET0_GMII_RX_CLK_0_IBUF_BUFG_inst" located at site "BUFGCTRL_X0Y3"
#startgroup
create_pblock {CLKAG_ENET0_GMII_RX_CLK_0_IBUF_BUFG}
add_cells_to_pblock [get_pblocks  {CLKAG_ENET0_GMII_RX_CLK_0_IBUF_BUFG}] [get_cells -filter { PRIMITIVE_GROUP != I/O && IS_PRIMITIVE==1 && PRIMITIVE_LEVEL !=INTERNAL } -of_object [get_pins -filter {DIRECTION==IN} -of_objects [get_nets -hierarchical -filter {PARENT=="ENET0_GMII_RX_CLK_0_IBUF_BUFG"}]]]
resize_pblock [get_pblocks {CLKAG_ENET0_GMII_RX_CLK_0_IBUF_BUFG}] -add {CLOCKREGION_X0Y1:CLOCKREGION_X0Y1 CLOCKREGION_X1Y0:CLOCKREGION_X1Y0}
#endgroup
