Vivado Simulator v2022.2
Copyright 1986-1999, 2001-2022 Xilinx, Inc. All Rights Reserved.
Running: /home/guido/Xilinx-tools/Vivado/2022.2/bin/unwrapped/lnx64.o/xelab --incr --debug typical --relax --mt 8 -L xil_defaultlib -L xilinx_vip -L unisims_ver -L secureip --snapshot ebaz4205_wrapper_func_synth xil_defaultlib.ebaz4205_wrapper xil_defaultlib.glbl -log elaborate.log 
Using 8 slave threads.
Starting static elaboration
Pass Through NonSizing Optimizer
Completed static elaboration
Starting simulation data flow analysis
Completed simulation data flow analysis
Time Resolution for simulation is 1ps
Compiling module unisims_ver.PULLUP
Compiling module unisims_ver.OBUF
Compiling module unisims_ver.IBUF
Compiling module unisims_ver.IOBUF
Compiling module unisims_ver.GND
Compiling module unisims_ver.FDRE_default
Compiling module unisims_ver.CARRY4
Compiling module unisims_ver.x_lut2_mux4
Compiling module unisims_ver.LUT2
Compiling module unisims_ver.x_lut3_mux8
Compiling module unisims_ver.LUT3
Compiling module unisims_ver.SRL16E_default
Compiling module unisims_ver.RB18_INTERNAL_VLOG(DOA_REG=1,RDA...
Compiling module unisims_ver.RAMB18E1(DOA_REG=1,INIT_00=256'b...
Compiling module unisims_ver.x_lut1_mux2
Compiling module unisims_ver.LUT1
Compiling module xil_defaultlib.ebaz4205_dds_compiler_0_0
Compiling module unisims_ver.LUT6
Compiling module unisims_ver.LUT4
Compiling module unisims_ver.FDSE_default
Compiling module xil_defaultlib.ebaz4205_axi_gpio_1_0_pselect_f
Compiling module xil_defaultlib.ebaz4205_axi_gpio_1_0_pselect_f_...
Compiling module unisims_ver.LUT5
Compiling module xil_defaultlib.ebaz4205_axi_gpio_1_0_address_de...
Compiling module xil_defaultlib.ebaz4205_axi_gpio_1_0_slave_atta...
Compiling module xil_defaultlib.ebaz4205_axi_gpio_1_0_axi_lite_i...
Compiling module xil_defaultlib.ebaz4205_axi_gpio_1_0_GPIO_Core
Compiling module xil_defaultlib.ebaz4205_axi_gpio_1_0_axi_gpio
Compiling module xil_defaultlib.ebaz4205_axi_gpio_1_0
Compiling module xil_defaultlib.ebaz4205_c_addsub_0_1
Compiling module xil_defaultlib.ebaz4205_dds_axi_interface_0_2_d...
Compiling module xil_defaultlib.ebaz4205_dds_axi_interface_0_2_d...
Compiling module xil_defaultlib.ebaz4205_dds_axi_interface_0_2
Compiling module xil_defaultlib.ebaz4205_dds_compiler_0_2
Compiling module unisims_ver.LUT6_2
Compiling module xil_defaultlib.ebaz4205_mult_gen_0_2
Compiling module xil_defaultlib.ebaz4205_xlslice_1_0
Compiling module xil_defaultlib.TestGen_imp_12Z2PFB
Compiling module xil_defaultlib.ebaz4205_axis_mux_0_0_axis_mux
Compiling module xil_defaultlib.ebaz4205_axis_mux_0_0
Compiling module xil_defaultlib.ebaz4205_xlconcat_1_0
Compiling module xil_defaultlib.ebaz4205_xlconcat_2_0
Compiling module xil_defaultlib.ADC_TestGen_imp_QGE54V
Compiling module xil_defaultlib.ebaz4205_mult_gen_0_1
Compiling module xil_defaultlib.ebaz4205_mult_gen_1_0
Compiling module xil_defaultlib.ebaz4205_c_addsub_0_0
Compiling module xil_defaultlib.ebaz4205_sqrt32_0_0
Compiling module xil_defaultlib.AM_demodulator_imp_UCGGQS
Compiling module xil_defaultlib.ebaz4205_mult_sin_0
Compiling module xil_defaultlib.ebaz4205_mult_gen_0_0
Compiling module xil_defaultlib.ebaz4205_xlslice_0_3
Compiling module xil_defaultlib.ebaz4205_xlslice_sin_0
Compiling module xil_defaultlib.ComplexMult_imp_2GTPFV
Compiling module unisims_ver.RB36_INTERNAL_VLOG(DOA_REG=1,DOB...
Compiling module unisims_ver.RAMB36E1(DOA_REG=1,DOB_REG=1,INI...
Compiling module unisims_ver.RB36_INTERNAL_VLOG(DOA_REG=1,DOB...
Compiling module unisims_ver.RAMB36E1(DOA_REG=1,DOB_REG=1,INI...
Compiling module xil_defaultlib.ebaz4205_RF_test_1MHz_0
Compiling module xil_defaultlib.ebaz4205_dds_axi_interface_0_0_d...
Compiling module xil_defaultlib.ebaz4205_dds_axi_interface_0_0_d...
Compiling module xil_defaultlib.ebaz4205_dds_axi_interface_0_0
Compiling module xil_defaultlib.LO_imp_1P3EDMO
Compiling module xil_defaultlib.ebaz4205_xlslice_0_4
Compiling module xil_defaultlib.DDC_imp_9GECP5
Compiling module xil_defaultlib.ebaz4205_dds_compiler_0_3
Compiling module xil_defaultlib.ebaz4205_dds_axi_interface_0_3_d...
Compiling module xil_defaultlib.ebaz4205_dds_axi_interface_0_3_d...
Compiling module xil_defaultlib.ebaz4205_dds_axi_interface_0_3
Compiling module xil_defaultlib.ebaz4205_mult_gen_0_4
Compiling module xil_defaultlib.ebaz4205_mult_gen_1_1
Compiling module xil_defaultlib.ebaz4205_xlslice_0_5
Compiling module xil_defaultlib.ebaz4205_xlslice_1_1
Compiling module xil_defaultlib.ebaz4205_xlslice_2_0
Compiling module xil_defaultlib.DDC_FT_imp_7O51XY
Compiling module unisims_ver.RAM32X1D
Compiling module unisims_ver.MUXF7
Compiling module unisims_ver.MUXF8
Compiling module xil_defaultlib.ebaz4205_cic_compiler_0_0
Compiling module unisims_ver.SRLC32E_default
Compiling module unisims_ver.DSP48E1(INMODEREG=0,MASK=48'b111...
Compiling module unisims_ver.DSP48E1(MASK=48'b111111111111111...
Compiling module xil_defaultlib.ebaz4205_fir_compiler_0_0
Compiling module xil_defaultlib.ebaz4205_axi_gpio_0_1_pselect_f
Compiling module xil_defaultlib.ebaz4205_axi_gpio_0_1_pselect_f_...
Compiling module xil_defaultlib.ebaz4205_axi_gpio_0_1_address_de...
Compiling module xil_defaultlib.ebaz4205_axi_gpio_0_1_slave_atta...
Compiling module xil_defaultlib.ebaz4205_axi_gpio_0_1_axi_lite_i...
Compiling module xil_defaultlib.ebaz4205_axi_gpio_0_1_GPIO_Core
Compiling module xil_defaultlib.ebaz4205_axi_gpio_0_1_axi_gpio
Compiling module xil_defaultlib.ebaz4205_axi_gpio_0_1
Compiling module xil_defaultlib.ebaz4205_axi_interface_DEC_RATE_...
Compiling module xil_defaultlib.ebaz4205_axi_interface_DEC_RATE_...
Compiling module xil_defaultlib.ebaz4205_axi_interface_DEC_RATE_...
Compiling module unisims_ver.FDCE(IS_C_INVERTED=1'b1)
Compiling module unisims_ver.FDRE(IS_C_INVERTED=1'b1)
Compiling module xil_defaultlib.ebaz4205_axis2c_combine_0_0_axis...
Compiling module xil_defaultlib.ebaz4205_axis2c_combine_0_0
Compiling module xil_defaultlib.ebaz4205_axis2c_splitter_0_1_axi...
Compiling module xil_defaultlib.ebaz4205_axis2c_splitter_0_1
Compiling module xil_defaultlib.ebaz4205_axis2c_splitter_0_0_axi...
Compiling module xil_defaultlib.ebaz4205_axis2c_splitter_0_0
Compiling module xil_defaultlib.ebaz4205_mult_gen_0_3
Compiling module xil_defaultlib.FILTER_imp_WBNR09
Compiling module xil_defaultlib.ebaz4205_cic_compiler_0_1
Compiling module xil_defaultlib.ebaz4205_fir_compiler_0_1
Compiling module xil_defaultlib.ebaz4205_axi_gpio_0_5_pselect_f
Compiling module xil_defaultlib.ebaz4205_axi_gpio_0_5_pselect_f_...
Compiling module xil_defaultlib.ebaz4205_axi_gpio_0_5_address_de...
Compiling module xil_defaultlib.ebaz4205_axi_gpio_0_5_slave_atta...
Compiling module xil_defaultlib.ebaz4205_axi_gpio_0_5_axi_lite_i...
Compiling module xil_defaultlib.ebaz4205_axi_gpio_0_5_GPIO_Core
Compiling module xil_defaultlib.ebaz4205_axi_gpio_0_5_axi_gpio
Compiling module xil_defaultlib.ebaz4205_axi_gpio_0_5
Compiling module xil_defaultlib.ebaz4205_dds_axi_interface_0_4_d...
Compiling module xil_defaultlib.ebaz4205_dds_axi_interface_0_4_d...
Compiling module xil_defaultlib.ebaz4205_dds_axi_interface_0_4
Compiling module xil_defaultlib.ebaz4205_axis2c_combine_0_1_axis...
Compiling module xil_defaultlib.ebaz4205_axis2c_combine_0_1
Compiling module xil_defaultlib.ebaz4205_axis2c_splitter_0_2_axi...
Compiling module xil_defaultlib.ebaz4205_axis2c_splitter_0_2
Compiling module unisims_ver.RB36_INTERNAL_VLOG(DOB_REG=1,REA...
Compiling module unisims_ver.RAMB36E1(DOB_REG=1,READ_WIDTH_A=...
Compiling module xil_defaultlib.ebaz4205_axis_capture_0_5_dp_ram...
Compiling module xil_defaultlib.ebaz4205_axis_capture_0_5_axis_c...
Compiling module xil_defaultlib.ebaz4205_axis_capture_0_5_axis_c...
Compiling module xil_defaultlib.ebaz4205_axis_capture_0_5
Compiling module unisims_ver.DSP48E1(ALUMODEREG=0,CARRYINREG=...
Compiling module xil_defaultlib.ebaz4205_mult_gen_0_5
Compiling module xil_defaultlib.ebaz4205_xlconcat_0_4
Compiling module xil_defaultlib.FILTER_FT_imp_X0EVVG
Compiling module unisims_ver.BUFIO
Compiling module unisims_ver.BUFR(BUFR_DIVIDE="5")
Compiling module unisims_ver.MMCME2_ADV(CLKFBOUT_MULT_F=10.0,...
Compiling module xil_defaultlib.ebaz4205_axi_dynclk_0_0_mmcme2_d...
Compiling module xil_defaultlib.ebaz4205_axi_dynclk_0_0_axi_dync...
Compiling module xil_defaultlib.ebaz4205_axi_dynclk_0_0_axi_dync...
Compiling module xil_defaultlib.ebaz4205_axi_dynclk_0_0
Compiling module xil_defaultlib.ebaz4205_axi_gpio_0_2_address_de...
Compiling module xil_defaultlib.ebaz4205_axi_gpio_0_2_slave_atta...
Compiling module xil_defaultlib.ebaz4205_axi_gpio_0_2_axi_lite_i...
Compiling module xil_defaultlib.ebaz4205_axi_gpio_0_2_interrupt_...
Compiling module xil_defaultlib.ebaz4205_axi_gpio_0_2_cdc_sync
Compiling module xil_defaultlib.ebaz4205_axi_gpio_0_2_GPIO_Core
Compiling module xil_defaultlib.ebaz4205_axi_gpio_0_2_axi_gpio
Compiling module xil_defaultlib.ebaz4205_axi_gpio_0_2
Compiling module xil_defaultlib.ebaz4205_auto_pc_0
Compiling module xil_defaultlib.ebaz4205_s00_data_fifo_0
Compiling module xil_defaultlib.ebaz4205_s00_regslice_0
Compiling module xil_defaultlib.s00_couplers_imp_18CAH8W
Compiling module xil_defaultlib.ebaz4205_axi_interconnect_0_2
Compiling module xil_defaultlib.ebaz4205_axi_vdma_0_0_cdc_sync__...
Compiling module xil_defaultlib.ebaz4205_axi_vdma_0_0_axi_vdma_l...
Compiling module xil_defaultlib.ebaz4205_axi_vdma_0_0_cdc_sync__...
Compiling module xil_defaultlib.ebaz4205_axi_vdma_0_0_axi_vdma_r...
Compiling module xil_defaultlib.ebaz4205_axi_vdma_0_0_axi_vdma_c...
Compiling module xil_defaultlib.ebaz4205_axi_vdma_0_0_axi_vdma_s...
Compiling module xil_defaultlib.ebaz4205_axi_vdma_0_0_axi_vdma_s...
Compiling module xil_defaultlib.ebaz4205_axi_vdma_0_0_axi_vdma_g...
Compiling module xil_defaultlib.ebaz4205_axi_vdma_0_0_axi_vdma_g...
Compiling module xil_defaultlib.ebaz4205_axi_vdma_0_0_axi_vdma_g...
Compiling module xil_defaultlib.ebaz4205_axi_vdma_0_0_axi_vdma_v...
Compiling module xil_defaultlib.ebaz4205_axi_vdma_0_0_axi_vdma_v...
Compiling module xil_defaultlib.ebaz4205_axi_vdma_0_0_axi_vdma_m...
Compiling module xil_defaultlib.ebaz4205_axi_vdma_0_0_axi_vdma_f...
Compiling module unisims_ver.RB36_INTERNAL_VLOG(DOB_REG=1,REA...
Compiling module unisims_ver.RAMB36E1(DOB_REG=1,READ_WIDTH_A=...
Compiling module xil_defaultlib.ebaz4205_axi_vdma_0_0_xpm_memory...
Compiling module xil_defaultlib.ebaz4205_axi_vdma_0_0_xpm_counte...
Compiling module xil_defaultlib.ebaz4205_axi_vdma_0_0_xpm_counte...
Compiling module xil_defaultlib.ebaz4205_axi_vdma_0_0_xpm_fifo_r...
Compiling module xil_defaultlib.ebaz4205_axi_vdma_0_0_xpm_counte...
Compiling module xil_defaultlib.ebaz4205_axi_vdma_0_0_xpm_counte...
Compiling module xil_defaultlib.ebaz4205_axi_vdma_0_0_xpm_fifo_r...
Compiling module xil_defaultlib.ebaz4205_axi_vdma_0_0_xpm_fifo_b...
Compiling module xil_defaultlib.ebaz4205_axi_vdma_0_0_xpm_fifo_s...
Compiling module xil_defaultlib.ebaz4205_axi_vdma_0_0_axi_vdma_s...
Compiling module xil_defaultlib.ebaz4205_axi_vdma_0_0_axi_vdma_s...
Compiling module xil_defaultlib.ebaz4205_axi_vdma_0_0_axi_vdma_m...
Compiling module xil_defaultlib.ebaz4205_axi_vdma_0_0_axi_vdma_r...
Compiling module xil_defaultlib.ebaz4205_axi_vdma_0_0_axi_vdma_r...
Compiling module xil_defaultlib.ebaz4205_axi_vdma_0_0_axi_vdma_r...
Compiling module xil_defaultlib.ebaz4205_axi_vdma_0_0_axi_vdma_r...
Compiling module xil_defaultlib.ebaz4205_axi_vdma_0_0_axi_vdma_s...
Compiling module xil_defaultlib.ebaz4205_axi_vdma_0_0_axi_vdma_i...
Compiling module xil_defaultlib.ebaz4205_axi_vdma_0_0_xpm_counte...
Compiling module unisims_ver.RB36_INTERNAL_VLOG(DOA_REG=1,DOB...
Compiling module unisims_ver.RAMB36E1(DOA_REG=1,DOB_REG=1,RAM...
Compiling module xil_defaultlib.ebaz4205_axi_vdma_0_0_xpm_memory...
Compiling module xil_defaultlib.ebaz4205_axi_vdma_0_0_xpm_counte...
Compiling module xil_defaultlib.ebaz4205_axi_vdma_0_0_xpm_counte...
Compiling module xil_defaultlib.ebaz4205_axi_vdma_0_0_xpm_fifo_r...
Compiling module xil_defaultlib.ebaz4205_axi_vdma_0_0_xpm_counte...
Compiling module xil_defaultlib.ebaz4205_axi_vdma_0_0_xpm_counte...
Compiling module xil_defaultlib.ebaz4205_axi_vdma_0_0_xpm_fifo_r...
Compiling module xil_defaultlib.ebaz4205_axi_vdma_0_0_xpm_fifo_b...
Compiling module xil_defaultlib.ebaz4205_axi_vdma_0_0_xpm_fifo_s...
Compiling module xil_defaultlib.ebaz4205_axi_vdma_0_0_sync_fifo_...
Compiling module xil_defaultlib.ebaz4205_axi_vdma_0_0_axi_datamo...
Compiling module xil_defaultlib.ebaz4205_axi_vdma_0_0_cntr_incr_...
Compiling module xil_defaultlib.ebaz4205_axi_vdma_0_0_dynshreg_f...
Compiling module xil_defaultlib.ebaz4205_axi_vdma_0_0_srl_fifo_r...
Compiling module xil_defaultlib.ebaz4205_axi_vdma_0_0_srl_fifo_f...
Compiling module xil_defaultlib.ebaz4205_axi_vdma_0_0_axi_datamo...
Compiling module xil_defaultlib.ebaz4205_axi_vdma_0_0_axi_datamo...
Compiling module xil_defaultlib.ebaz4205_axi_vdma_0_0_cntr_incr_...
Compiling module xil_defaultlib.ebaz4205_axi_vdma_0_0_dynshreg_f...
Compiling module xil_defaultlib.ebaz4205_axi_vdma_0_0_srl_fifo_r...
Compiling module xil_defaultlib.ebaz4205_axi_vdma_0_0_srl_fifo_f...
Compiling module xil_defaultlib.ebaz4205_axi_vdma_0_0_axi_datamo...
Compiling module xil_defaultlib.ebaz4205_axi_vdma_0_0_axi_datamo...
Compiling module xil_defaultlib.ebaz4205_axi_vdma_0_0_cntr_incr_...
Compiling module xil_defaultlib.ebaz4205_axi_vdma_0_0_dynshreg_f...
Compiling module xil_defaultlib.ebaz4205_axi_vdma_0_0_srl_fifo_r...
Compiling module xil_defaultlib.ebaz4205_axi_vdma_0_0_srl_fifo_f...
Compiling module xil_defaultlib.ebaz4205_axi_vdma_0_0_axi_datamo...
Compiling module xil_defaultlib.ebaz4205_axi_vdma_0_0_cntr_incr_...
Compiling module xil_defaultlib.ebaz4205_axi_vdma_0_0_dynshreg_f
Compiling module xil_defaultlib.ebaz4205_axi_vdma_0_0_srl_fifo_r...
Compiling module xil_defaultlib.ebaz4205_axi_vdma_0_0_srl_fifo_f
Compiling module xil_defaultlib.ebaz4205_axi_vdma_0_0_axi_datamo...
Compiling module xil_defaultlib.ebaz4205_axi_vdma_0_0_axi_datamo...
Compiling module xil_defaultlib.ebaz4205_axi_vdma_0_0_axi_datamo...
Compiling module xil_defaultlib.ebaz4205_axi_vdma_0_0_cntr_incr_...
Compiling module xil_defaultlib.ebaz4205_axi_vdma_0_0_dynshreg_f...
Compiling module xil_defaultlib.ebaz4205_axi_vdma_0_0_srl_fifo_r...
Compiling module xil_defaultlib.ebaz4205_axi_vdma_0_0_srl_fifo_f...
Compiling module xil_defaultlib.ebaz4205_axi_vdma_0_0_axi_datamo...
Compiling module xil_defaultlib.ebaz4205_axi_vdma_0_0_axi_datamo...
Compiling module xil_defaultlib.ebaz4205_axi_vdma_0_0_axi_datamo...
Compiling module xil_defaultlib.ebaz4205_axi_vdma_0_0_axi_datamo...
Compiling module xil_defaultlib.ebaz4205_axi_vdma_0_0_axi_datamo...
Compiling module xil_defaultlib.ebaz4205_axi_vdma_0_0_axi_datamo...
Compiling module xil_defaultlib.ebaz4205_axi_vdma_0_0_cdc_sync
Compiling module xil_defaultlib.ebaz4205_axi_vdma_0_0_cdc_sync__...
Compiling module xil_defaultlib.ebaz4205_axi_vdma_0_0_cdc_sync__...
Compiling module xil_defaultlib.ebaz4205_axi_vdma_0_0_cdc_sync_1
Compiling module xil_defaultlib.ebaz4205_axi_vdma_0_0_cdc_sync_2
Compiling module xil_defaultlib.ebaz4205_axi_vdma_0_0_cdc_sync__...
Compiling module xil_defaultlib.ebaz4205_axi_vdma_0_0_cdc_sync__...
Compiling module xil_defaultlib.ebaz4205_axi_vdma_0_0_cdc_sync_5
Compiling module xil_defaultlib.ebaz4205_axi_vdma_0_0_cdc_sync__...
Compiling module xil_defaultlib.ebaz4205_axi_vdma_0_0_cdc_sync__...
Compiling module xil_defaultlib.ebaz4205_axi_vdma_0_0_axi_vdma_r...
Compiling module xil_defaultlib.ebaz4205_axi_vdma_0_0_axi_vdma_r...
Compiling module xil_defaultlib.ebaz4205_axi_vdma_0_0_axi_vdma
Compiling module unisims_ver.VCC
Compiling module xil_defaultlib.ebaz4205_axi_vdma_0_0
Compiling module xil_defaultlib.ebaz4205_axis_subset_converter_0...
Compiling module xil_defaultlib.ebaz4205_axis_subset_converter_0...
Compiling module unisims_ver.OBUFDS
Compiling module unisims_ver.OSERDESE2(DATA_RATE_TQ="SDR",DAT...
Compiling module unisims_ver.OSERDESE2(DATA_RATE_TQ="SDR",DAT...
Compiling module xil_defaultlib.ebaz4205_rgb2dvi_0_3_OutputSERDE...
Compiling module xil_defaultlib.ebaz4205_rgb2dvi_0_3_TMDS_Encode...
Compiling module xil_defaultlib.ebaz4205_rgb2dvi_0_3_OutputSERDE...
Compiling module xil_defaultlib.ebaz4205_rgb2dvi_0_3_TMDS_Encode...
Compiling module xil_defaultlib.ebaz4205_rgb2dvi_0_3_OutputSERDE...
Compiling module xil_defaultlib.ebaz4205_rgb2dvi_0_3_TMDS_Encode...
Compiling module xil_defaultlib.ebaz4205_rgb2dvi_0_3_OutputSERDE...
Compiling module unisims_ver.FDPE_default
Compiling module xil_defaultlib.ebaz4205_rgb2dvi_0_3_SyncAsync
Compiling module xil_defaultlib.ebaz4205_rgb2dvi_0_3_ResetBridge
Compiling module xil_defaultlib.ebaz4205_rgb2dvi_0_3_rgb2dvi
Compiling module xil_defaultlib.ebaz4205_rgb2dvi_0_3
Compiling module xil_defaultlib.ebaz4205_v_axi4s_vid_out_0_1_xpm...
Compiling module xil_defaultlib.ebaz4205_v_axi4s_vid_out_0_1_v_a...
Compiling module xil_defaultlib.ebaz4205_v_axi4s_vid_out_0_1_xpm...
Compiling module xil_defaultlib.ebaz4205_v_axi4s_vid_out_0_1_v_a...
Compiling module xil_defaultlib.ebaz4205_v_axi4s_vid_out_0_1_xpm...
Compiling module xil_defaultlib.ebaz4205_v_axi4s_vid_out_0_1_xpm...
Compiling module xil_defaultlib.ebaz4205_v_axi4s_vid_out_0_1_xpm...
Compiling module xil_defaultlib.ebaz4205_v_axi4s_vid_out_0_1_xpm...
Compiling module xil_defaultlib.ebaz4205_v_axi4s_vid_out_0_1_xpm...
Compiling module xil_defaultlib.ebaz4205_v_axi4s_vid_out_0_1_xpm...
Compiling module xil_defaultlib.ebaz4205_v_axi4s_vid_out_0_1_xpm...
Compiling module xil_defaultlib.ebaz4205_v_axi4s_vid_out_0_1_xpm...
Compiling module xil_defaultlib.ebaz4205_v_axi4s_vid_out_0_1_xpm...
Compiling module unisims_ver.RB36_INTERNAL_VLOG(DOB_REG=1,REA...
Compiling module unisims_ver.RAMB36E1(DOB_REG=1,READ_WIDTH_A=...
Compiling module xil_defaultlib.ebaz4205_v_axi4s_vid_out_0_1_xpm...
Compiling module xil_defaultlib.ebaz4205_v_axi4s_vid_out_0_1_xpm...
Compiling module xil_defaultlib.ebaz4205_v_axi4s_vid_out_0_1_xpm...
Compiling module xil_defaultlib.ebaz4205_v_axi4s_vid_out_0_1_xpm...
Compiling module xil_defaultlib.ebaz4205_v_axi4s_vid_out_0_1_xpm...
Compiling module xil_defaultlib.ebaz4205_v_axi4s_vid_out_0_1_xpm...
Compiling module xil_defaultlib.ebaz4205_v_axi4s_vid_out_0_1_xpm...
Compiling module xil_defaultlib.ebaz4205_v_axi4s_vid_out_0_1_xpm...
Compiling module xil_defaultlib.ebaz4205_v_axi4s_vid_out_0_1_xpm...
Compiling module xil_defaultlib.ebaz4205_v_axi4s_vid_out_0_1_xpm...
Compiling module xil_defaultlib.ebaz4205_v_axi4s_vid_out_0_1_xpm...
Compiling module xil_defaultlib.ebaz4205_v_axi4s_vid_out_0_1_xpm...
Compiling module xil_defaultlib.ebaz4205_v_axi4s_vid_out_0_1_v_a...
Compiling module xil_defaultlib.ebaz4205_v_axi4s_vid_out_0_1_v_a...
Compiling module xil_defaultlib.ebaz4205_v_axi4s_vid_out_0_1_v_a...
Compiling module xil_defaultlib.ebaz4205_v_axi4s_vid_out_0_1_v_a...
Compiling module xil_defaultlib.ebaz4205_v_axi4s_vid_out_0_1_v_a...
Compiling module xil_defaultlib.ebaz4205_v_axi4s_vid_out_0_1
Compiling module xil_defaultlib.ebaz4205_v_tc_0_0_address_decode...
Compiling module xil_defaultlib.ebaz4205_v_tc_0_0_slave_attachme...
Compiling module xil_defaultlib.ebaz4205_v_tc_0_0_axi_lite_ipif
Compiling module xil_defaultlib.ebaz4205_v_tc_0_0_xpm_cdc_single
Compiling module xil_defaultlib.ebaz4205_v_tc_0_0
Compiling module xil_defaultlib.ebaz4205_xlconcat_0_3
Compiling module xil_defaultlib.HDMI_imp_1WM3X9Z
Compiling module unisims_ver.FDCE_default
Compiling module xil_defaultlib.ebaz4205_DivideBy10_0_DivideBy2N
Compiling module xil_defaultlib.ebaz4205_DivideBy10_0
Compiling module xil_defaultlib.ebaz4205_I2S_Transmitter_0_2_I2S...
Compiling module xil_defaultlib.ebaz4205_I2S_Transmitter_0_2
Compiling module xil_defaultlib.ebaz4205_xlconcat_0_2
Compiling module xil_defaultlib.I2S_imp_1GQSHGG
Compiling module xil_defaultlib.ebaz4205_DivideBy4_25MHz_0_Divid...
Compiling module xil_defaultlib.ebaz4205_DivideBy4_25MHz_0
Compiling module xil_defaultlib.ebaz4205_DivideBy2N_0_0_DivideBy...
Compiling module xil_defaultlib.ebaz4205_DivideBy2N_0_0
Compiling module unisims_ver.BUFG
Compiling module unisims_ver.MMCME2_ADV(CLKFBOUT_MULT_F=15.5,...
Compiling module xil_defaultlib.ebaz4205_clk_wiz_0_0_clk_wiz
Compiling module xil_defaultlib.ebaz4205_clk_wiz_0_0
Compiling module xil_defaultlib.ebaz4205_proc_sys_reset_0_0_cdc_...
Compiling module xil_defaultlib.ebaz4205_proc_sys_reset_0_0_cdc_...
Compiling module xil_defaultlib.ebaz4205_proc_sys_reset_0_0_lpf
Compiling module xil_defaultlib.ebaz4205_proc_sys_reset_0_0_upcn...
Compiling module xil_defaultlib.ebaz4205_proc_sys_reset_0_0_sequ...
Compiling module xil_defaultlib.ebaz4205_proc_sys_reset_0_0_proc...
Compiling module xil_defaultlib.ebaz4205_proc_sys_reset_0_0
Compiling module xil_defaultlib.ebaz4205_proc_sys_reset_0_1_cdc_...
Compiling module xil_defaultlib.ebaz4205_proc_sys_reset_0_1_cdc_...
Compiling module xil_defaultlib.ebaz4205_proc_sys_reset_0_1_lpf
Compiling module xil_defaultlib.ebaz4205_proc_sys_reset_0_1_upcn...
Compiling module xil_defaultlib.ebaz4205_proc_sys_reset_0_1_sequ...
Compiling module xil_defaultlib.ebaz4205_proc_sys_reset_0_1_proc...
Compiling module xil_defaultlib.ebaz4205_proc_sys_reset_0_1
Compiling module unisims_ver.BIBUF
Compiling module unisims_ver.PS7
Compiling module xil_defaultlib.ebaz4205_processing_system7_0_0_...
Compiling module xil_defaultlib.ebaz4205_processing_system7_0_0
Compiling module xil_defaultlib.ebaz4205_rst_ENET0_GMII_RX_CLK_0...
Compiling module xil_defaultlib.ebaz4205_rst_ENET0_GMII_RX_CLK_0...
Compiling module xil_defaultlib.ebaz4205_rst_ENET0_GMII_RX_CLK_0...
Compiling module xil_defaultlib.ebaz4205_rst_ENET0_GMII_RX_CLK_0...
Compiling module xil_defaultlib.ebaz4205_rst_ENET0_GMII_RX_CLK_0...
Compiling module xil_defaultlib.ebaz4205_rst_ENET0_GMII_RX_CLK_0...
Compiling module xil_defaultlib.ebaz4205_rst_ENET0_GMII_RX_CLK_0...
Compiling module xil_defaultlib.ebaz4205_rst_ps7_0_140M_0_cdc_sy...
Compiling module xil_defaultlib.ebaz4205_rst_ps7_0_140M_0_cdc_sy...
Compiling module xil_defaultlib.ebaz4205_rst_ps7_0_140M_0_lpf
Compiling module xil_defaultlib.ebaz4205_rst_ps7_0_140M_0_upcnt_...
Compiling module xil_defaultlib.ebaz4205_rst_ps7_0_140M_0_sequen...
Compiling module xil_defaultlib.ebaz4205_rst_ps7_0_140M_0_proc_s...
Compiling module xil_defaultlib.ebaz4205_rst_ps7_0_140M_0
Compiling module xil_defaultlib.ebaz4205_rst_ps7_0_64M_0_cdc_syn...
Compiling module xil_defaultlib.ebaz4205_rst_ps7_0_64M_0_cdc_syn...
Compiling module xil_defaultlib.ebaz4205_rst_ps7_0_64M_0_lpf
Compiling module xil_defaultlib.ebaz4205_rst_ps7_0_64M_0_upcnt_n
Compiling module xil_defaultlib.ebaz4205_rst_ps7_0_64M_0_sequenc...
Compiling module xil_defaultlib.ebaz4205_rst_ps7_0_64M_0_proc_sy...
Compiling module xil_defaultlib.ebaz4205_rst_ps7_0_64M_0
Compiling module xil_defaultlib.ebaz4205_xlconcat_0_0
Compiling module xil_defaultlib.ebaz4205_xlslice_0_0
Compiling module xil_defaultlib.PS_imp_1B1U9UK
Compiling module xil_defaultlib.ebaz4205_axi_gpio_0_3_address_de...
Compiling module xil_defaultlib.ebaz4205_axi_gpio_0_3_slave_atta...
Compiling module xil_defaultlib.ebaz4205_axi_gpio_0_3_axi_lite_i...
Compiling module xil_defaultlib.ebaz4205_axi_gpio_0_3_interrupt_...
Compiling module xil_defaultlib.ebaz4205_axi_gpio_0_3_cdc_sync
Compiling module xil_defaultlib.ebaz4205_axi_gpio_0_3_GPIO_Core
Compiling module xil_defaultlib.ebaz4205_axi_gpio_0_3_axi_gpio
Compiling module xil_defaultlib.ebaz4205_axi_gpio_0_3
Compiling module xil_defaultlib.ebaz4205_axi_gpio_0_4_pselect_f
Compiling module xil_defaultlib.ebaz4205_axi_gpio_0_4_pselect_f_...
Compiling module xil_defaultlib.ebaz4205_axi_gpio_0_4_address_de...
Compiling module xil_defaultlib.ebaz4205_axi_gpio_0_4_slave_atta...
Compiling module xil_defaultlib.ebaz4205_axi_gpio_0_4_axi_lite_i...
Compiling module xil_defaultlib.ebaz4205_axi_gpio_0_4_GPIO_Core
Compiling module xil_defaultlib.ebaz4205_axi_gpio_0_4_axi_gpio
Compiling module xil_defaultlib.ebaz4205_axi_gpio_0_4
Compiling module xil_defaultlib.ebaz4205_ps2_mouse_0_0_debounce
Compiling module xil_defaultlib.ebaz4205_ps2_mouse_0_0_debounce_...
Compiling module xil_defaultlib.ebaz4205_ps2_mouse_0_0_ps2_trans...
Compiling module xil_defaultlib.ebaz4205_ps2_mouse_0_0_ps2_mouse...
Compiling module xil_defaultlib.ebaz4205_ps2_mouse_0_0
Compiling module xil_defaultlib.ebaz4205_util_vector_logic_0_1
Compiling module xil_defaultlib.PS2_imp_8HCTJB
Compiling module xil_defaultlib.ebaz4205_axis_capture_0_4_dp_ram...
Compiling module xil_defaultlib.ebaz4205_axis_capture_0_4_axis_c...
Compiling module xil_defaultlib.ebaz4205_axis_capture_0_4_axis_c...
Compiling module xil_defaultlib.ebaz4205_axis_capture_0_4
Compiling module xil_defaultlib.ebaz4205_auto_pc_1
Compiling module xil_defaultlib.s00_couplers_imp_171PL5V
Compiling module xil_defaultlib.ebaz4205_xbar_0_axi_crossbar_v2_...
Compiling module xil_defaultlib.ebaz4205_xbar_0_axi_crossbar_v2_...
Compiling module xil_defaultlib.ebaz4205_xbar_0_axi_crossbar_v2_...
Compiling module xil_defaultlib.ebaz4205_xbar_0_axi_crossbar_v2_...
Compiling module xil_defaultlib.ebaz4205_xbar_0_axi_crossbar_v2_...
Compiling module xil_defaultlib.ebaz4205_xbar_0_axi_crossbar_v2_...
Compiling module xil_defaultlib.ebaz4205_xbar_0
Compiling module xil_defaultlib.ebaz4205_axi_interconnect_0_0
Compiling module xil_defaultlib.ebaz4205
Compiling module xil_defaultlib.ebaz4205_wrapper
Compiling module xil_defaultlib.glbl
Built simulation snapshot ebaz4205_wrapper_func_synth
