INFO: [VRFC 10-2263] Analyzing Verilog file "/home/guido/GitHub/EBAZ4205_SDR_spectrum/Vivado/Vivado.sim/sim_FT/synth/func/xsim/ebaz4205_wrapper_func_synth.v" into library xil_defaultlib
INFO: [VRFC 10-311] analyzing module ADC_TestGen_imp_QGE54V
INFO: [VRFC 10-311] analyzing module AM_demodulator_imp_UCGGQS
INFO: [VRFC 10-311] analyzing module ComplexMult_imp_2GTPFV
INFO: [VRFC 10-311] analyzing module DDC_FT_imp_7O51XY
INFO: [VRFC 10-311] analyzing module DDC_imp_9GECP5
INFO: [VRFC 10-311] analyzing module FILTER_FT_imp_X0EVVG
INFO: [VRFC 10-311] analyzing module FILTER_imp_WBNR09
INFO: [VRFC 10-311] analyzing module HDMI_imp_1WM3X9Z
INFO: [VRFC 10-311] analyzing module I2S_imp_1GQSHGG
INFO: [VRFC 10-311] analyzing module LO_imp_1P3EDMO
INFO: [VRFC 10-311] analyzing module PS2_imp_8HCTJB
INFO: [VRFC 10-311] analyzing module PS_imp_1B1U9UK
INFO: [VRFC 10-311] analyzing module TestGen_imp_12Z2PFB
INFO: [VRFC 10-311] analyzing module ebaz4205
INFO: [VRFC 10-311] analyzing module ebaz4205_DivideBy10_0
INFO: [VRFC 10-311] analyzing module ebaz4205_DivideBy10_0_DivideBy2N
INFO: [VRFC 10-311] analyzing module ebaz4205_DivideBy2N_0_0
INFO: [VRFC 10-311] analyzing module ebaz4205_DivideBy2N_0_0_DivideBy2N
INFO: [VRFC 10-311] analyzing module ebaz4205_DivideBy4_25MHz_0
INFO: [VRFC 10-311] analyzing module ebaz4205_DivideBy4_25MHz_0_DivideBy2N
INFO: [VRFC 10-311] analyzing module ebaz4205_I2S_Transmitter_0_2
INFO: [VRFC 10-311] analyzing module ebaz4205_I2S_Transmitter_0_2_I2S_Transmitter
INFO: [VRFC 10-311] analyzing module ebaz4205_RF_test_1MHz_0
INFO: [VRFC 10-311] analyzing module ebaz4205_auto_pc_0
INFO: [VRFC 10-311] analyzing module ebaz4205_auto_pc_1
INFO: [VRFC 10-311] analyzing module ebaz4205_axi_dynclk_0_0
INFO: [VRFC 10-311] analyzing module ebaz4205_axi_dynclk_0_0_axi_dynclk
INFO: [VRFC 10-311] analyzing module ebaz4205_axi_dynclk_0_0_axi_dynclk_S00_AXI
INFO: [VRFC 10-311] analyzing module ebaz4205_axi_dynclk_0_0_mmcme2_drp
INFO: [VRFC 10-311] analyzing module ebaz4205_axi_gpio_0_1
INFO: [VRFC 10-311] analyzing module ebaz4205_axi_gpio_0_1_GPIO_Core
INFO: [VRFC 10-311] analyzing module ebaz4205_axi_gpio_0_1_address_decoder
INFO: [VRFC 10-311] analyzing module ebaz4205_axi_gpio_0_1_axi_gpio
INFO: [VRFC 10-311] analyzing module ebaz4205_axi_gpio_0_1_axi_lite_ipif
INFO: [VRFC 10-311] analyzing module ebaz4205_axi_gpio_0_1_pselect_f
INFO: [VRFC 10-311] analyzing module ebaz4205_axi_gpio_0_1_pselect_f__parameterized1
INFO: [VRFC 10-311] analyzing module ebaz4205_axi_gpio_0_1_slave_attachment
INFO: [VRFC 10-311] analyzing module ebaz4205_axi_gpio_0_2
INFO: [VRFC 10-311] analyzing module ebaz4205_axi_gpio_0_2_GPIO_Core
INFO: [VRFC 10-311] analyzing module ebaz4205_axi_gpio_0_2_address_decoder
INFO: [VRFC 10-311] analyzing module ebaz4205_axi_gpio_0_2_axi_gpio
INFO: [VRFC 10-311] analyzing module ebaz4205_axi_gpio_0_2_axi_lite_ipif
INFO: [VRFC 10-311] analyzing module ebaz4205_axi_gpio_0_2_cdc_sync
INFO: [VRFC 10-311] analyzing module ebaz4205_axi_gpio_0_2_interrupt_control
INFO: [VRFC 10-311] analyzing module ebaz4205_axi_gpio_0_2_slave_attachment
INFO: [VRFC 10-311] analyzing module ebaz4205_axi_gpio_0_3
INFO: [VRFC 10-311] analyzing module ebaz4205_axi_gpio_0_3_GPIO_Core
INFO: [VRFC 10-311] analyzing module ebaz4205_axi_gpio_0_3_address_decoder
INFO: [VRFC 10-311] analyzing module ebaz4205_axi_gpio_0_3_axi_gpio
INFO: [VRFC 10-311] analyzing module ebaz4205_axi_gpio_0_3_axi_lite_ipif
INFO: [VRFC 10-311] analyzing module ebaz4205_axi_gpio_0_3_cdc_sync
INFO: [VRFC 10-311] analyzing module ebaz4205_axi_gpio_0_3_interrupt_control
INFO: [VRFC 10-311] analyzing module ebaz4205_axi_gpio_0_3_slave_attachment
INFO: [VRFC 10-311] analyzing module ebaz4205_axi_gpio_0_4
INFO: [VRFC 10-311] analyzing module ebaz4205_axi_gpio_0_4_GPIO_Core
INFO: [VRFC 10-311] analyzing module ebaz4205_axi_gpio_0_4_address_decoder
INFO: [VRFC 10-311] analyzing module ebaz4205_axi_gpio_0_4_axi_gpio
INFO: [VRFC 10-311] analyzing module ebaz4205_axi_gpio_0_4_axi_lite_ipif
INFO: [VRFC 10-311] analyzing module ebaz4205_axi_gpio_0_4_pselect_f
INFO: [VRFC 10-311] analyzing module ebaz4205_axi_gpio_0_4_pselect_f__parameterized1
INFO: [VRFC 10-311] analyzing module ebaz4205_axi_gpio_0_4_slave_attachment
INFO: [VRFC 10-311] analyzing module ebaz4205_axi_gpio_0_5
INFO: [VRFC 10-311] analyzing module ebaz4205_axi_gpio_0_5_GPIO_Core
INFO: [VRFC 10-311] analyzing module ebaz4205_axi_gpio_0_5_address_decoder
INFO: [VRFC 10-311] analyzing module ebaz4205_axi_gpio_0_5_axi_gpio
INFO: [VRFC 10-311] analyzing module ebaz4205_axi_gpio_0_5_axi_lite_ipif
INFO: [VRFC 10-311] analyzing module ebaz4205_axi_gpio_0_5_pselect_f
INFO: [VRFC 10-311] analyzing module ebaz4205_axi_gpio_0_5_pselect_f__parameterized1
INFO: [VRFC 10-311] analyzing module ebaz4205_axi_gpio_0_5_slave_attachment
INFO: [VRFC 10-311] analyzing module ebaz4205_axi_gpio_1_0
INFO: [VRFC 10-311] analyzing module ebaz4205_axi_gpio_1_0_GPIO_Core
INFO: [VRFC 10-311] analyzing module ebaz4205_axi_gpio_1_0_address_decoder
INFO: [VRFC 10-311] analyzing module ebaz4205_axi_gpio_1_0_axi_gpio
INFO: [VRFC 10-311] analyzing module ebaz4205_axi_gpio_1_0_axi_lite_ipif
INFO: [VRFC 10-311] analyzing module ebaz4205_axi_gpio_1_0_pselect_f
INFO: [VRFC 10-311] analyzing module ebaz4205_axi_gpio_1_0_pselect_f__parameterized1
INFO: [VRFC 10-311] analyzing module ebaz4205_axi_gpio_1_0_slave_attachment
INFO: [VRFC 10-311] analyzing module ebaz4205_axi_interconnect_0_0
INFO: [VRFC 10-311] analyzing module ebaz4205_axi_interconnect_0_2
INFO: [VRFC 10-311] analyzing module ebaz4205_axi_interface_DEC_RATE_Q_0
INFO: [VRFC 10-311] analyzing module ebaz4205_axi_interface_DEC_RATE_Q_0_dds_axi_interface
INFO: [VRFC 10-311] analyzing module ebaz4205_axi_interface_DEC_RATE_Q_0_dds_axi_interface_logic
INFO: [VRFC 10-311] analyzing module ebaz4205_axi_vdma_0_0
INFO: [VRFC 10-311] analyzing module ebaz4205_axi_vdma_0_0_axi_datamover
INFO: [VRFC 10-311] analyzing module ebaz4205_axi_vdma_0_0_axi_datamover_addr_cntl
INFO: [VRFC 10-311] analyzing module ebaz4205_axi_vdma_0_0_axi_datamover_cmd_status
INFO: [VRFC 10-311] analyzing module ebaz4205_axi_vdma_0_0_axi_datamover_fifo
INFO: [VRFC 10-311] analyzing module ebaz4205_axi_vdma_0_0_axi_datamover_fifo__parameterized0
INFO: [VRFC 10-311] analyzing module ebaz4205_axi_vdma_0_0_axi_datamover_fifo__parameterized0_11
INFO: [VRFC 10-311] analyzing module ebaz4205_axi_vdma_0_0_axi_datamover_fifo__parameterized1
INFO: [VRFC 10-311] analyzing module ebaz4205_axi_vdma_0_0_axi_datamover_fifo__parameterized2
INFO: [VRFC 10-311] analyzing module ebaz4205_axi_vdma_0_0_axi_datamover_mm2s_full_wrap
INFO: [VRFC 10-311] analyzing module ebaz4205_axi_vdma_0_0_axi_datamover_pcc
INFO: [VRFC 10-311] analyzing module ebaz4205_axi_vdma_0_0_axi_datamover_rd_sf
INFO: [VRFC 10-311] analyzing module ebaz4205_axi_vdma_0_0_axi_datamover_rd_status_cntl
INFO: [VRFC 10-311] analyzing module ebaz4205_axi_vdma_0_0_axi_datamover_rddata_cntl
INFO: [VRFC 10-311] analyzing module ebaz4205_axi_vdma_0_0_axi_datamover_reset
INFO: [VRFC 10-311] analyzing module ebaz4205_axi_vdma_0_0_axi_datamover_sfifo_autord
INFO: [VRFC 10-311] analyzing module ebaz4205_axi_vdma_0_0_axi_vdma
INFO: [VRFC 10-311] analyzing module ebaz4205_axi_vdma_0_0_axi_vdma_cmdsts_if
INFO: [VRFC 10-311] analyzing module ebaz4205_axi_vdma_0_0_axi_vdma_fsync_gen
INFO: [VRFC 10-311] analyzing module ebaz4205_axi_vdma_0_0_axi_vdma_genlock_mngr
INFO: [VRFC 10-311] analyzing module ebaz4205_axi_vdma_0_0_axi_vdma_genlock_mux
INFO: [VRFC 10-311] analyzing module ebaz4205_axi_vdma_0_0_axi_vdma_greycoder__parameterized0
INFO: [VRFC 10-311] analyzing module ebaz4205_axi_vdma_0_0_axi_vdma_intrpt
INFO: [VRFC 10-311] analyzing module ebaz4205_axi_vdma_0_0_axi_vdma_lite_if
INFO: [VRFC 10-311] analyzing module ebaz4205_axi_vdma_0_0_axi_vdma_mm2s_linebuf
INFO: [VRFC 10-311] analyzing module ebaz4205_axi_vdma_0_0_axi_vdma_mngr
INFO: [VRFC 10-311] analyzing module ebaz4205_axi_vdma_0_0_axi_vdma_reg_if
INFO: [VRFC 10-311] analyzing module ebaz4205_axi_vdma_0_0_axi_vdma_reg_module
INFO: [VRFC 10-311] analyzing module ebaz4205_axi_vdma_0_0_axi_vdma_reg_mux
INFO: [VRFC 10-311] analyzing module ebaz4205_axi_vdma_0_0_axi_vdma_regdirect
INFO: [VRFC 10-311] analyzing module ebaz4205_axi_vdma_0_0_axi_vdma_register
INFO: [VRFC 10-311] analyzing module ebaz4205_axi_vdma_0_0_axi_vdma_reset
INFO: [VRFC 10-311] analyzing module ebaz4205_axi_vdma_0_0_axi_vdma_rst_module
INFO: [VRFC 10-311] analyzing module ebaz4205_axi_vdma_0_0_axi_vdma_sfifo
INFO: [VRFC 10-311] analyzing module ebaz4205_axi_vdma_0_0_axi_vdma_skid_buf
INFO: [VRFC 10-311] analyzing module ebaz4205_axi_vdma_0_0_axi_vdma_sm
INFO: [VRFC 10-311] analyzing module ebaz4205_axi_vdma_0_0_axi_vdma_sof_gen
INFO: [VRFC 10-311] analyzing module ebaz4205_axi_vdma_0_0_axi_vdma_sts_mngr
INFO: [VRFC 10-311] analyzing module ebaz4205_axi_vdma_0_0_axi_vdma_vid_cdc
INFO: [VRFC 10-311] analyzing module ebaz4205_axi_vdma_0_0_axi_vdma_vidreg_module
INFO: [VRFC 10-311] analyzing module ebaz4205_axi_vdma_0_0_axi_vdma_vregister
INFO: [VRFC 10-311] analyzing module ebaz4205_axi_vdma_0_0_cdc_sync
INFO: [VRFC 10-311] analyzing module ebaz4205_axi_vdma_0_0_cdc_sync_1
INFO: [VRFC 10-311] analyzing module ebaz4205_axi_vdma_0_0_cdc_sync_2
INFO: [VRFC 10-311] analyzing module ebaz4205_axi_vdma_0_0_cdc_sync_5
INFO: [VRFC 10-311] analyzing module ebaz4205_axi_vdma_0_0_cdc_sync__parameterized0
INFO: [VRFC 10-311] analyzing module ebaz4205_axi_vdma_0_0_cdc_sync__parameterized0_0
INFO: [VRFC 10-311] analyzing module ebaz4205_axi_vdma_0_0_cdc_sync__parameterized0_3
INFO: [VRFC 10-311] analyzing module ebaz4205_axi_vdma_0_0_cdc_sync__parameterized0_4
INFO: [VRFC 10-311] analyzing module ebaz4205_axi_vdma_0_0_cdc_sync__parameterized0_6
INFO: [VRFC 10-311] analyzing module ebaz4205_axi_vdma_0_0_cdc_sync__parameterized0_7
INFO: [VRFC 10-311] analyzing module ebaz4205_axi_vdma_0_0_cdc_sync__parameterized1
INFO: [VRFC 10-311] analyzing module ebaz4205_axi_vdma_0_0_cdc_sync__parameterized2
INFO: [VRFC 10-311] analyzing module ebaz4205_axi_vdma_0_0_cntr_incr_decr_addn_f
INFO: [VRFC 10-311] analyzing module ebaz4205_axi_vdma_0_0_cntr_incr_decr_addn_f_10
INFO: [VRFC 10-311] analyzing module ebaz4205_axi_vdma_0_0_cntr_incr_decr_addn_f_14
INFO: [VRFC 10-311] analyzing module ebaz4205_axi_vdma_0_0_cntr_incr_decr_addn_f_8
INFO: [VRFC 10-311] analyzing module ebaz4205_axi_vdma_0_0_cntr_incr_decr_addn_f_9
INFO: [VRFC 10-311] analyzing module ebaz4205_axi_vdma_0_0_dynshreg_f
INFO: [VRFC 10-311] analyzing module ebaz4205_axi_vdma_0_0_dynshreg_f__parameterized0
INFO: [VRFC 10-311] analyzing module ebaz4205_axi_vdma_0_0_dynshreg_f__parameterized0_15
INFO: [VRFC 10-311] analyzing module ebaz4205_axi_vdma_0_0_dynshreg_f__parameterized1
INFO: [VRFC 10-311] analyzing module ebaz4205_axi_vdma_0_0_dynshreg_f__parameterized2
INFO: [VRFC 10-311] analyzing module ebaz4205_axi_vdma_0_0_srl_fifo_f
INFO: [VRFC 10-311] analyzing module ebaz4205_axi_vdma_0_0_srl_fifo_f__parameterized0
INFO: [VRFC 10-311] analyzing module ebaz4205_axi_vdma_0_0_srl_fifo_f__parameterized0_12
INFO: [VRFC 10-311] analyzing module ebaz4205_axi_vdma_0_0_srl_fifo_f__parameterized1
INFO: [VRFC 10-311] analyzing module ebaz4205_axi_vdma_0_0_srl_fifo_f__parameterized2
INFO: [VRFC 10-311] analyzing module ebaz4205_axi_vdma_0_0_srl_fifo_rbu_f
INFO: [VRFC 10-311] analyzing module ebaz4205_axi_vdma_0_0_srl_fifo_rbu_f__parameterized0
INFO: [VRFC 10-311] analyzing module ebaz4205_axi_vdma_0_0_srl_fifo_rbu_f__parameterized0_13
INFO: [VRFC 10-311] analyzing module ebaz4205_axi_vdma_0_0_srl_fifo_rbu_f__parameterized1
INFO: [VRFC 10-311] analyzing module ebaz4205_axi_vdma_0_0_srl_fifo_rbu_f__parameterized2
INFO: [VRFC 10-311] analyzing module ebaz4205_axi_vdma_0_0_sync_fifo_fg
INFO: [VRFC 10-311] analyzing module ebaz4205_axi_vdma_0_0_xpm_counter_updn
INFO: [VRFC 10-311] analyzing module ebaz4205_axi_vdma_0_0_xpm_counter_updn__parameterized0
INFO: [VRFC 10-311] analyzing module ebaz4205_axi_vdma_0_0_xpm_counter_updn__parameterized0_19
INFO: [VRFC 10-311] analyzing module ebaz4205_axi_vdma_0_0_xpm_counter_updn__parameterized1
INFO: [VRFC 10-311] analyzing module ebaz4205_axi_vdma_0_0_xpm_counter_updn__parameterized1_20
INFO: [VRFC 10-311] analyzing module ebaz4205_axi_vdma_0_0_xpm_counter_updn__parameterized5
INFO: [VRFC 10-311] analyzing module ebaz4205_axi_vdma_0_0_xpm_counter_updn__parameterized5_16
INFO: [VRFC 10-311] analyzing module ebaz4205_axi_vdma_0_0_xpm_counter_updn__parameterized6
INFO: [VRFC 10-311] analyzing module ebaz4205_axi_vdma_0_0_xpm_counter_updn__parameterized6_17
INFO: [VRFC 10-311] analyzing module ebaz4205_axi_vdma_0_0_xpm_fifo_base
INFO: [VRFC 10-311] analyzing module ebaz4205_axi_vdma_0_0_xpm_fifo_base__parameterized0
INFO: [VRFC 10-311] analyzing module ebaz4205_axi_vdma_0_0_xpm_fifo_reg_bit
INFO: [VRFC 10-311] analyzing module ebaz4205_axi_vdma_0_0_xpm_fifo_reg_bit_18
INFO: [VRFC 10-311] analyzing module ebaz4205_axi_vdma_0_0_xpm_fifo_rst
INFO: [VRFC 10-311] analyzing module ebaz4205_axi_vdma_0_0_xpm_fifo_rst_21
INFO: [VRFC 10-311] analyzing module ebaz4205_axi_vdma_0_0_xpm_fifo_sync
INFO: [VRFC 10-311] analyzing module ebaz4205_axi_vdma_0_0_xpm_fifo_sync__parameterized1
INFO: [VRFC 10-311] analyzing module ebaz4205_axi_vdma_0_0_xpm_memory_base
INFO: [VRFC 10-311] analyzing module ebaz4205_axi_vdma_0_0_xpm_memory_base__parameterized0
INFO: [VRFC 10-311] analyzing module ebaz4205_axis2c_combine_0_0
INFO: [VRFC 10-311] analyzing module ebaz4205_axis2c_combine_0_0_axis2c_combine
INFO: [VRFC 10-311] analyzing module ebaz4205_axis2c_combine_0_1
INFO: [VRFC 10-311] analyzing module ebaz4205_axis2c_combine_0_1_axis2c_combine
INFO: [VRFC 10-311] analyzing module ebaz4205_axis2c_splitter_0_0
INFO: [VRFC 10-311] analyzing module ebaz4205_axis2c_splitter_0_0_axis2c_splitter
INFO: [VRFC 10-311] analyzing module ebaz4205_axis2c_splitter_0_1
INFO: [VRFC 10-311] analyzing module ebaz4205_axis2c_splitter_0_1_axis2c_splitter
INFO: [VRFC 10-311] analyzing module ebaz4205_axis2c_splitter_0_2
INFO: [VRFC 10-311] analyzing module ebaz4205_axis2c_splitter_0_2_axis2c_splitter
INFO: [VRFC 10-311] analyzing module ebaz4205_axis_capture_0_4
INFO: [VRFC 10-311] analyzing module ebaz4205_axis_capture_0_4_axis_capture
INFO: [VRFC 10-311] analyzing module ebaz4205_axis_capture_0_4_axis_capture_logic
INFO: [VRFC 10-311] analyzing module ebaz4205_axis_capture_0_4_dp_ram_1r_1w_2clk
INFO: [VRFC 10-311] analyzing module ebaz4205_axis_capture_0_5
INFO: [VRFC 10-311] analyzing module ebaz4205_axis_capture_0_5_axis_capture
INFO: [VRFC 10-311] analyzing module ebaz4205_axis_capture_0_5_axis_capture_logic
INFO: [VRFC 10-311] analyzing module ebaz4205_axis_capture_0_5_dp_ram_1r_1w_2clk
INFO: [VRFC 10-311] analyzing module ebaz4205_axis_mux_0_0
INFO: [VRFC 10-311] analyzing module ebaz4205_axis_mux_0_0_axis_mux
INFO: [VRFC 10-311] analyzing module ebaz4205_axis_subset_converter_0_0
INFO: [VRFC 10-311] analyzing module ebaz4205_axis_subset_converter_0_0_top_ebaz4205_axis_subset_converter_0_0
INFO: [VRFC 10-311] analyzing module ebaz4205_c_addsub_0_0
INFO: [VRFC 10-311] analyzing module ebaz4205_c_addsub_0_1
INFO: [VRFC 10-311] analyzing module ebaz4205_cic_compiler_0_0
INFO: [VRFC 10-311] analyzing module ebaz4205_cic_compiler_0_1
INFO: [VRFC 10-311] analyzing module ebaz4205_clk_wiz_0_0
INFO: [VRFC 10-311] analyzing module ebaz4205_clk_wiz_0_0_clk_wiz
INFO: [VRFC 10-311] analyzing module ebaz4205_dds_axi_interface_0_0
INFO: [VRFC 10-311] analyzing module ebaz4205_dds_axi_interface_0_0_dds_axi_interface
INFO: [VRFC 10-311] analyzing module ebaz4205_dds_axi_interface_0_0_dds_axi_interface_logic
INFO: [VRFC 10-311] analyzing module ebaz4205_dds_axi_interface_0_2
INFO: [VRFC 10-311] analyzing module ebaz4205_dds_axi_interface_0_2_dds_axi_interface
INFO: [VRFC 10-311] analyzing module ebaz4205_dds_axi_interface_0_2_dds_axi_interface_logic
INFO: [VRFC 10-311] analyzing module ebaz4205_dds_axi_interface_0_3
INFO: [VRFC 10-311] analyzing module ebaz4205_dds_axi_interface_0_3_dds_axi_interface
INFO: [VRFC 10-311] analyzing module ebaz4205_dds_axi_interface_0_3_dds_axi_interface_logic
INFO: [VRFC 10-311] analyzing module ebaz4205_dds_axi_interface_0_4
INFO: [VRFC 10-311] analyzing module ebaz4205_dds_axi_interface_0_4_dds_axi_interface
INFO: [VRFC 10-311] analyzing module ebaz4205_dds_axi_interface_0_4_dds_axi_interface_logic
INFO: [VRFC 10-311] analyzing module ebaz4205_dds_compiler_0_0
INFO: [VRFC 10-311] analyzing module ebaz4205_dds_compiler_0_2
INFO: [VRFC 10-311] analyzing module ebaz4205_dds_compiler_0_3
INFO: [VRFC 10-311] analyzing module ebaz4205_fir_compiler_0_0
INFO: [VRFC 10-311] analyzing module ebaz4205_fir_compiler_0_1
INFO: [VRFC 10-311] analyzing module ebaz4205_mult_gen_0_0
INFO: [VRFC 10-311] analyzing module ebaz4205_mult_gen_0_1
INFO: [VRFC 10-311] analyzing module ebaz4205_mult_gen_0_2
INFO: [VRFC 10-311] analyzing module ebaz4205_mult_gen_0_3
INFO: [VRFC 10-311] analyzing module ebaz4205_mult_gen_0_4
INFO: [VRFC 10-311] analyzing module ebaz4205_mult_gen_0_5
INFO: [VRFC 10-311] analyzing module ebaz4205_mult_gen_1_0
INFO: [VRFC 10-311] analyzing module ebaz4205_mult_gen_1_1
INFO: [VRFC 10-311] analyzing module ebaz4205_mult_sin_0
INFO: [VRFC 10-311] analyzing module ebaz4205_proc_sys_reset_0_0
INFO: [VRFC 10-311] analyzing module ebaz4205_proc_sys_reset_0_0_cdc_sync
INFO: [VRFC 10-311] analyzing module ebaz4205_proc_sys_reset_0_0_cdc_sync_0
INFO: [VRFC 10-311] analyzing module ebaz4205_proc_sys_reset_0_0_lpf
INFO: [VRFC 10-311] analyzing module ebaz4205_proc_sys_reset_0_0_proc_sys_reset
INFO: [VRFC 10-311] analyzing module ebaz4205_proc_sys_reset_0_0_sequence_psr
INFO: [VRFC 10-311] analyzing module ebaz4205_proc_sys_reset_0_0_upcnt_n
INFO: [VRFC 10-311] analyzing module ebaz4205_proc_sys_reset_0_1
INFO: [VRFC 10-311] analyzing module ebaz4205_proc_sys_reset_0_1_cdc_sync
INFO: [VRFC 10-311] analyzing module ebaz4205_proc_sys_reset_0_1_cdc_sync_0
INFO: [VRFC 10-311] analyzing module ebaz4205_proc_sys_reset_0_1_lpf
INFO: [VRFC 10-311] analyzing module ebaz4205_proc_sys_reset_0_1_proc_sys_reset
INFO: [VRFC 10-311] analyzing module ebaz4205_proc_sys_reset_0_1_sequence_psr
INFO: [VRFC 10-311] analyzing module ebaz4205_proc_sys_reset_0_1_upcnt_n
INFO: [VRFC 10-311] analyzing module ebaz4205_processing_system7_0_0
INFO: [VRFC 10-311] analyzing module ebaz4205_processing_system7_0_0_processing_system7_v5_5_processing_system7
INFO: [VRFC 10-311] analyzing module ebaz4205_ps2_mouse_0_0
INFO: [VRFC 10-311] analyzing module ebaz4205_ps2_mouse_0_0_debounce
INFO: [VRFC 10-311] analyzing module ebaz4205_ps2_mouse_0_0_debounce_0
INFO: [VRFC 10-311] analyzing module ebaz4205_ps2_mouse_0_0_ps2_mouse_w
INFO: [VRFC 10-311] analyzing module ebaz4205_ps2_mouse_0_0_ps2_transceiver
INFO: [VRFC 10-311] analyzing module ebaz4205_rgb2dvi_0_3
INFO: [VRFC 10-311] analyzing module ebaz4205_rgb2dvi_0_3_OutputSERDES
INFO: [VRFC 10-311] analyzing module ebaz4205_rgb2dvi_0_3_OutputSERDES_0
INFO: [VRFC 10-311] analyzing module ebaz4205_rgb2dvi_0_3_OutputSERDES_2
INFO: [VRFC 10-311] analyzing module ebaz4205_rgb2dvi_0_3_OutputSERDES_4
INFO: [VRFC 10-311] analyzing module ebaz4205_rgb2dvi_0_3_ResetBridge
INFO: [VRFC 10-311] analyzing module ebaz4205_rgb2dvi_0_3_SyncAsync
INFO: [VRFC 10-311] analyzing module ebaz4205_rgb2dvi_0_3_TMDS_Encoder
INFO: [VRFC 10-311] analyzing module ebaz4205_rgb2dvi_0_3_TMDS_Encoder_1
INFO: [VRFC 10-311] analyzing module ebaz4205_rgb2dvi_0_3_TMDS_Encoder_3
INFO: [VRFC 10-311] analyzing module ebaz4205_rgb2dvi_0_3_rgb2dvi
INFO: [VRFC 10-311] analyzing module ebaz4205_rst_ENET0_GMII_RX_CLK_0_100M_0
INFO: [VRFC 10-311] analyzing module ebaz4205_rst_ENET0_GMII_RX_CLK_0_100M_0_cdc_sync
INFO: [VRFC 10-311] analyzing module ebaz4205_rst_ENET0_GMII_RX_CLK_0_100M_0_cdc_sync_0
INFO: [VRFC 10-311] analyzing module ebaz4205_rst_ENET0_GMII_RX_CLK_0_100M_0_lpf
INFO: [VRFC 10-311] analyzing module ebaz4205_rst_ENET0_GMII_RX_CLK_0_100M_0_proc_sys_reset
INFO: [VRFC 10-311] analyzing module ebaz4205_rst_ENET0_GMII_RX_CLK_0_100M_0_sequence_psr
INFO: [VRFC 10-311] analyzing module ebaz4205_rst_ENET0_GMII_RX_CLK_0_100M_0_upcnt_n
INFO: [VRFC 10-311] analyzing module ebaz4205_rst_ps7_0_140M_0
INFO: [VRFC 10-311] analyzing module ebaz4205_rst_ps7_0_140M_0_cdc_sync
INFO: [VRFC 10-311] analyzing module ebaz4205_rst_ps7_0_140M_0_cdc_sync_0
INFO: [VRFC 10-311] analyzing module ebaz4205_rst_ps7_0_140M_0_lpf
INFO: [VRFC 10-311] analyzing module ebaz4205_rst_ps7_0_140M_0_proc_sys_reset
INFO: [VRFC 10-311] analyzing module ebaz4205_rst_ps7_0_140M_0_sequence_psr
INFO: [VRFC 10-311] analyzing module ebaz4205_rst_ps7_0_140M_0_upcnt_n
INFO: [VRFC 10-311] analyzing module ebaz4205_rst_ps7_0_64M_0
INFO: [VRFC 10-311] analyzing module ebaz4205_rst_ps7_0_64M_0_cdc_sync
INFO: [VRFC 10-311] analyzing module ebaz4205_rst_ps7_0_64M_0_cdc_sync_0
INFO: [VRFC 10-311] analyzing module ebaz4205_rst_ps7_0_64M_0_lpf
INFO: [VRFC 10-311] analyzing module ebaz4205_rst_ps7_0_64M_0_proc_sys_reset
INFO: [VRFC 10-311] analyzing module ebaz4205_rst_ps7_0_64M_0_sequence_psr
INFO: [VRFC 10-311] analyzing module ebaz4205_rst_ps7_0_64M_0_upcnt_n
INFO: [VRFC 10-311] analyzing module ebaz4205_s00_data_fifo_0
INFO: [VRFC 10-311] analyzing module ebaz4205_s00_regslice_0
INFO: [VRFC 10-311] analyzing module ebaz4205_sqrt32_0_0
INFO: [VRFC 10-311] analyzing module ebaz4205_util_vector_logic_0_1
INFO: [VRFC 10-311] analyzing module ebaz4205_v_axi4s_vid_out_0_1
INFO: [VRFC 10-311] analyzing module ebaz4205_v_axi4s_vid_out_0_1_v_axi4s_vid_out_v4_0_15
INFO: [VRFC 10-311] analyzing module ebaz4205_v_axi4s_vid_out_0_1_v_axi4s_vid_out_v4_0_15_cdc_single
INFO: [VRFC 10-311] analyzing module ebaz4205_v_axi4s_vid_out_0_1_v_axi4s_vid_out_v4_0_15_cdc_single__xdcDup__1
INFO: [VRFC 10-311] analyzing module ebaz4205_v_axi4s_vid_out_0_1_v_axi4s_vid_out_v4_0_15_coupler
INFO: [VRFC 10-311] analyzing module ebaz4205_v_axi4s_vid_out_0_1_v_axi4s_vid_out_v4_0_15_fifo_async
INFO: [VRFC 10-311] analyzing module ebaz4205_v_axi4s_vid_out_0_1_v_axi4s_vid_out_v4_0_15_formatter
INFO: [VRFC 10-311] analyzing module ebaz4205_v_axi4s_vid_out_0_1_v_axi4s_vid_out_v4_0_15_sync
INFO: [VRFC 10-311] analyzing module ebaz4205_v_axi4s_vid_out_0_1_xpm_cdc_gray
INFO: [VRFC 10-311] analyzing module ebaz4205_v_axi4s_vid_out_0_1_xpm_cdc_gray__2
INFO: [VRFC 10-311] analyzing module ebaz4205_v_axi4s_vid_out_0_1_xpm_cdc_gray__parameterized0
INFO: [VRFC 10-311] analyzing module ebaz4205_v_axi4s_vid_out_0_1_xpm_cdc_gray__parameterized1
INFO: [VRFC 10-311] analyzing module ebaz4205_v_axi4s_vid_out_0_1_xpm_cdc_single
INFO: [VRFC 10-311] analyzing module ebaz4205_v_axi4s_vid_out_0_1_xpm_cdc_single__2
INFO: [VRFC 10-311] analyzing module ebaz4205_v_axi4s_vid_out_0_1_xpm_cdc_sync_rst
INFO: [VRFC 10-311] analyzing module ebaz4205_v_axi4s_vid_out_0_1_xpm_cdc_sync_rst__2
INFO: [VRFC 10-311] analyzing module ebaz4205_v_axi4s_vid_out_0_1_xpm_counter_updn
INFO: [VRFC 10-311] analyzing module ebaz4205_v_axi4s_vid_out_0_1_xpm_counter_updn__parameterized0
INFO: [VRFC 10-311] analyzing module ebaz4205_v_axi4s_vid_out_0_1_xpm_counter_updn__parameterized0_2
INFO: [VRFC 10-311] analyzing module ebaz4205_v_axi4s_vid_out_0_1_xpm_counter_updn__parameterized1
INFO: [VRFC 10-311] analyzing module ebaz4205_v_axi4s_vid_out_0_1_xpm_counter_updn__parameterized1_3
INFO: [VRFC 10-311] analyzing module ebaz4205_v_axi4s_vid_out_0_1_xpm_counter_updn__parameterized2
INFO: [VRFC 10-311] analyzing module ebaz4205_v_axi4s_vid_out_0_1_xpm_fifo_async
INFO: [VRFC 10-311] analyzing module ebaz4205_v_axi4s_vid_out_0_1_xpm_fifo_base
INFO: [VRFC 10-311] analyzing module ebaz4205_v_axi4s_vid_out_0_1_xpm_fifo_reg_bit
INFO: [VRFC 10-311] analyzing module ebaz4205_v_axi4s_vid_out_0_1_xpm_fifo_reg_vec
INFO: [VRFC 10-311] analyzing module ebaz4205_v_axi4s_vid_out_0_1_xpm_fifo_reg_vec_0
INFO: [VRFC 10-311] analyzing module ebaz4205_v_axi4s_vid_out_0_1_xpm_fifo_reg_vec__parameterized0
INFO: [VRFC 10-311] analyzing module ebaz4205_v_axi4s_vid_out_0_1_xpm_fifo_reg_vec__parameterized0_1
INFO: [VRFC 10-311] analyzing module ebaz4205_v_axi4s_vid_out_0_1_xpm_fifo_rst
INFO: [VRFC 10-311] analyzing module ebaz4205_v_axi4s_vid_out_0_1_xpm_memory_base
INFO: [VRFC 10-311] analyzing module ebaz4205_v_tc_0_0
INFO: [VRFC 10-311] analyzing module ebaz4205_v_tc_0_0_address_decoder
INFO: [VRFC 10-311] analyzing module ebaz4205_v_tc_0_0_axi_lite_ipif
INFO: [VRFC 10-311] analyzing module ebaz4205_v_tc_0_0_slave_attachment
INFO: [VRFC 10-311] analyzing module ebaz4205_v_tc_0_0_xpm_cdc_single
INFO: [VRFC 10-311] analyzing module ebaz4205_wrapper
INFO: [VRFC 10-311] analyzing module ebaz4205_xbar_0
INFO: [VRFC 10-311] analyzing module ebaz4205_xbar_0_axi_crossbar_v2_1_28_addr_arbiter_sasd
INFO: [VRFC 10-311] analyzing module ebaz4205_xbar_0_axi_crossbar_v2_1_28_axi_crossbar
INFO: [VRFC 10-311] analyzing module ebaz4205_xbar_0_axi_crossbar_v2_1_28_crossbar_sasd
INFO: [VRFC 10-311] analyzing module ebaz4205_xbar_0_axi_crossbar_v2_1_28_decerr_slave
INFO: [VRFC 10-311] analyzing module ebaz4205_xbar_0_axi_crossbar_v2_1_28_splitter
INFO: [VRFC 10-311] analyzing module ebaz4205_xbar_0_axi_crossbar_v2_1_28_splitter__parameterized0
INFO: [VRFC 10-311] analyzing module ebaz4205_xlconcat_0_0
INFO: [VRFC 10-311] analyzing module ebaz4205_xlconcat_0_2
INFO: [VRFC 10-311] analyzing module ebaz4205_xlconcat_0_3
INFO: [VRFC 10-311] analyzing module ebaz4205_xlconcat_0_4
INFO: [VRFC 10-311] analyzing module ebaz4205_xlconcat_1_0
INFO: [VRFC 10-311] analyzing module ebaz4205_xlconcat_2_0
INFO: [VRFC 10-311] analyzing module ebaz4205_xlslice_0_0
INFO: [VRFC 10-311] analyzing module ebaz4205_xlslice_0_3
INFO: [VRFC 10-311] analyzing module ebaz4205_xlslice_0_4
INFO: [VRFC 10-311] analyzing module ebaz4205_xlslice_0_5
INFO: [VRFC 10-311] analyzing module ebaz4205_xlslice_1_0
INFO: [VRFC 10-311] analyzing module ebaz4205_xlslice_1_1
INFO: [VRFC 10-311] analyzing module ebaz4205_xlslice_2_0
INFO: [VRFC 10-311] analyzing module ebaz4205_xlslice_sin_0
INFO: [VRFC 10-311] analyzing module s00_couplers_imp_171PL5V
INFO: [VRFC 10-311] analyzing module s00_couplers_imp_18CAH8W
INFO: [VRFC 10-311] analyzing module ebaz4205_v_tc_0_0_mux_tree
INFO: [VRFC 10-311] analyzing module ebaz4205_v_tc_0_0_mux_tree__parameterized0
INFO: [VRFC 10-311] analyzing module ebaz4205_v_tc_0_0_tc_top
INFO: [VRFC 10-311] analyzing module ebaz4205_v_tc_0_0_v_tc
INFO: [VRFC 10-311] analyzing module ebaz4205_v_tc_0_0_video_clock_cross
INFO: [VRFC 10-311] analyzing module ebaz4205_v_tc_0_0_video_clock_cross__parameterized0
INFO: [VRFC 10-311] analyzing module ebaz4205_v_tc_0_0_video_ctrl
INFO: [VRFC 10-311] analyzing module ebaz4205_RF_test_1MHz_0_accum
INFO: [VRFC 10-311] analyzing module ebaz4205_RF_test_1MHz_0_dds_compiler_v6_0_22
INFO: [VRFC 10-311] analyzing module ebaz4205_RF_test_1MHz_0_dds_compiler_v6_0_22_core
INFO: [VRFC 10-311] analyzing module ebaz4205_RF_test_1MHz_0_dds_compiler_v6_0_22_rdy
INFO: [VRFC 10-311] analyzing module ebaz4205_RF_test_1MHz_0_dds_compiler_v6_0_22_viv
INFO: [VRFC 10-311] analyzing module ebaz4205_RF_test_1MHz_0_dither_wrap
INFO: [VRFC 10-311] analyzing module ebaz4205_RF_test_1MHz_0_pipe_add
INFO: [VRFC 10-311] analyzing module ebaz4205_RF_test_1MHz_0_pipe_add_9
INFO: [VRFC 10-311] analyzing module ebaz4205_RF_test_1MHz_0_sin_cos
INFO: [VRFC 10-311] analyzing module ebaz4205_RF_test_1MHz_0_xbip_pipe_v3_0_6_viv
INFO: [VRFC 10-311] analyzing module ebaz4205_RF_test_1MHz_0_xbip_pipe_v3_0_6_viv_0
INFO: [VRFC 10-311] analyzing module ebaz4205_RF_test_1MHz_0_xbip_pipe_v3_0_6_viv__parameterized1
INFO: [VRFC 10-311] analyzing module ebaz4205_RF_test_1MHz_0_xbip_pipe_v3_0_6_viv__parameterized12
INFO: [VRFC 10-311] analyzing module ebaz4205_RF_test_1MHz_0_xbip_pipe_v3_0_6_viv__parameterized14
INFO: [VRFC 10-311] analyzing module ebaz4205_RF_test_1MHz_0_xbip_pipe_v3_0_6_viv__parameterized14_7
INFO: [VRFC 10-311] analyzing module ebaz4205_RF_test_1MHz_0_xbip_pipe_v3_0_6_viv__parameterized16
INFO: [VRFC 10-311] analyzing module ebaz4205_RF_test_1MHz_0_xbip_pipe_v3_0_6_viv__parameterized16_1
INFO: [VRFC 10-311] analyzing module ebaz4205_RF_test_1MHz_0_xbip_pipe_v3_0_6_viv__parameterized16_2
INFO: [VRFC 10-311] analyzing module ebaz4205_RF_test_1MHz_0_xbip_pipe_v3_0_6_viv__parameterized16_3
INFO: [VRFC 10-311] analyzing module ebaz4205_RF_test_1MHz_0_xbip_pipe_v3_0_6_viv__parameterized16_4
INFO: [VRFC 10-311] analyzing module ebaz4205_RF_test_1MHz_0_xbip_pipe_v3_0_6_viv__parameterized16_6
INFO: [VRFC 10-311] analyzing module ebaz4205_RF_test_1MHz_0_xbip_pipe_v3_0_6_viv__parameterized18
INFO: [VRFC 10-311] analyzing module ebaz4205_RF_test_1MHz_0_xbip_pipe_v3_0_6_viv__parameterized18_5
INFO: [VRFC 10-311] analyzing module ebaz4205_RF_test_1MHz_0_xbip_pipe_v3_0_6_viv__parameterized7
INFO: [VRFC 10-311] analyzing module ebaz4205_RF_test_1MHz_0_xbip_pipe_v3_0_6_viv__parameterized7_8
INFO: [VRFC 10-311] analyzing module ebaz4205_c_addsub_0_0_c_addsub_v12_0_14
INFO: [VRFC 10-311] analyzing module ebaz4205_c_addsub_0_0_c_addsub_v12_0_14_fabric_legacy
INFO: [VRFC 10-311] analyzing module ebaz4205_c_addsub_0_0_c_addsub_v12_0_14_legacy
INFO: [VRFC 10-311] analyzing module ebaz4205_c_addsub_0_0_c_addsub_v12_0_14_lut6_legacy
INFO: [VRFC 10-311] analyzing module ebaz4205_c_addsub_0_0_c_addsub_v12_0_14_viv
INFO: [VRFC 10-311] analyzing module ebaz4205_c_addsub_0_0_c_reg_fd_v12_0_6_viv
INFO: [VRFC 10-311] analyzing module ebaz4205_c_addsub_0_1_c_addsub_v12_0_14
INFO: [VRFC 10-311] analyzing module ebaz4205_c_addsub_0_1_c_addsub_v12_0_14_fabric_legacy
INFO: [VRFC 10-311] analyzing module ebaz4205_c_addsub_0_1_c_addsub_v12_0_14_legacy
INFO: [VRFC 10-311] analyzing module ebaz4205_c_addsub_0_1_c_addsub_v12_0_14_lut6_legacy
INFO: [VRFC 10-311] analyzing module ebaz4205_c_addsub_0_1_c_addsub_v12_0_14_viv
INFO: [VRFC 10-311] analyzing module ebaz4205_c_addsub_0_1_c_reg_fd_v12_0_6_viv
INFO: [VRFC 10-311] analyzing module ebaz4205_cic_compiler_0_0_add_sub
INFO: [VRFC 10-311] analyzing module ebaz4205_cic_compiler_0_0_add_sub__parameterized0
INFO: [VRFC 10-311] analyzing module ebaz4205_cic_compiler_0_0_add_sub__parameterized1
INFO: [VRFC 10-311] analyzing module ebaz4205_cic_compiler_0_0_add_sub__parameterized2
INFO: [VRFC 10-311] analyzing module ebaz4205_cic_compiler_0_0_add_sub__parameterized3
INFO: [VRFC 10-311] analyzing module ebaz4205_cic_compiler_0_0_add_sub__parameterized4
INFO: [VRFC 10-311] analyzing module ebaz4205_cic_compiler_0_0_add_sub__parameterized5
INFO: [VRFC 10-311] analyzing module ebaz4205_cic_compiler_0_0_add_sub__parameterized6
INFO: [VRFC 10-311] analyzing module ebaz4205_cic_compiler_0_0_chan_cnt
INFO: [VRFC 10-311] analyzing module ebaz4205_cic_compiler_0_0_chan_cnt_1
INFO: [VRFC 10-311] analyzing module ebaz4205_cic_compiler_0_0_chan_cnt_2
INFO: [VRFC 10-311] analyzing module ebaz4205_cic_compiler_0_0_cic_compiler_v4_0_16
INFO: [VRFC 10-311] analyzing module ebaz4205_cic_compiler_0_0_cic_compiler_v4_0_16_viv
INFO: [VRFC 10-311] analyzing module ebaz4205_cic_compiler_0_0_compare
INFO: [VRFC 10-311] analyzing module ebaz4205_cic_compiler_0_0_compare_18
INFO: [VRFC 10-311] analyzing module ebaz4205_cic_compiler_0_0_compare_20
INFO: [VRFC 10-311] analyzing module ebaz4205_cic_compiler_0_0_compare_dualval
INFO: [VRFC 10-311] analyzing module ebaz4205_cic_compiler_0_0_compare_dualval_16
INFO: [VRFC 10-311] analyzing module ebaz4205_cic_compiler_0_0_counter
INFO: [VRFC 10-311] analyzing module ebaz4205_cic_compiler_0_0_counter_17
INFO: [VRFC 10-311] analyzing module ebaz4205_cic_compiler_0_0_counter__parameterized1
INFO: [VRFC 10-311] analyzing module ebaz4205_cic_compiler_0_0_counter__parameterized3
INFO: [VRFC 10-311] analyzing module ebaz4205_cic_compiler_0_0_counter__parameterized3_19
INFO: [VRFC 10-311] analyzing module ebaz4205_cic_compiler_0_0_dec_scaler
INFO: [VRFC 10-311] analyzing module ebaz4205_cic_compiler_0_0_dec_shifter
INFO: [VRFC 10-311] analyzing module ebaz4205_cic_compiler_0_0_decimate
INFO: [VRFC 10-311] analyzing module ebaz4205_cic_compiler_0_0_delay__parameterized10
INFO: [VRFC 10-311] analyzing module ebaz4205_cic_compiler_0_0_delay__parameterized16
INFO: [VRFC 10-311] analyzing module ebaz4205_cic_compiler_0_0_delay__parameterized20
INFO: [VRFC 10-311] analyzing module ebaz4205_cic_compiler_0_0_delay__parameterized24
INFO: [VRFC 10-311] analyzing module ebaz4205_cic_compiler_0_0_delay__parameterized28
INFO: [VRFC 10-311] analyzing module ebaz4205_cic_compiler_0_0_delay__parameterized32
INFO: [VRFC 10-311] analyzing module ebaz4205_cic_compiler_0_0_delay__parameterized38
INFO: [VRFC 10-311] analyzing module ebaz4205_cic_compiler_0_0_delay__parameterized40
INFO: [VRFC 10-311] analyzing module ebaz4205_cic_compiler_0_0_delay__parameterized46
INFO: [VRFC 10-311] analyzing module ebaz4205_cic_compiler_0_0_delay__parameterized48
INFO: [VRFC 10-311] analyzing module ebaz4205_cic_compiler_0_0_delay_bit
INFO: [VRFC 10-311] analyzing module ebaz4205_cic_compiler_0_0_delay_bit_0
INFO: [VRFC 10-311] analyzing module ebaz4205_cic_compiler_0_0_delay_bit_10
INFO: [VRFC 10-311] analyzing module ebaz4205_cic_compiler_0_0_delay_bit_11
INFO: [VRFC 10-311] analyzing module ebaz4205_cic_compiler_0_0_delay_bit_12
INFO: [VRFC 10-311] analyzing module ebaz4205_cic_compiler_0_0_delay_bit_13
INFO: [VRFC 10-311] analyzing module ebaz4205_cic_compiler_0_0_delay_bit_14
INFO: [VRFC 10-311] analyzing module ebaz4205_cic_compiler_0_0_delay_bit_15
INFO: [VRFC 10-311] analyzing module ebaz4205_cic_compiler_0_0_delay_bit_4
INFO: [VRFC 10-311] analyzing module ebaz4205_cic_compiler_0_0_delay_bit_5
INFO: [VRFC 10-311] analyzing module ebaz4205_cic_compiler_0_0_delay_bit_6
INFO: [VRFC 10-311] analyzing module ebaz4205_cic_compiler_0_0_delay_bit_7
INFO: [VRFC 10-311] analyzing module ebaz4205_cic_compiler_0_0_delay_bit_8
INFO: [VRFC 10-311] analyzing module ebaz4205_cic_compiler_0_0_delay_bit_9
INFO: [VRFC 10-311] analyzing module ebaz4205_cic_compiler_0_0_delay_bit__parameterized1
INFO: [VRFC 10-311] analyzing module ebaz4205_cic_compiler_0_0_delay_bit__parameterized1_23
INFO: [VRFC 10-311] analyzing module ebaz4205_cic_compiler_0_0_delay_bit__parameterized5
INFO: [VRFC 10-311] analyzing module ebaz4205_cic_compiler_0_0_delay_bit__parameterized5_21
INFO: [VRFC 10-311] analyzing module ebaz4205_cic_compiler_0_0_delay_bit__parameterized5_22
INFO: [VRFC 10-311] analyzing module ebaz4205_cic_compiler_0_0_delay_bit__parameterized6
INFO: [VRFC 10-311] analyzing module ebaz4205_cic_compiler_0_0_dpr_ram
INFO: [VRFC 10-311] analyzing module ebaz4205_cic_compiler_0_0_emb_calc
INFO: [VRFC 10-311] analyzing module ebaz4205_cic_compiler_0_0_emb_calc__parameterized0
INFO: [VRFC 10-311] analyzing module ebaz4205_cic_compiler_0_0_emb_calc__parameterized1
INFO: [VRFC 10-311] analyzing module ebaz4205_cic_compiler_0_0_emb_calc__parameterized2
INFO: [VRFC 10-311] analyzing module ebaz4205_cic_compiler_0_0_emb_calc__parameterized3
INFO: [VRFC 10-311] analyzing module ebaz4205_cic_compiler_0_0_emb_calc__parameterized4
INFO: [VRFC 10-311] analyzing module ebaz4205_cic_compiler_0_0_emb_calc__parameterized5
INFO: [VRFC 10-311] analyzing module ebaz4205_cic_compiler_0_0_emb_calc__parameterized6
INFO: [VRFC 10-311] analyzing module ebaz4205_cic_compiler_0_0_int_comb_section
INFO: [VRFC 10-311] analyzing module ebaz4205_cic_compiler_0_0_int_comb_section__parameterized0
INFO: [VRFC 10-311] analyzing module ebaz4205_cic_compiler_0_0_int_comb_stage_folded
INFO: [VRFC 10-311] analyzing module ebaz4205_cic_compiler_0_0_int_comb_stage_folded__parameterized0
INFO: [VRFC 10-311] analyzing module ebaz4205_cic_compiler_0_0_int_comb_stage_unfolded
INFO: [VRFC 10-311] analyzing module ebaz4205_cic_compiler_0_0_int_comb_stage_unfolded__parameterized0
INFO: [VRFC 10-311] analyzing module ebaz4205_cic_compiler_0_0_int_comb_stage_unfolded__parameterized1
INFO: [VRFC 10-311] analyzing module ebaz4205_cic_compiler_0_0_int_comb_stage_unfolded__parameterized2
INFO: [VRFC 10-311] analyzing module ebaz4205_cic_compiler_0_0_int_comb_stage_unfolded__parameterized3
INFO: [VRFC 10-311] analyzing module ebaz4205_cic_compiler_0_0_int_comb_stage_unfolded__parameterized4
INFO: [VRFC 10-311] analyzing module ebaz4205_cic_compiler_0_0_twopage_address
INFO: [VRFC 10-311] analyzing module ebaz4205_cic_compiler_0_0_twopage_address_3
INFO: [VRFC 10-311] analyzing module ebaz4205_cic_compiler_0_1_add_sub
INFO: [VRFC 10-311] analyzing module ebaz4205_cic_compiler_0_1_add_sub__parameterized0
INFO: [VRFC 10-311] analyzing module ebaz4205_cic_compiler_0_1_add_sub__parameterized1
INFO: [VRFC 10-311] analyzing module ebaz4205_cic_compiler_0_1_add_sub__parameterized2
INFO: [VRFC 10-311] analyzing module ebaz4205_cic_compiler_0_1_add_sub__parameterized3
INFO: [VRFC 10-311] analyzing module ebaz4205_cic_compiler_0_1_add_sub__parameterized4
INFO: [VRFC 10-311] analyzing module ebaz4205_cic_compiler_0_1_add_sub__parameterized5
INFO: [VRFC 10-311] analyzing module ebaz4205_cic_compiler_0_1_add_sub__parameterized6
INFO: [VRFC 10-311] analyzing module ebaz4205_cic_compiler_0_1_chan_cnt
INFO: [VRFC 10-311] analyzing module ebaz4205_cic_compiler_0_1_chan_cnt_1
INFO: [VRFC 10-311] analyzing module ebaz4205_cic_compiler_0_1_chan_cnt_2
INFO: [VRFC 10-311] analyzing module ebaz4205_cic_compiler_0_1_cic_compiler_v4_0_16
INFO: [VRFC 10-311] analyzing module ebaz4205_cic_compiler_0_1_cic_compiler_v4_0_16_viv
INFO: [VRFC 10-311] analyzing module ebaz4205_cic_compiler_0_1_compare
INFO: [VRFC 10-311] analyzing module ebaz4205_cic_compiler_0_1_compare_18
INFO: [VRFC 10-311] analyzing module ebaz4205_cic_compiler_0_1_compare_20
INFO: [VRFC 10-311] analyzing module ebaz4205_cic_compiler_0_1_compare_dualval
INFO: [VRFC 10-311] analyzing module ebaz4205_cic_compiler_0_1_compare_dualval_16
INFO: [VRFC 10-311] analyzing module ebaz4205_cic_compiler_0_1_counter
INFO: [VRFC 10-311] analyzing module ebaz4205_cic_compiler_0_1_counter_17
INFO: [VRFC 10-311] analyzing module ebaz4205_cic_compiler_0_1_counter__parameterized1
INFO: [VRFC 10-311] analyzing module ebaz4205_cic_compiler_0_1_counter__parameterized3
INFO: [VRFC 10-311] analyzing module ebaz4205_cic_compiler_0_1_counter__parameterized3_19
INFO: [VRFC 10-311] analyzing module ebaz4205_cic_compiler_0_1_dec_scaler
INFO: [VRFC 10-311] analyzing module ebaz4205_cic_compiler_0_1_dec_shifter
INFO: [VRFC 10-311] analyzing module ebaz4205_cic_compiler_0_1_decimate
INFO: [VRFC 10-311] analyzing module ebaz4205_cic_compiler_0_1_delay__parameterized10
INFO: [VRFC 10-311] analyzing module ebaz4205_cic_compiler_0_1_delay__parameterized14
INFO: [VRFC 10-311] analyzing module ebaz4205_cic_compiler_0_1_delay__parameterized18
INFO: [VRFC 10-311] analyzing module ebaz4205_cic_compiler_0_1_delay__parameterized22
INFO: [VRFC 10-311] analyzing module ebaz4205_cic_compiler_0_1_delay__parameterized26
INFO: [VRFC 10-311] analyzing module ebaz4205_cic_compiler_0_1_delay__parameterized30
INFO: [VRFC 10-311] analyzing module ebaz4205_cic_compiler_0_1_delay__parameterized36
INFO: [VRFC 10-311] analyzing module ebaz4205_cic_compiler_0_1_delay__parameterized38
INFO: [VRFC 10-311] analyzing module ebaz4205_cic_compiler_0_1_delay__parameterized44
INFO: [VRFC 10-311] analyzing module ebaz4205_cic_compiler_0_1_delay__parameterized46
INFO: [VRFC 10-311] analyzing module ebaz4205_cic_compiler_0_1_delay_bit
INFO: [VRFC 10-311] analyzing module ebaz4205_cic_compiler_0_1_delay_bit_0
INFO: [VRFC 10-311] analyzing module ebaz4205_cic_compiler_0_1_delay_bit_10
INFO: [VRFC 10-311] analyzing module ebaz4205_cic_compiler_0_1_delay_bit_11
INFO: [VRFC 10-311] analyzing module ebaz4205_cic_compiler_0_1_delay_bit_12
INFO: [VRFC 10-311] analyzing module ebaz4205_cic_compiler_0_1_delay_bit_13
INFO: [VRFC 10-311] analyzing module ebaz4205_cic_compiler_0_1_delay_bit_14
INFO: [VRFC 10-311] analyzing module ebaz4205_cic_compiler_0_1_delay_bit_15
INFO: [VRFC 10-311] analyzing module ebaz4205_cic_compiler_0_1_delay_bit_4
INFO: [VRFC 10-311] analyzing module ebaz4205_cic_compiler_0_1_delay_bit_5
INFO: [VRFC 10-311] analyzing module ebaz4205_cic_compiler_0_1_delay_bit_6
INFO: [VRFC 10-311] analyzing module ebaz4205_cic_compiler_0_1_delay_bit_7
INFO: [VRFC 10-311] analyzing module ebaz4205_cic_compiler_0_1_delay_bit_8
INFO: [VRFC 10-311] analyzing module ebaz4205_cic_compiler_0_1_delay_bit_9
INFO: [VRFC 10-311] analyzing module ebaz4205_cic_compiler_0_1_delay_bit__parameterized1
INFO: [VRFC 10-311] analyzing module ebaz4205_cic_compiler_0_1_delay_bit__parameterized1_23
INFO: [VRFC 10-311] analyzing module ebaz4205_cic_compiler_0_1_delay_bit__parameterized5
INFO: [VRFC 10-311] analyzing module ebaz4205_cic_compiler_0_1_delay_bit__parameterized5_21
INFO: [VRFC 10-311] analyzing module ebaz4205_cic_compiler_0_1_delay_bit__parameterized5_22
INFO: [VRFC 10-311] analyzing module ebaz4205_cic_compiler_0_1_delay_bit__parameterized6
INFO: [VRFC 10-311] analyzing module ebaz4205_cic_compiler_0_1_dpr_ram
INFO: [VRFC 10-311] analyzing module ebaz4205_cic_compiler_0_1_emb_calc
INFO: [VRFC 10-311] analyzing module ebaz4205_cic_compiler_0_1_emb_calc__parameterized0
INFO: [VRFC 10-311] analyzing module ebaz4205_cic_compiler_0_1_emb_calc__parameterized1
INFO: [VRFC 10-311] analyzing module ebaz4205_cic_compiler_0_1_emb_calc__parameterized2
INFO: [VRFC 10-311] analyzing module ebaz4205_cic_compiler_0_1_emb_calc__parameterized3
INFO: [VRFC 10-311] analyzing module ebaz4205_cic_compiler_0_1_emb_calc__parameterized4
INFO: [VRFC 10-311] analyzing module ebaz4205_cic_compiler_0_1_emb_calc__parameterized5
INFO: [VRFC 10-311] analyzing module ebaz4205_cic_compiler_0_1_emb_calc__parameterized6
INFO: [VRFC 10-311] analyzing module ebaz4205_cic_compiler_0_1_int_comb_section
INFO: [VRFC 10-311] analyzing module ebaz4205_cic_compiler_0_1_int_comb_section__parameterized0
INFO: [VRFC 10-311] analyzing module ebaz4205_cic_compiler_0_1_int_comb_stage_folded
INFO: [VRFC 10-311] analyzing module ebaz4205_cic_compiler_0_1_int_comb_stage_folded__parameterized0
INFO: [VRFC 10-311] analyzing module ebaz4205_cic_compiler_0_1_int_comb_stage_unfolded
INFO: [VRFC 10-311] analyzing module ebaz4205_cic_compiler_0_1_int_comb_stage_unfolded__parameterized0
INFO: [VRFC 10-311] analyzing module ebaz4205_cic_compiler_0_1_int_comb_stage_unfolded__parameterized1
INFO: [VRFC 10-311] analyzing module ebaz4205_cic_compiler_0_1_int_comb_stage_unfolded__parameterized2
INFO: [VRFC 10-311] analyzing module ebaz4205_cic_compiler_0_1_int_comb_stage_unfolded__parameterized3
INFO: [VRFC 10-311] analyzing module ebaz4205_cic_compiler_0_1_int_comb_stage_unfolded__parameterized4
INFO: [VRFC 10-311] analyzing module ebaz4205_cic_compiler_0_1_twopage_address
INFO: [VRFC 10-311] analyzing module ebaz4205_cic_compiler_0_1_twopage_address_3
INFO: [VRFC 10-311] analyzing module ebaz4205_dds_compiler_0_0_accum
INFO: [VRFC 10-311] analyzing module ebaz4205_dds_compiler_0_0_dds_compiler_v6_0_22
INFO: [VRFC 10-311] analyzing module ebaz4205_dds_compiler_0_0_dds_compiler_v6_0_22_core
INFO: [VRFC 10-311] analyzing module ebaz4205_dds_compiler_0_0_dds_compiler_v6_0_22_rdy
INFO: [VRFC 10-311] analyzing module ebaz4205_dds_compiler_0_0_dds_compiler_v6_0_22_viv
INFO: [VRFC 10-311] analyzing module ebaz4205_dds_compiler_0_0_pipe_add
INFO: [VRFC 10-311] analyzing module ebaz4205_dds_compiler_0_0_sin_cos
INFO: [VRFC 10-311] analyzing module ebaz4205_dds_compiler_0_0_xbip_pipe_v3_0_6_viv
INFO: [VRFC 10-311] analyzing module ebaz4205_dds_compiler_0_0_xbip_pipe_v3_0_6_viv_0
INFO: [VRFC 10-311] analyzing module ebaz4205_dds_compiler_0_0_xbip_pipe_v3_0_6_viv__parameterized1
INFO: [VRFC 10-311] analyzing module ebaz4205_dds_compiler_0_0_xbip_pipe_v3_0_6_viv__parameterized11
INFO: [VRFC 10-311] analyzing module ebaz4205_dds_compiler_0_0_xbip_pipe_v3_0_6_viv__parameterized13
INFO: [VRFC 10-311] analyzing module ebaz4205_dds_compiler_0_0_xbip_pipe_v3_0_6_viv__parameterized13_1
INFO: [VRFC 10-311] analyzing module ebaz4205_dds_compiler_0_0_xbip_pipe_v3_0_6_viv__parameterized15
INFO: [VRFC 10-311] analyzing module ebaz4205_dds_compiler_0_0_xbip_pipe_v3_0_6_viv__parameterized15_2
INFO: [VRFC 10-311] analyzing module ebaz4205_dds_compiler_0_0_xbip_pipe_v3_0_6_viv__parameterized7
INFO: [VRFC 10-311] analyzing module ebaz4205_dds_compiler_0_2_accum
INFO: [VRFC 10-311] analyzing module ebaz4205_dds_compiler_0_2_dds_compiler_v6_0_22
INFO: [VRFC 10-311] analyzing module ebaz4205_dds_compiler_0_2_dds_compiler_v6_0_22_core
INFO: [VRFC 10-311] analyzing module ebaz4205_dds_compiler_0_2_dds_compiler_v6_0_22_rdy
INFO: [VRFC 10-311] analyzing module ebaz4205_dds_compiler_0_2_dds_compiler_v6_0_22_viv
INFO: [VRFC 10-311] analyzing module ebaz4205_dds_compiler_0_2_pipe_add
INFO: [VRFC 10-311] analyzing module ebaz4205_dds_compiler_0_2_sin_cos
INFO: [VRFC 10-311] analyzing module ebaz4205_dds_compiler_0_2_xbip_pipe_v3_0_6_viv
INFO: [VRFC 10-311] analyzing module ebaz4205_dds_compiler_0_2_xbip_pipe_v3_0_6_viv_0
INFO: [VRFC 10-311] analyzing module ebaz4205_dds_compiler_0_2_xbip_pipe_v3_0_6_viv__parameterized1
INFO: [VRFC 10-311] analyzing module ebaz4205_dds_compiler_0_2_xbip_pipe_v3_0_6_viv__parameterized11
INFO: [VRFC 10-311] analyzing module ebaz4205_dds_compiler_0_2_xbip_pipe_v3_0_6_viv__parameterized13
INFO: [VRFC 10-311] analyzing module ebaz4205_dds_compiler_0_2_xbip_pipe_v3_0_6_viv__parameterized13_1
INFO: [VRFC 10-311] analyzing module ebaz4205_dds_compiler_0_2_xbip_pipe_v3_0_6_viv__parameterized15
INFO: [VRFC 10-311] analyzing module ebaz4205_dds_compiler_0_2_xbip_pipe_v3_0_6_viv__parameterized15_2
INFO: [VRFC 10-311] analyzing module ebaz4205_dds_compiler_0_2_xbip_pipe_v3_0_6_viv__parameterized7
INFO: [VRFC 10-311] analyzing module ebaz4205_dds_compiler_0_3_accum
INFO: [VRFC 10-311] analyzing module ebaz4205_dds_compiler_0_3_dds_compiler_v6_0_22
INFO: [VRFC 10-311] analyzing module ebaz4205_dds_compiler_0_3_dds_compiler_v6_0_22_core
INFO: [VRFC 10-311] analyzing module ebaz4205_dds_compiler_0_3_dds_compiler_v6_0_22_rdy
INFO: [VRFC 10-311] analyzing module ebaz4205_dds_compiler_0_3_dds_compiler_v6_0_22_viv
INFO: [VRFC 10-311] analyzing module ebaz4205_dds_compiler_0_3_dither_wrap
INFO: [VRFC 10-311] analyzing module ebaz4205_dds_compiler_0_3_pipe_add
INFO: [VRFC 10-311] analyzing module ebaz4205_dds_compiler_0_3_pipe_add_10
INFO: [VRFC 10-311] analyzing module ebaz4205_dds_compiler_0_3_sin_cos
INFO: [VRFC 10-311] analyzing module ebaz4205_dds_compiler_0_3_xbip_pipe_v3_0_6_viv
INFO: [VRFC 10-311] analyzing module ebaz4205_dds_compiler_0_3_xbip_pipe_v3_0_6_viv_0
INFO: [VRFC 10-311] analyzing module ebaz4205_dds_compiler_0_3_xbip_pipe_v3_0_6_viv__parameterized1
INFO: [VRFC 10-311] analyzing module ebaz4205_dds_compiler_0_3_xbip_pipe_v3_0_6_viv__parameterized12
INFO: [VRFC 10-311] analyzing module ebaz4205_dds_compiler_0_3_xbip_pipe_v3_0_6_viv__parameterized14
INFO: [VRFC 10-311] analyzing module ebaz4205_dds_compiler_0_3_xbip_pipe_v3_0_6_viv__parameterized14_8
INFO: [VRFC 10-311] analyzing module ebaz4205_dds_compiler_0_3_xbip_pipe_v3_0_6_viv__parameterized16
INFO: [VRFC 10-311] analyzing module ebaz4205_dds_compiler_0_3_xbip_pipe_v3_0_6_viv__parameterized16_2
INFO: [VRFC 10-311] analyzing module ebaz4205_dds_compiler_0_3_xbip_pipe_v3_0_6_viv__parameterized16_3
INFO: [VRFC 10-311] analyzing module ebaz4205_dds_compiler_0_3_xbip_pipe_v3_0_6_viv__parameterized16_4
INFO: [VRFC 10-311] analyzing module ebaz4205_dds_compiler_0_3_xbip_pipe_v3_0_6_viv__parameterized16_5
INFO: [VRFC 10-311] analyzing module ebaz4205_dds_compiler_0_3_xbip_pipe_v3_0_6_viv__parameterized16_7
INFO: [VRFC 10-311] analyzing module ebaz4205_dds_compiler_0_3_xbip_pipe_v3_0_6_viv__parameterized18
INFO: [VRFC 10-311] analyzing module ebaz4205_dds_compiler_0_3_xbip_pipe_v3_0_6_viv__parameterized18_6
INFO: [VRFC 10-311] analyzing module ebaz4205_dds_compiler_0_3_xbip_pipe_v3_0_6_viv__parameterized7
INFO: [VRFC 10-311] analyzing module ebaz4205_dds_compiler_0_3_xbip_pipe_v3_0_6_viv__parameterized7_1
INFO: [VRFC 10-311] analyzing module ebaz4205_dds_compiler_0_3_xbip_pipe_v3_0_6_viv__parameterized7_9
INFO: [VRFC 10-311] analyzing module ebaz4205_fir_compiler_0_0_add_accum
INFO: [VRFC 10-311] analyzing module ebaz4205_fir_compiler_0_0_addsub_mult_add
INFO: [VRFC 10-311] analyzing module ebaz4205_fir_compiler_0_0_addsub_mult_add_52
INFO: [VRFC 10-311] analyzing module ebaz4205_fir_compiler_0_0_addsub_mult_add_53
INFO: [VRFC 10-311] analyzing module ebaz4205_fir_compiler_0_0_addsub_mult_add_54
INFO: [VRFC 10-311] analyzing module ebaz4205_fir_compiler_0_0_addsub_mult_add_55
INFO: [VRFC 10-311] analyzing module ebaz4205_fir_compiler_0_0_addsub_mult_add_56
INFO: [VRFC 10-311] analyzing module ebaz4205_fir_compiler_0_0_addsub_mult_add_57
INFO: [VRFC 10-311] analyzing module ebaz4205_fir_compiler_0_0_addsub_mult_add_58
INFO: [VRFC 10-311] analyzing module ebaz4205_fir_compiler_0_0_addsub_mult_add_59
INFO: [VRFC 10-311] analyzing module ebaz4205_fir_compiler_0_0_addsub_mult_add_60
INFO: [VRFC 10-311] analyzing module ebaz4205_fir_compiler_0_0_addsub_mult_add_61
INFO: [VRFC 10-311] analyzing module ebaz4205_fir_compiler_0_0_addsub_mult_add_62
INFO: [VRFC 10-311] analyzing module ebaz4205_fir_compiler_0_0_addsub_mult_add_63
INFO: [VRFC 10-311] analyzing module ebaz4205_fir_compiler_0_0_addsub_mult_add_64
INFO: [VRFC 10-311] analyzing module ebaz4205_fir_compiler_0_0_addsub_mult_add_65
INFO: [VRFC 10-311] analyzing module ebaz4205_fir_compiler_0_0_addsub_mult_add_66
INFO: [VRFC 10-311] analyzing module ebaz4205_fir_compiler_0_0_addsub_mult_add_67
INFO: [VRFC 10-311] analyzing module ebaz4205_fir_compiler_0_0_addsub_mult_add_68
INFO: [VRFC 10-311] analyzing module ebaz4205_fir_compiler_0_0_addsub_mult_add_69
INFO: [VRFC 10-311] analyzing module ebaz4205_fir_compiler_0_0_addsub_mult_add_70
INFO: [VRFC 10-311] analyzing module ebaz4205_fir_compiler_0_0_addsub_mult_add_71
INFO: [VRFC 10-311] analyzing module ebaz4205_fir_compiler_0_0_addsub_mult_add_72
INFO: [VRFC 10-311] analyzing module ebaz4205_fir_compiler_0_0_addsub_mult_add_73
INFO: [VRFC 10-311] analyzing module ebaz4205_fir_compiler_0_0_addsub_mult_add_74
INFO: [VRFC 10-311] analyzing module ebaz4205_fir_compiler_0_0_addsub_mult_add_75
INFO: [VRFC 10-311] analyzing module ebaz4205_fir_compiler_0_0_addsub_mult_add_76
INFO: [VRFC 10-311] analyzing module ebaz4205_fir_compiler_0_0_addsub_mult_add_77
INFO: [VRFC 10-311] analyzing module ebaz4205_fir_compiler_0_0_addsub_mult_add__parameterized0
INFO: [VRFC 10-311] analyzing module ebaz4205_fir_compiler_0_0_buff
INFO: [VRFC 10-311] analyzing module ebaz4205_fir_compiler_0_0_buff_0
INFO: [VRFC 10-311] analyzing module ebaz4205_fir_compiler_0_0_buff_1
INFO: [VRFC 10-311] analyzing module ebaz4205_fir_compiler_0_0_buff_10
INFO: [VRFC 10-311] analyzing module ebaz4205_fir_compiler_0_0_buff_11
INFO: [VRFC 10-311] analyzing module ebaz4205_fir_compiler_0_0_buff_12
INFO: [VRFC 10-311] analyzing module ebaz4205_fir_compiler_0_0_buff_13
INFO: [VRFC 10-311] analyzing module ebaz4205_fir_compiler_0_0_buff_14
INFO: [VRFC 10-311] analyzing module ebaz4205_fir_compiler_0_0_buff_15
INFO: [VRFC 10-311] analyzing module ebaz4205_fir_compiler_0_0_buff_16
INFO: [VRFC 10-311] analyzing module ebaz4205_fir_compiler_0_0_buff_17
INFO: [VRFC 10-311] analyzing module ebaz4205_fir_compiler_0_0_buff_18
INFO: [VRFC 10-311] analyzing module ebaz4205_fir_compiler_0_0_buff_19
INFO: [VRFC 10-311] analyzing module ebaz4205_fir_compiler_0_0_buff_2
INFO: [VRFC 10-311] analyzing module ebaz4205_fir_compiler_0_0_buff_20
INFO: [VRFC 10-311] analyzing module ebaz4205_fir_compiler_0_0_buff_21
INFO: [VRFC 10-311] analyzing module ebaz4205_fir_compiler_0_0_buff_22
INFO: [VRFC 10-311] analyzing module ebaz4205_fir_compiler_0_0_buff_23
INFO: [VRFC 10-311] analyzing module ebaz4205_fir_compiler_0_0_buff_24
INFO: [VRFC 10-311] analyzing module ebaz4205_fir_compiler_0_0_buff_25
INFO: [VRFC 10-311] analyzing module ebaz4205_fir_compiler_0_0_buff_3
INFO: [VRFC 10-311] analyzing module ebaz4205_fir_compiler_0_0_buff_4
INFO: [VRFC 10-311] analyzing module ebaz4205_fir_compiler_0_0_buff_5
INFO: [VRFC 10-311] analyzing module ebaz4205_fir_compiler_0_0_buff_6
INFO: [VRFC 10-311] analyzing module ebaz4205_fir_compiler_0_0_buff_7
INFO: [VRFC 10-311] analyzing module ebaz4205_fir_compiler_0_0_buff_8
INFO: [VRFC 10-311] analyzing module ebaz4205_fir_compiler_0_0_buff_9
INFO: [VRFC 10-311] analyzing module ebaz4205_fir_compiler_0_0_buff__parameterized0
INFO: [VRFC 10-311] analyzing module ebaz4205_fir_compiler_0_0_buff__parameterized0_26
INFO: [VRFC 10-311] analyzing module ebaz4205_fir_compiler_0_0_buff__parameterized0_27
INFO: [VRFC 10-311] analyzing module ebaz4205_fir_compiler_0_0_buff__parameterized0_28
INFO: [VRFC 10-311] analyzing module ebaz4205_fir_compiler_0_0_buff__parameterized0_29
INFO: [VRFC 10-311] analyzing module ebaz4205_fir_compiler_0_0_buff__parameterized0_30
INFO: [VRFC 10-311] analyzing module ebaz4205_fir_compiler_0_0_buff__parameterized0_31
INFO: [VRFC 10-311] analyzing module ebaz4205_fir_compiler_0_0_buff__parameterized0_32
INFO: [VRFC 10-311] analyzing module ebaz4205_fir_compiler_0_0_buff__parameterized0_33
INFO: [VRFC 10-311] analyzing module ebaz4205_fir_compiler_0_0_buff__parameterized0_34
INFO: [VRFC 10-311] analyzing module ebaz4205_fir_compiler_0_0_buff__parameterized0_35
INFO: [VRFC 10-311] analyzing module ebaz4205_fir_compiler_0_0_buff__parameterized0_36
INFO: [VRFC 10-311] analyzing module ebaz4205_fir_compiler_0_0_buff__parameterized0_37
INFO: [VRFC 10-311] analyzing module ebaz4205_fir_compiler_0_0_buff__parameterized0_38
INFO: [VRFC 10-311] analyzing module ebaz4205_fir_compiler_0_0_buff__parameterized0_39
INFO: [VRFC 10-311] analyzing module ebaz4205_fir_compiler_0_0_buff__parameterized0_40
INFO: [VRFC 10-311] analyzing module ebaz4205_fir_compiler_0_0_buff__parameterized0_41
INFO: [VRFC 10-311] analyzing module ebaz4205_fir_compiler_0_0_buff__parameterized0_42
INFO: [VRFC 10-311] analyzing module ebaz4205_fir_compiler_0_0_buff__parameterized0_43
INFO: [VRFC 10-311] analyzing module ebaz4205_fir_compiler_0_0_buff__parameterized0_44
INFO: [VRFC 10-311] analyzing module ebaz4205_fir_compiler_0_0_buff__parameterized0_45
INFO: [VRFC 10-311] analyzing module ebaz4205_fir_compiler_0_0_buff__parameterized0_46
INFO: [VRFC 10-311] analyzing module ebaz4205_fir_compiler_0_0_buff__parameterized0_47
INFO: [VRFC 10-311] analyzing module ebaz4205_fir_compiler_0_0_buff__parameterized0_48
INFO: [VRFC 10-311] analyzing module ebaz4205_fir_compiler_0_0_buff__parameterized0_49
INFO: [VRFC 10-311] analyzing module ebaz4205_fir_compiler_0_0_buff__parameterized0_50
INFO: [VRFC 10-311] analyzing module ebaz4205_fir_compiler_0_0_buff__parameterized0_51
INFO: [VRFC 10-311] analyzing module ebaz4205_fir_compiler_0_0_calc
INFO: [VRFC 10-311] analyzing module ebaz4205_fir_compiler_0_0_calc_100
INFO: [VRFC 10-311] analyzing module ebaz4205_fir_compiler_0_0_calc_101
INFO: [VRFC 10-311] analyzing module ebaz4205_fir_compiler_0_0_calc_102
INFO: [VRFC 10-311] analyzing module ebaz4205_fir_compiler_0_0_calc_103
INFO: [VRFC 10-311] analyzing module ebaz4205_fir_compiler_0_0_calc_104
INFO: [VRFC 10-311] analyzing module ebaz4205_fir_compiler_0_0_calc_105
INFO: [VRFC 10-311] analyzing module ebaz4205_fir_compiler_0_0_calc_106
INFO: [VRFC 10-311] analyzing module ebaz4205_fir_compiler_0_0_calc_80
INFO: [VRFC 10-311] analyzing module ebaz4205_fir_compiler_0_0_calc_81
INFO: [VRFC 10-311] analyzing module ebaz4205_fir_compiler_0_0_calc_82
INFO: [VRFC 10-311] analyzing module ebaz4205_fir_compiler_0_0_calc_83
INFO: [VRFC 10-311] analyzing module ebaz4205_fir_compiler_0_0_calc_84
INFO: [VRFC 10-311] analyzing module ebaz4205_fir_compiler_0_0_calc_85
INFO: [VRFC 10-311] analyzing module ebaz4205_fir_compiler_0_0_calc_86
INFO: [VRFC 10-311] analyzing module ebaz4205_fir_compiler_0_0_calc_87
INFO: [VRFC 10-311] analyzing module ebaz4205_fir_compiler_0_0_calc_88
INFO: [VRFC 10-311] analyzing module ebaz4205_fir_compiler_0_0_calc_89
INFO: [VRFC 10-311] analyzing module ebaz4205_fir_compiler_0_0_calc_90
INFO: [VRFC 10-311] analyzing module ebaz4205_fir_compiler_0_0_calc_91
INFO: [VRFC 10-311] analyzing module ebaz4205_fir_compiler_0_0_calc_92
INFO: [VRFC 10-311] analyzing module ebaz4205_fir_compiler_0_0_calc_93
INFO: [VRFC 10-311] analyzing module ebaz4205_fir_compiler_0_0_calc_94
INFO: [VRFC 10-311] analyzing module ebaz4205_fir_compiler_0_0_calc_95
INFO: [VRFC 10-311] analyzing module ebaz4205_fir_compiler_0_0_calc_96
INFO: [VRFC 10-311] analyzing module ebaz4205_fir_compiler_0_0_calc_97
INFO: [VRFC 10-311] analyzing module ebaz4205_fir_compiler_0_0_calc_98
INFO: [VRFC 10-311] analyzing module ebaz4205_fir_compiler_0_0_calc_99
INFO: [VRFC 10-311] analyzing module ebaz4205_fir_compiler_0_0_calc__parameterized0
INFO: [VRFC 10-311] analyzing module ebaz4205_fir_compiler_0_0_delay__parameterized0
INFO: [VRFC 10-311] analyzing module ebaz4205_fir_compiler_0_0_delay__parameterized0_78
INFO: [VRFC 10-311] analyzing module ebaz4205_fir_compiler_0_0_delay__parameterized10
INFO: [VRFC 10-311] analyzing module ebaz4205_fir_compiler_0_0_delay__parameterized11
INFO: [VRFC 10-311] analyzing module ebaz4205_fir_compiler_0_0_delay__parameterized12
INFO: [VRFC 10-311] analyzing module ebaz4205_fir_compiler_0_0_delay__parameterized13
INFO: [VRFC 10-311] analyzing module ebaz4205_fir_compiler_0_0_delay__parameterized14
INFO: [VRFC 10-311] analyzing module ebaz4205_fir_compiler_0_0_delay__parameterized15
INFO: [VRFC 10-311] analyzing module ebaz4205_fir_compiler_0_0_delay__parameterized16
INFO: [VRFC 10-311] analyzing module ebaz4205_fir_compiler_0_0_delay__parameterized17
INFO: [VRFC 10-311] analyzing module ebaz4205_fir_compiler_0_0_delay__parameterized18
INFO: [VRFC 10-311] analyzing module ebaz4205_fir_compiler_0_0_delay__parameterized19
INFO: [VRFC 10-311] analyzing module ebaz4205_fir_compiler_0_0_delay__parameterized2
INFO: [VRFC 10-311] analyzing module ebaz4205_fir_compiler_0_0_delay__parameterized20
INFO: [VRFC 10-311] analyzing module ebaz4205_fir_compiler_0_0_delay__parameterized21
INFO: [VRFC 10-311] analyzing module ebaz4205_fir_compiler_0_0_delay__parameterized22
INFO: [VRFC 10-311] analyzing module ebaz4205_fir_compiler_0_0_delay__parameterized23
INFO: [VRFC 10-311] analyzing module ebaz4205_fir_compiler_0_0_delay__parameterized24
INFO: [VRFC 10-311] analyzing module ebaz4205_fir_compiler_0_0_delay__parameterized25
INFO: [VRFC 10-311] analyzing module ebaz4205_fir_compiler_0_0_delay__parameterized26
INFO: [VRFC 10-311] analyzing module ebaz4205_fir_compiler_0_0_delay__parameterized27
INFO: [VRFC 10-311] analyzing module ebaz4205_fir_compiler_0_0_delay__parameterized28
INFO: [VRFC 10-311] analyzing module ebaz4205_fir_compiler_0_0_delay__parameterized29
INFO: [VRFC 10-311] analyzing module ebaz4205_fir_compiler_0_0_delay__parameterized30
INFO: [VRFC 10-311] analyzing module ebaz4205_fir_compiler_0_0_delay__parameterized31
INFO: [VRFC 10-311] analyzing module ebaz4205_fir_compiler_0_0_delay__parameterized34
INFO: [VRFC 10-311] analyzing module ebaz4205_fir_compiler_0_0_delay__parameterized36
INFO: [VRFC 10-311] analyzing module ebaz4205_fir_compiler_0_0_delay__parameterized36_107
INFO: [VRFC 10-311] analyzing module ebaz4205_fir_compiler_0_0_delay__parameterized36_108
INFO: [VRFC 10-311] analyzing module ebaz4205_fir_compiler_0_0_delay__parameterized36_109
INFO: [VRFC 10-311] analyzing module ebaz4205_fir_compiler_0_0_delay__parameterized36_110
INFO: [VRFC 10-311] analyzing module ebaz4205_fir_compiler_0_0_delay__parameterized36_111
INFO: [VRFC 10-311] analyzing module ebaz4205_fir_compiler_0_0_delay__parameterized36_112
INFO: [VRFC 10-311] analyzing module ebaz4205_fir_compiler_0_0_delay__parameterized36_113
INFO: [VRFC 10-311] analyzing module ebaz4205_fir_compiler_0_0_delay__parameterized36_114
INFO: [VRFC 10-311] analyzing module ebaz4205_fir_compiler_0_0_delay__parameterized36_115
INFO: [VRFC 10-311] analyzing module ebaz4205_fir_compiler_0_0_delay__parameterized36_116
INFO: [VRFC 10-311] analyzing module ebaz4205_fir_compiler_0_0_delay__parameterized36_117
INFO: [VRFC 10-311] analyzing module ebaz4205_fir_compiler_0_0_delay__parameterized36_118
INFO: [VRFC 10-311] analyzing module ebaz4205_fir_compiler_0_0_delay__parameterized36_119
INFO: [VRFC 10-311] analyzing module ebaz4205_fir_compiler_0_0_delay__parameterized36_120
INFO: [VRFC 10-311] analyzing module ebaz4205_fir_compiler_0_0_delay__parameterized36_121
INFO: [VRFC 10-311] analyzing module ebaz4205_fir_compiler_0_0_delay__parameterized36_122
INFO: [VRFC 10-311] analyzing module ebaz4205_fir_compiler_0_0_delay__parameterized36_123
INFO: [VRFC 10-311] analyzing module ebaz4205_fir_compiler_0_0_delay__parameterized36_124
INFO: [VRFC 10-311] analyzing module ebaz4205_fir_compiler_0_0_delay__parameterized36_125
INFO: [VRFC 10-311] analyzing module ebaz4205_fir_compiler_0_0_delay__parameterized36_126
INFO: [VRFC 10-311] analyzing module ebaz4205_fir_compiler_0_0_delay__parameterized36_127
INFO: [VRFC 10-311] analyzing module ebaz4205_fir_compiler_0_0_delay__parameterized36_128
INFO: [VRFC 10-311] analyzing module ebaz4205_fir_compiler_0_0_delay__parameterized36_129
INFO: [VRFC 10-311] analyzing module ebaz4205_fir_compiler_0_0_delay__parameterized36_130
INFO: [VRFC 10-311] analyzing module ebaz4205_fir_compiler_0_0_delay__parameterized36_131
INFO: [VRFC 10-311] analyzing module ebaz4205_fir_compiler_0_0_delay__parameterized36_132
INFO: [VRFC 10-311] analyzing module ebaz4205_fir_compiler_0_0_delay__parameterized39
INFO: [VRFC 10-311] analyzing module ebaz4205_fir_compiler_0_0_delay__parameterized45
INFO: [VRFC 10-311] analyzing module ebaz4205_fir_compiler_0_0_delay__parameterized45_79
INFO: [VRFC 10-311] analyzing module ebaz4205_fir_compiler_0_0_delay__parameterized46
INFO: [VRFC 10-311] analyzing module ebaz4205_fir_compiler_0_0_delay__parameterized47
INFO: [VRFC 10-311] analyzing module ebaz4205_fir_compiler_0_0_delay__parameterized5
INFO: [VRFC 10-311] analyzing module ebaz4205_fir_compiler_0_0_delay__parameterized5_133
INFO: [VRFC 10-311] analyzing module ebaz4205_fir_compiler_0_0_delay__parameterized5_134
INFO: [VRFC 10-311] analyzing module ebaz4205_fir_compiler_0_0_delay__parameterized5_135
INFO: [VRFC 10-311] analyzing module ebaz4205_fir_compiler_0_0_delay__parameterized5_136
INFO: [VRFC 10-311] analyzing module ebaz4205_fir_compiler_0_0_delay__parameterized5_137
INFO: [VRFC 10-311] analyzing module ebaz4205_fir_compiler_0_0_delay__parameterized5_138
INFO: [VRFC 10-311] analyzing module ebaz4205_fir_compiler_0_0_delay__parameterized5_139
INFO: [VRFC 10-311] analyzing module ebaz4205_fir_compiler_0_0_delay__parameterized5_140
INFO: [VRFC 10-311] analyzing module ebaz4205_fir_compiler_0_0_delay__parameterized5_141
INFO: [VRFC 10-311] analyzing module ebaz4205_fir_compiler_0_0_delay__parameterized5_142
INFO: [VRFC 10-311] analyzing module ebaz4205_fir_compiler_0_0_delay__parameterized5_143
INFO: [VRFC 10-311] analyzing module ebaz4205_fir_compiler_0_0_delay__parameterized5_144
INFO: [VRFC 10-311] analyzing module ebaz4205_fir_compiler_0_0_delay__parameterized5_145
INFO: [VRFC 10-311] analyzing module ebaz4205_fir_compiler_0_0_delay__parameterized5_146
INFO: [VRFC 10-311] analyzing module ebaz4205_fir_compiler_0_0_delay__parameterized5_147
INFO: [VRFC 10-311] analyzing module ebaz4205_fir_compiler_0_0_delay__parameterized5_148
INFO: [VRFC 10-311] analyzing module ebaz4205_fir_compiler_0_0_delay__parameterized5_149
INFO: [VRFC 10-311] analyzing module ebaz4205_fir_compiler_0_0_delay__parameterized5_150
INFO: [VRFC 10-311] analyzing module ebaz4205_fir_compiler_0_0_delay__parameterized5_151
INFO: [VRFC 10-311] analyzing module ebaz4205_fir_compiler_0_0_delay__parameterized5_152
INFO: [VRFC 10-311] analyzing module ebaz4205_fir_compiler_0_0_delay__parameterized5_153
INFO: [VRFC 10-311] analyzing module ebaz4205_fir_compiler_0_0_delay__parameterized5_154
INFO: [VRFC 10-311] analyzing module ebaz4205_fir_compiler_0_0_delay__parameterized5_155
INFO: [VRFC 10-311] analyzing module ebaz4205_fir_compiler_0_0_delay__parameterized5_156
INFO: [VRFC 10-311] analyzing module ebaz4205_fir_compiler_0_0_delay__parameterized5_157
INFO: [VRFC 10-311] analyzing module ebaz4205_fir_compiler_0_0_delay__parameterized5_158
INFO: [VRFC 10-311] analyzing module ebaz4205_fir_compiler_0_0_delay__parameterized6
INFO: [VRFC 10-311] analyzing module ebaz4205_fir_compiler_0_0_delay__parameterized7
INFO: [VRFC 10-311] analyzing module ebaz4205_fir_compiler_0_0_delay__parameterized8
INFO: [VRFC 10-311] analyzing module ebaz4205_fir_compiler_0_0_delay__parameterized9
INFO: [VRFC 10-311] analyzing module ebaz4205_fir_compiler_0_0_dpr_mem
INFO: [VRFC 10-311] analyzing module ebaz4205_fir_compiler_0_0_filt_mem
INFO: [VRFC 10-311] analyzing module ebaz4205_fir_compiler_0_0_filt_mem__parameterized0
INFO: [VRFC 10-311] analyzing module ebaz4205_fir_compiler_0_0_filt_mem__parameterized1
INFO: [VRFC 10-311] analyzing module ebaz4205_fir_compiler_0_0_filt_mem__parameterized10
INFO: [VRFC 10-311] analyzing module ebaz4205_fir_compiler_0_0_filt_mem__parameterized11
INFO: [VRFC 10-311] analyzing module ebaz4205_fir_compiler_0_0_filt_mem__parameterized12
INFO: [VRFC 10-311] analyzing module ebaz4205_fir_compiler_0_0_filt_mem__parameterized2
INFO: [VRFC 10-311] analyzing module ebaz4205_fir_compiler_0_0_filt_mem__parameterized3
INFO: [VRFC 10-311] analyzing module ebaz4205_fir_compiler_0_0_filt_mem__parameterized4
INFO: [VRFC 10-311] analyzing module ebaz4205_fir_compiler_0_0_filt_mem__parameterized5
INFO: [VRFC 10-311] analyzing module ebaz4205_fir_compiler_0_0_filt_mem__parameterized6
INFO: [VRFC 10-311] analyzing module ebaz4205_fir_compiler_0_0_filt_mem__parameterized7
INFO: [VRFC 10-311] analyzing module ebaz4205_fir_compiler_0_0_filt_mem__parameterized8
INFO: [VRFC 10-311] analyzing module ebaz4205_fir_compiler_0_0_filt_mem__parameterized9
INFO: [VRFC 10-311] analyzing module ebaz4205_fir_compiler_0_0_fir_compiler_v7_2_18
INFO: [VRFC 10-311] analyzing module ebaz4205_fir_compiler_0_0_fir_compiler_v7_2_18_viv
INFO: [VRFC 10-311] analyzing module ebaz4205_fir_compiler_0_0_glb_ifx_master
INFO: [VRFC 10-311] analyzing module ebaz4205_fir_compiler_0_0_glb_ifx_slave
INFO: [VRFC 10-311] analyzing module ebaz4205_fir_compiler_0_0_glb_srl_fifo
INFO: [VRFC 10-311] analyzing module ebaz4205_fir_compiler_0_0_glb_srl_fifo__parameterized1
INFO: [VRFC 10-311] analyzing module ebaz4205_fir_compiler_0_0_polyphase_decimation
INFO: [VRFC 10-311] analyzing module ebaz4205_fir_compiler_0_0_sp_mem
INFO: [VRFC 10-311] analyzing module ebaz4205_fir_compiler_0_0_sp_mem__parameterized0
INFO: [VRFC 10-311] analyzing module ebaz4205_fir_compiler_0_0_sp_mem__parameterized1
INFO: [VRFC 10-311] analyzing module ebaz4205_fir_compiler_0_0_sp_mem__parameterized10
INFO: [VRFC 10-311] analyzing module ebaz4205_fir_compiler_0_0_sp_mem__parameterized11
INFO: [VRFC 10-311] analyzing module ebaz4205_fir_compiler_0_0_sp_mem__parameterized12
INFO: [VRFC 10-311] analyzing module ebaz4205_fir_compiler_0_0_sp_mem__parameterized13
INFO: [VRFC 10-311] analyzing module ebaz4205_fir_compiler_0_0_sp_mem__parameterized14
INFO: [VRFC 10-311] analyzing module ebaz4205_fir_compiler_0_0_sp_mem__parameterized15
INFO: [VRFC 10-311] analyzing module ebaz4205_fir_compiler_0_0_sp_mem__parameterized16
INFO: [VRFC 10-311] analyzing module ebaz4205_fir_compiler_0_0_sp_mem__parameterized17
INFO: [VRFC 10-311] analyzing module ebaz4205_fir_compiler_0_0_sp_mem__parameterized18
INFO: [VRFC 10-311] analyzing module ebaz4205_fir_compiler_0_0_sp_mem__parameterized19
INFO: [VRFC 10-311] analyzing module ebaz4205_fir_compiler_0_0_sp_mem__parameterized2
INFO: [VRFC 10-311] analyzing module ebaz4205_fir_compiler_0_0_sp_mem__parameterized20
INFO: [VRFC 10-311] analyzing module ebaz4205_fir_compiler_0_0_sp_mem__parameterized21
INFO: [VRFC 10-311] analyzing module ebaz4205_fir_compiler_0_0_sp_mem__parameterized22
INFO: [VRFC 10-311] analyzing module ebaz4205_fir_compiler_0_0_sp_mem__parameterized23
INFO: [VRFC 10-311] analyzing module ebaz4205_fir_compiler_0_0_sp_mem__parameterized24
INFO: [VRFC 10-311] analyzing module ebaz4205_fir_compiler_0_0_sp_mem__parameterized25
INFO: [VRFC 10-311] analyzing module ebaz4205_fir_compiler_0_0_sp_mem__parameterized26
INFO: [VRFC 10-311] analyzing module ebaz4205_fir_compiler_0_0_sp_mem__parameterized3
INFO: [VRFC 10-311] analyzing module ebaz4205_fir_compiler_0_0_sp_mem__parameterized4
INFO: [VRFC 10-311] analyzing module ebaz4205_fir_compiler_0_0_sp_mem__parameterized5
INFO: [VRFC 10-311] analyzing module ebaz4205_fir_compiler_0_0_sp_mem__parameterized6
INFO: [VRFC 10-311] analyzing module ebaz4205_fir_compiler_0_0_sp_mem__parameterized7
INFO: [VRFC 10-311] analyzing module ebaz4205_fir_compiler_0_0_sp_mem__parameterized8
INFO: [VRFC 10-311] analyzing module ebaz4205_fir_compiler_0_0_sp_mem__parameterized9
INFO: [VRFC 10-311] analyzing module ebaz4205_fir_compiler_0_0_wrap_buff
INFO: [VRFC 10-311] analyzing module ebaz4205_fir_compiler_0_1_add_accum
INFO: [VRFC 10-311] analyzing module ebaz4205_fir_compiler_0_1_addsub_mult_add
INFO: [VRFC 10-311] analyzing module ebaz4205_fir_compiler_0_1_addsub_mult_add_52
INFO: [VRFC 10-311] analyzing module ebaz4205_fir_compiler_0_1_addsub_mult_add_53
INFO: [VRFC 10-311] analyzing module ebaz4205_fir_compiler_0_1_addsub_mult_add_54
INFO: [VRFC 10-311] analyzing module ebaz4205_fir_compiler_0_1_addsub_mult_add_55
INFO: [VRFC 10-311] analyzing module ebaz4205_fir_compiler_0_1_addsub_mult_add_56
INFO: [VRFC 10-311] analyzing module ebaz4205_fir_compiler_0_1_addsub_mult_add_57
INFO: [VRFC 10-311] analyzing module ebaz4205_fir_compiler_0_1_addsub_mult_add_58
INFO: [VRFC 10-311] analyzing module ebaz4205_fir_compiler_0_1_addsub_mult_add_59
INFO: [VRFC 10-311] analyzing module ebaz4205_fir_compiler_0_1_addsub_mult_add_60
INFO: [VRFC 10-311] analyzing module ebaz4205_fir_compiler_0_1_addsub_mult_add_61
INFO: [VRFC 10-311] analyzing module ebaz4205_fir_compiler_0_1_addsub_mult_add_62
INFO: [VRFC 10-311] analyzing module ebaz4205_fir_compiler_0_1_addsub_mult_add_63
INFO: [VRFC 10-311] analyzing module ebaz4205_fir_compiler_0_1_addsub_mult_add_64
INFO: [VRFC 10-311] analyzing module ebaz4205_fir_compiler_0_1_addsub_mult_add_65
INFO: [VRFC 10-311] analyzing module ebaz4205_fir_compiler_0_1_addsub_mult_add_66
INFO: [VRFC 10-311] analyzing module ebaz4205_fir_compiler_0_1_addsub_mult_add_67
INFO: [VRFC 10-311] analyzing module ebaz4205_fir_compiler_0_1_addsub_mult_add_68
INFO: [VRFC 10-311] analyzing module ebaz4205_fir_compiler_0_1_addsub_mult_add_69
INFO: [VRFC 10-311] analyzing module ebaz4205_fir_compiler_0_1_addsub_mult_add_70
INFO: [VRFC 10-311] analyzing module ebaz4205_fir_compiler_0_1_addsub_mult_add_71
INFO: [VRFC 10-311] analyzing module ebaz4205_fir_compiler_0_1_addsub_mult_add_72
INFO: [VRFC 10-311] analyzing module ebaz4205_fir_compiler_0_1_addsub_mult_add_73
INFO: [VRFC 10-311] analyzing module ebaz4205_fir_compiler_0_1_addsub_mult_add_74
INFO: [VRFC 10-311] analyzing module ebaz4205_fir_compiler_0_1_addsub_mult_add_75
INFO: [VRFC 10-311] analyzing module ebaz4205_fir_compiler_0_1_addsub_mult_add_76
INFO: [VRFC 10-311] analyzing module ebaz4205_fir_compiler_0_1_addsub_mult_add_77
INFO: [VRFC 10-311] analyzing module ebaz4205_fir_compiler_0_1_addsub_mult_add__parameterized0
INFO: [VRFC 10-311] analyzing module ebaz4205_fir_compiler_0_1_buff
INFO: [VRFC 10-311] analyzing module ebaz4205_fir_compiler_0_1_buff_0
INFO: [VRFC 10-311] analyzing module ebaz4205_fir_compiler_0_1_buff_1
INFO: [VRFC 10-311] analyzing module ebaz4205_fir_compiler_0_1_buff_10
INFO: [VRFC 10-311] analyzing module ebaz4205_fir_compiler_0_1_buff_11
INFO: [VRFC 10-311] analyzing module ebaz4205_fir_compiler_0_1_buff_12
INFO: [VRFC 10-311] analyzing module ebaz4205_fir_compiler_0_1_buff_13
INFO: [VRFC 10-311] analyzing module ebaz4205_fir_compiler_0_1_buff_14
INFO: [VRFC 10-311] analyzing module ebaz4205_fir_compiler_0_1_buff_15
INFO: [VRFC 10-311] analyzing module ebaz4205_fir_compiler_0_1_buff_16
INFO: [VRFC 10-311] analyzing module ebaz4205_fir_compiler_0_1_buff_17
INFO: [VRFC 10-311] analyzing module ebaz4205_fir_compiler_0_1_buff_18
INFO: [VRFC 10-311] analyzing module ebaz4205_fir_compiler_0_1_buff_19
INFO: [VRFC 10-311] analyzing module ebaz4205_fir_compiler_0_1_buff_2
INFO: [VRFC 10-311] analyzing module ebaz4205_fir_compiler_0_1_buff_20
INFO: [VRFC 10-311] analyzing module ebaz4205_fir_compiler_0_1_buff_21
INFO: [VRFC 10-311] analyzing module ebaz4205_fir_compiler_0_1_buff_22
INFO: [VRFC 10-311] analyzing module ebaz4205_fir_compiler_0_1_buff_23
INFO: [VRFC 10-311] analyzing module ebaz4205_fir_compiler_0_1_buff_24
INFO: [VRFC 10-311] analyzing module ebaz4205_fir_compiler_0_1_buff_25
INFO: [VRFC 10-311] analyzing module ebaz4205_fir_compiler_0_1_buff_3
INFO: [VRFC 10-311] analyzing module ebaz4205_fir_compiler_0_1_buff_4
INFO: [VRFC 10-311] analyzing module ebaz4205_fir_compiler_0_1_buff_5
INFO: [VRFC 10-311] analyzing module ebaz4205_fir_compiler_0_1_buff_6
INFO: [VRFC 10-311] analyzing module ebaz4205_fir_compiler_0_1_buff_7
INFO: [VRFC 10-311] analyzing module ebaz4205_fir_compiler_0_1_buff_8
INFO: [VRFC 10-311] analyzing module ebaz4205_fir_compiler_0_1_buff_9
INFO: [VRFC 10-311] analyzing module ebaz4205_fir_compiler_0_1_buff__parameterized0
INFO: [VRFC 10-311] analyzing module ebaz4205_fir_compiler_0_1_buff__parameterized0_26
INFO: [VRFC 10-311] analyzing module ebaz4205_fir_compiler_0_1_buff__parameterized0_27
INFO: [VRFC 10-311] analyzing module ebaz4205_fir_compiler_0_1_buff__parameterized0_28
INFO: [VRFC 10-311] analyzing module ebaz4205_fir_compiler_0_1_buff__parameterized0_29
INFO: [VRFC 10-311] analyzing module ebaz4205_fir_compiler_0_1_buff__parameterized0_30
INFO: [VRFC 10-311] analyzing module ebaz4205_fir_compiler_0_1_buff__parameterized0_31
INFO: [VRFC 10-311] analyzing module ebaz4205_fir_compiler_0_1_buff__parameterized0_32
INFO: [VRFC 10-311] analyzing module ebaz4205_fir_compiler_0_1_buff__parameterized0_33
INFO: [VRFC 10-311] analyzing module ebaz4205_fir_compiler_0_1_buff__parameterized0_34
INFO: [VRFC 10-311] analyzing module ebaz4205_fir_compiler_0_1_buff__parameterized0_35
INFO: [VRFC 10-311] analyzing module ebaz4205_fir_compiler_0_1_buff__parameterized0_36
INFO: [VRFC 10-311] analyzing module ebaz4205_fir_compiler_0_1_buff__parameterized0_37
INFO: [VRFC 10-311] analyzing module ebaz4205_fir_compiler_0_1_buff__parameterized0_38
INFO: [VRFC 10-311] analyzing module ebaz4205_fir_compiler_0_1_buff__parameterized0_39
INFO: [VRFC 10-311] analyzing module ebaz4205_fir_compiler_0_1_buff__parameterized0_40
INFO: [VRFC 10-311] analyzing module ebaz4205_fir_compiler_0_1_buff__parameterized0_41
INFO: [VRFC 10-311] analyzing module ebaz4205_fir_compiler_0_1_buff__parameterized0_42
INFO: [VRFC 10-311] analyzing module ebaz4205_fir_compiler_0_1_buff__parameterized0_43
INFO: [VRFC 10-311] analyzing module ebaz4205_fir_compiler_0_1_buff__parameterized0_44
INFO: [VRFC 10-311] analyzing module ebaz4205_fir_compiler_0_1_buff__parameterized0_45
INFO: [VRFC 10-311] analyzing module ebaz4205_fir_compiler_0_1_buff__parameterized0_46
INFO: [VRFC 10-311] analyzing module ebaz4205_fir_compiler_0_1_buff__parameterized0_47
INFO: [VRFC 10-311] analyzing module ebaz4205_fir_compiler_0_1_buff__parameterized0_48
INFO: [VRFC 10-311] analyzing module ebaz4205_fir_compiler_0_1_buff__parameterized0_49
INFO: [VRFC 10-311] analyzing module ebaz4205_fir_compiler_0_1_buff__parameterized0_50
INFO: [VRFC 10-311] analyzing module ebaz4205_fir_compiler_0_1_buff__parameterized0_51
INFO: [VRFC 10-311] analyzing module ebaz4205_fir_compiler_0_1_calc
INFO: [VRFC 10-311] analyzing module ebaz4205_fir_compiler_0_1_calc_100
INFO: [VRFC 10-311] analyzing module ebaz4205_fir_compiler_0_1_calc_101
INFO: [VRFC 10-311] analyzing module ebaz4205_fir_compiler_0_1_calc_102
INFO: [VRFC 10-311] analyzing module ebaz4205_fir_compiler_0_1_calc_103
INFO: [VRFC 10-311] analyzing module ebaz4205_fir_compiler_0_1_calc_104
INFO: [VRFC 10-311] analyzing module ebaz4205_fir_compiler_0_1_calc_105
INFO: [VRFC 10-311] analyzing module ebaz4205_fir_compiler_0_1_calc_106
INFO: [VRFC 10-311] analyzing module ebaz4205_fir_compiler_0_1_calc_80
INFO: [VRFC 10-311] analyzing module ebaz4205_fir_compiler_0_1_calc_81
INFO: [VRFC 10-311] analyzing module ebaz4205_fir_compiler_0_1_calc_82
INFO: [VRFC 10-311] analyzing module ebaz4205_fir_compiler_0_1_calc_83
INFO: [VRFC 10-311] analyzing module ebaz4205_fir_compiler_0_1_calc_84
INFO: [VRFC 10-311] analyzing module ebaz4205_fir_compiler_0_1_calc_85
INFO: [VRFC 10-311] analyzing module ebaz4205_fir_compiler_0_1_calc_86
INFO: [VRFC 10-311] analyzing module ebaz4205_fir_compiler_0_1_calc_87
INFO: [VRFC 10-311] analyzing module ebaz4205_fir_compiler_0_1_calc_88
INFO: [VRFC 10-311] analyzing module ebaz4205_fir_compiler_0_1_calc_89
INFO: [VRFC 10-311] analyzing module ebaz4205_fir_compiler_0_1_calc_90
INFO: [VRFC 10-311] analyzing module ebaz4205_fir_compiler_0_1_calc_91
INFO: [VRFC 10-311] analyzing module ebaz4205_fir_compiler_0_1_calc_92
INFO: [VRFC 10-311] analyzing module ebaz4205_fir_compiler_0_1_calc_93
INFO: [VRFC 10-311] analyzing module ebaz4205_fir_compiler_0_1_calc_94
INFO: [VRFC 10-311] analyzing module ebaz4205_fir_compiler_0_1_calc_95
INFO: [VRFC 10-311] analyzing module ebaz4205_fir_compiler_0_1_calc_96
INFO: [VRFC 10-311] analyzing module ebaz4205_fir_compiler_0_1_calc_97
INFO: [VRFC 10-311] analyzing module ebaz4205_fir_compiler_0_1_calc_98
INFO: [VRFC 10-311] analyzing module ebaz4205_fir_compiler_0_1_calc_99
INFO: [VRFC 10-311] analyzing module ebaz4205_fir_compiler_0_1_calc__parameterized0
INFO: [VRFC 10-311] analyzing module ebaz4205_fir_compiler_0_1_delay__parameterized0
INFO: [VRFC 10-311] analyzing module ebaz4205_fir_compiler_0_1_delay__parameterized0_78
INFO: [VRFC 10-311] analyzing module ebaz4205_fir_compiler_0_1_delay__parameterized10
INFO: [VRFC 10-311] analyzing module ebaz4205_fir_compiler_0_1_delay__parameterized11
INFO: [VRFC 10-311] analyzing module ebaz4205_fir_compiler_0_1_delay__parameterized12
INFO: [VRFC 10-311] analyzing module ebaz4205_fir_compiler_0_1_delay__parameterized13
INFO: [VRFC 10-311] analyzing module ebaz4205_fir_compiler_0_1_delay__parameterized14
INFO: [VRFC 10-311] analyzing module ebaz4205_fir_compiler_0_1_delay__parameterized15
INFO: [VRFC 10-311] analyzing module ebaz4205_fir_compiler_0_1_delay__parameterized16
INFO: [VRFC 10-311] analyzing module ebaz4205_fir_compiler_0_1_delay__parameterized17
INFO: [VRFC 10-311] analyzing module ebaz4205_fir_compiler_0_1_delay__parameterized18
INFO: [VRFC 10-311] analyzing module ebaz4205_fir_compiler_0_1_delay__parameterized19
INFO: [VRFC 10-311] analyzing module ebaz4205_fir_compiler_0_1_delay__parameterized2
INFO: [VRFC 10-311] analyzing module ebaz4205_fir_compiler_0_1_delay__parameterized20
INFO: [VRFC 10-311] analyzing module ebaz4205_fir_compiler_0_1_delay__parameterized21
INFO: [VRFC 10-311] analyzing module ebaz4205_fir_compiler_0_1_delay__parameterized22
INFO: [VRFC 10-311] analyzing module ebaz4205_fir_compiler_0_1_delay__parameterized23
INFO: [VRFC 10-311] analyzing module ebaz4205_fir_compiler_0_1_delay__parameterized24
INFO: [VRFC 10-311] analyzing module ebaz4205_fir_compiler_0_1_delay__parameterized25
INFO: [VRFC 10-311] analyzing module ebaz4205_fir_compiler_0_1_delay__parameterized26
INFO: [VRFC 10-311] analyzing module ebaz4205_fir_compiler_0_1_delay__parameterized27
INFO: [VRFC 10-311] analyzing module ebaz4205_fir_compiler_0_1_delay__parameterized28
INFO: [VRFC 10-311] analyzing module ebaz4205_fir_compiler_0_1_delay__parameterized29
INFO: [VRFC 10-311] analyzing module ebaz4205_fir_compiler_0_1_delay__parameterized30
INFO: [VRFC 10-311] analyzing module ebaz4205_fir_compiler_0_1_delay__parameterized31
INFO: [VRFC 10-311] analyzing module ebaz4205_fir_compiler_0_1_delay__parameterized34
INFO: [VRFC 10-311] analyzing module ebaz4205_fir_compiler_0_1_delay__parameterized36
INFO: [VRFC 10-311] analyzing module ebaz4205_fir_compiler_0_1_delay__parameterized36_107
INFO: [VRFC 10-311] analyzing module ebaz4205_fir_compiler_0_1_delay__parameterized36_108
INFO: [VRFC 10-311] analyzing module ebaz4205_fir_compiler_0_1_delay__parameterized36_109
INFO: [VRFC 10-311] analyzing module ebaz4205_fir_compiler_0_1_delay__parameterized36_110
INFO: [VRFC 10-311] analyzing module ebaz4205_fir_compiler_0_1_delay__parameterized36_111
INFO: [VRFC 10-311] analyzing module ebaz4205_fir_compiler_0_1_delay__parameterized36_112
INFO: [VRFC 10-311] analyzing module ebaz4205_fir_compiler_0_1_delay__parameterized36_113
INFO: [VRFC 10-311] analyzing module ebaz4205_fir_compiler_0_1_delay__parameterized36_114
INFO: [VRFC 10-311] analyzing module ebaz4205_fir_compiler_0_1_delay__parameterized36_115
INFO: [VRFC 10-311] analyzing module ebaz4205_fir_compiler_0_1_delay__parameterized36_116
INFO: [VRFC 10-311] analyzing module ebaz4205_fir_compiler_0_1_delay__parameterized36_117
INFO: [VRFC 10-311] analyzing module ebaz4205_fir_compiler_0_1_delay__parameterized36_118
INFO: [VRFC 10-311] analyzing module ebaz4205_fir_compiler_0_1_delay__parameterized36_119
INFO: [VRFC 10-311] analyzing module ebaz4205_fir_compiler_0_1_delay__parameterized36_120
INFO: [VRFC 10-311] analyzing module ebaz4205_fir_compiler_0_1_delay__parameterized36_121
INFO: [VRFC 10-311] analyzing module ebaz4205_fir_compiler_0_1_delay__parameterized36_122
INFO: [VRFC 10-311] analyzing module ebaz4205_fir_compiler_0_1_delay__parameterized36_123
INFO: [VRFC 10-311] analyzing module ebaz4205_fir_compiler_0_1_delay__parameterized36_124
INFO: [VRFC 10-311] analyzing module ebaz4205_fir_compiler_0_1_delay__parameterized36_125
INFO: [VRFC 10-311] analyzing module ebaz4205_fir_compiler_0_1_delay__parameterized36_126
INFO: [VRFC 10-311] analyzing module ebaz4205_fir_compiler_0_1_delay__parameterized36_127
INFO: [VRFC 10-311] analyzing module ebaz4205_fir_compiler_0_1_delay__parameterized36_128
INFO: [VRFC 10-311] analyzing module ebaz4205_fir_compiler_0_1_delay__parameterized36_129
INFO: [VRFC 10-311] analyzing module ebaz4205_fir_compiler_0_1_delay__parameterized36_130
INFO: [VRFC 10-311] analyzing module ebaz4205_fir_compiler_0_1_delay__parameterized36_131
INFO: [VRFC 10-311] analyzing module ebaz4205_fir_compiler_0_1_delay__parameterized36_132
INFO: [VRFC 10-311] analyzing module ebaz4205_fir_compiler_0_1_delay__parameterized39
INFO: [VRFC 10-311] analyzing module ebaz4205_fir_compiler_0_1_delay__parameterized45
INFO: [VRFC 10-311] analyzing module ebaz4205_fir_compiler_0_1_delay__parameterized45_79
INFO: [VRFC 10-311] analyzing module ebaz4205_fir_compiler_0_1_delay__parameterized46
INFO: [VRFC 10-311] analyzing module ebaz4205_fir_compiler_0_1_delay__parameterized47
INFO: [VRFC 10-311] analyzing module ebaz4205_fir_compiler_0_1_delay__parameterized5
INFO: [VRFC 10-311] analyzing module ebaz4205_fir_compiler_0_1_delay__parameterized5_133
INFO: [VRFC 10-311] analyzing module ebaz4205_fir_compiler_0_1_delay__parameterized5_134
INFO: [VRFC 10-311] analyzing module ebaz4205_fir_compiler_0_1_delay__parameterized5_135
INFO: [VRFC 10-311] analyzing module ebaz4205_fir_compiler_0_1_delay__parameterized5_136
INFO: [VRFC 10-311] analyzing module ebaz4205_fir_compiler_0_1_delay__parameterized5_137
INFO: [VRFC 10-311] analyzing module ebaz4205_fir_compiler_0_1_delay__parameterized5_138
INFO: [VRFC 10-311] analyzing module ebaz4205_fir_compiler_0_1_delay__parameterized5_139
INFO: [VRFC 10-311] analyzing module ebaz4205_fir_compiler_0_1_delay__parameterized5_140
INFO: [VRFC 10-311] analyzing module ebaz4205_fir_compiler_0_1_delay__parameterized5_141
INFO: [VRFC 10-311] analyzing module ebaz4205_fir_compiler_0_1_delay__parameterized5_142
INFO: [VRFC 10-311] analyzing module ebaz4205_fir_compiler_0_1_delay__parameterized5_143
INFO: [VRFC 10-311] analyzing module ebaz4205_fir_compiler_0_1_delay__parameterized5_144
INFO: [VRFC 10-311] analyzing module ebaz4205_fir_compiler_0_1_delay__parameterized5_145
INFO: [VRFC 10-311] analyzing module ebaz4205_fir_compiler_0_1_delay__parameterized5_146
INFO: [VRFC 10-311] analyzing module ebaz4205_fir_compiler_0_1_delay__parameterized5_147
INFO: [VRFC 10-311] analyzing module ebaz4205_fir_compiler_0_1_delay__parameterized5_148
INFO: [VRFC 10-311] analyzing module ebaz4205_fir_compiler_0_1_delay__parameterized5_149
INFO: [VRFC 10-311] analyzing module ebaz4205_fir_compiler_0_1_delay__parameterized5_150
INFO: [VRFC 10-311] analyzing module ebaz4205_fir_compiler_0_1_delay__parameterized5_151
INFO: [VRFC 10-311] analyzing module ebaz4205_fir_compiler_0_1_delay__parameterized5_152
INFO: [VRFC 10-311] analyzing module ebaz4205_fir_compiler_0_1_delay__parameterized5_153
INFO: [VRFC 10-311] analyzing module ebaz4205_fir_compiler_0_1_delay__parameterized5_154
INFO: [VRFC 10-311] analyzing module ebaz4205_fir_compiler_0_1_delay__parameterized5_155
INFO: [VRFC 10-311] analyzing module ebaz4205_fir_compiler_0_1_delay__parameterized5_156
INFO: [VRFC 10-311] analyzing module ebaz4205_fir_compiler_0_1_delay__parameterized5_157
INFO: [VRFC 10-311] analyzing module ebaz4205_fir_compiler_0_1_delay__parameterized5_158
INFO: [VRFC 10-311] analyzing module ebaz4205_fir_compiler_0_1_delay__parameterized6
INFO: [VRFC 10-311] analyzing module ebaz4205_fir_compiler_0_1_delay__parameterized7
INFO: [VRFC 10-311] analyzing module ebaz4205_fir_compiler_0_1_delay__parameterized8
INFO: [VRFC 10-311] analyzing module ebaz4205_fir_compiler_0_1_delay__parameterized9
INFO: [VRFC 10-311] analyzing module ebaz4205_fir_compiler_0_1_dpr_mem
INFO: [VRFC 10-311] analyzing module ebaz4205_fir_compiler_0_1_filt_mem
INFO: [VRFC 10-311] analyzing module ebaz4205_fir_compiler_0_1_filt_mem__parameterized0
INFO: [VRFC 10-311] analyzing module ebaz4205_fir_compiler_0_1_filt_mem__parameterized1
INFO: [VRFC 10-311] analyzing module ebaz4205_fir_compiler_0_1_filt_mem__parameterized10
INFO: [VRFC 10-311] analyzing module ebaz4205_fir_compiler_0_1_filt_mem__parameterized11
INFO: [VRFC 10-311] analyzing module ebaz4205_fir_compiler_0_1_filt_mem__parameterized12
INFO: [VRFC 10-311] analyzing module ebaz4205_fir_compiler_0_1_filt_mem__parameterized2
INFO: [VRFC 10-311] analyzing module ebaz4205_fir_compiler_0_1_filt_mem__parameterized3
INFO: [VRFC 10-311] analyzing module ebaz4205_fir_compiler_0_1_filt_mem__parameterized4
INFO: [VRFC 10-311] analyzing module ebaz4205_fir_compiler_0_1_filt_mem__parameterized5
INFO: [VRFC 10-311] analyzing module ebaz4205_fir_compiler_0_1_filt_mem__parameterized6
INFO: [VRFC 10-311] analyzing module ebaz4205_fir_compiler_0_1_filt_mem__parameterized7
INFO: [VRFC 10-311] analyzing module ebaz4205_fir_compiler_0_1_filt_mem__parameterized8
INFO: [VRFC 10-311] analyzing module ebaz4205_fir_compiler_0_1_filt_mem__parameterized9
INFO: [VRFC 10-311] analyzing module ebaz4205_fir_compiler_0_1_fir_compiler_v7_2_18
INFO: [VRFC 10-311] analyzing module ebaz4205_fir_compiler_0_1_fir_compiler_v7_2_18_viv
INFO: [VRFC 10-311] analyzing module ebaz4205_fir_compiler_0_1_glb_ifx_master
INFO: [VRFC 10-311] analyzing module ebaz4205_fir_compiler_0_1_glb_ifx_slave
INFO: [VRFC 10-311] analyzing module ebaz4205_fir_compiler_0_1_glb_srl_fifo
INFO: [VRFC 10-311] analyzing module ebaz4205_fir_compiler_0_1_glb_srl_fifo__parameterized1
INFO: [VRFC 10-311] analyzing module ebaz4205_fir_compiler_0_1_polyphase_decimation
INFO: [VRFC 10-311] analyzing module ebaz4205_fir_compiler_0_1_sp_mem
INFO: [VRFC 10-311] analyzing module ebaz4205_fir_compiler_0_1_sp_mem__parameterized0
INFO: [VRFC 10-311] analyzing module ebaz4205_fir_compiler_0_1_sp_mem__parameterized1
INFO: [VRFC 10-311] analyzing module ebaz4205_fir_compiler_0_1_sp_mem__parameterized10
INFO: [VRFC 10-311] analyzing module ebaz4205_fir_compiler_0_1_sp_mem__parameterized11
INFO: [VRFC 10-311] analyzing module ebaz4205_fir_compiler_0_1_sp_mem__parameterized12
INFO: [VRFC 10-311] analyzing module ebaz4205_fir_compiler_0_1_sp_mem__parameterized13
INFO: [VRFC 10-311] analyzing module ebaz4205_fir_compiler_0_1_sp_mem__parameterized14
INFO: [VRFC 10-311] analyzing module ebaz4205_fir_compiler_0_1_sp_mem__parameterized15
INFO: [VRFC 10-311] analyzing module ebaz4205_fir_compiler_0_1_sp_mem__parameterized16
INFO: [VRFC 10-311] analyzing module ebaz4205_fir_compiler_0_1_sp_mem__parameterized17
INFO: [VRFC 10-311] analyzing module ebaz4205_fir_compiler_0_1_sp_mem__parameterized18
INFO: [VRFC 10-311] analyzing module ebaz4205_fir_compiler_0_1_sp_mem__parameterized19
INFO: [VRFC 10-311] analyzing module ebaz4205_fir_compiler_0_1_sp_mem__parameterized2
INFO: [VRFC 10-311] analyzing module ebaz4205_fir_compiler_0_1_sp_mem__parameterized20
INFO: [VRFC 10-311] analyzing module ebaz4205_fir_compiler_0_1_sp_mem__parameterized21
INFO: [VRFC 10-311] analyzing module ebaz4205_fir_compiler_0_1_sp_mem__parameterized22
INFO: [VRFC 10-311] analyzing module ebaz4205_fir_compiler_0_1_sp_mem__parameterized23
INFO: [VRFC 10-311] analyzing module ebaz4205_fir_compiler_0_1_sp_mem__parameterized24
INFO: [VRFC 10-311] analyzing module ebaz4205_fir_compiler_0_1_sp_mem__parameterized25
INFO: [VRFC 10-311] analyzing module ebaz4205_fir_compiler_0_1_sp_mem__parameterized26
INFO: [VRFC 10-311] analyzing module ebaz4205_fir_compiler_0_1_sp_mem__parameterized3
INFO: [VRFC 10-311] analyzing module ebaz4205_fir_compiler_0_1_sp_mem__parameterized4
INFO: [VRFC 10-311] analyzing module ebaz4205_fir_compiler_0_1_sp_mem__parameterized5
INFO: [VRFC 10-311] analyzing module ebaz4205_fir_compiler_0_1_sp_mem__parameterized6
INFO: [VRFC 10-311] analyzing module ebaz4205_fir_compiler_0_1_sp_mem__parameterized7
INFO: [VRFC 10-311] analyzing module ebaz4205_fir_compiler_0_1_sp_mem__parameterized8
INFO: [VRFC 10-311] analyzing module ebaz4205_fir_compiler_0_1_sp_mem__parameterized9
INFO: [VRFC 10-311] analyzing module ebaz4205_fir_compiler_0_1_wrap_buff
INFO: [VRFC 10-311] analyzing module ebaz4205_mult_gen_0_0_luts
INFO: [VRFC 10-311] analyzing module ebaz4205_mult_gen_0_0_mult_gen_v12_0_18
INFO: [VRFC 10-311] analyzing module ebaz4205_mult_gen_0_0_mult_gen_v12_0_18_viv
INFO: [VRFC 10-311] analyzing module ebaz4205_mult_gen_0_1_luts
INFO: [VRFC 10-311] analyzing module ebaz4205_mult_gen_0_1_mult_gen_v12_0_18
INFO: [VRFC 10-311] analyzing module ebaz4205_mult_gen_0_1_mult_gen_v12_0_18_viv
INFO: [VRFC 10-311] analyzing module ebaz4205_mult_gen_0_2_mult_gen_v12_0_18
INFO: [VRFC 10-311] analyzing module ebaz4205_mult_gen_0_2_mult_gen_v12_0_18_viv
INFO: [VRFC 10-311] analyzing module ebaz4205_mult_gen_0_2_multmxn_lut6
INFO: [VRFC 10-311] analyzing module ebaz4205_mult_gen_0_2_three_input_adder
INFO: [VRFC 10-311] analyzing module ebaz4205_mult_gen_0_2_three_input_adder__parameterized0
INFO: [VRFC 10-311] analyzing module ebaz4205_mult_gen_0_2_three_input_adder__parameterized0_0
INFO: [VRFC 10-311] analyzing module ebaz4205_mult_gen_0_2_three_input_adder__parameterized0_1
INFO: [VRFC 10-311] analyzing module ebaz4205_mult_gen_0_2_three_input_adder__parameterized0_2
INFO: [VRFC 10-311] analyzing module ebaz4205_mult_gen_0_2_three_input_adder__parameterized0_3
INFO: [VRFC 10-311] analyzing module ebaz4205_mult_gen_0_3_luts
INFO: [VRFC 10-311] analyzing module ebaz4205_mult_gen_0_3_mult_gen_v12_0_18
INFO: [VRFC 10-311] analyzing module ebaz4205_mult_gen_0_3_mult_gen_v12_0_18_viv
INFO: [VRFC 10-311] analyzing module ebaz4205_mult_gen_0_4_luts
INFO: [VRFC 10-311] analyzing module ebaz4205_mult_gen_0_4_mult_gen_v12_0_18
INFO: [VRFC 10-311] analyzing module ebaz4205_mult_gen_0_4_mult_gen_v12_0_18_viv
INFO: [VRFC 10-311] analyzing module ebaz4205_mult_gen_0_5_dsp
INFO: [VRFC 10-311] analyzing module ebaz4205_mult_gen_0_5_hybrid
INFO: [VRFC 10-311] analyzing module ebaz4205_mult_gen_0_5_mult_gen_v12_0_18
INFO: [VRFC 10-311] analyzing module ebaz4205_mult_gen_0_5_mult_gen_v12_0_18_viv
INFO: [VRFC 10-311] analyzing module ebaz4205_mult_gen_1_0_luts
INFO: [VRFC 10-311] analyzing module ebaz4205_mult_gen_1_0_mult_gen_v12_0_18
INFO: [VRFC 10-311] analyzing module ebaz4205_mult_gen_1_0_mult_gen_v12_0_18_viv
INFO: [VRFC 10-311] analyzing module ebaz4205_mult_gen_1_1_luts
INFO: [VRFC 10-311] analyzing module ebaz4205_mult_gen_1_1_mult_gen_v12_0_18
INFO: [VRFC 10-311] analyzing module ebaz4205_mult_gen_1_1_mult_gen_v12_0_18_viv
INFO: [VRFC 10-311] analyzing module ebaz4205_mult_sin_0_luts
INFO: [VRFC 10-311] analyzing module ebaz4205_mult_sin_0_mult_gen_v12_0_18
INFO: [VRFC 10-311] analyzing module ebaz4205_mult_sin_0_mult_gen_v12_0_18_viv
INFO: [VRFC 10-311] analyzing module ebaz4205_v_tc_0_0_tc_generator
INFO: [VRFC 10-311] analyzing module glbl
