
*** Running vivado
    with args -log ebaz4205_processing_system7_0_0.vds -m64 -product Vivado -mode batch -messageDb vivado.pb -notrace -source ebaz4205_processing_system7_0_0.tcl


****** Vivado v2022.2 (64-bit)
  **** SW Build 3671981 on Fri Oct 14 04:59:54 MDT 2022
  **** IP Build 3669848 on Fri Oct 14 08:30:02 MDT 2022
    ** Copyright 1986-2022 Xilinx, Inc. All Rights Reserved.

source ebaz4205_processing_system7_0_0.tcl -notrace
create_project: Time (s): cpu = 00:00:05 ; elapsed = 00:00:05 . Memory (MB): peak = 1402.480 ; gain = 0.023 ; free physical = 263 ; free virtual = 5950
INFO: [IP_Flow 19-234] Refreshing IP repositories
INFO: [IP_Flow 19-1700] Loaded user IP repository '/home/guido/GitHub/EBAZ4205_SDR_spectrum/IP_rgb2dvi'.
INFO: [IP_Flow 19-1700] Loaded user IP repository '/home/guido/GitHub/EBAZ4205_SDR_spectrum/IP_axi_dynclk'.
INFO: [IP_Flow 19-1700] Loaded user IP repository '/home/guido/GitHub/EBAZ4205_SDR_spectrum/IP_axis_capture'.
INFO: [IP_Flow 19-1700] Loaded user IP repository '/home/guido/GitHub/EBAZ4205_SDR_spectrum/IP_ps2_mouse'.
INFO: [IP_Flow 19-2313] Loaded Vivado IP repository '/home/guido/Xilinx-tools/Vivado/2022.2/data/ip'.
Command: synth_design -top ebaz4205_processing_system7_0_0 -part xc7z010clg400-1 -incremental_mode off -mode out_of_context
Starting synth_design
Attempting to get a license for feature 'Synthesis' and/or device 'xc7z010'
INFO: [Common 17-349] Got license for feature 'Synthesis' and/or device 'xc7z010'
INFO: [Device 21-403] Loading part xc7z010clg400-1
INFO: [Synth 8-7079] Multithreading enabled for synth_design using a maximum of 4 processes.
INFO: [Synth 8-7078] Launching helper process for spawning children vivado processes
INFO: [Synth 8-7075] Helper process launched with PID 917936

*** Running vivado
    with args -log ebaz4205_processing_system7_0_0.vds -m64 -product Vivado -mode batch -messageDb vivado.pb -notrace -source ebaz4205_processing_system7_0_0.tcl


****** Vivado v2022.2 (64-bit)
  **** SW Build 3671981 on Fri Oct 14 04:59:54 MDT 2022
  **** IP Build 3669848 on Fri Oct 14 08:30:02 MDT 2022
    ** Copyright 1986-2022 Xilinx, Inc. All Rights Reserved.

source ebaz4205_processing_system7_0_0.tcl -notrace
INFO: [IP_Flow 19-234] Refreshing IP repositories
INFO: [IP_Flow 19-1700] Loaded user IP repository '/home/guido/GitHub/EBAZ4205_SDR_spectrum/IP_rgb2dvi'.
INFO: [IP_Flow 19-1700] Loaded user IP repository '/home/guido/GitHub/EBAZ4205_SDR_spectrum/IP_axi_dynclk'.
INFO: [IP_Flow 19-1700] Loaded user IP repository '/home/guido/GitHub/EBAZ4205_SDR_spectrum/IP_axis_capture'.
INFO: [IP_Flow 19-1700] Loaded user IP repository '/home/guido/GitHub/EBAZ4205_SDR_spectrum/IP_ps2_mouse'.
INFO: [IP_Flow 19-2313] Loaded Vivado IP repository '/home/guido/Xilinx-tools/Vivado/2022.2/data/ip'.
Command: synth_design -top ebaz4205_processing_system7_0_0 -part xc7z010clg400-1 -incremental_mode off -mode out_of_context
Starting synth_design
Attempting to get a license for feature 'Synthesis' and/or device 'xc7z010'
INFO: [Common 17-349] Got license for feature 'Synthesis' and/or device 'xc7z010'
INFO: [Device 21-403] Loading part xc7z010clg400-1
INFO: [Synth 8-7079] Multithreading enabled for synth_design using a maximum of 4 processes.
INFO: [Synth 8-7078] Launching helper process for spawning children vivado processes
INFO: [Synth 8-7075] Helper process launched with PID 7891
INFO: [Synth 8-11241] undeclared symbol 'REGCCE', assumed default net type 'wire' [/home/guido/Xilinx-tools/Vivado/2022.2/data/verilog/src/unimacro/BRAM_SINGLE_MACRO.v:2170]
---------------------------------------------------------------------------------
Starting RTL Elaboration : Time (s): cpu = 00:00:04 ; elapsed = 00:00:07 . Memory (MB): peak = 2051.465 ; gain = 371.770 ; free physical = 7820 ; free virtual = 12534
Synthesis current peak Physical Memory [PSS] (MB): peak = 1248.526; parent = 1124.927; children = 123.600
Synthesis current peak Virtual Memory [VSS] (MB): peak = 3033.809; parent = 2057.406; children = 976.402
---------------------------------------------------------------------------------
INFO: [Synth 8-6157] synthesizing module 'ebaz4205_processing_system7_0_0' [/home/guido/GitHub/EBAZ4205_SDR_spectrum/Vivado/Vivado.gen/sources_1/bd/ebaz4205/ip/ebaz4205_processing_system7_0_0/synth/ebaz4205_processing_system7_0_0.v:53]
INFO: [Synth 8-6157] synthesizing module 'processing_system7_v5_5_processing_system7' [/home/guido/GitHub/EBAZ4205_SDR_spectrum/Vivado/Vivado.gen/sources_1/bd/ebaz4205/ip/ebaz4205_processing_system7_0_0/hdl/verilog/processing_system7_v5_5_processing_system7.v:152]
INFO: [Synth 8-6157] synthesizing module 'BUFG' [/home/guido/Xilinx-tools/Vivado/2022.2/scripts/rt/data/unisim_comp.v:1082]
INFO: [Synth 8-6155] done synthesizing module 'BUFG' (0#1) [/home/guido/Xilinx-tools/Vivado/2022.2/scripts/rt/data/unisim_comp.v:1082]
INFO: [Synth 8-6157] synthesizing module 'BIBUF' [/home/guido/Xilinx-tools/Vivado/2022.2/scripts/rt/data/unisim_comp.v:729]
INFO: [Synth 8-6155] done synthesizing module 'BIBUF' (0#1) [/home/guido/Xilinx-tools/Vivado/2022.2/scripts/rt/data/unisim_comp.v:729]
INFO: [Synth 8-6157] synthesizing module 'PS7' [/home/guido/Xilinx-tools/Vivado/2022.2/scripts/rt/data/unisim_comp.v:109424]
INFO: [Synth 8-6155] done synthesizing module 'PS7' (0#1) [/home/guido/Xilinx-tools/Vivado/2022.2/scripts/rt/data/unisim_comp.v:109424]
INFO: [Synth 8-6155] done synthesizing module 'processing_system7_v5_5_processing_system7' (0#1) [/home/guido/GitHub/EBAZ4205_SDR_spectrum/Vivado/Vivado.gen/sources_1/bd/ebaz4205/ip/ebaz4205_processing_system7_0_0/hdl/verilog/processing_system7_v5_5_processing_system7.v:152]
WARNING: [Synth 8-7071] port 'M_AXI_GP0_ARESETN' of module 'processing_system7_v5_5_processing_system7' is unconnected for instance 'inst' [/home/guido/GitHub/EBAZ4205_SDR_spectrum/Vivado/Vivado.gen/sources_1/bd/ebaz4205/ip/ebaz4205_processing_system7_0_0/synth/ebaz4205_processing_system7_0_0.v:524]
WARNING: [Synth 8-7071] port 'M_AXI_GP1_ARESETN' of module 'processing_system7_v5_5_processing_system7' is unconnected for instance 'inst' [/home/guido/GitHub/EBAZ4205_SDR_spectrum/Vivado/Vivado.gen/sources_1/bd/ebaz4205/ip/ebaz4205_processing_system7_0_0/synth/ebaz4205_processing_system7_0_0.v:524]
WARNING: [Synth 8-7071] port 'S_AXI_GP0_ARESETN' of module 'processing_system7_v5_5_processing_system7' is unconnected for instance 'inst' [/home/guido/GitHub/EBAZ4205_SDR_spectrum/Vivado/Vivado.gen/sources_1/bd/ebaz4205/ip/ebaz4205_processing_system7_0_0/synth/ebaz4205_processing_system7_0_0.v:524]
WARNING: [Synth 8-7071] port 'S_AXI_GP1_ARESETN' of module 'processing_system7_v5_5_processing_system7' is unconnected for instance 'inst' [/home/guido/GitHub/EBAZ4205_SDR_spectrum/Vivado/Vivado.gen/sources_1/bd/ebaz4205/ip/ebaz4205_processing_system7_0_0/synth/ebaz4205_processing_system7_0_0.v:524]
WARNING: [Synth 8-7071] port 'S_AXI_ACP_ARESETN' of module 'processing_system7_v5_5_processing_system7' is unconnected for instance 'inst' [/home/guido/GitHub/EBAZ4205_SDR_spectrum/Vivado/Vivado.gen/sources_1/bd/ebaz4205/ip/ebaz4205_processing_system7_0_0/synth/ebaz4205_processing_system7_0_0.v:524]
WARNING: [Synth 8-7071] port 'S_AXI_HP0_ARESETN' of module 'processing_system7_v5_5_processing_system7' is unconnected for instance 'inst' [/home/guido/GitHub/EBAZ4205_SDR_spectrum/Vivado/Vivado.gen/sources_1/bd/ebaz4205/ip/ebaz4205_processing_system7_0_0/synth/ebaz4205_processing_system7_0_0.v:524]
WARNING: [Synth 8-7071] port 'S_AXI_HP1_ARESETN' of module 'processing_system7_v5_5_processing_system7' is unconnected for instance 'inst' [/home/guido/GitHub/EBAZ4205_SDR_spectrum/Vivado/Vivado.gen/sources_1/bd/ebaz4205/ip/ebaz4205_processing_system7_0_0/synth/ebaz4205_processing_system7_0_0.v:524]
WARNING: [Synth 8-7071] port 'S_AXI_HP2_ARESETN' of module 'processing_system7_v5_5_processing_system7' is unconnected for instance 'inst' [/home/guido/GitHub/EBAZ4205_SDR_spectrum/Vivado/Vivado.gen/sources_1/bd/ebaz4205/ip/ebaz4205_processing_system7_0_0/synth/ebaz4205_processing_system7_0_0.v:524]
WARNING: [Synth 8-7071] port 'S_AXI_HP3_ARESETN' of module 'processing_system7_v5_5_processing_system7' is unconnected for instance 'inst' [/home/guido/GitHub/EBAZ4205_SDR_spectrum/Vivado/Vivado.gen/sources_1/bd/ebaz4205/ip/ebaz4205_processing_system7_0_0/synth/ebaz4205_processing_system7_0_0.v:524]
WARNING: [Synth 8-7071] port 'DMA0_RSTN' of module 'processing_system7_v5_5_processing_system7' is unconnected for instance 'inst' [/home/guido/GitHub/EBAZ4205_SDR_spectrum/Vivado/Vivado.gen/sources_1/bd/ebaz4205/ip/ebaz4205_processing_system7_0_0/synth/ebaz4205_processing_system7_0_0.v:524]
WARNING: [Synth 8-7071] port 'DMA1_RSTN' of module 'processing_system7_v5_5_processing_system7' is unconnected for instance 'inst' [/home/guido/GitHub/EBAZ4205_SDR_spectrum/Vivado/Vivado.gen/sources_1/bd/ebaz4205/ip/ebaz4205_processing_system7_0_0/synth/ebaz4205_processing_system7_0_0.v:524]
WARNING: [Synth 8-7071] port 'DMA2_RSTN' of module 'processing_system7_v5_5_processing_system7' is unconnected for instance 'inst' [/home/guido/GitHub/EBAZ4205_SDR_spectrum/Vivado/Vivado.gen/sources_1/bd/ebaz4205/ip/ebaz4205_processing_system7_0_0/synth/ebaz4205_processing_system7_0_0.v:524]
WARNING: [Synth 8-7071] port 'DMA3_RSTN' of module 'processing_system7_v5_5_processing_system7' is unconnected for instance 'inst' [/home/guido/GitHub/EBAZ4205_SDR_spectrum/Vivado/Vivado.gen/sources_1/bd/ebaz4205/ip/ebaz4205_processing_system7_0_0/synth/ebaz4205_processing_system7_0_0.v:524]
WARNING: [Synth 8-7023] instance 'inst' of module 'processing_system7_v5_5_processing_system7' has 685 connections declared, but only 672 given [/home/guido/GitHub/EBAZ4205_SDR_spectrum/Vivado/Vivado.gen/sources_1/bd/ebaz4205/ip/ebaz4205_processing_system7_0_0/synth/ebaz4205_processing_system7_0_0.v:524]
INFO: [Synth 8-6155] done synthesizing module 'ebaz4205_processing_system7_0_0' (0#1) [/home/guido/GitHub/EBAZ4205_SDR_spectrum/Vivado/Vivado.gen/sources_1/bd/ebaz4205/ip/ebaz4205_processing_system7_0_0/synth/ebaz4205_processing_system7_0_0.v:53]
WARNING: [Synth 8-7129] Port ENET1_GMII_COL in module processing_system7_v5_5_processing_system7 is either unconnected or has no load
WARNING: [Synth 8-7129] Port ENET1_GMII_CRS in module processing_system7_v5_5_processing_system7 is either unconnected or has no load
WARNING: [Synth 8-7129] Port ENET1_GMII_RX_DV in module processing_system7_v5_5_processing_system7 is either unconnected or has no load
WARNING: [Synth 8-7129] Port ENET1_GMII_RX_ER in module processing_system7_v5_5_processing_system7 is either unconnected or has no load
WARNING: [Synth 8-7129] Port ENET1_GMII_RXD[7] in module processing_system7_v5_5_processing_system7 is either unconnected or has no load
WARNING: [Synth 8-7129] Port ENET1_GMII_RXD[6] in module processing_system7_v5_5_processing_system7 is either unconnected or has no load
WARNING: [Synth 8-7129] Port ENET1_GMII_RXD[5] in module processing_system7_v5_5_processing_system7 is either unconnected or has no load
WARNING: [Synth 8-7129] Port ENET1_GMII_RXD[4] in module processing_system7_v5_5_processing_system7 is either unconnected or has no load
WARNING: [Synth 8-7129] Port ENET1_GMII_RXD[3] in module processing_system7_v5_5_processing_system7 is either unconnected or has no load
WARNING: [Synth 8-7129] Port ENET1_GMII_RXD[2] in module processing_system7_v5_5_processing_system7 is either unconnected or has no load
WARNING: [Synth 8-7129] Port ENET1_GMII_RXD[1] in module processing_system7_v5_5_processing_system7 is either unconnected or has no load
WARNING: [Synth 8-7129] Port ENET1_GMII_RXD[0] in module processing_system7_v5_5_processing_system7 is either unconnected or has no load
WARNING: [Synth 8-7129] Port S_AXI_GP0_ARSIZE[2] in module processing_system7_v5_5_processing_system7 is either unconnected or has no load
WARNING: [Synth 8-7129] Port S_AXI_GP0_AWSIZE[2] in module processing_system7_v5_5_processing_system7 is either unconnected or has no load
WARNING: [Synth 8-7129] Port S_AXI_GP1_ARSIZE[2] in module processing_system7_v5_5_processing_system7 is either unconnected or has no load
WARNING: [Synth 8-7129] Port S_AXI_GP1_AWSIZE[2] in module processing_system7_v5_5_processing_system7 is either unconnected or has no load
WARNING: [Synth 8-7129] Port S_AXI_ACP_ARSIZE[2] in module processing_system7_v5_5_processing_system7 is either unconnected or has no load
WARNING: [Synth 8-7129] Port S_AXI_ACP_AWSIZE[2] in module processing_system7_v5_5_processing_system7 is either unconnected or has no load
WARNING: [Synth 8-7129] Port S_AXI_HP0_ARSIZE[2] in module processing_system7_v5_5_processing_system7 is either unconnected or has no load
WARNING: [Synth 8-7129] Port S_AXI_HP0_AWSIZE[2] in module processing_system7_v5_5_processing_system7 is either unconnected or has no load
WARNING: [Synth 8-7129] Port S_AXI_HP1_ARSIZE[2] in module processing_system7_v5_5_processing_system7 is either unconnected or has no load
WARNING: [Synth 8-7129] Port S_AXI_HP1_AWSIZE[2] in module processing_system7_v5_5_processing_system7 is either unconnected or has no load
WARNING: [Synth 8-7129] Port S_AXI_HP2_ARSIZE[2] in module processing_system7_v5_5_processing_system7 is either unconnected or has no load
WARNING: [Synth 8-7129] Port S_AXI_HP2_AWSIZE[2] in module processing_system7_v5_5_processing_system7 is either unconnected or has no load
WARNING: [Synth 8-7129] Port S_AXI_HP3_ARSIZE[2] in module processing_system7_v5_5_processing_system7 is either unconnected or has no load
WARNING: [Synth 8-7129] Port S_AXI_HP3_AWSIZE[2] in module processing_system7_v5_5_processing_system7 is either unconnected or has no load
WARNING: [Synth 8-7129] Port FCLK_CLKTRIG3_N in module processing_system7_v5_5_processing_system7 is either unconnected or has no load
WARNING: [Synth 8-7129] Port FCLK_CLKTRIG2_N in module processing_system7_v5_5_processing_system7 is either unconnected or has no load
WARNING: [Synth 8-7129] Port FCLK_CLKTRIG1_N in module processing_system7_v5_5_processing_system7 is either unconnected or has no load
WARNING: [Synth 8-7129] Port FCLK_CLKTRIG0_N in module processing_system7_v5_5_processing_system7 is either unconnected or has no load
WARNING: [Synth 8-7129] Port FTMD_TRACEIN_DATA[31] in module processing_system7_v5_5_processing_system7 is either unconnected or has no load
WARNING: [Synth 8-7129] Port FTMD_TRACEIN_DATA[30] in module processing_system7_v5_5_processing_system7 is either unconnected or has no load
WARNING: [Synth 8-7129] Port FTMD_TRACEIN_DATA[29] in module processing_system7_v5_5_processing_system7 is either unconnected or has no load
WARNING: [Synth 8-7129] Port FTMD_TRACEIN_DATA[28] in module processing_system7_v5_5_processing_system7 is either unconnected or has no load
WARNING: [Synth 8-7129] Port FTMD_TRACEIN_DATA[27] in module processing_system7_v5_5_processing_system7 is either unconnected or has no load
WARNING: [Synth 8-7129] Port FTMD_TRACEIN_DATA[26] in module processing_system7_v5_5_processing_system7 is either unconnected or has no load
WARNING: [Synth 8-7129] Port FTMD_TRACEIN_DATA[25] in module processing_system7_v5_5_processing_system7 is either unconnected or has no load
WARNING: [Synth 8-7129] Port FTMD_TRACEIN_DATA[24] in module processing_system7_v5_5_processing_system7 is either unconnected or has no load
WARNING: [Synth 8-7129] Port FTMD_TRACEIN_DATA[23] in module processing_system7_v5_5_processing_system7 is either unconnected or has no load
WARNING: [Synth 8-7129] Port FTMD_TRACEIN_DATA[22] in module processing_system7_v5_5_processing_system7 is either unconnected or has no load
WARNING: [Synth 8-7129] Port FTMD_TRACEIN_DATA[21] in module processing_system7_v5_5_processing_system7 is either unconnected or has no load
WARNING: [Synth 8-7129] Port FTMD_TRACEIN_DATA[20] in module processing_system7_v5_5_processing_system7 is either unconnected or has no load
WARNING: [Synth 8-7129] Port FTMD_TRACEIN_DATA[19] in module processing_system7_v5_5_processing_system7 is either unconnected or has no load
WARNING: [Synth 8-7129] Port FTMD_TRACEIN_DATA[18] in module processing_system7_v5_5_processing_system7 is either unconnected or has no load
WARNING: [Synth 8-7129] Port FTMD_TRACEIN_DATA[17] in module processing_system7_v5_5_processing_system7 is either unconnected or has no load
WARNING: [Synth 8-7129] Port FTMD_TRACEIN_DATA[16] in module processing_system7_v5_5_processing_system7 is either unconnected or has no load
WARNING: [Synth 8-7129] Port FTMD_TRACEIN_DATA[15] in module processing_system7_v5_5_processing_system7 is either unconnected or has no load
WARNING: [Synth 8-7129] Port FTMD_TRACEIN_DATA[14] in module processing_system7_v5_5_processing_system7 is either unconnected or has no load
WARNING: [Synth 8-7129] Port FTMD_TRACEIN_DATA[13] in module processing_system7_v5_5_processing_system7 is either unconnected or has no load
WARNING: [Synth 8-7129] Port FTMD_TRACEIN_DATA[12] in module processing_system7_v5_5_processing_system7 is either unconnected or has no load
WARNING: [Synth 8-7129] Port FTMD_TRACEIN_DATA[11] in module processing_system7_v5_5_processing_system7 is either unconnected or has no load
WARNING: [Synth 8-7129] Port FTMD_TRACEIN_DATA[10] in module processing_system7_v5_5_processing_system7 is either unconnected or has no load
WARNING: [Synth 8-7129] Port FTMD_TRACEIN_DATA[9] in module processing_system7_v5_5_processing_system7 is either unconnected or has no load
WARNING: [Synth 8-7129] Port FTMD_TRACEIN_DATA[8] in module processing_system7_v5_5_processing_system7 is either unconnected or has no load
WARNING: [Synth 8-7129] Port FTMD_TRACEIN_DATA[7] in module processing_system7_v5_5_processing_system7 is either unconnected or has no load
WARNING: [Synth 8-7129] Port FTMD_TRACEIN_DATA[6] in module processing_system7_v5_5_processing_system7 is either unconnected or has no load
WARNING: [Synth 8-7129] Port FTMD_TRACEIN_DATA[5] in module processing_system7_v5_5_processing_system7 is either unconnected or has no load
WARNING: [Synth 8-7129] Port FTMD_TRACEIN_DATA[4] in module processing_system7_v5_5_processing_system7 is either unconnected or has no load
WARNING: [Synth 8-7129] Port FTMD_TRACEIN_DATA[3] in module processing_system7_v5_5_processing_system7 is either unconnected or has no load
WARNING: [Synth 8-7129] Port FTMD_TRACEIN_DATA[2] in module processing_system7_v5_5_processing_system7 is either unconnected or has no load
WARNING: [Synth 8-7129] Port FTMD_TRACEIN_DATA[1] in module processing_system7_v5_5_processing_system7 is either unconnected or has no load
WARNING: [Synth 8-7129] Port FTMD_TRACEIN_DATA[0] in module processing_system7_v5_5_processing_system7 is either unconnected or has no load
WARNING: [Synth 8-7129] Port FTMD_TRACEIN_VALID in module processing_system7_v5_5_processing_system7 is either unconnected or has no load
WARNING: [Synth 8-7129] Port FTMD_TRACEIN_ATID[3] in module processing_system7_v5_5_processing_system7 is either unconnected or has no load
WARNING: [Synth 8-7129] Port FTMD_TRACEIN_ATID[2] in module processing_system7_v5_5_processing_system7 is either unconnected or has no load
WARNING: [Synth 8-7129] Port FTMD_TRACEIN_ATID[1] in module processing_system7_v5_5_processing_system7 is either unconnected or has no load
WARNING: [Synth 8-7129] Port FTMD_TRACEIN_ATID[0] in module processing_system7_v5_5_processing_system7 is either unconnected or has no load
---------------------------------------------------------------------------------
Finished RTL Elaboration : Time (s): cpu = 00:00:06 ; elapsed = 00:00:09 . Memory (MB): peak = 2129.371 ; gain = 449.676 ; free physical = 6809 ; free virtual = 11529
Synthesis current peak Physical Memory [PSS] (MB): peak = 1248.526; parent = 1124.927; children = 123.600
Synthesis current peak Virtual Memory [VSS] (MB): peak = 3105.777; parent = 2129.375; children = 976.402
---------------------------------------------------------------------------------
---------------------------------------------------------------------------------
Start Handling Custom Attributes
---------------------------------------------------------------------------------
---------------------------------------------------------------------------------
Finished Handling Custom Attributes : Time (s): cpu = 00:00:07 ; elapsed = 00:00:09 . Memory (MB): peak = 2144.215 ; gain = 464.520 ; free physical = 6965 ; free virtual = 11684
Synthesis current peak Physical Memory [PSS] (MB): peak = 1248.526; parent = 1124.927; children = 123.600
Synthesis current peak Virtual Memory [VSS] (MB): peak = 3120.621; parent = 2144.219; children = 976.402
---------------------------------------------------------------------------------
---------------------------------------------------------------------------------
Finished RTL Optimization Phase 1 : Time (s): cpu = 00:00:07 ; elapsed = 00:00:09 . Memory (MB): peak = 2144.215 ; gain = 464.520 ; free physical = 6996 ; free virtual = 11717
Synthesis current peak Physical Memory [PSS] (MB): peak = 1248.526; parent = 1124.927; children = 123.600
Synthesis current peak Virtual Memory [VSS] (MB): peak = 3120.621; parent = 2144.219; children = 976.402
---------------------------------------------------------------------------------
Netlist sorting complete. Time (s): cpu = 00:00:00.01 ; elapsed = 00:00:00.01 . Memory (MB): peak = 2150.152 ; gain = 0.000 ; free physical = 7118 ; free virtual = 11842
INFO: [Project 1-570] Preparing netlist for logic optimization

Processing XDC Constraints
Initializing timing engine
Parsing XDC File [/home/guido/GitHub/EBAZ4205_SDR_spectrum/Vivado/Vivado.gen/sources_1/bd/ebaz4205/ip/ebaz4205_processing_system7_0_0/ebaz4205_processing_system7_0_0.xdc] for cell 'inst'
Finished Parsing XDC File [/home/guido/GitHub/EBAZ4205_SDR_spectrum/Vivado/Vivado.gen/sources_1/bd/ebaz4205/ip/ebaz4205_processing_system7_0_0/ebaz4205_processing_system7_0_0.xdc] for cell 'inst'
INFO: [Project 1-236] Implementation specific constraints were found while reading constraint file [/home/guido/GitHub/EBAZ4205_SDR_spectrum/Vivado/Vivado.gen/sources_1/bd/ebaz4205/ip/ebaz4205_processing_system7_0_0/ebaz4205_processing_system7_0_0.xdc]. These constraints will be ignored for synthesis but will be used in implementation. Impacted constraints are listed in the file [.Xil/ebaz4205_processing_system7_0_0_propImpl.xdc].
Resolution: To avoid this warning, move constraints listed in [.Xil/ebaz4205_processing_system7_0_0_propImpl.xdc] to another XDC file and exclude this new file from synthesis with the used_in_synthesis property (File Properties dialog in GUI) and re-run elaboration/synthesis.
Parsing XDC File [/home/guido/GitHub/EBAZ4205_SDR_spectrum/Vivado/Vivado.runs/ebaz4205_processing_system7_0_0_synth_1/dont_touch.xdc]
Finished Parsing XDC File [/home/guido/GitHub/EBAZ4205_SDR_spectrum/Vivado/Vivado.runs/ebaz4205_processing_system7_0_0_synth_1/dont_touch.xdc]
Completed Processing XDC Constraints

Netlist sorting complete. Time (s): cpu = 00:00:00 ; elapsed = 00:00:00 . Memory (MB): peak = 2224.090 ; gain = 0.000 ; free physical = 7355 ; free virtual = 12095
INFO: [Project 1-111] Unisim Transformation Summary:
No Unisim elements were transformed.

Constraint Validation Runtime : Time (s): cpu = 00:00:00.03 ; elapsed = 00:00:00.03 . Memory (MB): peak = 2224.090 ; gain = 0.000 ; free physical = 7392 ; free virtual = 12131
INFO: [Designutils 20-5008] Incremental synthesis strategy off
INFO: [Synth 8-11241] undeclared symbol 'REGCCE', assumed default net type 'wire' [/home/guido/Xilinx-tools/Vivado/2022.2/data/verilog/src/unimacro/BRAM_SINGLE_MACRO.v:2170]
---------------------------------------------------------------------------------
Finished Constraint Validation : Time (s): cpu = 00:00:14 ; elapsed = 00:00:17 . Memory (MB): peak = 2224.090 ; gain = 544.395 ; free physical = 7642 ; free virtual = 12420
Synthesis current peak Physical Memory [PSS] (MB): peak = 1248.526; parent = 1124.927; children = 123.600
Synthesis current peak Virtual Memory [VSS] (MB): peak = 3168.480; parent = 2192.078; children = 976.402
---------------------------------------------------------------------------------
---------------------------------------------------------------------------------
Start Loading Part and Timing Information
---------------------------------------------------------------------------------
Loading part: xc7z010clg400-1
---------------------------------------------------------------------------------
Finished Loading Part and Timing Information : Time (s): cpu = 00:00:14 ; elapsed = 00:00:17 . Memory (MB): peak = 2224.090 ; gain = 544.395 ; free physical = 7637 ; free virtual = 12422
Synthesis current peak Physical Memory [PSS] (MB): peak = 1248.526; parent = 1124.927; children = 123.600
Synthesis current peak Virtual Memory [VSS] (MB): peak = 3168.480; parent = 2192.078; children = 976.402
---------------------------------------------------------------------------------
---------------------------------------------------------------------------------
Start Applying 'set_property' XDC Constraints
---------------------------------------------------------------------------------
Applied set_property KEEP_HIERARCHY = SOFT for inst. (constraint file  /home/guido/GitHub/EBAZ4205_SDR_spectrum/Vivado/Vivado.runs/ebaz4205_processing_system7_0_0_synth_1/dont_touch.xdc, line 9).
---------------------------------------------------------------------------------
Finished applying 'set_property' XDC Constraints : Time (s): cpu = 00:00:15 ; elapsed = 00:00:18 . Memory (MB): peak = 2224.090 ; gain = 544.395 ; free physical = 7644 ; free virtual = 12430
Synthesis current peak Physical Memory [PSS] (MB): peak = 1248.526; parent = 1124.927; children = 123.600
Synthesis current peak Virtual Memory [VSS] (MB): peak = 3168.480; parent = 2192.078; children = 976.402
---------------------------------------------------------------------------------
---------------------------------------------------------------------------------
Finished RTL Optimization Phase 2 : Time (s): cpu = 00:00:15 ; elapsed = 00:00:18 . Memory (MB): peak = 2224.090 ; gain = 544.395 ; free physical = 7506 ; free virtual = 12302
Synthesis current peak Physical Memory [PSS] (MB): peak = 1248.526; parent = 1124.927; children = 123.600
Synthesis current peak Virtual Memory [VSS] (MB): peak = 3168.480; parent = 2192.078; children = 976.402
---------------------------------------------------------------------------------
---------------------------------------------------------------------------------
Start RTL Component Statistics 
---------------------------------------------------------------------------------
Detailed RTL Component Info : 
+---Registers : 
	                8 Bit    Registers := 2     
	                1 Bit    Registers := 6     
---------------------------------------------------------------------------------
Finished RTL Component Statistics 
---------------------------------------------------------------------------------
---------------------------------------------------------------------------------
Start Part Resource Summary
---------------------------------------------------------------------------------
Part Resources:
DSPs: 80 (col length:40)
BRAMs: 120 (col length: RAMB18 40 RAMB36 20)
---------------------------------------------------------------------------------
Finished Part Resource Summary
---------------------------------------------------------------------------------
---------------------------------------------------------------------------------
Start Cross Boundary and Area Optimization
---------------------------------------------------------------------------------
WARNING: [Synth 8-7080] Parallel synthesis criteria is not met
WARNING: [Synth 8-7129] Port ENET1_GMII_COL in module processing_system7_v5_5_processing_system7 is either unconnected or has no load
WARNING: [Synth 8-7129] Port ENET1_GMII_CRS in module processing_system7_v5_5_processing_system7 is either unconnected or has no load
WARNING: [Synth 8-7129] Port ENET1_GMII_RX_DV in module processing_system7_v5_5_processing_system7 is either unconnected or has no load
WARNING: [Synth 8-7129] Port ENET1_GMII_RX_ER in module processing_system7_v5_5_processing_system7 is either unconnected or has no load
WARNING: [Synth 8-7129] Port ENET1_GMII_RXD[7] in module processing_system7_v5_5_processing_system7 is either unconnected or has no load
WARNING: [Synth 8-7129] Port ENET1_GMII_RXD[6] in module processing_system7_v5_5_processing_system7 is either unconnected or has no load
WARNING: [Synth 8-7129] Port ENET1_GMII_RXD[5] in module processing_system7_v5_5_processing_system7 is either unconnected or has no load
WARNING: [Synth 8-7129] Port ENET1_GMII_RXD[4] in module processing_system7_v5_5_processing_system7 is either unconnected or has no load
WARNING: [Synth 8-7129] Port ENET1_GMII_RXD[3] in module processing_system7_v5_5_processing_system7 is either unconnected or has no load
WARNING: [Synth 8-7129] Port ENET1_GMII_RXD[2] in module processing_system7_v5_5_processing_system7 is either unconnected or has no load
WARNING: [Synth 8-7129] Port ENET1_GMII_RXD[1] in module processing_system7_v5_5_processing_system7 is either unconnected or has no load
WARNING: [Synth 8-7129] Port ENET1_GMII_RXD[0] in module processing_system7_v5_5_processing_system7 is either unconnected or has no load
WARNING: [Synth 8-7129] Port S_AXI_GP0_ARSIZE[2] in module processing_system7_v5_5_processing_system7 is either unconnected or has no load
WARNING: [Synth 8-7129] Port S_AXI_GP0_AWSIZE[2] in module processing_system7_v5_5_processing_system7 is either unconnected or has no load
WARNING: [Synth 8-7129] Port S_AXI_GP1_ARSIZE[2] in module processing_system7_v5_5_processing_system7 is either unconnected or has no load
WARNING: [Synth 8-7129] Port S_AXI_GP1_AWSIZE[2] in module processing_system7_v5_5_processing_system7 is either unconnected or has no load
WARNING: [Synth 8-7129] Port S_AXI_ACP_ARSIZE[2] in module processing_system7_v5_5_processing_system7 is either unconnected or has no load
WARNING: [Synth 8-7129] Port S_AXI_ACP_AWSIZE[2] in module processing_system7_v5_5_processing_system7 is either unconnected or has no load
WARNING: [Synth 8-7129] Port S_AXI_HP0_ARSIZE[2] in module processing_system7_v5_5_processing_system7 is either unconnected or has no load
WARNING: [Synth 8-7129] Port S_AXI_HP0_AWSIZE[2] in module processing_system7_v5_5_processing_system7 is either unconnected or has no load
WARNING: [Synth 8-7129] Port S_AXI_HP1_ARSIZE[2] in module processing_system7_v5_5_processing_system7 is either unconnected or has no load
WARNING: [Synth 8-7129] Port S_AXI_HP1_AWSIZE[2] in module processing_system7_v5_5_processing_system7 is either unconnected or has no load
WARNING: [Synth 8-7129] Port S_AXI_HP2_ARSIZE[2] in module processing_system7_v5_5_processing_system7 is either unconnected or has no load
WARNING: [Synth 8-7129] Port S_AXI_HP2_AWSIZE[2] in module processing_system7_v5_5_processing_system7 is either unconnected or has no load
WARNING: [Synth 8-7129] Port S_AXI_HP3_ARSIZE[2] in module processing_system7_v5_5_processing_system7 is either unconnected or has no load
WARNING: [Synth 8-7129] Port S_AXI_HP3_AWSIZE[2] in module processing_system7_v5_5_processing_system7 is either unconnected or has no load
WARNING: [Synth 8-7129] Port FCLK_CLKTRIG3_N in module processing_system7_v5_5_processing_system7 is either unconnected or has no load
WARNING: [Synth 8-7129] Port FCLK_CLKTRIG2_N in module processing_system7_v5_5_processing_system7 is either unconnected or has no load
WARNING: [Synth 8-7129] Port FCLK_CLKTRIG1_N in module processing_system7_v5_5_processing_system7 is either unconnected or has no load
WARNING: [Synth 8-7129] Port FCLK_CLKTRIG0_N in module processing_system7_v5_5_processing_system7 is either unconnected or has no load
WARNING: [Synth 8-7129] Port FTMD_TRACEIN_DATA[31] in module processing_system7_v5_5_processing_system7 is either unconnected or has no load
WARNING: [Synth 8-7129] Port FTMD_TRACEIN_DATA[30] in module processing_system7_v5_5_processing_system7 is either unconnected or has no load
WARNING: [Synth 8-7129] Port FTMD_TRACEIN_DATA[29] in module processing_system7_v5_5_processing_system7 is either unconnected or has no load
INFO: [Common 17-14] Message 'Synth 8-7129' appears 100 times and further instances of the messages will be disabled. Use the Tcl command set_msg_config to change the current settings.
---------------------------------------------------------------------------------
Finished Cross Boundary and Area Optimization : Time (s): cpu = 00:00:16 ; elapsed = 00:00:19 . Memory (MB): peak = 2224.090 ; gain = 544.395 ; free physical = 7573 ; free virtual = 12384
Synthesis current peak Physical Memory [PSS] (MB): peak = 1248.526; parent = 1124.927; children = 123.600
Synthesis current peak Virtual Memory [VSS] (MB): peak = 3168.480; parent = 2192.078; children = 976.402
---------------------------------------------------------------------------------
---------------------------------------------------------------------------------
Start Applying XDC Timing Constraints
---------------------------------------------------------------------------------
---------------------------------------------------------------------------------
Finished Applying XDC Timing Constraints : Time (s): cpu = 00:00:23 ; elapsed = 00:00:26 . Memory (MB): peak = 2285.074 ; gain = 605.379 ; free physical = 6621 ; free virtual = 11438
Synthesis current peak Physical Memory [PSS] (MB): peak = 1462.635; parent = 1338.444; children = 124.190
Synthesis current peak Virtual Memory [VSS] (MB): peak = 3261.480; parent = 2285.078; children = 976.402
---------------------------------------------------------------------------------
---------------------------------------------------------------------------------
Start Timing Optimization
---------------------------------------------------------------------------------
---------------------------------------------------------------------------------
Finished Timing Optimization : Time (s): cpu = 00:00:23 ; elapsed = 00:00:26 . Memory (MB): peak = 2305.082 ; gain = 625.387 ; free physical = 6577 ; free virtual = 11394
Synthesis current peak Physical Memory [PSS] (MB): peak = 1474.437; parent = 1350.239; children = 124.197
Synthesis current peak Virtual Memory [VSS] (MB): peak = 3281.488; parent = 2305.086; children = 976.402
---------------------------------------------------------------------------------
---------------------------------------------------------------------------------
Start Technology Mapping
---------------------------------------------------------------------------------
---------------------------------------------------------------------------------
Finished Technology Mapping : Time (s): cpu = 00:00:23 ; elapsed = 00:00:26 . Memory (MB): peak = 2324.113 ; gain = 644.418 ; free physical = 6533 ; free virtual = 11350
Synthesis current peak Physical Memory [PSS] (MB): peak = 1474.929; parent = 1350.731; children = 124.197
Synthesis current peak Virtual Memory [VSS] (MB): peak = 3300.520; parent = 2324.117; children = 976.402
---------------------------------------------------------------------------------
---------------------------------------------------------------------------------
Start IO Insertion
---------------------------------------------------------------------------------
---------------------------------------------------------------------------------
Start Flattening Before IO Insertion
---------------------------------------------------------------------------------
---------------------------------------------------------------------------------
Finished Flattening Before IO Insertion
---------------------------------------------------------------------------------
---------------------------------------------------------------------------------
Start Final Netlist Cleanup
---------------------------------------------------------------------------------
---------------------------------------------------------------------------------
Finished Final Netlist Cleanup
---------------------------------------------------------------------------------
---------------------------------------------------------------------------------
Finished IO Insertion : Time (s): cpu = 00:00:27 ; elapsed = 00:00:30 . Memory (MB): peak = 2324.113 ; gain = 644.418 ; free physical = 8807 ; free virtual = 13615
Synthesis current peak Physical Memory [PSS] (MB): peak = 1479.820; parent = 1353.341; children = 126.479
Synthesis current peak Virtual Memory [VSS] (MB): peak = 3300.520; parent = 2324.117; children = 976.402
---------------------------------------------------------------------------------
---------------------------------------------------------------------------------
Start Renaming Generated Instances
---------------------------------------------------------------------------------
---------------------------------------------------------------------------------
Finished Renaming Generated Instances : Time (s): cpu = 00:00:27 ; elapsed = 00:00:30 . Memory (MB): peak = 2324.113 ; gain = 644.418 ; free physical = 8998 ; free virtual = 13806
Synthesis current peak Physical Memory [PSS] (MB): peak = 1479.827; parent = 1353.342; children = 126.485
Synthesis current peak Virtual Memory [VSS] (MB): peak = 3300.520; parent = 2324.117; children = 976.402
---------------------------------------------------------------------------------
---------------------------------------------------------------------------------
Start Rebuilding User Hierarchy
---------------------------------------------------------------------------------
---------------------------------------------------------------------------------
Finished Rebuilding User Hierarchy : Time (s): cpu = 00:00:27 ; elapsed = 00:00:30 . Memory (MB): peak = 2324.113 ; gain = 644.418 ; free physical = 9047 ; free virtual = 13855
Synthesis current peak Physical Memory [PSS] (MB): peak = 1481.218; parent = 1353.936; children = 127.282
Synthesis current peak Virtual Memory [VSS] (MB): peak = 3300.520; parent = 2324.117; children = 976.402
---------------------------------------------------------------------------------
---------------------------------------------------------------------------------
Start Renaming Generated Ports
---------------------------------------------------------------------------------
---------------------------------------------------------------------------------
Finished Renaming Generated Ports : Time (s): cpu = 00:00:27 ; elapsed = 00:00:30 . Memory (MB): peak = 2324.113 ; gain = 644.418 ; free physical = 10164 ; free virtual = 14973
Synthesis current peak Physical Memory [PSS] (MB): peak = 1485.490; parent = 1356.709; children = 128.781
Synthesis current peak Virtual Memory [VSS] (MB): peak = 3300.520; parent = 2324.117; children = 976.402
---------------------------------------------------------------------------------
---------------------------------------------------------------------------------
Start Handling Custom Attributes
---------------------------------------------------------------------------------
---------------------------------------------------------------------------------
Finished Handling Custom Attributes : Time (s): cpu = 00:00:27 ; elapsed = 00:00:30 . Memory (MB): peak = 2324.113 ; gain = 644.418 ; free physical = 11251 ; free virtual = 16060
Synthesis current peak Physical Memory [PSS] (MB): peak = 1489.306; parent = 1359.574; children = 129.731
Synthesis current peak Virtual Memory [VSS] (MB): peak = 3300.520; parent = 2324.117; children = 976.402
---------------------------------------------------------------------------------
---------------------------------------------------------------------------------
Start Renaming Generated Nets
---------------------------------------------------------------------------------
---------------------------------------------------------------------------------
Finished Renaming Generated Nets : Time (s): cpu = 00:00:27 ; elapsed = 00:00:30 . Memory (MB): peak = 2324.113 ; gain = 644.418 ; free physical = 11269 ; free virtual = 16079
Synthesis current peak Physical Memory [PSS] (MB): peak = 1489.325; parent = 1359.595; children = 129.731
Synthesis current peak Virtual Memory [VSS] (MB): peak = 3300.520; parent = 2324.117; children = 976.402
---------------------------------------------------------------------------------
---------------------------------------------------------------------------------
Start Writing Synthesis Report
---------------------------------------------------------------------------------

Report BlackBoxes: 
+-+--------------+----------+
| |BlackBox name |Instances |
+-+--------------+----------+
+-+--------------+----------+

Report Cell Usage: 
+------+------+------+
|      |Cell  |Count |
+------+------+------+
|1     |BIBUF |   130|
|2     |BUFG  |     4|
|3     |LUT1  |    89|
|4     |PS7   |     1|
|5     |FDRE  |    22|
+------+------+------+
---------------------------------------------------------------------------------
Finished Writing Synthesis Report : Time (s): cpu = 00:00:27 ; elapsed = 00:00:30 . Memory (MB): peak = 2324.113 ; gain = 644.418 ; free physical = 11313 ; free virtual = 16122
Synthesis current peak Physical Memory [PSS] (MB): peak = 1489.325; parent = 1359.595; children = 129.731
Synthesis current peak Virtual Memory [VSS] (MB): peak = 3300.520; parent = 2324.117; children = 976.402
---------------------------------------------------------------------------------
Synthesis finished with 0 errors, 0 critical warnings and 68 warnings.
Synthesis Optimization Runtime : Time (s): cpu = 00:00:24 ; elapsed = 00:00:28 . Memory (MB): peak = 2324.113 ; gain = 564.543 ; free physical = 11425 ; free virtual = 16236
Synthesis Optimization Complete : Time (s): cpu = 00:00:27 ; elapsed = 00:00:31 . Memory (MB): peak = 2324.121 ; gain = 644.418 ; free physical = 11416 ; free virtual = 16222
INFO: [Project 1-571] Translating synthesized netlist
Netlist sorting complete. Time (s): cpu = 00:00:00.01 ; elapsed = 00:00:00.01 . Memory (MB): peak = 2324.121 ; gain = 0.000 ; free physical = 11489 ; free virtual = 16301
INFO: [Project 1-570] Preparing netlist for logic optimization
INFO: [Opt 31-138] Pushed 0 inverter(s) to 0 load pin(s).
Netlist sorting complete. Time (s): cpu = 00:00:00 ; elapsed = 00:00:00 . Memory (MB): peak = 2339.957 ; gain = 0.000 ; free physical = 11864 ; free virtual = 16657
INFO: [Project 1-111] Unisim Transformation Summary:
No Unisim elements were transformed.

Synth Design complete, checksum: e39aa1a7
INFO: [Common 17-83] Releasing license: Synthesis
33 Infos, 115 Warnings, 0 Critical Warnings and 0 Errors encountered.
synth_design completed successfully
synth_design: Time (s): cpu = 00:00:34 ; elapsed = 00:00:35 . Memory (MB): peak = 2339.957 ; gain = 947.660 ; free physical = 12365 ; free virtual = 17158
INFO: [Common 17-1381] The checkpoint '/home/guido/GitHub/EBAZ4205_SDR_spectrum/Vivado/Vivado.runs/ebaz4205_processing_system7_0_0_synth_1/ebaz4205_processing_system7_0_0.dcp' has been generated.
INFO: [runtcl-4] Executing : report_utilization -file ebaz4205_processing_system7_0_0_utilization_synth.rpt -pb ebaz4205_processing_system7_0_0_utilization_synth.pb
INFO: [Common 17-206] Exiting Vivado at Wed Apr 19 12:01:38 2023...
