Vivado Simulator v2022.2
Copyright 1986-1999, 2001-2022 Xilinx, Inc. All Rights Reserved.
Running: /home/guido/Xilinx-tools/Vivado/2022.2/bin/unwrapped/lnx64.o/xelab --incr --debug typical --relax --mt 8 -L xil_defaultlib -L xlslice_v1_0_2 -L lib_cdc_v1_0_2 -L proc_sys_reset_v5_0_13 -L axi_infrastructure_v1_1_0 -L axi_vip_v1_1_13 -L processing_system7_vip_v1_0_15 -L xlconcat_v2_1_4 -L xlconstant_v1_1_7 -L xbip_utils_v3_0_10 -L c_reg_fd_v12_0_6 -L xbip_dsp48_wrapper_v3_0_4 -L xbip_pipe_v3_0_6 -L xbip_dsp48_addsub_v3_0_6 -L xbip_addsub_v3_0_6 -L c_addsub_v12_0_14 -L axi_lite_ipif_v3_0_4 -L interrupt_control_v3_1_4 -L axi_gpio_v2_0_29 -L axi_utils_v2_0_6 -L xbip_bram18k_v3_0_6 -L mult_gen_v12_0_18 -L xbip_dsp48_multadd_v3_0_6 -L dds_compiler_v6_0_22 -L cic_compiler_v4_0_16 -L fir_compiler_v7_2_18 -L lib_pkg_v1_0_2 -L fifo_generator_v13_2_7 -L lib_fifo_v1_0_16 -L blk_mem_gen_v8_4_5 -L lib_bmg_v1_0_14 -L lib_srl_fifo_v1_0_2 -L axi_datamover_v5_1_29 -L axi_vdma_v6_3_15 -L axis_infrastructure_v1_1_0 -L axis_register_slice_v1_1_27 -L axis_subset_converter_v1_1_27 -L v_tc_v6_2_5 -L v_tc_v6_1_13 -L v_vid_in_axi4s_v4_0_9 -L v_axi4s_vid_out_v4_0_15 -L generic_baseblocks_v2_1_0 -L axi_register_slice_v2_1_27 -L axi_data_fifo_v2_1_26 -L axi_crossbar_v2_1_28 -L util_vector_logic_v2_0_2 -L axi_protocol_converter_v2_1_27 -L uvm -L xilinx_vip -L unisims_ver -L unimacro_ver -L secureip -L xpm --snapshot ebaz4205_wrapper_behav xil_defaultlib.ebaz4205_wrapper xil_defaultlib.glbl -log elaborate.log 
Using 8 slave threads.
Starting static elaboration
Pass Through NonSizing Optimizer
WARNING: [VRFC 10-3091] actual bit length 32 differs from formal bit length 3 for port 's_axi_awsize' [/home/guido/GitHub/EBAZ4205_SDR_spectrum/Vivado/Vivado.ip_user_files/bd/ebaz4205/ip/ebaz4205_s00_regslice_0/sim/ebaz4205_s00_regslice_0.v:209]
WARNING: [VRFC 10-3091] actual bit length 4 differs from formal bit length 16 for port 'IRQ_F2P' [/home/guido/GitHub/EBAZ4205_SDR_spectrum/Vivado/Vivado.ip_user_files/bd/ebaz4205/ip/ebaz4205_processing_system7_0_0/sim/ebaz4205_processing_system7_0_0.v:707]
WARNING: [VRFC 10-3091] actual bit length 128 differs from formal bit length 64 for port 'WR_DATA_STRB' [/scratch/proj/xbuilds/SWIP/2022.2_1014_8888/infra/XSIM/lin/.cxl.ip/incl/processing_system7_vip_v1_0_15_axi_gp.v:208]
WARNING: [VRFC 10-3091] actual bit length 12 differs from formal bit length 6 for port 'm_axi_bid' [/wrk/ci/prod/2022.2/sw/continuous/3508/packages/customer/vivado/data/ip/xilinx/processing_system7_vip_v1_0/hdl/processing_system7_vip_v1_0_vl_rfs.sv:5546]
WARNING: [VRFC 10-3091] actual bit length 12 differs from formal bit length 6 for port 'm_axi_rid' [/wrk/ci/prod/2022.2/sw/continuous/3508/packages/customer/vivado/data/ip/xilinx/processing_system7_vip_v1_0/hdl/processing_system7_vip_v1_0_vl_rfs.sv:5564]
WARNING: [VRFC 10-3091] actual bit length 128 differs from formal bit length 64 for port 'WR_DATA_STRB' [/scratch/proj/xbuilds/SWIP/2022.2_1014_8888/infra/XSIM/lin/.cxl.ip/incl/processing_system7_vip_v1_0_15_axi_gp.v:292]
WARNING: [VRFC 10-3091] actual bit length 8 differs from formal bit length 9 for port 'WR_BYTES' [/scratch/proj/xbuilds/SWIP/2022.2_1014_8888/infra/XSIM/lin/.cxl.ip/incl/processing_system7_vip_v1_0_15_axi_hp.v:80]
WARNING: [VRFC 10-3091] actual bit length 8 differs from formal bit length 9 for port 'RD_BYTES' [/scratch/proj/xbuilds/SWIP/2022.2_1014_8888/infra/XSIM/lin/.cxl.ip/incl/processing_system7_vip_v1_0_15_axi_hp.v:89]
WARNING: [VRFC 10-3091] actual bit length 12 differs from formal bit length 6 for port 'm_axi_bid' [/wrk/ci/prod/2022.2/sw/continuous/3508/packages/customer/vivado/data/ip/xilinx/processing_system7_vip_v1_0/hdl/processing_system7_vip_v1_0_vl_rfs.sv:10256]
WARNING: [VRFC 10-3091] actual bit length 12 differs from formal bit length 6 for port 'm_axi_rid' [/wrk/ci/prod/2022.2/sw/continuous/3508/packages/customer/vivado/data/ip/xilinx/processing_system7_vip_v1_0/hdl/processing_system7_vip_v1_0_vl_rfs.sv:10274]
WARNING: [VRFC 10-3091] actual bit length 32 differs from formal bit length 64 for port 'm_axi_rdata' [/wrk/ci/prod/2022.2/sw/continuous/3508/packages/customer/vivado/data/ip/xilinx/processing_system7_vip_v1_0/hdl/processing_system7_vip_v1_0_vl_rfs.sv:10275]
WARNING: [VRFC 10-3091] actual bit length 8 differs from formal bit length 9 for port 'WR_BYTES' [/scratch/proj/xbuilds/SWIP/2022.2_1014_8888/infra/XSIM/lin/.cxl.ip/incl/processing_system7_vip_v1_0_15_axi_hp.v:165]
WARNING: [VRFC 10-3091] actual bit length 8 differs from formal bit length 9 for port 'RD_BYTES' [/scratch/proj/xbuilds/SWIP/2022.2_1014_8888/infra/XSIM/lin/.cxl.ip/incl/processing_system7_vip_v1_0_15_axi_hp.v:174]
WARNING: [VRFC 10-3091] actual bit length 8 differs from formal bit length 9 for port 'WR_BYTES' [/scratch/proj/xbuilds/SWIP/2022.2_1014_8888/infra/XSIM/lin/.cxl.ip/incl/processing_system7_vip_v1_0_15_axi_hp.v:251]
WARNING: [VRFC 10-3091] actual bit length 8 differs from formal bit length 9 for port 'RD_BYTES' [/scratch/proj/xbuilds/SWIP/2022.2_1014_8888/infra/XSIM/lin/.cxl.ip/incl/processing_system7_vip_v1_0_15_axi_hp.v:260]
WARNING: [VRFC 10-3091] actual bit length 8 differs from formal bit length 9 for port 'WR_BYTES' [/scratch/proj/xbuilds/SWIP/2022.2_1014_8888/infra/XSIM/lin/.cxl.ip/incl/processing_system7_vip_v1_0_15_axi_hp.v:337]
WARNING: [VRFC 10-3091] actual bit length 8 differs from formal bit length 9 for port 'RD_BYTES' [/scratch/proj/xbuilds/SWIP/2022.2_1014_8888/infra/XSIM/lin/.cxl.ip/incl/processing_system7_vip_v1_0_15_axi_hp.v:346]
WARNING: [VRFC 10-3091] actual bit length 12 differs from formal bit length 3 for port 'm_axi_bid' [/wrk/ci/prod/2022.2/sw/continuous/3508/packages/customer/vivado/data/ip/xilinx/processing_system7_vip_v1_0/hdl/processing_system7_vip_v1_0_vl_rfs.sv:7157]
WARNING: [VRFC 10-3091] actual bit length 12 differs from formal bit length 3 for port 'm_axi_rid' [/wrk/ci/prod/2022.2/sw/continuous/3508/packages/customer/vivado/data/ip/xilinx/processing_system7_vip_v1_0/hdl/processing_system7_vip_v1_0_vl_rfs.sv:7175]
WARNING: [VRFC 10-3091] actual bit length 32 differs from formal bit length 64 for port 'm_axi_rdata' [/wrk/ci/prod/2022.2/sw/continuous/3508/packages/customer/vivado/data/ip/xilinx/processing_system7_vip_v1_0/hdl/processing_system7_vip_v1_0_vl_rfs.sv:7176]
WARNING: [VRFC 10-3091] actual bit length 27 differs from formal bit length 36 for port 'm_axi_arprot' [/home/guido/GitHub/EBAZ4205_SDR_spectrum/Vivado/Vivado.ip_user_files/bd/ebaz4205/sim/ebaz4205.v:5538]
WARNING: [VRFC 10-3091] actual bit length 27 differs from formal bit length 36 for port 'm_axi_awprot' [/home/guido/GitHub/EBAZ4205_SDR_spectrum/Vivado/Vivado.ip_user_files/bd/ebaz4205/sim/ebaz4205.v:5542]
WARNING: [VRFC 10-5021] port 'mouse_data_new' is not connected on this instance [/home/guido/GitHub/EBAZ4205_SDR_spectrum/Vivado/Vivado.ip_user_files/bd/ebaz4205/sim/ebaz4205.v:3331]
WARNING: [VRFC 10-5021] port 'm_axis_data_tvalid' is not connected on this instance [/home/guido/GitHub/EBAZ4205_SDR_spectrum/Vivado/Vivado.ip_user_files/bd/ebaz4205/sim/ebaz4205.v:2486]
WARNING: [VRFC 10-5021] port 'm_axis_data_tvalid' is not connected on this instance [/home/guido/GitHub/EBAZ4205_SDR_spectrum/Vivado/Vivado.ip_user_files/bd/ebaz4205/sim/ebaz4205.v:1681]
WARNING: [VRFC 10-5021] port 's_axis_config_tready' is not connected on this instance [/home/guido/GitHub/EBAZ4205_SDR_spectrum/Vivado/Vivado.ip_user_files/bd/ebaz4205/sim/ebaz4205.v:692]
WARNING: [VRFC 10-5021] port 's_axis_data_tready' is not connected on this instance [/home/guido/GitHub/EBAZ4205_SDR_spectrum/Vivado/Vivado.ip_user_files/bd/ebaz4205/sim/ebaz4205.v:704]
WARNING: [VRFC 10-5021] port 'mm2s_frame_ptr_out' is not connected on this instance [/home/guido/GitHub/EBAZ4205_SDR_spectrum/Vivado/Vivado.ip_user_files/bd/ebaz4205/sim/ebaz4205.v:1395]
WARNING: [VRFC 10-5021] port 'fsync_out' is not connected on this instance [/home/guido/GitHub/EBAZ4205_SDR_spectrum/Vivado/Vivado.ip_user_files/bd/ebaz4205/sim/ebaz4205.v:1487]
WARNING: [VRFC 10-5021] port 'mb_reset' is not connected on this instance [/home/guido/GitHub/EBAZ4205_SDR_spectrum/Vivado/Vivado.ip_user_files/bd/ebaz4205/sim/ebaz4205.v:2087]
WARNING: [VRFC 10-5021] port 'mb_reset' is not connected on this instance [/home/guido/GitHub/EBAZ4205_SDR_spectrum/Vivado/Vivado.ip_user_files/bd/ebaz4205/sim/ebaz4205.v:2095]
WARNING: [VRFC 10-5021] port 'mb_reset' is not connected on this instance [/home/guido/GitHub/EBAZ4205_SDR_spectrum/Vivado/Vivado.ip_user_files/bd/ebaz4205/sim/ebaz4205.v:2218]
WARNING: [VRFC 10-5021] port 'mb_reset' is not connected on this instance [/home/guido/GitHub/EBAZ4205_SDR_spectrum/Vivado/Vivado.ip_user_files/bd/ebaz4205/sim/ebaz4205.v:2224]
WARNING: [VRFC 10-5021] port 'mb_reset' is not connected on this instance [/home/guido/GitHub/EBAZ4205_SDR_spectrum/Vivado/Vivado.ip_user_files/bd/ebaz4205/sim/ebaz4205.v:2231]
WARNING: [VRFC 10-5021] port 'ENET0_GMII_RXD' is not connected on this instance [/home/guido/GitHub/EBAZ4205_SDR_spectrum/Vivado/Vivado.ip_user_files/bd/ebaz4205/ip/ebaz4205_processing_system7_0_0/sim/ebaz4205_processing_system7_0_0.v:319]
WARNING: [VRFC 10-3027] 'ocm_wr_strb_port0' was previously declared with a different range [/wrk/ci/prod/2022.2/sw/continuous/3508/packages/customer/vivado/data/ip/xilinx/processing_system7_vip_v1_0/hdl/processing_system7_vip_v1_0_vl_rfs.sv:3809]
WARNING: [VRFC 10-5021] port 'aclk2x' is not connected on this instance [/wrk/ci/prod/2022.2/sw/continuous/3508/packages/customer/vivado/data/ip/xilinx/axi_protocol_converter_v2_1/hdl/axi_protocol_converter_v2_1_vl_rfs.v:4376]
WARNING: [VRFC 10-5021] port 'aclk2x' is not connected on this instance [/wrk/ci/prod/2022.2/sw/continuous/3508/packages/customer/vivado/data/ip/xilinx/axi_protocol_converter_v2_1/hdl/axi_protocol_converter_v2_1_vl_rfs.v:4631]
WARNING: [VRFC 10-3705] select index 2 into 'g7s_cc_rst_nsckt.arst_sync_wr' is out of bounds [/wrk/ci/prod/2022.2/sw/continuous/3508/packages/customer/vivado/data/ip/xilinx/fifo_generator_v13_2/simulation/fifo_generator_vlog_beh.v:4830]
WARNING: [VRFC 10-3705] select index 64 into 'wrp_strb' is out of bounds [/wrk/ci/prod/2022.2/sw/continuous/3508/packages/customer/vivado/data/ip/xilinx/processing_system7_vip_v1_0/hdl/processing_system7_vip_v1_0_vl_rfs.sv:6134]
WARNING: [VRFC 10-3705] select index 128 into 'wrp_strb' is out of bounds [/wrk/ci/prod/2022.2/sw/continuous/3508/packages/customer/vivado/data/ip/xilinx/processing_system7_vip_v1_0/hdl/processing_system7_vip_v1_0_vl_rfs.sv:10898]
WARNING: [VRFC 10-3705] select index 128 into 'wrp_strb' is out of bounds [/wrk/ci/prod/2022.2/sw/continuous/3508/packages/customer/vivado/data/ip/xilinx/processing_system7_vip_v1_0/hdl/processing_system7_vip_v1_0_vl_rfs.sv:7772]
WARNING: [VRFC 10-3705] select index 4 into 'wr_fifo_rd_ptr' is out of bounds [/wrk/ci/prod/2022.2/sw/continuous/3508/packages/customer/vivado/data/ip/xilinx/processing_system7_vip_v1_0/hdl/processing_system7_vip_v1_0_vl_rfs.sv:7985]
WARNING: [VRFC 10-3705] select index 4 into 'ar_cnt' is out of bounds [/wrk/ci/prod/2022.2/sw/continuous/3508/packages/customer/vivado/data/ip/xilinx/processing_system7_vip_v1_0/hdl/processing_system7_vip_v1_0_vl_rfs.sv:8124]
WARNING: [VRFC 10-3705] select index 4 into 'wr_rresp_cnt' is out of bounds [/wrk/ci/prod/2022.2/sw/continuous/3508/packages/customer/vivado/data/ip/xilinx/processing_system7_vip_v1_0/hdl/processing_system7_vip_v1_0_vl_rfs.sv:8221]
WARNING: [VRFC 10-3705] select index 4 into 'rd_fifo_wr_ptr' is out of bounds [/wrk/ci/prod/2022.2/sw/continuous/3508/packages/customer/vivado/data/ip/xilinx/processing_system7_vip_v1_0/hdl/processing_system7_vip_v1_0_vl_rfs.sv:8240]
WARNING: [VRFC 10-3705] select index 4 into 'rd_cnt' is out of bounds [/wrk/ci/prod/2022.2/sw/continuous/3508/packages/customer/vivado/data/ip/xilinx/processing_system7_vip_v1_0/hdl/processing_system7_vip_v1_0_vl_rfs.sv:8381]
WARNING: [VRFC 10-3705] select index 4 into 'rresp_time_cnt' is out of bounds [/wrk/ci/prod/2022.2/sw/continuous/3508/packages/customer/vivado/data/ip/xilinx/processing_system7_vip_v1_0/hdl/processing_system7_vip_v1_0_vl_rfs.sv:8386]
WARNING: [VRFC 10-3705] select index 4 into 'rd_fifo_rd_ptr' is out of bounds [/wrk/ci/prod/2022.2/sw/continuous/3508/packages/customer/vivado/data/ip/xilinx/processing_system7_vip_v1_0/hdl/processing_system7_vip_v1_0_vl_rfs.sv:8391]
Completed static elaboration
Starting simulation data flow analysis
Completed simulation data flow analysis
Time Resolution for simulation is 1ps
Compiling package std.standard
Compiling package std.textio
Compiling package ieee.std_logic_1164
Compiling package ieee.numeric_std
Compiling package xbip_utils_v3_0_10.xbip_utils_v3_0_10_pkg
Compiling package xbip_utils_v3_0_10.xcc_utils_v3_0
Compiling package dds_compiler_v6_0_22.dds_compiler_v6_0_22_viv_comp
Compiling package ieee.std_logic_arith
Compiling package ieee.std_logic_signed
Compiling package dds_compiler_v6_0_22.pkg_dds_compiler_v6_0_22
Compiling package dds_compiler_v6_0_22.dds_compiler_v6_0_22_hdl_comps
Compiling package xbip_pipe_v3_0_6.xbip_pipe_v3_0_6_viv_comp
Compiling package axi_utils_v2_0_6.axi_utils_v2_0_6_pkg
Compiling package ieee.math_real
Compiling package axi_utils_v2_0_6.global_util_pkg
Compiling package axi_utils_v2_0_6.axi_utils_comps
Compiling package unisim.vcomponents
Compiling package ieee.std_logic_unsigned
Compiling package dds_compiler_v6_0_22.pkg_betas
Compiling package dds_compiler_v6_0_22.pkg_alphas
Compiling package synopsys.attributes
Compiling package ieee.std_logic_misc
Compiling package axi_lite_ipif_v3_0_4.ipif_pkg
Compiling package ieee.vital_timing
Compiling package ieee.vital_primitives
Compiling package unisim.vpkg
Compiling package c_addsub_v12_0_14.c_addsub_v12_0_14_viv_comp
Compiling package xbip_addsub_v3_0_6.xbip_addsub_v3_0_6_viv_comp
Compiling package c_addsub_v12_0_14.c_addsub_v12_0_14_pkg
Compiling package c_addsub_v12_0_14.c_addsub_v12_0_14_pkg_legacy
Compiling package c_reg_fd_v12_0_6.c_reg_fd_v12_0_6_viv_comp
Compiling package mult_gen_v12_0_18.mult_gen_v12_0_18_viv_comp
Compiling package mult_gen_v12_0_18.mult_gen_v12_0_18_pkg
Compiling package cic_compiler_v4_0_16.cic_compiler_v4_0_16_viv_comp
Compiling package ieee.std_logic_textio
Compiling package cic_compiler_v4_0_16.toolbox_pkg
Compiling package cic_compiler_v4_0_16.cic_compiler_v4_0_16_pkg
Compiling package cic_compiler_v4_0_16.cic_compiler_v4_0_16_hdl_comps
Compiling package fir_compiler_v7_2_18.fir_compiler_v7_2_18_viv_comp
Compiling package fir_compiler_v7_2_18.globals_pkg
Compiling package fir_compiler_v7_2_18.components
Compiling package lib_pkg_v1_0_2.lib_pkg
Compiling package axi_vdma_v6_3_15.axi_vdma_pkg
Compiling package xpm.vcomponents
Compiling package xil_defaultlib.dvi_constants
Compiling package v_tc_v6_2_5.video_ctrl_pkg
Compiling package v_tc_v6_2_5.hwt_pkg
Compiling package xilinx_vip.axi_vip_pkg
Compiling package xilinx_vip.xil_common_vip_pkg
Compiling package std.std
Compiling module unisims_ver.IOBUF
Compiling architecture synth of entity xbip_pipe_v3_0_6.xbip_pipe_v3_0_6_viv [\xbip_pipe_v3_0_6_viv(c_latency=...]
Compiling architecture synth of entity xbip_pipe_v3_0_6.xbip_pipe_v3_0_6_viv [\xbip_pipe_v3_0_6_viv(c_latency=...]
Compiling architecture synth of entity dds_compiler_v6_0_22.dds_compiler_v6_0_22_rdy [\dds_compiler_v6_0_22_rdy(c_has_...]
Compiling architecture synth of entity xbip_pipe_v3_0_6.xbip_pipe_v3_0_6_viv [\xbip_pipe_v3_0_6_viv(c_has_ce=1...]
Compiling architecture synth of entity xbip_pipe_v3_0_6.xbip_pipe_v3_0_6_viv [\xbip_pipe_v3_0_6_viv(c_has_ce=1...]
Compiling architecture synth of entity xbip_pipe_v3_0_6.xbip_pipe_v3_0_6_viv [\xbip_pipe_v3_0_6_viv(c_has_ce=1...]
Compiling architecture synth of entity xbip_pipe_v3_0_6.xbip_pipe_v3_0_6_viv [\xbip_pipe_v3_0_6_viv(c_latency=...]
Compiling architecture synth of entity dds_compiler_v6_0_22.pipe_add [\pipe_add(c_width=26,c_seg_width...]
Compiling architecture synth of entity dds_compiler_v6_0_22.accum [\accum(c_xdevicefamily="zynq",c_...]
Compiling architecture synth of entity xbip_pipe_v3_0_6.xbip_pipe_v3_0_6_viv [\xbip_pipe_v3_0_6_viv(c_latency=...]
Compiling architecture synth of entity xbip_pipe_v3_0_6.xbip_pipe_v3_0_6_viv [\xbip_pipe_v3_0_6_viv(c_latency=...]
Compiling architecture synth of entity xbip_pipe_v3_0_6.xbip_pipe_v3_0_6_viv [\xbip_pipe_v3_0_6_viv(c_latency=...]
Compiling architecture synth of entity dds_compiler_v6_0_22.sin_cos [\sin_cos(c_xdevicefamily="zynq",...]
Compiling architecture synth of entity xbip_pipe_v3_0_6.xbip_pipe_v3_0_6_viv [\xbip_pipe_v3_0_6_viv(c_has_ce=1...]
Compiling architecture synth of entity xbip_pipe_v3_0_6.xbip_pipe_v3_0_6_viv [\xbip_pipe_v3_0_6_viv(c_has_ce=1...]
Compiling architecture synth of entity dds_compiler_v6_0_22.dds_compiler_v6_0_22_core [\dds_compiler_v6_0_22_core(c_xde...]
Compiling architecture synth of entity dds_compiler_v6_0_22.dds_compiler_v6_0_22_viv [\dds_compiler_v6_0_22_viv(c_xdev...]
Compiling architecture xilinx of entity dds_compiler_v6_0_22.dds_compiler_v6_0_22 [\dds_compiler_v6_0_22(c_xdevicef...]
Compiling architecture ebaz4205_dds_compiler_0_0_arch of entity xil_defaultlib.ebaz4205_dds_compiler_0_0 [ebaz4205_dds_compiler_0_0_defaul...]
Compiling architecture imp of entity axi_lite_ipif_v3_0_4.pselect_f [\pselect_f(c_ab=2,c_aw=2,c_bar="...]
Compiling architecture imp of entity axi_lite_ipif_v3_0_4.pselect_f [\pselect_f(c_ab=2,c_aw=2,c_bar="...]
Compiling architecture imp of entity axi_lite_ipif_v3_0_4.pselect_f [\pselect_f(c_ab=2,c_aw=2,c_bar="...]
Compiling architecture imp of entity axi_lite_ipif_v3_0_4.pselect_f [\pselect_f(c_ab=2,c_aw=2,c_bar="...]
Compiling architecture imp of entity axi_lite_ipif_v3_0_4.address_decoder [\address_decoder(c_bus_awidth=9,...]
Compiling architecture imp of entity axi_lite_ipif_v3_0_4.slave_attachment [\slave_attachment(c_ard_addr_ran...]
Compiling architecture imp of entity axi_lite_ipif_v3_0_4.axi_lite_ipif [\axi_lite_ipif(c_s_axi_addr_widt...]
Compiling architecture fdre_v of entity unisim.FDRE [fdre_default]
Compiling architecture fdr_v of entity unisim.FDR [fdr_default]
Compiling architecture implementation of entity lib_cdc_v1_0_2.cdc_sync [\cdc_sync(c_single_bit=0,c_mtbf_...]
Compiling architecture imp of entity axi_gpio_v2_0_29.GPIO_Core [\GPIO_Core(c_aw=9,c_all_outputs=...]
Compiling architecture imp of entity axi_gpio_v2_0_29.axi_gpio [\axi_gpio(c_family="zynq",c_all_...]
Compiling architecture ebaz4205_axi_gpio_1_0_arch of entity xil_defaultlib.ebaz4205_axi_gpio_1_0 [ebaz4205_axi_gpio_1_0_default]
Compiling architecture structural of entity c_reg_fd_v12_0_6.c_reg_fd_v12_0_6_viv [\c_reg_fd_v12_0_6_viv(c_width=16...]
Compiling architecture muxcy_v of entity unisim.MUXCY [muxcy_default]
Compiling architecture xorcy_v of entity unisim.XORCY [xorcy_default]
Compiling architecture rtl of entity c_addsub_v12_0_14.c_addsub_v12_0_14_lut6_legacy [\c_addsub_v12_0_14_lut6_legacy(c...]
Compiling architecture synth of entity c_addsub_v12_0_14.c_addsub_v12_0_14_fabric_legacy [\c_addsub_v12_0_14_fabric_legacy...]
Compiling architecture synth of entity c_addsub_v12_0_14.c_addsub_v12_0_14_legacy [\c_addsub_v12_0_14_legacy(c_fami...]
Compiling architecture synth of entity c_addsub_v12_0_14.c_addsub_v12_0_14_viv [\c_addsub_v12_0_14_viv(c_xdevice...]
Compiling architecture xilinx of entity c_addsub_v12_0_14.c_addsub_v12_0_14 [\c_addsub_v12_0_14(c_xdevicefami...]
Compiling architecture ebaz4205_c_addsub_0_1_arch of entity xil_defaultlib.ebaz4205_c_addsub_0_1 [ebaz4205_c_addsub_0_1_default]
Compiling architecture arch_imp of entity xil_defaultlib.dds_axi_interface_logic [dds_axi_interface_logic_default]
Compiling architecture arch_imp of entity xil_defaultlib.dds_axi_interface [dds_axi_interface_default]
Compiling module xil_defaultlib.ebaz4205_dds_axi_interface_0_2
Compiling architecture synth of entity xbip_pipe_v3_0_6.xbip_pipe_v3_0_6_viv [\xbip_pipe_v3_0_6_viv(c_has_ce=1...]
Compiling architecture synth of entity xbip_pipe_v3_0_6.xbip_pipe_v3_0_6_viv [\xbip_pipe_v3_0_6_viv(c_has_ce=1...]
Compiling architecture synth of entity xbip_pipe_v3_0_6.xbip_pipe_v3_0_6_viv [\xbip_pipe_v3_0_6_viv(c_latency=...]
Compiling architecture synth of entity dds_compiler_v6_0_22.pipe_add [\pipe_add(c_width=28,c_seg_width...]
Compiling architecture synth of entity dds_compiler_v6_0_22.accum [\accum(c_xdevicefamily="zynq",c_...]
Compiling architecture synth of entity dds_compiler_v6_0_22.dds_compiler_v6_0_22_core [\dds_compiler_v6_0_22_core(c_xde...]
Compiling architecture synth of entity dds_compiler_v6_0_22.dds_compiler_v6_0_22_viv [\dds_compiler_v6_0_22_viv(c_xdev...]
Compiling architecture xilinx of entity dds_compiler_v6_0_22.dds_compiler_v6_0_22 [\dds_compiler_v6_0_22(c_xdevicef...]
Compiling architecture ebaz4205_dds_compiler_0_2_arch of entity xil_defaultlib.ebaz4205_dds_compiler_0_2 [ebaz4205_dds_compiler_0_2_defaul...]
Compiling architecture lut6_2_v of entity unisim.LUT6_2 [\LUT6_2(init="000011111111000011...]
Compiling architecture lut6_2_v of entity unisim.LUT6_2 [\LUT6_2(init="111010111011111010...]
Compiling architecture lut6_2_v of entity unisim.LUT6_2 [\LUT6_2(init="111111111111000000...]
Compiling architecture xilinx of entity mult_gen_v12_0_18.three_input_adder [\three_input_adder(c_a_width=32,...]
Compiling architecture lut6_2_v of entity unisim.LUT6_2 [\LUT6_2(init="111100000000111100...]
Compiling architecture lut6_2_v of entity unisim.LUT6_2 [\LUT6_2(init="001111001100001111...]
Compiling architecture lut6_2_v of entity unisim.LUT6_2 [\LUT6_2(init="000011111111111111...]
Compiling architecture xilinx of entity mult_gen_v12_0_18.three_input_adder [\three_input_adder(c_a_width=32,...]
Compiling architecture xilinx of entity mult_gen_v12_0_18.multmxn_lut6 [\multmxn_lut6(c_xdevicefamily="z...]
Compiling architecture xilinx of entity mult_gen_v12_0_18.mult_gen_v12_0_18_viv [\mult_gen_v12_0_18_viv(c_verbosi...]
Compiling architecture xilinx of entity mult_gen_v12_0_18.mult_gen_v12_0_18 [\mult_gen_v12_0_18(c_optimize_go...]
Compiling architecture ebaz4205_mult_gen_0_2_arch of entity xil_defaultlib.ebaz4205_mult_gen_0_2 [ebaz4205_mult_gen_0_2_default]
Compiling module xlconstant_v1_1_7.xlconstant_v1_1_7_xlconstant
Compiling module xil_defaultlib.ebaz4205_xlconstant_2_3
Compiling module xlconstant_v1_1_7.xlconstant_v1_1_7_xlconstant(CON...
Compiling module xil_defaultlib.ebaz4205_xlconstant_3_0
Compiling module xlslice_v1_0_2.xlslice_v1_0_2_xlslice(DIN_FROM=...
Compiling module xil_defaultlib.ebaz4205_xlslice_1_0
Compiling module xil_defaultlib.TestGen_imp_12Z2PFB
Compiling architecture behavioral of entity xil_defaultlib.axis_mux [axis_mux_default]
Compiling module xil_defaultlib.ebaz4205_axis_mux_0_0
Compiling module xlconcat_v2_1_4.xlconcat_v2_1_4_xlconcat(IN0_WID...
Compiling module xil_defaultlib.ebaz4205_xlconcat_1_0
Compiling module xlconcat_v2_1_4.xlconcat_v2_1_4_xlconcat(IN1_WID...
Compiling module xil_defaultlib.ebaz4205_xlconcat_2_0
Compiling module xil_defaultlib.ebaz4205_xlconstant_0_0
Compiling module xlconstant_v1_1_7.xlconstant_v1_1_7_xlconstant(CON...
Compiling module xil_defaultlib.ebaz4205_xlconstant_2_0
Compiling module xil_defaultlib.ebaz4205_xlconstant_1_0
Compiling module xil_defaultlib.ADC_TestGen_imp_QGE54V
Compiling architecture lut2_v of entity unisim.LUT2 [\LUT2(init="1000")(0,3)\]
Compiling architecture mult_and_v of entity unisim.MULT_AND [mult_and_default]
Compiling architecture xilinx of entity mult_gen_v12_0_18.op_resize [\op_resize(ao_width=19,bo_width=...]
Compiling architecture xilinx of entity mult_gen_v12_0_18.luts [\luts(c_xdevicefamily="zynq",c_a...]
Compiling architecture xilinx of entity mult_gen_v12_0_18.mult_gen_v12_0_18_viv [\mult_gen_v12_0_18_viv(c_verbosi...]
Compiling architecture xilinx of entity mult_gen_v12_0_18.mult_gen_v12_0_18 [\mult_gen_v12_0_18(c_xdevicefami...]
Compiling architecture ebaz4205_mult_gen_0_1_arch of entity xil_defaultlib.ebaz4205_mult_gen_0_1 [ebaz4205_mult_gen_0_1_default]
Compiling architecture ebaz4205_mult_gen_1_0_arch of entity xil_defaultlib.ebaz4205_mult_gen_1_0 [ebaz4205_mult_gen_1_0_default]
Compiling architecture structural of entity c_reg_fd_v12_0_6.c_reg_fd_v12_0_6_viv [\c_reg_fd_v12_0_6_viv(c_width=32...]
Compiling architecture rtl of entity c_addsub_v12_0_14.c_addsub_v12_0_14_lut6_legacy [\c_addsub_v12_0_14_lut6_legacy(c...]
Compiling architecture synth of entity c_addsub_v12_0_14.c_addsub_v12_0_14_fabric_legacy [\c_addsub_v12_0_14_fabric_legacy...]
Compiling architecture synth of entity c_addsub_v12_0_14.c_addsub_v12_0_14_legacy [\c_addsub_v12_0_14_legacy(c_fami...]
Compiling architecture synth of entity c_addsub_v12_0_14.c_addsub_v12_0_14_viv [\c_addsub_v12_0_14_viv(c_xdevice...]
Compiling architecture xilinx of entity c_addsub_v12_0_14.c_addsub_v12_0_14 [\c_addsub_v12_0_14(c_xdevicefami...]
Compiling architecture ebaz4205_c_addsub_0_0_arch of entity xil_defaultlib.ebaz4205_c_addsub_0_0 [ebaz4205_c_addsub_0_0_default]
Compiling architecture circuits of entity xil_defaultlib.S0 [s0_default]
Compiling architecture circuits of entity xil_defaultlib.S1 [s1_default]
Compiling architecture circuits of entity xil_defaultlib.Sm [sm_default]
Compiling architecture circuits of entity xil_defaultlib.Sn [sn_default]
Compiling architecture circuits of entity xil_defaultlib.S0b [s0b_default]
Compiling architecture circuits of entity xil_defaultlib.S1b [s1b_default]
Compiling architecture circuits of entity xil_defaultlib.Sb [sb_default]
Compiling architecture circuits of entity xil_defaultlib.sqrt32 [sqrt32_default]
Compiling module xil_defaultlib.ebaz4205_sqrt32_0_0
Compiling module xil_defaultlib.AM_demodulator_imp_UCGGQS
Compiling architecture xilinx of entity mult_gen_v12_0_18.op_resize [\op_resize(ai_width=12,swap_oper...]
Compiling architecture xilinx of entity mult_gen_v12_0_18.luts [\luts(c_xdevicefamily="zynq",c_a...]
Compiling architecture xilinx of entity mult_gen_v12_0_18.mult_gen_v12_0_18_viv [\mult_gen_v12_0_18_viv(c_verbosi...]
Compiling architecture xilinx of entity mult_gen_v12_0_18.mult_gen_v12_0_18 [\mult_gen_v12_0_18(c_xdevicefami...]
Compiling architecture ebaz4205_mult_sin_0_arch of entity xil_defaultlib.ebaz4205_mult_sin_0 [ebaz4205_mult_sin_0_default]
Compiling architecture ebaz4205_mult_gen_0_0_arch of entity xil_defaultlib.ebaz4205_mult_gen_0_0 [ebaz4205_mult_gen_0_0_default]
Compiling module xlslice_v1_0_2.xlslice_v1_0_2_xlslice(DIN_FROM=...
Compiling module xil_defaultlib.ebaz4205_xlslice_0_3
Compiling module xlslice_v1_0_2.xlslice_v1_0_2_xlslice(DIN_FROM=...
Compiling module xil_defaultlib.ebaz4205_xlslice_sin_0
Compiling module xil_defaultlib.ComplexMult_imp_2GTPFV
Compiling architecture synth of entity xbip_pipe_v3_0_6.xbip_pipe_v3_0_6_viv [\xbip_pipe_v3_0_6_viv(c_latency=...]
Compiling architecture synth of entity dds_compiler_v6_0_22.dds_compiler_v6_0_22_rdy [\dds_compiler_v6_0_22_rdy(c_has_...]
Compiling architecture synth of entity dds_compiler_v6_0_22.dither_wrap [\dither_wrap(ci_phase_err_width=...]
Compiling architecture synth of entity dds_compiler_v6_0_22.accum [\accum(c_xdevicefamily="zynq",c_...]
Compiling architecture synth of entity xbip_pipe_v3_0_6.xbip_pipe_v3_0_6_viv [\xbip_pipe_v3_0_6_viv(c_latency=...]
Compiling architecture synth of entity xbip_pipe_v3_0_6.xbip_pipe_v3_0_6_viv [\xbip_pipe_v3_0_6_viv(c_latency=...]
Compiling architecture synth of entity xbip_pipe_v3_0_6.xbip_pipe_v3_0_6_viv [\xbip_pipe_v3_0_6_viv(c_latency=...]
Compiling architecture synth of entity dds_compiler_v6_0_22.sin_cos [\sin_cos(c_xdevicefamily="zynq",...]
Compiling architecture synth of entity xbip_pipe_v3_0_6.xbip_pipe_v3_0_6_viv [\xbip_pipe_v3_0_6_viv(c_has_ce=1...]
Compiling architecture synth of entity xbip_pipe_v3_0_6.xbip_pipe_v3_0_6_viv [\xbip_pipe_v3_0_6_viv(c_has_ce=1...]
Compiling architecture synth of entity dds_compiler_v6_0_22.dds_compiler_v6_0_22_core [\dds_compiler_v6_0_22_core(c_xde...]
Compiling architecture synth of entity dds_compiler_v6_0_22.dds_compiler_v6_0_22_viv [\dds_compiler_v6_0_22_viv(c_xdev...]
Compiling architecture xilinx of entity dds_compiler_v6_0_22.dds_compiler_v6_0_22 [\dds_compiler_v6_0_22(c_xdevicef...]
Compiling architecture ebaz4205_rf_test_1mhz_0_arch of entity xil_defaultlib.ebaz4205_RF_test_1MHz_0 [ebaz4205_rf_test_1mhz_0_default]
Compiling module xil_defaultlib.ebaz4205_dds_axi_interface_0_0
Compiling module xil_defaultlib.ebaz4205_xlconstant_2_1
Compiling module xil_defaultlib.LO_imp_1P3EDMO
Compiling module xlslice_v1_0_2.xlslice_v1_0_2_xlslice(DIN_FROM=...
Compiling module xil_defaultlib.ebaz4205_xlslice_0_4
Compiling module xil_defaultlib.DDC_imp_9GECP5
Compiling module xil_defaultlib.DivideBy2N(WIDTH=2)
Compiling module xil_defaultlib.ebaz4205_DivideBy4_25MHz_0
Compiling architecture synth of entity cic_compiler_v4_0_16.dec_shifter [\dec_shifter(in_width=82,shft_ra...]
Compiling architecture synth of entity cic_compiler_v4_0_16.dec_scaler [\dec_scaler(in_width=82,rate_wid...]
Compiling architecture struct_all of entity cic_compiler_v4_0_16.delay_bit [\delay_bit(delay_len=2,family=(p...]
Compiling architecture implementation of entity cic_compiler_v4_0_16.dpr_ram [\dpr_ram(param=((p_mult18s,true,...]
Compiling architecture muxcy_d_v of entity unisim.MUXCY_D [muxcy_d_default]
Compiling architecture rtl of entity cic_compiler_v4_0_16.counter [\counter(width=2,const_vals=(-3,...]
Compiling architecture arch1 of entity cic_compiler_v4_0_16.compare_dualval [\compare_dualval(value1=0,value2...]
Compiling architecture struct_all of entity cic_compiler_v4_0_16.twopage_address [\twopage_address(param=((p_mult1...]
Compiling architecture rtl of entity cic_compiler_v4_0_16.counter [\counter(width=1,const_vals=(-1,...]
Compiling architecture arch1 of entity cic_compiler_v4_0_16.compare [\compare(value=0,family=(p_mult1...]
Compiling architecture rtl of entity cic_compiler_v4_0_16.counter [\counter(width=1,const_vals=(0,-...]
Compiling architecture struct_all of entity cic_compiler_v4_0_16.chan_cnt [\chan_cnt(family=(p_mult18s,true...]
Compiling architecture lut4_v of entity unisim.LUT4 [\LUT4(init="1111111111001010")(0...]
Compiling architecture fdrse_v of entity unisim.FDRSE [fdrse_default]
Compiling architecture muxcy_l_v of entity unisim.MUXCY_L [muxcy_l_default]
Compiling architecture structural of entity cic_compiler_v4_0_16.add_sub [\add_sub(family=(p_mult18s,true,...]
Compiling architecture struct_all of entity cic_compiler_v4_0_16.delay [\delay(delay_len=1,family=(p_mul...]
Compiling architecture struct_all of entity cic_compiler_v4_0_16.delay [\delay(delay_len=1,family=(p_mul...]
Compiling architecture struct_all of entity cic_compiler_v4_0_16.delay [\delay(delay_len=1,family=(p_mul...]
Compiling architecture struct_all of entity cic_compiler_v4_0_16.delay [\delay(delay_len=0,family=(p_mul...]
Compiling architecture struct_all of entity cic_compiler_v4_0_16.delay [\delay(delay_len=1,family=(p_mul...]
Compiling architecture struct_all of entity cic_compiler_v4_0_16.delay_bit [\delay_bit(delay_len=0,family=(p...]
Compiling architecture struct_all of entity cic_compiler_v4_0_16.emb_calc [\emb_calc(param=((p_mult18s,true...]
Compiling architecture struct_all of entity cic_compiler_v4_0_16.delay_bit [\delay_bit(delay_len=0,family=(p...]
Compiling architecture struct_all of entity cic_compiler_v4_0_16.delay [\delay(delay_len=0,family=(p_mul...]
Compiling architecture struct_all of entity cic_compiler_v4_0_16.delay_bit [\delay_bit(delay_len=1,family=(p...]
Compiling architecture synth of entity cic_compiler_v4_0_16.int_comb_stage_unfolded [\int_comb_stage_unfolded(c_int_o...]
Compiling architecture structural of entity cic_compiler_v4_0_16.add_sub [\add_sub(family=(p_mult18s,true,...]
Compiling architecture struct_all of entity cic_compiler_v4_0_16.delay [\delay(delay_len=1,family=(p_mul...]
Compiling architecture struct_all of entity cic_compiler_v4_0_16.delay [\delay(delay_len=1,family=(p_mul...]
Compiling architecture struct_all of entity cic_compiler_v4_0_16.emb_calc [\emb_calc(param=((p_mult18s,true...]
Compiling architecture struct_all of entity cic_compiler_v4_0_16.delay [\delay(delay_len=0,family=(p_mul...]
Compiling architecture synth of entity cic_compiler_v4_0_16.int_comb_stage_unfolded [\int_comb_stage_unfolded(c_int_o...]
Compiling architecture structural of entity cic_compiler_v4_0_16.add_sub [\add_sub(family=(p_mult18s,true,...]
Compiling architecture struct_all of entity cic_compiler_v4_0_16.delay [\delay(delay_len=1,family=(p_mul...]
Compiling architecture struct_all of entity cic_compiler_v4_0_16.emb_calc [\emb_calc(param=((p_mult18s,true...]
Compiling architecture struct_all of entity cic_compiler_v4_0_16.delay [\delay(delay_len=0,family=(p_mul...]
Compiling architecture synth of entity cic_compiler_v4_0_16.int_comb_stage_unfolded [\int_comb_stage_unfolded(c_int_o...]
Compiling architecture structural of entity cic_compiler_v4_0_16.add_sub [\add_sub(family=(p_mult18s,true,...]
Compiling architecture struct_all of entity cic_compiler_v4_0_16.delay [\delay(delay_len=1,family=(p_mul...]
Compiling architecture struct_all of entity cic_compiler_v4_0_16.emb_calc [\emb_calc(param=((p_mult18s,true...]
Compiling architecture struct_all of entity cic_compiler_v4_0_16.delay [\delay(delay_len=0,family=(p_mul...]
Compiling architecture synth of entity cic_compiler_v4_0_16.int_comb_stage_unfolded [\int_comb_stage_unfolded(c_int_o...]
Compiling architecture structural of entity cic_compiler_v4_0_16.add_sub [\add_sub(family=(p_mult18s,true,...]
Compiling architecture struct_all of entity cic_compiler_v4_0_16.delay [\delay(delay_len=1,family=(p_mul...]
Compiling architecture struct_all of entity cic_compiler_v4_0_16.emb_calc [\emb_calc(param=((p_mult18s,true...]
Compiling architecture struct_all of entity cic_compiler_v4_0_16.delay [\delay(delay_len=0,family=(p_mul...]
Compiling architecture synth of entity cic_compiler_v4_0_16.int_comb_stage_unfolded [\int_comb_stage_unfolded(c_int_o...]
Compiling architecture structural of entity cic_compiler_v4_0_16.add_sub [\add_sub(family=(p_mult18s,true,...]
Compiling architecture struct_all of entity cic_compiler_v4_0_16.delay [\delay(delay_len=1,family=(p_mul...]
Compiling architecture struct_all of entity cic_compiler_v4_0_16.emb_calc [\emb_calc(param=((p_mult18s,true...]
Compiling architecture struct_all of entity cic_compiler_v4_0_16.delay [\delay(delay_len=0,family=(p_mul...]
Compiling architecture synth of entity cic_compiler_v4_0_16.int_comb_stage_unfolded [\int_comb_stage_unfolded(c_int_o...]
Compiling architecture synth of entity cic_compiler_v4_0_16.int_comb_section [\int_comb_section(c_int_or_comb=...]
Compiling architecture struct_all of entity cic_compiler_v4_0_16.delay [\delay(delay_len=0,family=(p_mul...]
Compiling architecture struct_all of entity cic_compiler_v4_0_16.delay [\delay(delay_len=1,family=(p_mul...]
Compiling architecture structural of entity cic_compiler_v4_0_16.add_sub [\add_sub(family=(p_mult18s,true,...]
Compiling architecture struct_all of entity cic_compiler_v4_0_16.delay [\delay(delay_len=1,family=(p_mul...]
Compiling architecture struct_all of entity cic_compiler_v4_0_16.emb_calc [\emb_calc(param=((p_mult18s,true...]
Compiling architecture struct_all of entity cic_compiler_v4_0_16.delay [\delay(delay_len=6,family=(p_mul...]
Compiling architecture struct_all of entity cic_compiler_v4_0_16.delay_bit [\delay_bit(delay_len=5,family=(p...]
Compiling architecture synth of entity cic_compiler_v4_0_16.int_comb_stage_folded [\int_comb_stage_folded(c_int_or_...]
Compiling architecture struct_all of entity cic_compiler_v4_0_16.delay [\delay(delay_len=1,family=(p_mul...]
Compiling architecture structural of entity cic_compiler_v4_0_16.add_sub [\add_sub(family=(p_mult18s,true,...]
Compiling architecture struct_all of entity cic_compiler_v4_0_16.delay [\delay(delay_len=1,family=(p_mul...]
Compiling architecture struct_all of entity cic_compiler_v4_0_16.emb_calc [\emb_calc(param=((p_mult18s,true...]
Compiling architecture struct_all of entity cic_compiler_v4_0_16.delay [\delay(delay_len=0,family=(p_mul...]
Compiling architecture struct_all of entity cic_compiler_v4_0_16.delay [\delay(delay_len=6,family=(p_mul...]
Compiling architecture struct_all of entity cic_compiler_v4_0_16.delay_bit [\delay_bit(delay_len=3,family=(p...]
Compiling architecture synth of entity cic_compiler_v4_0_16.int_comb_stage_folded [\int_comb_stage_folded(c_int_or_...]
Compiling architecture synth of entity cic_compiler_v4_0_16.int_comb_section [\int_comb_section(c_int_or_comb=...]
Compiling architecture synth of entity cic_compiler_v4_0_16.decimate [\decimate(c_num_stages=6,c_rate=...]
Compiling architecture synth of entity cic_compiler_v4_0_16.cic_compiler_v4_0_16_viv [\cic_compiler_v4_0_16_viv(c_comp...]
Compiling architecture xilinx of entity cic_compiler_v4_0_16.cic_compiler_v4_0_16 [\cic_compiler_v4_0_16(c_componen...]
Compiling architecture ebaz4205_cic_compiler_0_0_arch of entity xil_defaultlib.ebaz4205_cic_compiler_0_0 [ebaz4205_cic_compiler_0_0_defaul...]
Compiling architecture xilinx of entity axi_utils_v2_0_6.glb_srl_fifo [\glb_srl_fifo(width=17,has_ifx=t...]
Compiling architecture xilinx of entity axi_utils_v2_0_6.glb_ifx_slave [\glb_ifx_slave(width=17,has_ifx=...]
Compiling architecture synth of entity fir_compiler_v7_2_18.cntrl_delay [\cntrl_delay(c_delay_len=0,c_mem...]
Compiling architecture synth of entity fir_compiler_v7_2_18.sp_mem [\sp_mem(c_xdevicefamily="zynq",c...]
Compiling architecture synth of entity fir_compiler_v7_2_18.sp_mem [\sp_mem(c_xdevicefamily="zynq",c...]
Compiling architecture synth of entity fir_compiler_v7_2_18.filt_mem [\filt_mem(c_xdevicefamily="zynq"...]
Compiling architecture synth of entity fir_compiler_v7_2_18.sp_mem [\sp_mem(c_xdevicefamily="zynq",c...]
Compiling architecture synth of entity fir_compiler_v7_2_18.sp_mem [\sp_mem(c_xdevicefamily="zynq",c...]
Compiling architecture synth of entity fir_compiler_v7_2_18.filt_mem [\filt_mem(c_xdevicefamily="zynq"...]
Compiling architecture synth of entity fir_compiler_v7_2_18.sp_mem [\sp_mem(c_xdevicefamily="zynq",c...]
Compiling architecture synth of entity fir_compiler_v7_2_18.sp_mem [\sp_mem(c_xdevicefamily="zynq",c...]
Compiling architecture synth of entity fir_compiler_v7_2_18.filt_mem [\filt_mem(c_xdevicefamily="zynq"...]
Compiling architecture synth of entity fir_compiler_v7_2_18.sp_mem [\sp_mem(c_xdevicefamily="zynq",c...]
Compiling architecture synth of entity fir_compiler_v7_2_18.sp_mem [\sp_mem(c_xdevicefamily="zynq",c...]
Compiling architecture synth of entity fir_compiler_v7_2_18.filt_mem [\filt_mem(c_xdevicefamily="zynq"...]
Compiling architecture synth of entity fir_compiler_v7_2_18.sp_mem [\sp_mem(c_xdevicefamily="zynq",c...]
Compiling architecture synth of entity fir_compiler_v7_2_18.sp_mem [\sp_mem(c_xdevicefamily="zynq",c...]
Compiling architecture synth of entity fir_compiler_v7_2_18.filt_mem [\filt_mem(c_xdevicefamily="zynq"...]
Compiling architecture synth of entity fir_compiler_v7_2_18.sp_mem [\sp_mem(c_xdevicefamily="zynq",c...]
Compiling architecture synth of entity fir_compiler_v7_2_18.sp_mem [\sp_mem(c_xdevicefamily="zynq",c...]
Compiling architecture synth of entity fir_compiler_v7_2_18.filt_mem [\filt_mem(c_xdevicefamily="zynq"...]
Compiling architecture synth of entity fir_compiler_v7_2_18.sp_mem [\sp_mem(c_xdevicefamily="zynq",c...]
Compiling architecture synth of entity fir_compiler_v7_2_18.sp_mem [\sp_mem(c_xdevicefamily="zynq",c...]
Compiling architecture synth of entity fir_compiler_v7_2_18.filt_mem [\filt_mem(c_xdevicefamily="zynq"...]
Compiling architecture synth of entity fir_compiler_v7_2_18.sp_mem [\sp_mem(c_xdevicefamily="zynq",c...]
Compiling architecture synth of entity fir_compiler_v7_2_18.sp_mem [\sp_mem(c_xdevicefamily="zynq",c...]
Compiling architecture synth of entity fir_compiler_v7_2_18.filt_mem [\filt_mem(c_xdevicefamily="zynq"...]
Compiling architecture synth of entity fir_compiler_v7_2_18.sp_mem [\sp_mem(c_xdevicefamily="zynq",c...]
Compiling architecture synth of entity fir_compiler_v7_2_18.sp_mem [\sp_mem(c_xdevicefamily="zynq",c...]
Compiling architecture synth of entity fir_compiler_v7_2_18.filt_mem [\filt_mem(c_xdevicefamily="zynq"...]
Compiling architecture synth of entity fir_compiler_v7_2_18.sp_mem [\sp_mem(c_xdevicefamily="zynq",c...]
Compiling architecture synth of entity fir_compiler_v7_2_18.sp_mem [\sp_mem(c_xdevicefamily="zynq",c...]
Compiling architecture synth of entity fir_compiler_v7_2_18.filt_mem [\filt_mem(c_xdevicefamily="zynq"...]
Compiling architecture synth of entity fir_compiler_v7_2_18.sp_mem [\sp_mem(c_xdevicefamily="zynq",c...]
Compiling architecture synth of entity fir_compiler_v7_2_18.sp_mem [\sp_mem(c_xdevicefamily="zynq",c...]
Compiling architecture synth of entity fir_compiler_v7_2_18.filt_mem [\filt_mem(c_xdevicefamily="zynq"...]
Compiling architecture synth of entity fir_compiler_v7_2_18.sp_mem [\sp_mem(c_xdevicefamily="zynq",c...]
Compiling architecture synth of entity fir_compiler_v7_2_18.sp_mem [\sp_mem(c_xdevicefamily="zynq",c...]
Compiling architecture synth of entity fir_compiler_v7_2_18.filt_mem [\filt_mem(c_xdevicefamily="zynq"...]
Compiling architecture synth of entity fir_compiler_v7_2_18.sp_mem [\sp_mem(c_xdevicefamily="zynq",c...]
Compiling architecture synth of entity fir_compiler_v7_2_18.sp_mem [\sp_mem(c_xdevicefamily="zynq",c...]
Compiling architecture synth of entity fir_compiler_v7_2_18.filt_mem [\filt_mem(c_xdevicefamily="zynq"...]
Compiling architecture synth of entity fir_compiler_v7_2_18.sp_mem [\sp_mem(c_xdevicefamily="zynq",c...]
Compiling architecture synth of entity fir_compiler_v7_2_18.sp_mem [\sp_mem(c_xdevicefamily="zynq",c...]
Compiling architecture synth of entity fir_compiler_v7_2_18.filt_mem [\filt_mem(c_xdevicefamily="zynq"...]
Compiling architecture synth of entity fir_compiler_v7_2_18.delay [\delay(c_delay_len=4,c_xdevicefa...]
Compiling architecture synth of entity fir_compiler_v7_2_18.buff [\buff(c_xdevicefamily="zynq",c_d...]
Compiling architecture synth of entity fir_compiler_v7_2_18.delay [\delay(c_delay_len=27,c_xdevicef...]
Compiling architecture synth of entity fir_compiler_v7_2_18.delay [\delay(c_delay_len=26,c_xdevicef...]
Compiling architecture synth of entity fir_compiler_v7_2_18.delay [\delay(c_delay_len=25,c_xdevicef...]
Compiling architecture synth of entity fir_compiler_v7_2_18.delay [\delay(c_delay_len=24,c_xdevicef...]
Compiling architecture synth of entity fir_compiler_v7_2_18.delay [\delay(c_delay_len=23,c_xdevicef...]
Compiling architecture synth of entity fir_compiler_v7_2_18.delay [\delay(c_delay_len=22,c_xdevicef...]
Compiling architecture synth of entity fir_compiler_v7_2_18.delay [\delay(c_delay_len=21,c_xdevicef...]
Compiling architecture synth of entity fir_compiler_v7_2_18.delay [\delay(c_delay_len=20,c_xdevicef...]
Compiling architecture synth of entity fir_compiler_v7_2_18.delay [\delay(c_delay_len=19,c_xdevicef...]
Compiling architecture synth of entity fir_compiler_v7_2_18.delay [\delay(c_delay_len=18,c_xdevicef...]
Compiling architecture synth of entity fir_compiler_v7_2_18.delay [\delay(c_delay_len=17,c_xdevicef...]
Compiling architecture synth of entity fir_compiler_v7_2_18.delay [\delay(c_delay_len=16,c_xdevicef...]
Compiling architecture synth of entity fir_compiler_v7_2_18.delay [\delay(c_delay_len=15,c_xdevicef...]
Compiling architecture synth of entity fir_compiler_v7_2_18.delay [\delay(c_delay_len=14,c_xdevicef...]
Compiling architecture synth of entity fir_compiler_v7_2_18.delay [\delay(c_delay_len=13,c_xdevicef...]
Compiling architecture synth of entity fir_compiler_v7_2_18.delay [\delay(c_delay_len=12,c_xdevicef...]
Compiling architecture synth of entity fir_compiler_v7_2_18.delay [\delay(c_delay_len=11,c_xdevicef...]
Compiling architecture synth of entity fir_compiler_v7_2_18.delay [\delay(c_delay_len=10,c_xdevicef...]
Compiling architecture synth of entity fir_compiler_v7_2_18.delay [\delay(c_delay_len=9,c_xdevicefa...]
Compiling architecture synth of entity fir_compiler_v7_2_18.delay [\delay(c_delay_len=8,c_xdevicefa...]
Compiling architecture synth of entity fir_compiler_v7_2_18.delay [\delay(c_delay_len=7,c_xdevicefa...]
Compiling architecture synth of entity fir_compiler_v7_2_18.delay [\delay(c_delay_len=6,c_xdevicefa...]
Compiling architecture synth of entity fir_compiler_v7_2_18.delay [\delay(c_delay_len=5,c_xdevicefa...]
Compiling architecture synth of entity fir_compiler_v7_2_18.delay [\delay(c_delay_len=3,c_xdevicefa...]
Compiling architecture synth of entity fir_compiler_v7_2_18.delay [\delay(c_delay_len=2,c_xdevicefa...]
Compiling architecture synth of entity fir_compiler_v7_2_18.delay [\delay(c_delay_len=0,c_xdevicefa...]
Compiling architecture synth of entity fir_compiler_v7_2_18.buff [\buff(c_xdevicefamily="zynq",c_d...]
Compiling architecture synth of entity fir_compiler_v7_2_18.delay [\delay(c_delay_len=0,c_xdevicefa...]
Compiling architecture dsp48e1_v of entity unisim.DSP48E1 [\DSP48E1(mask="11111111111111111...]
Compiling architecture synth of entity fir_compiler_v7_2_18.calc [\calc(c_xdevicefamily="zynq",c_p...]
Compiling architecture synth of entity fir_compiler_v7_2_18.addsub_mult_add [\addsub_mult_add(c_xdevicefamily...]
Compiling architecture synth of entity fir_compiler_v7_2_18.delay [\delay(c_delay_len=1,c_xdevicefa...]
Compiling architecture synth of entity fir_compiler_v7_2_18.delay [\delay(c_delay_len=0,c_xdevicefa...]
Compiling architecture synth of entity fir_compiler_v7_2_18.addsub_mult_add [\addsub_mult_add(c_xdevicefamily...]
Compiling architecture synth of entity fir_compiler_v7_2_18.dpr_mem [\dpr_mem(c_xdevicefamily="zynq",...]
Compiling architecture synth of entity fir_compiler_v7_2_18.delay [\delay(c_delay_len=1,c_xdevicefa...]
Compiling architecture synth of entity fir_compiler_v7_2_18.wrap_buff [\wrap_buff(c_xdevicefamily="zynq...]
Compiling architecture dsp48e1_v of entity unisim.DSP48E1 [\DSP48E1(inmodereg=0,mask="11111...]
Compiling architecture synth of entity fir_compiler_v7_2_18.delay [\delay(c_delay_len=0,c_xdevicefa...]
Compiling architecture synth of entity fir_compiler_v7_2_18.delay [\delay(c_delay_len=0,c_xdevicefa...]
Compiling architecture synth of entity fir_compiler_v7_2_18.calc [\calc(c_xdevicefamily="zynq",c_p...]
Compiling architecture synth of entity fir_compiler_v7_2_18.add_accum [\add_accum(c_xdevicefamily="zynq...]
Compiling architecture synth of entity fir_compiler_v7_2_18.delay [\delay(c_delay_len=0,c_xdevicefa...]
Compiling architecture synth of entity fir_compiler_v7_2_18.delay [\delay(c_delay_len=32,c_xdevicef...]
Compiling architecture synth of entity fir_compiler_v7_2_18.delay [\delay(c_delay_len=1,c_xdevicefa...]
Compiling architecture synth of entity fir_compiler_v7_2_18.delay [\delay(c_delay_len=1,c_xdevicefa...]
Compiling architecture synth of entity fir_compiler_v7_2_18.delay [\delay(c_delay_len=0,c_xdevicefa...]
Compiling architecture synth of entity fir_compiler_v7_2_18.delay [\delay(c_delay_len=1,c_xdevicefa...]
Compiling architecture synth of entity fir_compiler_v7_2_18.delay [\delay(c_delay_len=0,c_xdevicefa...]
Compiling architecture synth of entity fir_compiler_v7_2_18.delay [\delay(c_delay_len=1,c_xdevicefa...]
Compiling architecture synth of entity fir_compiler_v7_2_18.delay [\delay(c_delay_len=30,c_xdevicef...]
Compiling architecture synth of entity fir_compiler_v7_2_18.delay [\delay(c_delay_len=32,c_xdevicef...]
Compiling architecture xilinx of entity axi_utils_v2_0_6.glb_srl_fifo [\glb_srl_fifo(width=18,has_uvpro...]
Compiling architecture xilinx of entity axi_utils_v2_0_6.glb_ifx_master [\glb_ifx_master(width=18)\]
Compiling architecture synth of entity fir_compiler_v7_2_18.polyphase_decimation [\polyphase_decimation(c_xdevicef...]
Compiling architecture synth of entity fir_compiler_v7_2_18.fir_compiler_v7_2_18_viv [\fir_compiler_v7_2_18_viv(c_xdev...]
Compiling architecture xilinx of entity fir_compiler_v7_2_18.fir_compiler_v7_2_18 [\fir_compiler_v7_2_18(c_xdevicef...]
Compiling architecture ebaz4205_fir_compiler_0_0_arch of entity xil_defaultlib.ebaz4205_fir_compiler_0_0 [ebaz4205_fir_compiler_0_0_defaul...]
Compiling architecture imp of entity axi_gpio_v2_0_29.GPIO_Core [\GPIO_Core(c_aw=9,c_dout_default...]
Compiling architecture imp of entity axi_gpio_v2_0_29.axi_gpio [\axi_gpio(c_family="zynq",c_all_...]
Compiling architecture ebaz4205_axi_gpio_0_1_arch of entity xil_defaultlib.ebaz4205_axi_gpio_0_1 [ebaz4205_axi_gpio_0_1_default]
Compiling architecture arch_imp of entity xil_defaultlib.dds_axi_interface [\dds_axi_interface(c_ctrl_m_axis...]
Compiling module xil_defaultlib.ebaz4205_axi_interface_DEC_RATE_...
Compiling architecture rtl of entity xil_defaultlib.axis2c_combine [axis2c_combine_default]
Compiling module xil_defaultlib.ebaz4205_axis2c_combine_0_0
Compiling architecture behavioral of entity xil_defaultlib.axis2c_splitter [axis2c_splitter_default]
Compiling module xil_defaultlib.ebaz4205_axis2c_splitter_0_1
Compiling module xil_defaultlib.ebaz4205_axis2c_splitter_0_0
Compiling architecture xilinx of entity mult_gen_v12_0_18.op_resize [\op_resize(bi_width=32,swap_oper...]
Compiling architecture xilinx of entity mult_gen_v12_0_18.luts [\luts(c_xdevicefamily="zynq",c_a...]
Compiling architecture xilinx of entity mult_gen_v12_0_18.mult_gen_v12_0_18_viv [\mult_gen_v12_0_18_viv(c_verbosi...]
Compiling architecture xilinx of entity mult_gen_v12_0_18.mult_gen_v12_0_18 [\mult_gen_v12_0_18(c_xdevicefami...]
Compiling architecture ebaz4205_mult_gen_0_3_arch of entity xil_defaultlib.ebaz4205_mult_gen_0_3 [ebaz4205_mult_gen_0_3_default]
Compiling module xil_defaultlib.FILTER_imp_WBNR09
Compiling architecture arch_imp of entity xil_defaultlib.axi_dynclk_S00_AXI [axi_dynclk_s00_axi_default]
Compiling architecture bufio_v of entity unisim.BUFIO [bufio_default]
Compiling architecture bufr_v of entity unisim.BUFR [\BUFR(bufr_divide="5")(1,1)(1,7)...]
Compiling module unisims_ver.MMCME2_ADV(CLKFBOUT_MULT_F=10.0,...
Compiling module xil_defaultlib.mmcme2_drp(DIV_F=2)
Compiling architecture arch_imp of entity xil_defaultlib.axi_dynclk [axi_dynclk_default]
Compiling architecture ebaz4205_axi_dynclk_0_0_arch of entity xil_defaultlib.ebaz4205_axi_dynclk_0_0 [ebaz4205_axi_dynclk_0_0_default]
Compiling architecture implementation of entity interrupt_control_v3_1_4.interrupt_control [\interrupt_control(c_num_ce=16,c...]
Compiling architecture imp of entity axi_lite_ipif_v3_0_4.pselect_f [\pselect_f(c_ab=5,c_aw=9,c_bar="...]
Compiling architecture imp of entity axi_lite_ipif_v3_0_4.pselect_f [\pselect_f(c_ab=1,c_aw=9,c_bar="...]
Compiling architecture imp of entity axi_lite_ipif_v3_0_4.pselect_f [\pselect_f(c_ab=4,c_aw=4,c_bar="...]
Compiling architecture imp of entity axi_lite_ipif_v3_0_4.pselect_f [\pselect_f(c_ab=4,c_aw=4,c_bar="...]
Compiling architecture imp of entity axi_lite_ipif_v3_0_4.pselect_f [\pselect_f(c_ab=4,c_aw=4,c_bar="...]
Compiling architecture imp of entity axi_lite_ipif_v3_0_4.pselect_f [\pselect_f(c_ab=4,c_aw=4,c_bar="...]
Compiling architecture imp of entity axi_lite_ipif_v3_0_4.pselect_f [\pselect_f(c_ab=4,c_aw=4,c_bar="...]
Compiling architecture imp of entity axi_lite_ipif_v3_0_4.pselect_f [\pselect_f(c_ab=4,c_aw=4,c_bar="...]
Compiling architecture imp of entity axi_lite_ipif_v3_0_4.pselect_f [\pselect_f(c_ab=4,c_aw=4,c_bar="...]
Compiling architecture imp of entity axi_lite_ipif_v3_0_4.pselect_f [\pselect_f(c_ab=4,c_aw=4,c_bar="...]
Compiling architecture imp of entity axi_lite_ipif_v3_0_4.pselect_f [\pselect_f(c_ab=4,c_aw=4,c_bar="...]
Compiling architecture imp of entity axi_lite_ipif_v3_0_4.pselect_f [\pselect_f(c_ab=4,c_aw=4,c_bar="...]
Compiling architecture imp of entity axi_lite_ipif_v3_0_4.pselect_f [\pselect_f(c_ab=4,c_aw=4,c_bar="...]
Compiling architecture imp of entity axi_lite_ipif_v3_0_4.pselect_f [\pselect_f(c_ab=4,c_aw=4,c_bar="...]
Compiling architecture imp of entity axi_lite_ipif_v3_0_4.pselect_f [\pselect_f(c_ab=4,c_aw=4,c_bar="...]
Compiling architecture imp of entity axi_lite_ipif_v3_0_4.pselect_f [\pselect_f(c_ab=4,c_aw=4,c_bar="...]
Compiling architecture imp of entity axi_lite_ipif_v3_0_4.pselect_f [\pselect_f(c_ab=4,c_aw=4,c_bar="...]
Compiling architecture imp of entity axi_lite_ipif_v3_0_4.pselect_f [\pselect_f(c_ab=4,c_aw=4,c_bar="...]
Compiling architecture imp of entity axi_lite_ipif_v3_0_4.address_decoder [\address_decoder(c_bus_awidth=9,...]
Compiling architecture imp of entity axi_lite_ipif_v3_0_4.slave_attachment [\slave_attachment(c_ard_addr_ran...]
Compiling architecture imp of entity axi_lite_ipif_v3_0_4.axi_lite_ipif [\axi_lite_ipif(c_s_axi_addr_widt...]
Compiling architecture implementation of entity lib_cdc_v1_0_2.cdc_sync [\cdc_sync(c_single_bit=0,c_vecto...]
Compiling architecture imp of entity axi_gpio_v2_0_29.GPIO_Core [\GPIO_Core(c_aw=9,c_gpio2_width=...]
Compiling architecture imp of entity axi_gpio_v2_0_29.axi_gpio [\axi_gpio(c_family="zynq",c_gpio...]
Compiling architecture ebaz4205_axi_gpio_0_3_arch of entity xil_defaultlib.ebaz4205_axi_gpio_0_3 [ebaz4205_axi_gpio_0_3_default]
Compiling architecture implementation of entity interrupt_control_v3_1_4.interrupt_control [\interrupt_control(c_num_ce=16,c...]
Compiling architecture imp of entity axi_gpio_v2_0_29.GPIO_Core [\GPIO_Core(c_aw=9,c_gpio_width=1...]
Compiling architecture imp of entity axi_gpio_v2_0_29.axi_gpio [\axi_gpio(c_family="zynq",c_gpio...]
Compiling architecture ebaz4205_axi_gpio_0_2_arch of entity xil_defaultlib.ebaz4205_axi_gpio_0_2 [ebaz4205_axi_gpio_0_2_default]
Compiling module fifo_generator_v13_2_7.fifo_generator_v13_2_7_bhv_ver_s...
Compiling module fifo_generator_v13_2_7.fifo_generator_v13_2_7_bhv_ver_p...
WARNING: [VRFC 10-3705] select index 2 into 'g7s_cc_rst_nsckt.arst_sync_wr' is out of bounds [/wrk/ci/prod/2022.2/sw/continuous/3508/packages/customer/vivado/data/ip/xilinx/fifo_generator_v13_2/simulation/fifo_generator_vlog_beh.v:4830]
Compiling module fifo_generator_v13_2_7.fifo_generator_v13_2_7_CONV_VER(...
Compiling module fifo_generator_v13_2_7.fifo_generator_vlog_beh(C_COMMON...
Compiling module axi_data_fifo_v2_1_26.axi_data_fifo_v2_1_26_fifo_gen(C...
Compiling module axi_data_fifo_v2_1_26.axi_data_fifo_v2_1_26_axic_fifo(...
Compiling module axi_protocol_converter_v2_1_27.axi_protocol_converter_v2_1_27_a...
Compiling module axi_protocol_converter_v2_1_27.axi_protocol_converter_v2_1_27_r...
Compiling module axi_protocol_converter_v2_1_27.axi_protocol_converter_v2_1_27_a...
Compiling module axi_protocol_converter_v2_1_27.axi_protocol_converter_v2_1_27_a...
Compiling module xil_defaultlib.ebaz4205_auto_pc_0
Compiling module fifo_generator_v13_2_7.fifo_generator_v13_2_7_bhv_ver_s...
Compiling module fifo_generator_v13_2_7.fifo_generator_v13_2_7_bhv_ver_p...
Compiling module fifo_generator_v13_2_7.fifo_generator_v13_2_7_CONV_VER(...
Compiling module fifo_generator_v13_2_7.fifo_generator_v13_2_7_axic_reg_...
Compiling module fifo_generator_v13_2_7.fifo_generator_v13_2_7_bhv_ver_s...
Compiling module fifo_generator_v13_2_7.fifo_generator_v13_2_7_bhv_ver_p...
Compiling module fifo_generator_v13_2_7.fifo_generator_v13_2_7_CONV_VER(...
Compiling module fifo_generator_v13_2_7.fifo_generator_vlog_beh(C_COMMON...
Compiling module axi_data_fifo_v2_1_26.axi_data_fifo_v2_1_26_axi_data_f...
Compiling module xil_defaultlib.ebaz4205_s00_data_fifo_0
Compiling module axi_infrastructure_v1_1_0.axi_infrastructure_v1_1_0_axi2ve...
Compiling module axi_infrastructure_v1_1_0.axi_infrastructure_v1_1_0_vector...
Compiling module axi_register_slice_v2_1_27.axi_register_slice_v2_1_27_axic_...
Compiling module axi_register_slice_v2_1_27.axi_register_slice_v2_1_27_axic_...
Compiling module axi_register_slice_v2_1_27.axi_register_slice_v2_1_27_axic_...
Compiling module axi_register_slice_v2_1_27.axi_register_slice_v2_1_27_axic_...
Compiling module axi_register_slice_v2_1_27.axi_register_slice_v2_1_27_axic_...
Compiling module axi_register_slice_v2_1_27.axi_register_slice_v2_1_27_axi_r...
Compiling module xil_defaultlib.ebaz4205_s00_regslice_0
Compiling module xil_defaultlib.s00_couplers_imp_18CAH8W
Compiling module xil_defaultlib.ebaz4205_axi_interconnect_0_2
Compiling architecture implementation of entity axi_vdma_v6_3_15.axi_vdma_sm [\axi_vdma_sm(c_include_sf=1,c_pr...]
Compiling architecture implementation of entity axi_vdma_v6_3_15.axi_vdma_cmdsts_if [\axi_vdma_cmdsts_if(c_include_s2...]
Compiling architecture implementation of entity axi_vdma_v6_3_15.axi_vdma_sts_mngr [axi_vdma_sts_mngr_default]
Compiling architecture implementation of entity axi_vdma_v6_3_15.axi_vdma_vregister [\axi_vdma_vregister(c_num_fstore...]
Compiling architecture implementation of entity axi_vdma_v6_3_15.axi_vdma_vaddrreg_mux [\axi_vdma_vaddrreg_mux(c_num_fst...]
Compiling architecture implementation of entity axi_vdma_v6_3_15.axi_vdma_vidreg_module [\axi_vdma_vidreg_module(c_includ...]
Compiling architecture implementation of entity axi_vdma_v6_3_15.axi_vdma_greycoder [\axi_vdma_greycoder(c_dwidth=5)\]
Compiling architecture implementation of entity axi_vdma_v6_3_15.axi_vdma_genlock_mux [axi_vdma_genlock_mux_default]
Compiling architecture implementation of entity axi_vdma_v6_3_15.axi_vdma_greycoder [\axi_vdma_greycoder(c_dwidth=2)\]
Compiling architecture implementation of entity axi_vdma_v6_3_15.axi_vdma_genlock_mngr [\axi_vdma_genlock_mngr(c_genlock...]
Compiling architecture implementation of entity axi_vdma_v6_3_15.axi_vdma_mngr [\axi_vdma_mngr(c_prmy_cmdfifo_de...]
Compiling architecture implementation of entity axi_vdma_v6_3_15.axi_vdma_regdirect [\axi_vdma_regdirect(c_num_regist...]
Compiling architecture implementation of entity axi_vdma_v6_3_15.axi_vdma_register [\axi_vdma_register(c_linebuffer_...]
Compiling architecture implementation of entity axi_vdma_v6_3_15.axi_vdma_reg_mux [\axi_vdma_reg_mux(c_total_num_re...]
Compiling architecture implementation of entity axi_vdma_v6_3_15.axi_vdma_reg_module [\axi_vdma_reg_module(c_total_num...]
Compiling architecture implementation of entity axi_vdma_v6_3_15.axi_vdma_fsync_gen [\axi_vdma_fsync_gen(c_include_mm...]
Compiling architecture implementation of entity axi_vdma_v6_3_15.axi_vdma_vid_cdc [\axi_vdma_vid_cdc(c_genlock_mstr...]
Compiling architecture implementation of entity axi_vdma_v6_3_15.axi_vdma_sof_gen [axi_vdma_sof_gen_default]
Compiling module xpm.xpm_fifo_rst_default
Compiling module xpm.xpm_fifo_reg_bit
Compiling module xpm.xpm_counter_updn(COUNTER_WIDTH=1...
Compiling module xpm.xpm_counter_updn(COUNTER_WIDTH=1...
Compiling module xpm.xpm_memory_base(MEMORY_TYPE=1,ME...
Compiling module xpm.xpm_counter_updn(COUNTER_WIDTH=2...
Compiling module xpm.xpm_fifo_base(FIFO_WRITE_DEPTH=4...
Compiling module xpm.xpm_fifo_sync(FIFO_MEMORY_TYPE="...
Compiling architecture xilinx of entity axi_vdma_v6_3_15.axi_vdma_sfifo [\axi_vdma_sfifo(c_family="zynq",...]
Compiling architecture implementation of entity axi_vdma_v6_3_15.axi_vdma_skid_buf [axi_vdma_skid_buf_default]
Compiling architecture implementation of entity axi_vdma_v6_3_15.axi_vdma_mm2s_linebuf [\axi_vdma_mm2s_linebuf(c_mm2s_so...]
Compiling architecture implementation of entity lib_cdc_v1_0_2.cdc_sync [\cdc_sync(c_cdc_type=0,c_flop_in...]
Compiling architecture implementation of entity lib_cdc_v1_0_2.cdc_sync [\cdc_sync(c_flop_input=1,c_mtbf_...]
Compiling architecture implementation of entity axi_vdma_v6_3_15.axi_vdma_reset [\axi_vdma_reset(c_prmry_is_aclk_...]
Compiling architecture implementation of entity axi_vdma_v6_3_15.axi_vdma_rst_module [\axi_vdma_rst_module(c_include_s...]
Compiling architecture implementation of entity lib_cdc_v1_0_2.cdc_sync [\cdc_sync(c_cdc_type=0,c_reset_s...]
Compiling architecture implementation of entity axi_vdma_v6_3_15.axi_vdma_lite_if [\axi_vdma_lite_if(c_s2mm_is=0,c_...]
Compiling architecture implementation of entity lib_cdc_v1_0_2.cdc_sync [\cdc_sync(c_reset_state=1,c_flop...]
Compiling architecture implementation of entity axi_vdma_v6_3_15.axi_vdma_reg_if [\axi_vdma_reg_if(c_include_s2mm=...]
Compiling architecture implementation of entity axi_vdma_v6_3_15.axi_vdma_intrpt [\axi_vdma_intrpt(c_enable_debug_...]
Compiling module xpm.xpm_fifo_rst_default_1
Compiling module xpm.xpm_counter_updn(COUNTER_WIDTH=8...
Compiling module xpm.xpm_counter_updn(COUNTER_WIDTH=7...
Compiling module xpm.xpm_memory_base(MEMORY_TYPE=1,ME...
Compiling module xpm.xpm_fifo_base(FIFO_MEMORY_TYPE=2...
Compiling module xpm.xpm_fifo_sync(FIFO_MEMORY_TYPE="...
Compiling architecture implementation of entity lib_fifo_v1_0_16.sync_fifo_fg [\sync_fifo_fg(c_family="zynq",c_...]
Compiling architecture imp of entity axi_datamover_v5_1_29.axi_datamover_sfifo_autord [\axi_datamover_sfifo_autord(c_dw...]
Compiling architecture implementation of entity axi_datamover_v5_1_29.axi_datamover_rd_sf [\axi_datamover_rd_sf(c_sf_fifo_d...]
Compiling architecture implementation of entity axi_datamover_v5_1_29.axi_datamover_reset [axi_datamover_reset_default]
Compiling architecture behavioral of entity lib_srl_fifo_v1_0_2.dynshreg_f [\dynshreg_f(c_depth=4,c_dwidth=8...]
Compiling architecture imp of entity lib_srl_fifo_v1_0_2.srl_fifo_rbu_f [\srl_fifo_rbu_f(c_dwidth=8,c_dep...]
Compiling architecture imp of entity lib_srl_fifo_v1_0_2.srl_fifo_f [\srl_fifo_f(c_dwidth=8,c_depth=4...]
Compiling architecture imp of entity axi_datamover_v5_1_29.axi_datamover_fifo [\axi_datamover_fifo(c_dwidth=8,c...]
Compiling architecture imp of entity lib_srl_fifo_v1_0_2.cntr_incr_decr_addn_f [\cntr_incr_decr_addn_f(c_size=3,...]
Compiling architecture behavioral of entity lib_srl_fifo_v1_0_2.dynshreg_f [\dynshreg_f(c_depth=4,c_dwidth=6...]
Compiling architecture imp of entity lib_srl_fifo_v1_0_2.srl_fifo_rbu_f [\srl_fifo_rbu_f(c_dwidth=68,c_de...]
Compiling architecture imp of entity lib_srl_fifo_v1_0_2.srl_fifo_f [\srl_fifo_f(c_dwidth=68,c_depth=...]
Compiling architecture imp of entity axi_datamover_v5_1_29.axi_datamover_fifo [\axi_datamover_fifo(c_dwidth=68,...]
Compiling architecture implementation of entity axi_datamover_v5_1_29.axi_datamover_cmd_status [\axi_datamover_cmd_status(c_fami...]
Compiling architecture implementation of entity axi_datamover_v5_1_29.axi_datamover_rd_status_cntl [axi_datamover_rd_status_cntl_def...]
Compiling architecture implementation of entity axi_datamover_v5_1_29.axi_datamover_strb_gen2 [axi_datamover_strb_gen2_default]
Compiling architecture implementation of entity axi_datamover_v5_1_29.axi_datamover_strb_gen2 [\axi_datamover_strb_gen2(c_op_mo...]
Compiling architecture implementation of entity axi_datamover_v5_1_29.axi_datamover_pcc [\axi_datamover_pcc(c_is_mm2s=1,c...]
Compiling architecture behavioral of entity lib_srl_fifo_v1_0_2.dynshreg_f [\dynshreg_f(c_depth=4,c_dwidth=5...]
Compiling architecture imp of entity lib_srl_fifo_v1_0_2.srl_fifo_rbu_f [\srl_fifo_rbu_f(c_dwidth=59,c_de...]
Compiling architecture imp of entity lib_srl_fifo_v1_0_2.srl_fifo_f [\srl_fifo_f(c_dwidth=59,c_depth=...]
Compiling architecture imp of entity axi_datamover_v5_1_29.axi_datamover_fifo [\axi_datamover_fifo(c_dwidth=59,...]
Compiling architecture implementation of entity axi_datamover_v5_1_29.axi_datamover_addr_cntl [\axi_datamover_addr_cntl(c_famil...]
Compiling architecture behavioral of entity lib_srl_fifo_v1_0_2.dynshreg_f [\dynshreg_f(c_depth=4,c_dwidth=3...]
Compiling architecture imp of entity lib_srl_fifo_v1_0_2.srl_fifo_rbu_f [\srl_fifo_rbu_f(c_dwidth=38,c_de...]
Compiling architecture imp of entity lib_srl_fifo_v1_0_2.srl_fifo_f [\srl_fifo_f(c_dwidth=38,c_depth=...]
Compiling architecture imp of entity axi_datamover_v5_1_29.axi_datamover_fifo [\axi_datamover_fifo(c_dwidth=38,...]
Compiling architecture implementation of entity axi_datamover_v5_1_29.axi_datamover_rdmux [\axi_datamover_rdmux(c_sel_addr_...]
Compiling architecture implementation of entity axi_datamover_v5_1_29.axi_datamover_rddata_cntl [\axi_datamover_rddata_cntl(c_ali...]
Compiling architecture implementation of entity axi_datamover_v5_1_29.axi_datamover_mm2s_full_wrap [\axi_datamover_mm2s_full_wrap(c_...]
Compiling architecture implementation of entity axi_datamover_v5_1_29.axi_datamover_s2mm_omit_wrap [\axi_datamover_s2mm_omit_wrap(c_...]
Compiling architecture implementation of entity axi_datamover_v5_1_29.axi_datamover [\axi_datamover(c_include_mm2s=1,...]
Compiling architecture implementation of entity axi_vdma_v6_3_15.axi_vdma [\axi_vdma(c_prmry_is_aclk_async=...]
Compiling architecture ebaz4205_axi_vdma_0_0_arch of entity xil_defaultlib.ebaz4205_axi_vdma_0_0 [ebaz4205_axi_vdma_0_0_default]
Compiling module axis_subset_converter_v1_1_27.axis_subset_converter_v1_1_27_co...
Compiling module xil_defaultlib.tdata_ebaz4205_axis_subset_conve...
Compiling module xil_defaultlib.tuser_ebaz4205_axis_subset_conve...
Compiling module xil_defaultlib.tid_ebaz4205_axis_subset_convert...
Compiling module xil_defaultlib.tdest_ebaz4205_axis_subset_conve...
Compiling module xil_defaultlib.tstrb_ebaz4205_axis_subset_conve...
Compiling module xil_defaultlib.tkeep_ebaz4205_axis_subset_conve...
Compiling module xil_defaultlib.tlast_ebaz4205_axis_subset_conve...
Compiling module xil_defaultlib.top_ebaz4205_axis_subset_convert...
Compiling module xil_defaultlib.ebaz4205_axis_subset_converter_0...
Compiling architecture behavioral of entity xil_defaultlib.TMDS_Encoder [tmds_encoder_default]
Compiling architecture behavioral of entity xil_defaultlib.SyncAsync [\SyncAsync(kresetto='1')\]
Compiling architecture behavioral of entity xil_defaultlib.ResetBridge [resetbridge_default]
Compiling architecture obufds_v of entity unisim.OBUFDS [\OBUFDS(iostandard="TMDS_33")(1,...]
Compiling architecture oserdese2_v of entity unisim.OSERDESE2 [\OSERDESE2(data_rate_tq="SDR",da...]
Compiling architecture oserdese2_v of entity unisim.OSERDESE2 [\OSERDESE2(data_rate_tq="SDR",da...]
Compiling architecture behavioral of entity xil_defaultlib.OutputSERDES [outputserdes_default]
Compiling architecture behavioral of entity xil_defaultlib.rgb2dvi [\rgb2dvi(kgenerateserialclk=fals...]
Compiling architecture ebaz4205_rgb2dvi_0_3_arch of entity xil_defaultlib.ebaz4205_rgb2dvi_0_3 [ebaz4205_rgb2dvi_0_3_default]
Compiling module xpm.xpm_cdc_single(SRC_INPUT_REG=0)
Compiling module v_axi4s_vid_out_v4_0_15.v_axi4s_vid_out_v4_0_15_cdc_sing...
Compiling module xpm.xpm_cdc_sync_rst(INIT=0,INIT_SYN...
Compiling module xpm.xpm_fifo_rst(COMMON_CLOCK=0,CDC_...
Compiling module xpm.xpm_memory_base(MEMORY_TYPE=1,ME...
Compiling module xpm.xpm_cdc_gray(INIT_SYNC_FF=1,WIDT...
Compiling module xpm.xpm_fifo_reg_vec(REG_WIDTH=12)
Compiling module xpm.xpm_cdc_gray(DEST_SYNC_FF=6,INIT...
Compiling module xpm.xpm_fifo_reg_vec(REG_WIDTH=13)
Compiling module xpm.xpm_cdc_gray(INIT_SYNC_FF=1,WIDT...
Compiling module xpm.xpm_fifo_base(COMMON_CLOCK=0,CAS...
Compiling module xpm.xpm_fifo_async(CASCADE_HEIGHT=1,...
Compiling module v_axi4s_vid_out_v4_0_15.v_axi4s_vid_out_v4_0_15_fifo_asy...
Compiling module v_axi4s_vid_out_v4_0_15.v_axi4s_vid_out_v4_0_15_coupler(...
Compiling module v_axi4s_vid_out_v4_0_15.v_axi4s_vid_out_v4_0_15_sync(C_A...
Compiling module v_axi4s_vid_out_v4_0_15.v_axi4s_vid_out_v4_0_15_formatte...
Compiling module v_axi4s_vid_out_v4_0_15.v_axi4s_vid_out_v4_0_15(C_FAMILY...
Compiling module xil_defaultlib.ebaz4205_v_axi4s_vid_out_0_1
Compiling module xpm.xpm_cdc_single(DEST_SYNC_FF=2,IN...
Compiling architecture imp of entity axi_lite_ipif_v3_0_4.pselect_f [\pselect_f(c_ab=2,c_aw=9,c_bar="...]
Compiling architecture imp of entity axi_lite_ipif_v3_0_4.pselect_f [\pselect_f(c_ab=1,c_aw=9,c_bar="...]
Compiling architecture imp of entity axi_lite_ipif_v3_0_4.address_decoder [\address_decoder(c_bus_awidth=9,...]
Compiling architecture imp of entity axi_lite_ipif_v3_0_4.slave_attachment [\slave_attachment(c_ard_addr_ran...]
Compiling architecture imp of entity axi_lite_ipif_v3_0_4.axi_lite_ipif [\axi_lite_ipif(c_s_axi_addr_widt...]
Compiling architecture rtl of entity v_tc_v6_2_5.video_clock_cross [\video_clock_cross(c_data_width=...]
Compiling architecture rtl of entity v_tc_v6_2_5.video_clock_cross [\video_clock_cross(c_data_width=...]
Compiling architecture rtl of entity v_tc_v6_2_5.mux_tree [\mux_tree(register_sel=18724,inp...]
Compiling architecture rtl of entity v_tc_v6_2_5.mux_tree [\mux_tree(register_sel=18724,inp...]
Compiling architecture rtl of entity v_tc_v6_2_5.video_ctrl [\video_ctrl(c_family="virtex5",c...]
Compiling architecture rtl of entity v_tc_v6_2_5.tc_generator [\tc_generator(c_max_pixels=4096,...]
Compiling architecture rtl of entity v_tc_v6_2_5.tc_top [\tc_top(c_detect_en=0,c_det_achr...]
Compiling architecture imp of entity v_tc_v6_2_5.v_tc [\v_tc(c_gen_video_format=2,c_gen...]
Compiling architecture ebaz4205_v_tc_0_0_arch of entity xil_defaultlib.ebaz4205_v_tc_0_0 [ebaz4205_v_tc_0_0_default]
Compiling module xlconcat_v2_1_4.xlconcat_v2_1_4_xlconcat(dout_wi...
Compiling module xil_defaultlib.ebaz4205_xlconcat_0_3
Compiling module xil_defaultlib.ebaz4205_xlconstant_0_3
Compiling module xil_defaultlib.HDMI_imp_1WM3X9Z
Compiling module xil_defaultlib.DivideBy2N
Compiling module xil_defaultlib.ebaz4205_DivideBy10_0
Compiling module xil_defaultlib.I2S_Transmitter
Compiling module xil_defaultlib.ebaz4205_I2S_Transmitter_0_2
Compiling module xil_defaultlib.ebaz4205_xlconcat_0_2
Compiling module xil_defaultlib.ebaz4205_xlconstant_1_1
Compiling module xil_defaultlib.I2S_imp_1GQSHGG
Compiling module xil_defaultlib.ebaz4205_DivideBy2N_0_0
Compiling module unisims_ver.IBUF
Compiling module unisims_ver.MMCME2_ADV(CLKFBOUT_MULT_F=15.5,...
Compiling module unisims_ver.BUFG
Compiling module xil_defaultlib.ebaz4205_clk_wiz_0_0_clk_wiz
Compiling module xil_defaultlib.ebaz4205_clk_wiz_0_0
Compiling architecture fdre_v of entity unisim.FDRE [\FDRE(init='1')\]
Compiling architecture implementation of entity lib_cdc_v1_0_2.cdc_sync [\cdc_sync(c_vector_width=2,c_mtb...]
Compiling architecture srl16e_v of entity unisim.SRL16E [\SRL16E(init="1111111111111111")...]
Compiling architecture srl16_v of entity unisim.SRL16 [\SRL16(init="1111111111111111")(...]
Compiling architecture imp of entity proc_sys_reset_v5_0_13.lpf [\lpf(c_ext_rst_width=4,c_aux_rst...]
Compiling architecture imp of entity proc_sys_reset_v5_0_13.upcnt_n [\upcnt_n(c_size=6)\]
Compiling architecture imp of entity proc_sys_reset_v5_0_13.sequence_psr [sequence_psr_default]
Compiling architecture imp of entity proc_sys_reset_v5_0_13.proc_sys_reset [\proc_sys_reset(c_family="zynq",...]
Compiling architecture ebaz4205_proc_sys_reset_0_0_arch of entity xil_defaultlib.ebaz4205_proc_sys_reset_0_0 [ebaz4205_proc_sys_reset_0_0_defa...]
Compiling architecture ebaz4205_proc_sys_reset_0_1_arch of entity xil_defaultlib.ebaz4205_proc_sys_reset_0_1 [ebaz4205_proc_sys_reset_0_1_defa...]
Compiling module processing_system7_vip_v1_0_15.processing_system7_vip_v1_0_15_g...
Compiling module processing_system7_vip_v1_0_15.processing_system7_vip_v1_0_15_g...
Compiling module processing_system7_vip_v1_0_15.processing_system7_vip_v1_0_15_a...
Compiling module processing_system7_vip_v1_0_15.processing_system7_vip_v1_0_15_a...
Compiling module processing_system7_vip_v1_0_15.processing_system7_vip_v1_0_15_f...
Compiling module processing_system7_vip_v1_0_15.processing_system7_vip_v1_0_15_a...
Compiling module processing_system7_vip_v1_0_15.processing_system7_vip_v1_0_15_a...
Compiling module processing_system7_vip_v1_0_15.processing_system7_vip_v1_0_15_a...
Compiling module processing_system7_vip_v1_0_15.processing_system7_vip_v1_0_15_a...
Compiling module processing_system7_vip_v1_0_15.processing_system7_vip_v1_0_15_s...
Compiling module processing_system7_vip_v1_0_15.processing_system7_vip_v1_0_15_i...
Compiling module processing_system7_vip_v1_0_15.processing_system7_vip_v1_0_15_s...
Compiling module processing_system7_vip_v1_0_15.processing_system7_vip_v1_0_15_d...
Compiling module processing_system7_vip_v1_0_15.processing_system7_vip_v1_0_15_o...
Compiling module processing_system7_vip_v1_0_15.processing_system7_vip_v1_0_15_o...
Compiling module processing_system7_vip_v1_0_15.processing_system7_vip_v1_0_15_r...
Compiling module processing_system7_vip_v1_0_15.processing_system7_vip_v1_0_15_r...
Compiling module xilinx_vip.axi_vip_axi4pc(WDATA_WIDTH=32,RD...
Compiling module xilinx_vip.cb
Compiling module xilinx_vip.axi_vip_if(C_AXI_PROTOCOL=1,C_AX...
Compiling module axi_vip_v1_1_13.axi_vip_v1_1_13_top(C_AXI_PROTOC...
Compiling module processing_system7_vip_v1_0_15.processing_system7_vip_v1_0_15_a...
Compiling module processing_system7_vip_v1_0_15.processing_system7_vip_v1_0_15_a...
Compiling module xilinx_vip.axi_vip_axi4pc(WDATA_WIDTH=32,RD...
Compiling module xilinx_vip.cb
Compiling module xilinx_vip.axi_vip_if(C_AXI_PROTOCOL=1,C_AX...
Compiling module axi_vip_v1_1_13.axi_vip_v1_1_13_top(C_AXI_PROTOC...
WARNING: [VRFC 10-3705] select index 64 into 'wrp_strb' is out of bounds [/wrk/ci/prod/2022.2/sw/continuous/3508/packages/customer/vivado/data/ip/xilinx/processing_system7_vip_v1_0/hdl/processing_system7_vip_v1_0_vl_rfs.sv:6134]
Compiling module processing_system7_vip_v1_0_15.processing_system7_vip_v1_0_15_a...
Compiling module processing_system7_vip_v1_0_15.processing_system7_vip_v1_0_15_a...
Compiling module xilinx_vip.axi_vip_axi4pc(PROTOCOL=1,RID_WI...
Compiling module xilinx_vip.cb
Compiling module xilinx_vip.axi_vip_if(C_AXI_PROTOCOL=1,C_AX...
Compiling module axi_vip_v1_1_13.axi_vip_v1_1_13_top(C_AXI_PROTOC...
Compiling module processing_system7_vip_v1_0_15.processing_system7_vip_v1_0_15_i...
WARNING: [VRFC 10-3705] select index 128 into 'wrp_strb' is out of bounds [/wrk/ci/prod/2022.2/sw/continuous/3508/packages/customer/vivado/data/ip/xilinx/processing_system7_vip_v1_0/hdl/processing_system7_vip_v1_0_vl_rfs.sv:10898]
Compiling module processing_system7_vip_v1_0_15.processing_system7_vip_v1_0_15_a...
Compiling module processing_system7_vip_v1_0_15.processing_system7_vip_v1_0_15_a...
Compiling module processing_system7_vip_v1_0_15.processing_system7_vip_v1_0_15_a...
Compiling module processing_system7_vip_v1_0_15.processing_system7_vip_v1_0_15_a...
Compiling module xilinx_vip.axi_vip_axi4pc(PROTOCOL=1,RID_WI...
Compiling module xilinx_vip.cb
Compiling module xilinx_vip.axi_vip_if(C_AXI_PROTOCOL=1,C_AX...
Compiling module axi_vip_v1_1_13.axi_vip_v1_1_13_top(C_AXI_PROTOC...
WARNING: [VRFC 10-3705] select index 128 into 'wrp_strb' is out of bounds [/wrk/ci/prod/2022.2/sw/continuous/3508/packages/customer/vivado/data/ip/xilinx/processing_system7_vip_v1_0/hdl/processing_system7_vip_v1_0_vl_rfs.sv:7772]
WARNING: [VRFC 10-3705] select index 4 into 'wr_fifo_rd_ptr' is out of bounds [/wrk/ci/prod/2022.2/sw/continuous/3508/packages/customer/vivado/data/ip/xilinx/processing_system7_vip_v1_0/hdl/processing_system7_vip_v1_0_vl_rfs.sv:7985]
WARNING: [VRFC 10-3705] select index 4 into 'ar_cnt' is out of bounds [/wrk/ci/prod/2022.2/sw/continuous/3508/packages/customer/vivado/data/ip/xilinx/processing_system7_vip_v1_0/hdl/processing_system7_vip_v1_0_vl_rfs.sv:8124]
WARNING: [VRFC 10-3705] select index 4 into 'wr_rresp_cnt' is out of bounds [/wrk/ci/prod/2022.2/sw/continuous/3508/packages/customer/vivado/data/ip/xilinx/processing_system7_vip_v1_0/hdl/processing_system7_vip_v1_0_vl_rfs.sv:8221]
WARNING: [VRFC 10-3705] select index 4 into 'rd_fifo_wr_ptr' is out of bounds [/wrk/ci/prod/2022.2/sw/continuous/3508/packages/customer/vivado/data/ip/xilinx/processing_system7_vip_v1_0/hdl/processing_system7_vip_v1_0_vl_rfs.sv:8240]
WARNING: [VRFC 10-3705] select index 4 into 'rd_cnt' is out of bounds [/wrk/ci/prod/2022.2/sw/continuous/3508/packages/customer/vivado/data/ip/xilinx/processing_system7_vip_v1_0/hdl/processing_system7_vip_v1_0_vl_rfs.sv:8381]
WARNING: [VRFC 10-3705] select index 4 into 'rresp_time_cnt' is out of bounds [/wrk/ci/prod/2022.2/sw/continuous/3508/packages/customer/vivado/data/ip/xilinx/processing_system7_vip_v1_0/hdl/processing_system7_vip_v1_0_vl_rfs.sv:8386]
WARNING: [VRFC 10-3705] select index 4 into 'rd_fifo_rd_ptr' is out of bounds [/wrk/ci/prod/2022.2/sw/continuous/3508/packages/customer/vivado/data/ip/xilinx/processing_system7_vip_v1_0/hdl/processing_system7_vip_v1_0_vl_rfs.sv:8391]
Compiling module processing_system7_vip_v1_0_15.processing_system7_vip_v1_0_15_a...
Compiling module processing_system7_vip_v1_0_15.processing_system7_vip_v1_0_15(C...
Compiling module xil_defaultlib.ebaz4205_processing_system7_0_0
Compiling architecture ebaz4205_rst_enet0_gmii_rx_clk_0_100m_0_arch of entity xil_defaultlib.ebaz4205_rst_ENET0_GMII_RX_CLK_0_100M_0 [ebaz4205_rst_enet0_gmii_rx_clk_0...]
Compiling architecture ebaz4205_rst_ps7_0_140m_0_arch of entity xil_defaultlib.ebaz4205_rst_ps7_0_140M_0 [ebaz4205_rst_ps7_0_140m_0_defaul...]
Compiling architecture ebaz4205_rst_ps7_0_64m_0_arch of entity xil_defaultlib.ebaz4205_rst_ps7_0_64M_0 [ebaz4205_rst_ps7_0_64m_0_default]
Compiling module xlconcat_v2_1_4.xlconcat_v2_1_4_xlconcat(IN0_WID...
Compiling module xil_defaultlib.ebaz4205_xlconcat_0_0
Compiling module xil_defaultlib.ebaz4205_xlconstant_0_2
Compiling module xlslice_v1_0_2.xlslice_v1_0_2_xlslice(DIN_WIDTH...
Compiling module xil_defaultlib.ebaz4205_xlslice_0_0
Compiling module xil_defaultlib.PS_imp_1B1U9UK
Compiling architecture syn of entity xil_defaultlib.dp_ram_1r_1w_2clk [\dp_ram_1r_1w_2clk(bitwidth_data...]
Compiling architecture arch_imp of entity xil_defaultlib.axis_capture_logic [axis_capture_logic_default]
Compiling architecture arch_imp of entity xil_defaultlib.axis_capture [axis_capture_default]
Compiling architecture ebaz4205_axis_capture_0_4_arch of entity xil_defaultlib.ebaz4205_axis_capture_0_4 [ebaz4205_axis_capture_0_4_defaul...]
Compiling architecture logic of entity xil_defaultlib.debounce [\debounce(counter_size=8)\]
Compiling architecture logic of entity xil_defaultlib.ps2_transceiver [ps2_transceiver_default]
Compiling architecture logic of entity xil_defaultlib.ps2_mouse_w [ps2_mouse_w_default]
Compiling architecture ebaz4205_ps2_mouse_0_0_arch of entity xil_defaultlib.ebaz4205_ps2_mouse_0_0 [ebaz4205_ps2_mouse_0_0_default]
Compiling module xil_defaultlib.m00_couplers_imp_R7YUXT
Compiling module xil_defaultlib.m01_couplers_imp_1379KG0
Compiling module xil_defaultlib.m02_couplers_imp_SSY9B6
Compiling module xil_defaultlib.m03_couplers_imp_11WLSUB
Compiling module xil_defaultlib.m04_couplers_imp_TBT99J
Compiling module xil_defaultlib.m05_couplers_imp_11FAWG6
Compiling module xil_defaultlib.m06_couplers_imp_U2T50K
Compiling module xil_defaultlib.m07_couplers_imp_10EM1C5
Compiling module xil_defaultlib.m08_couplers_imp_WJKO4T
Compiling module xil_defaultlib.m09_couplers_imp_16R81JG
Compiling module xil_defaultlib.m10_couplers_imp_1EHOAK9
Compiling module xil_defaultlib.m11_couplers_imp_P5OMU0
Compiling module axi_infrastructure_v1_1_0.axi_infrastructure_v1_1_0_axi2ve...
Compiling module axi_infrastructure_v1_1_0.axi_infrastructure_v1_1_0_vector...
Compiling module axi_register_slice_v2_1_27.axi_register_slice_v2_1_27_axic_...
Compiling module axi_register_slice_v2_1_27.axi_register_slice_v2_1_27_axic_...
Compiling module axi_register_slice_v2_1_27.axi_register_slice_v2_1_27_axic_...
Compiling module axi_register_slice_v2_1_27.axi_register_slice_v2_1_27_axic_...
Compiling module axi_register_slice_v2_1_27.axi_register_slice_v2_1_27_axi_r...
Compiling module axi_protocol_converter_v2_1_27.axi_protocol_converter_v2_1_27_b...
Compiling module axi_protocol_converter_v2_1_27.axi_protocol_converter_v2_1_27_b...
Compiling module axi_protocol_converter_v2_1_27.axi_protocol_converter_v2_1_27_b...
Compiling module axi_protocol_converter_v2_1_27.axi_protocol_converter_v2_1_27_b...
Compiling module axi_protocol_converter_v2_1_27.axi_protocol_converter_v2_1_27_b...
Compiling module axi_protocol_converter_v2_1_27.axi_protocol_converter_v2_1_27_b...
Compiling module axi_protocol_converter_v2_1_27.axi_protocol_converter_v2_1_27_b...
Compiling module axi_protocol_converter_v2_1_27.axi_protocol_converter_v2_1_27_b...
Compiling module axi_protocol_converter_v2_1_27.axi_protocol_converter_v2_1_27_b...
Compiling module axi_protocol_converter_v2_1_27.axi_protocol_converter_v2_1_27_b...
Compiling module axi_protocol_converter_v2_1_27.axi_protocol_converter_v2_1_27_b...
Compiling module axi_protocol_converter_v2_1_27.axi_protocol_converter_v2_1_27_b...
Compiling module axi_protocol_converter_v2_1_27.axi_protocol_converter_v2_1_27_b...
Compiling module axi_infrastructure_v1_1_0.axi_infrastructure_v1_1_0_axi2ve...
Compiling module axi_infrastructure_v1_1_0.axi_infrastructure_v1_1_0_vector...
Compiling module axi_register_slice_v2_1_27.axi_register_slice_v2_1_27_axic_...
Compiling module axi_register_slice_v2_1_27.axi_register_slice_v2_1_27_axic_...
Compiling module axi_register_slice_v2_1_27.axi_register_slice_v2_1_27_axic_...
Compiling module axi_register_slice_v2_1_27.axi_register_slice_v2_1_27_axic_...
Compiling module axi_register_slice_v2_1_27.axi_register_slice_v2_1_27_axi_r...
Compiling module axi_protocol_converter_v2_1_27.axi_protocol_converter_v2_1_27_b...
Compiling module axi_protocol_converter_v2_1_27.axi_protocol_converter_v2_1_27_a...
Compiling module xil_defaultlib.ebaz4205_auto_pc_1
Compiling module xil_defaultlib.s00_couplers_imp_171PL5V
Compiling module axi_crossbar_v2_1_28.axi_crossbar_v2_1_28_addr_arbite...
Compiling module generic_baseblocks_v2_1_0.generic_baseblocks_v2_1_0_carry_...
Compiling module generic_baseblocks_v2_1_0.generic_baseblocks_v2_1_0_compar...
Compiling module generic_baseblocks_v2_1_0.generic_baseblocks_v2_1_0_compar...
Compiling module generic_baseblocks_v2_1_0.generic_baseblocks_v2_1_0_compar...
Compiling module generic_baseblocks_v2_1_0.generic_baseblocks_v2_1_0_compar...
Compiling module generic_baseblocks_v2_1_0.generic_baseblocks_v2_1_0_compar...
Compiling module generic_baseblocks_v2_1_0.generic_baseblocks_v2_1_0_compar...
Compiling module generic_baseblocks_v2_1_0.generic_baseblocks_v2_1_0_compar...
Compiling module generic_baseblocks_v2_1_0.generic_baseblocks_v2_1_0_compar...
Compiling module generic_baseblocks_v2_1_0.generic_baseblocks_v2_1_0_compar...
Compiling module generic_baseblocks_v2_1_0.generic_baseblocks_v2_1_0_compar...
Compiling module generic_baseblocks_v2_1_0.generic_baseblocks_v2_1_0_compar...
Compiling module axi_crossbar_v2_1_28.axi_crossbar_v2_1_28_addr_decode...
Compiling module axi_crossbar_v2_1_28.axi_crossbar_v2_1_28_splitter(C_...
Compiling module axi_crossbar_v2_1_28.axi_crossbar_v2_1_28_splitter
Compiling module generic_baseblocks_v2_1_0.generic_baseblocks_v2_1_0_mux_en...
Compiling module generic_baseblocks_v2_1_0.generic_baseblocks_v2_1_0_mux_en...
Compiling module generic_baseblocks_v2_1_0.generic_baseblocks_v2_1_0_mux_en...
Compiling module axi_register_slice_v2_1_27.axi_register_slice_v2_1_27_axic_...
Compiling module generic_baseblocks_v2_1_0.generic_baseblocks_v2_1_0_mux_en...
Compiling module axi_crossbar_v2_1_28.axi_crossbar_v2_1_28_decerr_slav...
Compiling module axi_crossbar_v2_1_28.axi_crossbar_v2_1_28_crossbar_sa...
Compiling module axi_crossbar_v2_1_28.axi_crossbar_v2_1_28_axi_crossba...
Compiling module xil_defaultlib.ebaz4205_xbar_0
Compiling module xil_defaultlib.ebaz4205_axi_interconnect_0_0
Compiling module util_vector_logic_v2_0_2.util_vector_logic_v2_0_2_util_ve...
Compiling module xil_defaultlib.ebaz4205_util_vector_logic_0_1
Compiling module xil_defaultlib.ebaz4205
Compiling module xil_defaultlib.ebaz4205_wrapper
Compiling module xil_defaultlib.glbl
Built simulation snapshot ebaz4205_wrapper_behav
