
*** Running vivado
    with args -log ebaz4205_axis_mux_0_0.vds -m64 -product Vivado -mode batch -messageDb vivado.pb -notrace -source ebaz4205_axis_mux_0_0.tcl


****** Vivado v2022.2 (64-bit)
  **** SW Build 3671981 on Fri Oct 14 04:59:54 MDT 2022
  **** IP Build 3669848 on Fri Oct 14 08:30:02 MDT 2022
    ** Copyright 1986-2022 Xilinx, Inc. All Rights Reserved.

source ebaz4205_axis_mux_0_0.tcl -notrace
create_project: Time (s): cpu = 00:00:06 ; elapsed = 00:00:06 . Memory (MB): peak = 1397.266 ; gain = 0.023 ; free physical = 259 ; free virtual = 5579
INFO: [IP_Flow 19-234] Refreshing IP repositories
INFO: [IP_Flow 19-1700] Loaded user IP repository '/home/guido/GitHub/EBAZ4205_SDR_spectrum/IP_rgb2dvi'.
INFO: [IP_Flow 19-1700] Loaded user IP repository '/home/guido/GitHub/EBAZ4205_SDR_spectrum/IP_axi_dynclk'.
INFO: [IP_Flow 19-1700] Loaded user IP repository '/home/guido/GitHub/EBAZ4205_SDR_spectrum/IP_axis_capture'.
INFO: [IP_Flow 19-1700] Loaded user IP repository '/home/guido/GitHub/EBAZ4205_SDR_spectrum/IP_ps2_mouse'.
INFO: [IP_Flow 19-2313] Loaded Vivado IP repository '/home/guido/Xilinx-tools/Vivado/2022.2/data/ip'.
INFO: [IP_Flow 19-6924] IPCACHE: Running cache check for IP inst: ebaz4205_axis_mux_0_0
Command: synth_design -top ebaz4205_axis_mux_0_0 -part xc7z010clg400-1 -incremental_mode off -mode out_of_context
Starting synth_design
Attempting to get a license for feature 'Synthesis' and/or device 'xc7z010'
INFO: [Common 17-349] Got license for feature 'Synthesis' and/or device 'xc7z010'
INFO: [Device 21-403] Loading part xc7z010clg400-1
INFO: [Synth 8-7079] Multithreading enabled for synth_design using a maximum of 4 processes.
INFO: [Synth 8-7078] Launching helper process for spawning children vivado processes
INFO: [Synth 8-7075] Helper process launched with PID 918196

*** Running vivado
    with args -log ebaz4205_axis_mux_0_0.vds -m64 -product Vivado -mode batch -messageDb vivado.pb -notrace -source ebaz4205_axis_mux_0_0.tcl


****** Vivado v2022.2 (64-bit)
  **** SW Build 3671981 on Fri Oct 14 04:59:54 MDT 2022
  **** IP Build 3669848 on Fri Oct 14 08:30:02 MDT 2022
    ** Copyright 1986-2022 Xilinx, Inc. All Rights Reserved.

source ebaz4205_axis_mux_0_0.tcl -notrace
create_project: Time (s): cpu = 00:00:05 ; elapsed = 00:00:05 . Memory (MB): peak = 1385.637 ; gain = 0.023 ; free physical = 18055 ; free virtual = 22753
INFO: [IP_Flow 19-234] Refreshing IP repositories
INFO: [IP_Flow 19-1700] Loaded user IP repository '/home/guido/GitHub/EBAZ4205_SDR_spectrum/IP_rgb2dvi'.
INFO: [IP_Flow 19-1700] Loaded user IP repository '/home/guido/GitHub/EBAZ4205_SDR_spectrum/IP_axi_dynclk'.
INFO: [IP_Flow 19-1700] Loaded user IP repository '/home/guido/GitHub/EBAZ4205_SDR_spectrum/IP_axis_capture'.
INFO: [IP_Flow 19-1700] Loaded user IP repository '/home/guido/GitHub/EBAZ4205_SDR_spectrum/IP_ps2_mouse'.
INFO: [IP_Flow 19-2313] Loaded Vivado IP repository '/home/guido/Xilinx-tools/Vivado/2022.2/data/ip'.
INFO: [IP_Flow 19-6924] IPCACHE: Running cache check for IP inst: ebaz4205_axis_mux_0_0
Command: synth_design -top ebaz4205_axis_mux_0_0 -part xc7z010clg400-1 -incremental_mode off -mode out_of_context
Starting synth_design
Attempting to get a license for feature 'Synthesis' and/or device 'xc7z010'
INFO: [Common 17-349] Got license for feature 'Synthesis' and/or device 'xc7z010'
INFO: [Device 21-403] Loading part xc7z010clg400-1
INFO: [Synth 8-7079] Multithreading enabled for synth_design using a maximum of 4 processes.
INFO: [Synth 8-7078] Launching helper process for spawning children vivado processes
INFO: [Synth 8-7075] Helper process launched with PID 7985
INFO: [Synth 8-11241] undeclared symbol 'REGCCE', assumed default net type 'wire' [/home/guido/Xilinx-tools/Vivado/2022.2/data/verilog/src/unimacro/BRAM_SINGLE_MACRO.v:2170]
---------------------------------------------------------------------------------
Starting RTL Elaboration : Time (s): cpu = 00:00:05 ; elapsed = 00:00:07 . Memory (MB): peak = 2045.773 ; gain = 371.738 ; free physical = 7197 ; free virtual = 11913
Synthesis current peak Physical Memory [PSS] (MB): peak = 1241.462; parent = 1117.745; children = 123.717
Synthesis current peak Virtual Memory [VSS] (MB): peak = 3017.105; parent = 2048.746; children = 968.359
---------------------------------------------------------------------------------
INFO: [Synth 8-6157] synthesizing module 'ebaz4205_axis_mux_0_0' [/home/guido/GitHub/EBAZ4205_SDR_spectrum/Vivado/Vivado.gen/sources_1/bd/ebaz4205/ip/ebaz4205_axis_mux_0_0/synth/ebaz4205_axis_mux_0_0.v:53]
INFO: [Synth 8-638] synthesizing module 'axis_mux' [/home/guido/GitHub/EBAZ4205_SDR_spectrum/Vivado/Vivado.srcs/sources_1/new/axis_mux_v_1_0.vhd:49]
INFO: [Synth 8-256] done synthesizing module 'axis_mux' (0#1) [/home/guido/GitHub/EBAZ4205_SDR_spectrum/Vivado/Vivado.srcs/sources_1/new/axis_mux_v_1_0.vhd:49]
INFO: [Synth 8-6155] done synthesizing module 'ebaz4205_axis_mux_0_0' (0#1) [/home/guido/GitHub/EBAZ4205_SDR_spectrum/Vivado/Vivado.gen/sources_1/bd/ebaz4205/ip/ebaz4205_axis_mux_0_0/synth/ebaz4205_axis_mux_0_0.v:53]
---------------------------------------------------------------------------------
Finished RTL Elaboration : Time (s): cpu = 00:00:06 ; elapsed = 00:00:09 . Memory (MB): peak = 2115.711 ; gain = 441.676 ; free physical = 7251 ; free virtual = 11984
Synthesis current peak Physical Memory [PSS] (MB): peak = 1241.462; parent = 1117.745; children = 123.717
Synthesis current peak Virtual Memory [VSS] (MB): peak = 3084.074; parent = 2115.715; children = 968.359
---------------------------------------------------------------------------------
---------------------------------------------------------------------------------
Start Handling Custom Attributes
---------------------------------------------------------------------------------
---------------------------------------------------------------------------------
Finished Handling Custom Attributes : Time (s): cpu = 00:00:06 ; elapsed = 00:00:09 . Memory (MB): peak = 2133.523 ; gain = 459.488 ; free physical = 7224 ; free virtual = 11958
Synthesis current peak Physical Memory [PSS] (MB): peak = 1241.462; parent = 1117.745; children = 123.717
Synthesis current peak Virtual Memory [VSS] (MB): peak = 3101.887; parent = 2133.527; children = 968.359
---------------------------------------------------------------------------------
---------------------------------------------------------------------------------
Finished RTL Optimization Phase 1 : Time (s): cpu = 00:00:06 ; elapsed = 00:00:09 . Memory (MB): peak = 2133.523 ; gain = 459.488 ; free physical = 7234 ; free virtual = 11969
Synthesis current peak Physical Memory [PSS] (MB): peak = 1241.462; parent = 1117.745; children = 123.717
Synthesis current peak Virtual Memory [VSS] (MB): peak = 3101.887; parent = 2133.527; children = 968.359
---------------------------------------------------------------------------------
Netlist sorting complete. Time (s): cpu = 00:00:00 ; elapsed = 00:00:00 . Memory (MB): peak = 2133.523 ; gain = 0.000 ; free physical = 7265 ; free virtual = 12000
INFO: [Project 1-570] Preparing netlist for logic optimization

Processing XDC Constraints
Initializing timing engine
Completed Processing XDC Constraints

Netlist sorting complete. Time (s): cpu = 00:00:00 ; elapsed = 00:00:00 . Memory (MB): peak = 2251.273 ; gain = 0.000 ; free physical = 7273 ; free virtual = 12012
INFO: [Project 1-111] Unisim Transformation Summary:
No Unisim elements were transformed.

Constraint Validation Runtime : Time (s): cpu = 00:00:00.01 ; elapsed = 00:00:00.01 . Memory (MB): peak = 2251.273 ; gain = 0.000 ; free physical = 7271 ; free virtual = 12010
INFO: [Designutils 20-5008] Incremental synthesis strategy off
INFO: [Synth 8-11241] undeclared symbol 'REGCCE', assumed default net type 'wire' [/home/guido/Xilinx-tools/Vivado/2022.2/data/verilog/src/unimacro/BRAM_SINGLE_MACRO.v:2170]
---------------------------------------------------------------------------------
Finished Constraint Validation : Time (s): cpu = 00:00:13 ; elapsed = 00:00:16 . Memory (MB): peak = 2251.273 ; gain = 577.238 ; free physical = 7529 ; free virtual = 12285
Synthesis current peak Physical Memory [PSS] (MB): peak = 1241.462; parent = 1117.745; children = 123.717
Synthesis current peak Virtual Memory [VSS] (MB): peak = 3187.621; parent = 2219.262; children = 968.359
---------------------------------------------------------------------------------
---------------------------------------------------------------------------------
Start Loading Part and Timing Information
---------------------------------------------------------------------------------
Loading part: xc7z010clg400-1
---------------------------------------------------------------------------------
Finished Loading Part and Timing Information : Time (s): cpu = 00:00:13 ; elapsed = 00:00:16 . Memory (MB): peak = 2251.273 ; gain = 577.238 ; free physical = 7552 ; free virtual = 12312
Synthesis current peak Physical Memory [PSS] (MB): peak = 1241.462; parent = 1117.745; children = 123.717
Synthesis current peak Virtual Memory [VSS] (MB): peak = 3187.621; parent = 2219.262; children = 968.359
---------------------------------------------------------------------------------
---------------------------------------------------------------------------------
Start Applying 'set_property' XDC Constraints
---------------------------------------------------------------------------------
---------------------------------------------------------------------------------
Finished applying 'set_property' XDC Constraints : Time (s): cpu = 00:00:13 ; elapsed = 00:00:16 . Memory (MB): peak = 2251.273 ; gain = 577.238 ; free physical = 7543 ; free virtual = 12308
Synthesis current peak Physical Memory [PSS] (MB): peak = 1241.462; parent = 1117.745; children = 123.717
Synthesis current peak Virtual Memory [VSS] (MB): peak = 3187.621; parent = 2219.262; children = 968.359
---------------------------------------------------------------------------------
---------------------------------------------------------------------------------
Finished RTL Optimization Phase 2 : Time (s): cpu = 00:00:13 ; elapsed = 00:00:16 . Memory (MB): peak = 2251.273 ; gain = 577.238 ; free physical = 7611 ; free virtual = 12387
Synthesis current peak Physical Memory [PSS] (MB): peak = 1241.462; parent = 1117.745; children = 123.717
Synthesis current peak Virtual Memory [VSS] (MB): peak = 3187.621; parent = 2219.262; children = 968.359
---------------------------------------------------------------------------------
---------------------------------------------------------------------------------
Start RTL Component Statistics 
---------------------------------------------------------------------------------
Detailed RTL Component Info : 
+---Registers : 
	               16 Bit    Registers := 1     
	                1 Bit    Registers := 3     
+---Muxes : 
	   2 Input   16 Bit        Muxes := 1     
	   2 Input    1 Bit        Muxes := 1     
---------------------------------------------------------------------------------
Finished RTL Component Statistics 
---------------------------------------------------------------------------------
---------------------------------------------------------------------------------
Start Part Resource Summary
---------------------------------------------------------------------------------
Part Resources:
DSPs: 80 (col length:40)
BRAMs: 120 (col length: RAMB18 40 RAMB36 20)
---------------------------------------------------------------------------------
Finished Part Resource Summary
---------------------------------------------------------------------------------
---------------------------------------------------------------------------------
Start Cross Boundary and Area Optimization
---------------------------------------------------------------------------------
WARNING: [Synth 8-7080] Parallel synthesis criteria is not met
---------------------------------------------------------------------------------
Finished Cross Boundary and Area Optimization : Time (s): cpu = 00:00:15 ; elapsed = 00:00:18 . Memory (MB): peak = 2251.273 ; gain = 577.238 ; free physical = 7393 ; free virtual = 12194
Synthesis current peak Physical Memory [PSS] (MB): peak = 1241.462; parent = 1117.745; children = 123.717
Synthesis current peak Virtual Memory [VSS] (MB): peak = 3187.621; parent = 2219.262; children = 968.359
---------------------------------------------------------------------------------
---------------------------------------------------------------------------------
Start Applying XDC Timing Constraints
---------------------------------------------------------------------------------
---------------------------------------------------------------------------------
Finished Applying XDC Timing Constraints : Time (s): cpu = 00:00:20 ; elapsed = 00:00:23 . Memory (MB): peak = 2251.273 ; gain = 577.238 ; free physical = 6630 ; free virtual = 11444
Synthesis current peak Physical Memory [PSS] (MB): peak = 1314.623; parent = 1191.009; children = 123.717
Synthesis current peak Virtual Memory [VSS] (MB): peak = 3187.621; parent = 2219.262; children = 968.359
---------------------------------------------------------------------------------
---------------------------------------------------------------------------------
Start Timing Optimization
---------------------------------------------------------------------------------
---------------------------------------------------------------------------------
Finished Timing Optimization : Time (s): cpu = 00:00:20 ; elapsed = 00:00:23 . Memory (MB): peak = 2251.273 ; gain = 577.238 ; free physical = 6619 ; free virtual = 11433
Synthesis current peak Physical Memory [PSS] (MB): peak = 1314.656; parent = 1191.042; children = 123.717
Synthesis current peak Virtual Memory [VSS] (MB): peak = 3187.621; parent = 2219.262; children = 968.359
---------------------------------------------------------------------------------
---------------------------------------------------------------------------------
Start Technology Mapping
---------------------------------------------------------------------------------
---------------------------------------------------------------------------------
Finished Technology Mapping : Time (s): cpu = 00:00:20 ; elapsed = 00:00:23 . Memory (MB): peak = 2251.273 ; gain = 577.238 ; free physical = 6595 ; free virtual = 11409
Synthesis current peak Physical Memory [PSS] (MB): peak = 1314.799; parent = 1191.185; children = 123.717
Synthesis current peak Virtual Memory [VSS] (MB): peak = 3187.621; parent = 2219.262; children = 968.359
---------------------------------------------------------------------------------
---------------------------------------------------------------------------------
Start IO Insertion
---------------------------------------------------------------------------------
---------------------------------------------------------------------------------
Start Flattening Before IO Insertion
---------------------------------------------------------------------------------
---------------------------------------------------------------------------------
Finished Flattening Before IO Insertion
---------------------------------------------------------------------------------
---------------------------------------------------------------------------------
Start Final Netlist Cleanup
---------------------------------------------------------------------------------
---------------------------------------------------------------------------------
Finished Final Netlist Cleanup
---------------------------------------------------------------------------------
---------------------------------------------------------------------------------
Finished IO Insertion : Time (s): cpu = 00:00:24 ; elapsed = 00:00:28 . Memory (MB): peak = 2251.273 ; gain = 577.238 ; free physical = 7112 ; free virtual = 11922
Synthesis current peak Physical Memory [PSS] (MB): peak = 1317.955; parent = 1192.843; children = 125.112
Synthesis current peak Virtual Memory [VSS] (MB): peak = 3187.621; parent = 2219.262; children = 968.359
---------------------------------------------------------------------------------
---------------------------------------------------------------------------------
Start Renaming Generated Instances
---------------------------------------------------------------------------------
---------------------------------------------------------------------------------
Finished Renaming Generated Instances : Time (s): cpu = 00:00:24 ; elapsed = 00:00:28 . Memory (MB): peak = 2251.273 ; gain = 577.238 ; free physical = 7136 ; free virtual = 11946
Synthesis current peak Physical Memory [PSS] (MB): peak = 1317.982; parent = 1192.870; children = 125.112
Synthesis current peak Virtual Memory [VSS] (MB): peak = 3187.621; parent = 2219.262; children = 968.359
---------------------------------------------------------------------------------
---------------------------------------------------------------------------------
Start Rebuilding User Hierarchy
---------------------------------------------------------------------------------
---------------------------------------------------------------------------------
Finished Rebuilding User Hierarchy : Time (s): cpu = 00:00:24 ; elapsed = 00:00:28 . Memory (MB): peak = 2251.273 ; gain = 577.238 ; free physical = 7159 ; free virtual = 11969
Synthesis current peak Physical Memory [PSS] (MB): peak = 1317.994; parent = 1192.886; children = 125.112
Synthesis current peak Virtual Memory [VSS] (MB): peak = 3187.621; parent = 2219.262; children = 968.359
---------------------------------------------------------------------------------
---------------------------------------------------------------------------------
Start Renaming Generated Ports
---------------------------------------------------------------------------------
---------------------------------------------------------------------------------
Finished Renaming Generated Ports : Time (s): cpu = 00:00:24 ; elapsed = 00:00:28 . Memory (MB): peak = 2251.273 ; gain = 577.238 ; free physical = 7150 ; free virtual = 11960
Synthesis current peak Physical Memory [PSS] (MB): peak = 1317.994; parent = 1192.886; children = 125.112
Synthesis current peak Virtual Memory [VSS] (MB): peak = 3187.621; parent = 2219.262; children = 968.359
---------------------------------------------------------------------------------
---------------------------------------------------------------------------------
Start Handling Custom Attributes
---------------------------------------------------------------------------------
---------------------------------------------------------------------------------
Finished Handling Custom Attributes : Time (s): cpu = 00:00:24 ; elapsed = 00:00:28 . Memory (MB): peak = 2251.273 ; gain = 577.238 ; free physical = 7152 ; free virtual = 11962
Synthesis current peak Physical Memory [PSS] (MB): peak = 1318.915; parent = 1193.363; children = 125.552
Synthesis current peak Virtual Memory [VSS] (MB): peak = 3187.621; parent = 2219.262; children = 968.359
---------------------------------------------------------------------------------
---------------------------------------------------------------------------------
Start Renaming Generated Nets
---------------------------------------------------------------------------------
---------------------------------------------------------------------------------
Finished Renaming Generated Nets : Time (s): cpu = 00:00:24 ; elapsed = 00:00:28 . Memory (MB): peak = 2251.273 ; gain = 577.238 ; free physical = 7261 ; free virtual = 12071
Synthesis current peak Physical Memory [PSS] (MB): peak = 1318.930; parent = 1193.379; children = 125.552
Synthesis current peak Virtual Memory [VSS] (MB): peak = 3187.621; parent = 2219.262; children = 968.359
---------------------------------------------------------------------------------
---------------------------------------------------------------------------------
Start Writing Synthesis Report
---------------------------------------------------------------------------------

Report BlackBoxes: 
+-+--------------+----------+
| |BlackBox name |Instances |
+-+--------------+----------+
+-+--------------+----------+

Report Cell Usage: 
+------+-----+------+
|      |Cell |Count |
+------+-----+------+
|1     |LUT3 |    17|
|2     |FDRE |    19|
+------+-----+------+
---------------------------------------------------------------------------------
Finished Writing Synthesis Report : Time (s): cpu = 00:00:24 ; elapsed = 00:00:28 . Memory (MB): peak = 2251.273 ; gain = 577.238 ; free physical = 7242 ; free virtual = 12052
Synthesis current peak Physical Memory [PSS] (MB): peak = 1318.930; parent = 1193.383; children = 125.552
Synthesis current peak Virtual Memory [VSS] (MB): peak = 3187.621; parent = 2219.262; children = 968.359
---------------------------------------------------------------------------------
Synthesis finished with 0 errors, 0 critical warnings and 1 warnings.
Synthesis Optimization Runtime : Time (s): cpu = 00:00:23 ; elapsed = 00:00:26 . Memory (MB): peak = 2251.273 ; gain = 459.488 ; free physical = 7455 ; free virtual = 12261
Synthesis Optimization Complete : Time (s): cpu = 00:00:24 ; elapsed = 00:00:28 . Memory (MB): peak = 2251.273 ; gain = 577.238 ; free physical = 7450 ; free virtual = 12256
INFO: [Project 1-571] Translating synthesized netlist
Netlist sorting complete. Time (s): cpu = 00:00:00 ; elapsed = 00:00:00 . Memory (MB): peak = 2251.273 ; gain = 0.000 ; free physical = 7534 ; free virtual = 12340
INFO: [Project 1-570] Preparing netlist for logic optimization
INFO: [Opt 31-138] Pushed 0 inverter(s) to 0 load pin(s).
Netlist sorting complete. Time (s): cpu = 00:00:00 ; elapsed = 00:00:00 . Memory (MB): peak = 2251.273 ; gain = 0.000 ; free physical = 7695 ; free virtual = 12501
INFO: [Project 1-111] Unisim Transformation Summary:
No Unisim elements were transformed.

Synth Design complete, checksum: 8cd060db
INFO: [Common 17-83] Releasing license: Synthesis
26 Infos, 1 Warnings, 0 Critical Warnings and 0 Errors encountered.
synth_design completed successfully
synth_design: Time (s): cpu = 00:00:31 ; elapsed = 00:00:32 . Memory (MB): peak = 2251.273 ; gain = 865.637 ; free physical = 7864 ; free virtual = 12670
INFO: [Common 17-1381] The checkpoint '/home/guido/GitHub/EBAZ4205_SDR_spectrum/Vivado/Vivado.runs/ebaz4205_axis_mux_0_0_synth_1/ebaz4205_axis_mux_0_0.dcp' has been generated.
INFO: [Coretcl 2-1648] Added synthesis output to IP cache for IP ebaz4205_axis_mux_0_0, cache-ID = ff9a63a8585fee11
INFO: [Common 17-1381] The checkpoint '/home/guido/GitHub/EBAZ4205_SDR_spectrum/Vivado/Vivado.runs/ebaz4205_axis_mux_0_0_synth_1/ebaz4205_axis_mux_0_0.dcp' has been generated.
INFO: [runtcl-4] Executing : report_utilization -file ebaz4205_axis_mux_0_0_utilization_synth.rpt -pb ebaz4205_axis_mux_0_0_utilization_synth.pb
INFO: [Common 17-206] Exiting Vivado at Wed Apr 19 12:01:36 2023...
